[2.158s] Invoking command in '/home/nakarin/RoboticsDev/src/examples/rclpy/topics/pointcloud_publisher': PYTHONPATH=/home/nakarin/RoboticsDev/build/examples_rclpy_pointcloud_publisher/prefix_override:/usr/lib/python3/dist-packages/colcon_core/task/python/colcon_distutils_commands:/home/nakarin/RoboticsDev/install/examples_rclpy_pointcloud_publisher/lib/python3.10/site-packages:${PYTHONPATH} /usr/bin/python3 -W ignore:setup.py install is deprecated setup.py egg_info --egg-base ../../../../../build/examples_rclpy_pointcloud_publisher build --build-base /home/nakarin/RoboticsDev/build/examples_rclpy_pointcloud_publisher/build install --record /home/nakarin/RoboticsDev/build/examples_rclpy_pointcloud_publisher/install.log --single-version-externally-managed install_data
[2.670s] running egg_info
[2.674s] writing ../../../../../build/examples_rclpy_pointcloud_publisher/examples_rclpy_pointcloud_publisher.egg-info/PKG-INFO
[2.675s] writing dependency_links to ../../../../../build/examples_rclpy_pointcloud_publisher/examples_rclpy_pointcloud_publisher.egg-info/dependency_links.txt
[2.675s] writing entry points to ../../../../../build/examples_rclpy_pointcloud_publisher/examples_rclpy_pointcloud_publisher.egg-info/entry_points.txt
[2.675s] writing requirements to ../../../../../build/examples_rclpy_pointcloud_publisher/examples_rclpy_pointcloud_publisher.egg-info/requires.txt
[2.675s] writing top-level names to ../../../../../build/examples_rclpy_pointcloud_publisher/examples_rclpy_pointcloud_publisher.egg-info/top_level.txt
[2.679s] reading manifest file '../../../../../build/examples_rclpy_pointcloud_publisher/examples_rclpy_pointcloud_publisher.egg-info/SOURCES.txt'
[2.680s] writing manifest file '../../../../../build/examples_rclpy_pointcloud_publisher/examples_rclpy_pointcloud_publisher.egg-info/SOURCES.txt'
[2.681s] running build
[2.681s] running build_py
[2.681s] running install
[2.681s] running install_lib
[2.683s] running install_data
[2.684s] running install_egg_info
[2.687s] removing '/home/nakarin/RoboticsDev/install/examples_rclpy_pointcloud_publisher/lib/python3.10/site-packages/examples_rclpy_pointcloud_publisher-0.15.2-py3.10.egg-info' (and everything under it)
[2.687s] Copying ../../../../../build/examples_rclpy_pointcloud_publisher/examples_rclpy_pointcloud_publisher.egg-info to /home/nakarin/RoboticsDev/install/examples_rclpy_pointcloud_publisher/lib/python3.10/site-packages/examples_rclpy_pointcloud_publisher-0.15.2-py3.10.egg-info
[2.689s] running install_scripts
[2.732s] Installing pointcloud_publisher script to /home/nakarin/RoboticsDev/install/examples_rclpy_pointcloud_publisher/lib/examples_rclpy_pointcloud_publisher
[2.734s] writing list of installed files to '/home/nakarin/RoboticsDev/build/examples_rclpy_pointcloud_publisher/install.log'
