[1.876s] Invoking command in '/home/nakarin/RoboticsDev/src/examples/rclpy/executors': PYTHONPATH=/home/nakarin/RoboticsDev/build/examples_rclpy_executors/prefix_override:/usr/lib/python3/dist-packages/colcon_core/task/python/colcon_distutils_commands:/home/nakarin/RoboticsDev/install/examples_rclpy_executors/lib/python3.10/site-packages:${PYTHONPATH} /usr/bin/python3 -W ignore:setup.py install is deprecated setup.py egg_info --egg-base ../../../../build/examples_rclpy_executors build --build-base /home/nakarin/RoboticsDev/build/examples_rclpy_executors/build install --record /home/nakarin/RoboticsDev/build/examples_rclpy_executors/install.log --single-version-externally-managed install_data
[2.158s] running egg_info
[2.160s] writing ../../../../build/examples_rclpy_executors/examples_rclpy_executors.egg-info/PKG-INFO
[2.160s] writing dependency_links to ../../../../build/examples_rclpy_executors/examples_rclpy_executors.egg-info/dependency_links.txt
[2.160s] writing entry points to ../../../../build/examples_rclpy_executors/examples_rclpy_executors.egg-info/entry_points.txt
[2.160s] writing requirements to ../../../../build/examples_rclpy_executors/examples_rclpy_executors.egg-info/requires.txt
[2.160s] writing top-level names to ../../../../build/examples_rclpy_executors/examples_rclpy_executors.egg-info/top_level.txt
[2.165s] reading manifest file '../../../../build/examples_rclpy_executors/examples_rclpy_executors.egg-info/SOURCES.txt'
[2.166s] writing manifest file '../../../../build/examples_rclpy_executors/examples_rclpy_executors.egg-info/SOURCES.txt'
[2.167s] running build
[2.168s] running build_py
[2.169s] running install
[2.170s] running install_lib
[2.171s] running install_data
[2.171s] running install_egg_info
[2.171s] removing '/home/nakarin/RoboticsDev/install/examples_rclpy_executors/lib/python3.10/site-packages/examples_rclpy_executors-0.15.2-py3.10.egg-info' (and everything under it)
[2.172s] Copying ../../../../build/examples_rclpy_executors/examples_rclpy_executors.egg-info to /home/nakarin/RoboticsDev/install/examples_rclpy_executors/lib/python3.10/site-packages/examples_rclpy_executors-0.15.2-py3.10.egg-info
[2.172s] running install_scripts
[2.199s] Installing callback_group script to /home/nakarin/RoboticsDev/install/examples_rclpy_executors/lib/examples_rclpy_executors
[2.200s] Installing composed script to /home/nakarin/RoboticsDev/install/examples_rclpy_executors/lib/examples_rclpy_executors
[2.200s] Installing custom_callback_group script to /home/nakarin/RoboticsDev/install/examples_rclpy_executors/lib/examples_rclpy_executors
[2.200s] Installing custom_executor script to /home/nakarin/RoboticsDev/install/examples_rclpy_executors/lib/examples_rclpy_executors
[2.200s] Installing listener script to /home/nakarin/RoboticsDev/install/examples_rclpy_executors/lib/examples_rclpy_executors
[2.201s] Installing talker script to /home/nakarin/RoboticsDev/install/examples_rclpy_executors/lib/examples_rclpy_executors
[2.202s] writing list of installed files to '/home/nakarin/RoboticsDev/build/examples_rclpy_executors/install.log'
[2.667s] Invoked command in '/home/nakarin/RoboticsDev/src/examples/rclpy/executors' returned '0': PYTHONPATH=/home/nakarin/RoboticsDev/build/examples_rclpy_executors/prefix_override:/usr/lib/python3/dist-packages/colcon_core/task/python/colcon_distutils_commands:/home/nakarin/RoboticsDev/install/examples_rclpy_executors/lib/python3.10/site-packages:${PYTHONPATH} /usr/bin/python3 -W ignore:setup.py install is deprecated setup.py egg_info --egg-base ../../../../build/examples_rclpy_executors build --build-base /home/nakarin/RoboticsDev/build/examples_rclpy_executors/build install --record /home/nakarin/RoboticsDev/build/examples_rclpy_executors/install.log --single-version-externally-managed install_data
