[0.082s] Invoking command in '/home/nakarin/RoboticsDev/build/examples_rclcpp_async_client': CMAKE_PREFIX_PATH=${CMAKE_PREFIX_PATH}:/home/nakarin/RoboticsDev/install/launch_testing_examples:/home/nakarin/RoboticsDev/install/examples_rclpy_pointcloud_publisher:/home/nakarin/RoboticsDev/install/examples_rclpy_minimal_subscriber:/home/nakarin/RoboticsDev/install/examples_rclpy_minimal_service:/home/nakarin/RoboticsDev/install/examples_rclpy_minimal_publisher:/home/nakarin/RoboticsDev/install/examples_rclpy_minimal_client:/home/nakarin/RoboticsDev/install/examples_rclpy_minimal_action_server:/home/nakarin/RoboticsDev/install/examples_rclpy_minimal_action_client:/home/nakarin/RoboticsDev/install/examples_rclpy_guard_conditions:/home/nakarin/RoboticsDev/install/examples_rclpy_executors:/opt/ros/humble /usr/bin/cmake --build /home/nakarin/RoboticsDev/build/examples_rclcpp_async_client -- -j8 -l8
[0.233s] [100%] Built target client_main
[0.264s] Invoked command in '/home/nakarin/RoboticsDev/build/examples_rclcpp_async_client' returned '0': CMAKE_PREFIX_PATH=${CMAKE_PREFIX_PATH}:/home/nakarin/RoboticsDev/install/launch_testing_examples:/home/nakarin/RoboticsDev/install/examples_rclpy_pointcloud_publisher:/home/nakarin/RoboticsDev/install/examples_rclpy_minimal_subscriber:/home/nakarin/RoboticsDev/install/examples_rclpy_minimal_service:/home/nakarin/RoboticsDev/install/examples_rclpy_minimal_publisher:/home/nakarin/RoboticsDev/install/examples_rclpy_minimal_client:/home/nakarin/RoboticsDev/install/examples_rclpy_minimal_action_server:/home/nakarin/RoboticsDev/install/examples_rclpy_minimal_action_client:/home/nakarin/RoboticsDev/install/examples_rclpy_guard_conditions:/home/nakarin/RoboticsDev/install/examples_rclpy_executors:/opt/ros/humble /usr/bin/cmake --build /home/nakarin/RoboticsDev/build/examples_rclcpp_async_client -- -j8 -l8
[0.343s] Invoking command in '/home/nakarin/RoboticsDev/build/examples_rclcpp_async_client': CMAKE_PREFIX_PATH=${CMAKE_PREFIX_PATH}:/home/nakarin/RoboticsDev/install/launch_testing_examples:/home/nakarin/RoboticsDev/install/examples_rclpy_pointcloud_publisher:/home/nakarin/RoboticsDev/install/examples_rclpy_minimal_subscriber:/home/nakarin/RoboticsDev/install/examples_rclpy_minimal_service:/home/nakarin/RoboticsDev/install/examples_rclpy_minimal_publisher:/home/nakarin/RoboticsDev/install/examples_rclpy_minimal_client:/home/nakarin/RoboticsDev/install/examples_rclpy_minimal_action_server:/home/nakarin/RoboticsDev/install/examples_rclpy_minimal_action_client:/home/nakarin/RoboticsDev/install/examples_rclpy_guard_conditions:/home/nakarin/RoboticsDev/install/examples_rclpy_executors:/opt/ros/humble /usr/bin/cmake --install /home/nakarin/RoboticsDev/build/examples_rclcpp_async_client
[0.354s] -- Install configuration: ""
[0.354s] -- Up-to-date: /home/nakarin/RoboticsDev/install/examples_rclcpp_async_client/lib/examples_rclcpp_async_client/client_main
[0.358s] -- Up-to-date: /home/nakarin/RoboticsDev/install/examples_rclcpp_async_client/share/ament_index/resource_index/package_run_dependencies/examples_rclcpp_async_client
[0.359s] -- Up-to-date: /home/nakarin/RoboticsDev/install/examples_rclcpp_async_client/share/ament_index/resource_index/parent_prefix_path/examples_rclcpp_async_client
[0.359s] -- Up-to-date: /home/nakarin/RoboticsDev/install/examples_rclcpp_async_client/share/examples_rclcpp_async_client/environment/ament_prefix_path.sh
[0.359s] -- Up-to-date: /home/nakarin/RoboticsDev/install/examples_rclcpp_async_client/share/examples_rclcpp_async_client/environment/ament_prefix_path.dsv
[0.359s] -- Up-to-date: /home/nakarin/RoboticsDev/install/examples_rclcpp_async_client/share/examples_rclcpp_async_client/environment/path.sh
[0.359s] -- Up-to-date: /home/nakarin/RoboticsDev/install/examples_rclcpp_async_client/share/examples_rclcpp_async_client/environment/path.dsv
[0.360s] -- Up-to-date: /home/nakarin/RoboticsDev/install/examples_rclcpp_async_client/share/examples_rclcpp_async_client/local_setup.bash
[0.360s] -- Up-to-date: /home/nakarin/RoboticsDev/install/examples_rclcpp_async_client/share/examples_rclcpp_async_client/local_setup.sh
[0.361s] -- Up-to-date: /home/nakarin/RoboticsDev/install/examples_rclcpp_async_client/share/examples_rclcpp_async_client/local_setup.zsh
[0.364s] -- Up-to-date: /home/nakarin/RoboticsDev/install/examples_rclcpp_async_client/share/examples_rclcpp_async_client/local_setup.dsv
[0.364s] -- Installing: /home/nakarin/RoboticsDev/install/examples_rclcpp_async_client/share/examples_rclcpp_async_client/package.dsv
[0.364s] -- Up-to-date: /home/nakarin/RoboticsDev/install/examples_rclcpp_async_client/share/ament_index/resource_index/packages/examples_rclcpp_async_client
[0.364s] -- Up-to-date: /home/nakarin/RoboticsDev/install/examples_rclcpp_async_client/share/examples_rclcpp_async_client/cmake/examples_rclcpp_async_clientConfig.cmake
[0.364s] -- Up-to-date: /home/nakarin/RoboticsDev/install/examples_rclcpp_async_client/share/examples_rclcpp_async_client/cmake/examples_rclcpp_async_clientConfig-version.cmake
[0.365s] -- Up-to-date: /home/nakarin/RoboticsDev/install/examples_rclcpp_async_client/share/examples_rclcpp_async_client/package.xml
[0.366s] Invoked command in '/home/nakarin/RoboticsDev/build/examples_rclcpp_async_client' returned '0': CMAKE_PREFIX_PATH=${CMAKE_PREFIX_PATH}:/home/nakarin/RoboticsDev/install/launch_testing_examples:/home/nakarin/RoboticsDev/install/examples_rclpy_pointcloud_publisher:/home/nakarin/RoboticsDev/install/examples_rclpy_minimal_subscriber:/home/nakarin/RoboticsDev/install/examples_rclpy_minimal_service:/home/nakarin/RoboticsDev/install/examples_rclpy_minimal_publisher:/home/nakarin/RoboticsDev/install/examples_rclpy_minimal_client:/home/nakarin/RoboticsDev/install/examples_rclpy_minimal_action_server:/home/nakarin/RoboticsDev/install/examples_rclpy_minimal_action_client:/home/nakarin/RoboticsDev/install/examples_rclpy_guard_conditions:/home/nakarin/RoboticsDev/install/examples_rclpy_executors:/opt/ros/humble /usr/bin/cmake --install /home/nakarin/RoboticsDev/build/examples_rclcpp_async_client
