[1.639s] Invoking command in '/home/nakarin/RoboticsDev/src/examples/rclpy/services/minimal_client': PYTHONPATH=/home/nakarin/RoboticsDev/build/examples_rclpy_minimal_client/prefix_override:/usr/lib/python3/dist-packages/colcon_core/task/python/colcon_distutils_commands:/home/nakarin/RoboticsDev/install/examples_rclpy_minimal_client/lib/python3.10/site-packages:${PYTHONPATH} /usr/bin/python3 -W ignore:setup.py install is deprecated setup.py egg_info --egg-base ../../../../../build/examples_rclpy_minimal_client build --build-base /home/nakarin/RoboticsDev/build/examples_rclpy_minimal_client/build install --record /home/nakarin/RoboticsDev/build/examples_rclpy_minimal_client/install.log --single-version-externally-managed install_data
[2.101s] running egg_info
[2.103s] creating ../../../../../build/examples_rclpy_minimal_client/examples_rclpy_minimal_client.egg-info
[2.103s] writing ../../../../../build/examples_rclpy_minimal_client/examples_rclpy_minimal_client.egg-info/PKG-INFO
[2.103s] writing dependency_links to ../../../../../build/examples_rclpy_minimal_client/examples_rclpy_minimal_client.egg-info/dependency_links.txt
[2.106s] writing entry points to ../../../../../build/examples_rclpy_minimal_client/examples_rclpy_minimal_client.egg-info/entry_points.txt
[2.106s] writing requirements to ../../../../../build/examples_rclpy_minimal_client/examples_rclpy_minimal_client.egg-info/requires.txt
[2.106s] writing top-level names to ../../../../../build/examples_rclpy_minimal_client/examples_rclpy_minimal_client.egg-info/top_level.txt
[2.106s] writing manifest file '../../../../../build/examples_rclpy_minimal_client/examples_rclpy_minimal_client.egg-info/SOURCES.txt'
[2.109s] reading manifest file '../../../../../build/examples_rclpy_minimal_client/examples_rclpy_minimal_client.egg-info/SOURCES.txt'
[2.109s] writing manifest file '../../../../../build/examples_rclpy_minimal_client/examples_rclpy_minimal_client.egg-info/SOURCES.txt'
[2.109s] running build
[2.109s] running build_py
[2.109s] creating /home/nakarin/RoboticsDev/build/examples_rclpy_minimal_client/build
[2.110s] creating /home/nakarin/RoboticsDev/build/examples_rclpy_minimal_client/build/lib
[2.110s] creating /home/nakarin/RoboticsDev/build/examples_rclpy_minimal_client/build/lib/examples_rclpy_minimal_client
[2.110s] copying examples_rclpy_minimal_client/client_async_callback.py -> /home/nakarin/RoboticsDev/build/examples_rclpy_minimal_client/build/lib/examples_rclpy_minimal_client
[2.110s] copying examples_rclpy_minimal_client/client_async_member_function.py -> /home/nakarin/RoboticsDev/build/examples_rclpy_minimal_client/build/lib/examples_rclpy_minimal_client
[2.110s] copying examples_rclpy_minimal_client/__init__.py -> /home/nakarin/RoboticsDev/build/examples_rclpy_minimal_client/build/lib/examples_rclpy_minimal_client
[2.110s] copying examples_rclpy_minimal_client/client_async.py -> /home/nakarin/RoboticsDev/build/examples_rclpy_minimal_client/build/lib/examples_rclpy_minimal_client
[2.114s] copying examples_rclpy_minimal_client/client.py -> /home/nakarin/RoboticsDev/build/examples_rclpy_minimal_client/build/lib/examples_rclpy_minimal_client
[2.114s] running install
[2.114s] running install_lib
[2.114s] creating /home/nakarin/RoboticsDev/install/examples_rclpy_minimal_client/lib/python3.10/site-packages/examples_rclpy_minimal_client
[2.114s] copying /home/nakarin/RoboticsDev/build/examples_rclpy_minimal_client/build/lib/examples_rclpy_minimal_client/client_async_callback.py -> /home/nakarin/RoboticsDev/install/examples_rclpy_minimal_client/lib/python3.10/site-packages/examples_rclpy_minimal_client
[2.114s] copying /home/nakarin/RoboticsDev/build/examples_rclpy_minimal_client/build/lib/examples_rclpy_minimal_client/client_async_member_function.py -> /home/nakarin/RoboticsDev/install/examples_rclpy_minimal_client/lib/python3.10/site-packages/examples_rclpy_minimal_client
[2.114s] copying /home/nakarin/RoboticsDev/build/examples_rclpy_minimal_client/build/lib/examples_rclpy_minimal_client/__init__.py -> /home/nakarin/RoboticsDev/install/examples_rclpy_minimal_client/lib/python3.10/site-packages/examples_rclpy_minimal_client
[2.115s] copying /home/nakarin/RoboticsDev/build/examples_rclpy_minimal_client/build/lib/examples_rclpy_minimal_client/client_async.py -> /home/nakarin/RoboticsDev/install/examples_rclpy_minimal_client/lib/python3.10/site-packages/examples_rclpy_minimal_client
[2.115s] copying /home/nakarin/RoboticsDev/build/examples_rclpy_minimal_client/build/lib/examples_rclpy_minimal_client/client.py -> /home/nakarin/RoboticsDev/install/examples_rclpy_minimal_client/lib/python3.10/site-packages/examples_rclpy_minimal_client
[2.115s] byte-compiling /home/nakarin/RoboticsDev/install/examples_rclpy_minimal_client/lib/python3.10/site-packages/examples_rclpy_minimal_client/client_async_callback.py to client_async_callback.cpython-310.pyc
[2.115s] byte-compiling /home/nakarin/RoboticsDev/install/examples_rclpy_minimal_client/lib/python3.10/site-packages/examples_rclpy_minimal_client/client_async_member_function.py to client_async_member_function.cpython-310.pyc
[2.115s] byte-compiling /home/nakarin/RoboticsDev/install/examples_rclpy_minimal_client/lib/python3.10/site-packages/examples_rclpy_minimal_client/__init__.py to __init__.cpython-310.pyc
[2.116s] byte-compiling /home/nakarin/RoboticsDev/install/examples_rclpy_minimal_client/lib/python3.10/site-packages/examples_rclpy_minimal_client/client_async.py to client_async.cpython-310.pyc
[2.116s] byte-compiling /home/nakarin/RoboticsDev/install/examples_rclpy_minimal_client/lib/python3.10/site-packages/examples_rclpy_minimal_client/client.py to client.cpython-310.pyc
[2.117s] running install_data
[2.117s] creating /home/nakarin/RoboticsDev/install/examples_rclpy_minimal_client/share/ament_index
[2.117s] creating /home/nakarin/RoboticsDev/install/examples_rclpy_minimal_client/share/ament_index/resource_index
[2.118s] creating /home/nakarin/RoboticsDev/install/examples_rclpy_minimal_client/share/ament_index/resource_index/packages
[2.119s] copying resource/examples_rclpy_minimal_client -> /home/nakarin/RoboticsDev/install/examples_rclpy_minimal_client/share/ament_index/resource_index/packages
[2.119s] copying package.xml -> /home/nakarin/RoboticsDev/install/examples_rclpy_minimal_client/share/examples_rclpy_minimal_client
[2.119s] running install_egg_info
[2.121s] Copying ../../../../../build/examples_rclpy_minimal_client/examples_rclpy_minimal_client.egg-info to /home/nakarin/RoboticsDev/install/examples_rclpy_minimal_client/lib/python3.10/site-packages/examples_rclpy_minimal_client-0.15.2-py3.10.egg-info
[2.122s] running install_scripts
[2.162s] Installing client script to /home/nakarin/RoboticsDev/install/examples_rclpy_minimal_client/lib/examples_rclpy_minimal_client
[2.162s] Installing client_async script to /home/nakarin/RoboticsDev/install/examples_rclpy_minimal_client/lib/examples_rclpy_minimal_client
[2.164s] Installing client_async_callback script to /home/nakarin/RoboticsDev/install/examples_rclpy_minimal_client/lib/examples_rclpy_minimal_client
[2.164s] Installing client_async_member_function script to /home/nakarin/RoboticsDev/install/examples_rclpy_minimal_client/lib/examples_rclpy_minimal_client
[2.164s] writing list of installed files to '/home/nakarin/RoboticsDev/build/examples_rclpy_minimal_client/install.log'
[2.222s] Invoked command in '/home/nakarin/RoboticsDev/src/examples/rclpy/services/minimal_client' returned '0': PYTHONPATH=/home/nakarin/RoboticsDev/build/examples_rclpy_minimal_client/prefix_override:/usr/lib/python3/dist-packages/colcon_core/task/python/colcon_distutils_commands:/home/nakarin/RoboticsDev/install/examples_rclpy_minimal_client/lib/python3.10/site-packages:${PYTHONPATH} /usr/bin/python3 -W ignore:setup.py install is deprecated setup.py egg_info --egg-base ../../../../../build/examples_rclpy_minimal_client build --build-base /home/nakarin/RoboticsDev/build/examples_rclpy_minimal_client/build install --record /home/nakarin/RoboticsDev/build/examples_rclpy_minimal_client/install.log --single-version-externally-managed install_data
