[2.923s] Invoking command in '/home/nakarin/RoboticsDev/src/examples/rclpy/services/minimal_client': PYTHONPATH=/home/nakarin/RoboticsDev/build/examples_rclpy_minimal_client/prefix_override:/usr/lib/python3/dist-packages/colcon_core/task/python/colcon_distutils_commands:/home/nakarin/RoboticsDev/install/examples_rclpy_minimal_client/lib/python3.10/site-packages:${PYTHONPATH} /usr/bin/python3 -W ignore:setup.py install is deprecated setup.py egg_info --egg-base ../../../../../build/examples_rclpy_minimal_client build --build-base /home/nakarin/RoboticsDev/build/examples_rclpy_minimal_client/build install --record /home/nakarin/RoboticsDev/build/examples_rclpy_minimal_client/install.log --single-version-externally-managed install_data
[3.303s] running egg_info
[3.304s] writing ../../../../../build/examples_rclpy_minimal_client/examples_rclpy_minimal_client.egg-info/PKG-INFO
[3.304s] writing dependency_links to ../../../../../build/examples_rclpy_minimal_client/examples_rclpy_minimal_client.egg-info/dependency_links.txt
[3.305s] writing entry points to ../../../../../build/examples_rclpy_minimal_client/examples_rclpy_minimal_client.egg-info/entry_points.txt
[3.305s] writing requirements to ../../../../../build/examples_rclpy_minimal_client/examples_rclpy_minimal_client.egg-info/requires.txt
[3.305s] writing top-level names to ../../../../../build/examples_rclpy_minimal_client/examples_rclpy_minimal_client.egg-info/top_level.txt
[3.308s] reading manifest file '../../../../../build/examples_rclpy_minimal_client/examples_rclpy_minimal_client.egg-info/SOURCES.txt'
[3.316s] writing manifest file '../../../../../build/examples_rclpy_minimal_client/examples_rclpy_minimal_client.egg-info/SOURCES.txt'
[3.318s] running build
[3.318s] running build_py
[3.318s] running install
[3.318s] running install_lib
[3.321s] running install_data
[3.321s] running install_egg_info
[3.325s] removing '/home/nakarin/RoboticsDev/install/examples_rclpy_minimal_client/lib/python3.10/site-packages/examples_rclpy_minimal_client-0.15.2-py3.10.egg-info' (and everything under it)
[3.325s] Copying ../../../../../build/examples_rclpy_minimal_client/examples_rclpy_minimal_client.egg-info to /home/nakarin/RoboticsDev/install/examples_rclpy_minimal_client/lib/python3.10/site-packages/examples_rclpy_minimal_client-0.15.2-py3.10.egg-info
[3.330s] running install_scripts
[3.364s] Installing client script to /home/nakarin/RoboticsDev/install/examples_rclpy_minimal_client/lib/examples_rclpy_minimal_client
[3.367s] Installing client_async script to /home/nakarin/RoboticsDev/install/examples_rclpy_minimal_client/lib/examples_rclpy_minimal_client
[3.367s] Installing client_async_callback script to /home/nakarin/RoboticsDev/install/examples_rclpy_minimal_client/lib/examples_rclpy_minimal_client
[3.367s] Installing client_async_member_function script to /home/nakarin/RoboticsDev/install/examples_rclpy_minimal_client/lib/examples_rclpy_minimal_client
[3.368s] writing list of installed files to '/home/nakarin/RoboticsDev/build/examples_rclpy_minimal_client/install.log'
[3.881s] Invoked command in '/home/nakarin/RoboticsDev/src/examples/rclpy/services/minimal_client' returned '0': PYTHONPATH=/home/nakarin/RoboticsDev/build/examples_rclpy_minimal_client/prefix_override:/usr/lib/python3/dist-packages/colcon_core/task/python/colcon_distutils_commands:/home/nakarin/RoboticsDev/install/examples_rclpy_minimal_client/lib/python3.10/site-packages:${PYTHONPATH} /usr/bin/python3 -W ignore:setup.py install is deprecated setup.py egg_info --egg-base ../../../../../build/examples_rclpy_minimal_client build --build-base /home/nakarin/RoboticsDev/build/examples_rclpy_minimal_client/build install --record /home/nakarin/RoboticsDev/build/examples_rclpy_minimal_client/install.log --single-version-externally-managed install_data
