[0.030s] Invoking command in '/home/nakarin/RoboticsDev/build/examples_rclcpp_minimal_client': CMAKE_PREFIX_PATH=${CMAKE_PREFIX_PATH}:/opt/ros/humble /usr/bin/cmake --build /home/nakarin/RoboticsDev/build/examples_rclcpp_minimal_client -- -j8 -l8
[0.130s] [100%] Built target client_main
[0.163s] Invoked command in '/home/nakarin/RoboticsDev/build/examples_rclcpp_minimal_client' returned '0': CMAKE_PREFIX_PATH=${CMAKE_PREFIX_PATH}:/opt/ros/humble /usr/bin/cmake --build /home/nakarin/RoboticsDev/build/examples_rclcpp_minimal_client -- -j8 -l8
[0.198s] Invoking command in '/home/nakarin/RoboticsDev/build/examples_rclcpp_minimal_client': CMAKE_PREFIX_PATH=${CMAKE_PREFIX_PATH}:/opt/ros/humble /usr/bin/cmake --install /home/nakarin/RoboticsDev/build/examples_rclcpp_minimal_client
[0.211s] -- Install configuration: ""
[0.211s] -- Up-to-date: /home/nakarin/RoboticsDev/install/examples_rclcpp_minimal_client/lib/examples_rclcpp_minimal_client/client_main
[0.211s] -- Up-to-date: /home/nakarin/RoboticsDev/install/examples_rclcpp_minimal_client/share/ament_index/resource_index/package_run_dependencies/examples_rclcpp_minimal_client
[0.211s] -- Up-to-date: /home/nakarin/RoboticsDev/install/examples_rclcpp_minimal_client/share/ament_index/resource_index/parent_prefix_path/examples_rclcpp_minimal_client
[0.211s] -- Up-to-date: /home/nakarin/RoboticsDev/install/examples_rclcpp_minimal_client/share/examples_rclcpp_minimal_client/environment/ament_prefix_path.sh
[0.211s] -- Up-to-date: /home/nakarin/RoboticsDev/install/examples_rclcpp_minimal_client/share/examples_rclcpp_minimal_client/environment/ament_prefix_path.dsv
[0.211s] -- Up-to-date: /home/nakarin/RoboticsDev/install/examples_rclcpp_minimal_client/share/examples_rclcpp_minimal_client/environment/path.sh
[0.211s] -- Up-to-date: /home/nakarin/RoboticsDev/install/examples_rclcpp_minimal_client/share/examples_rclcpp_minimal_client/environment/path.dsv
[0.212s] -- Up-to-date: /home/nakarin/RoboticsDev/install/examples_rclcpp_minimal_client/share/examples_rclcpp_minimal_client/local_setup.bash
[0.212s] -- Up-to-date: /home/nakarin/RoboticsDev/install/examples_rclcpp_minimal_client/share/examples_rclcpp_minimal_client/local_setup.sh
[0.212s] -- Up-to-date: /home/nakarin/RoboticsDev/install/examples_rclcpp_minimal_client/share/examples_rclcpp_minimal_client/local_setup.zsh
[0.212s] -- Up-to-date: /home/nakarin/RoboticsDev/install/examples_rclcpp_minimal_client/share/examples_rclcpp_minimal_client/local_setup.dsv
[0.213s] -- Installing: /home/nakarin/RoboticsDev/install/examples_rclcpp_minimal_client/share/examples_rclcpp_minimal_client/package.dsv
[0.213s] -- Up-to-date: /home/nakarin/RoboticsDev/install/examples_rclcpp_minimal_client/share/ament_index/resource_index/packages/examples_rclcpp_minimal_client
[0.213s] -- Up-to-date: /home/nakarin/RoboticsDev/install/examples_rclcpp_minimal_client/share/examples_rclcpp_minimal_client/cmake/examples_rclcpp_minimal_clientConfig.cmake
[0.213s] -- Up-to-date: /home/nakarin/RoboticsDev/install/examples_rclcpp_minimal_client/share/examples_rclcpp_minimal_client/cmake/examples_rclcpp_minimal_clientConfig-version.cmake
[0.213s] -- Up-to-date: /home/nakarin/RoboticsDev/install/examples_rclcpp_minimal_client/share/examples_rclcpp_minimal_client/package.xml
[0.235s] Invoked command in '/home/nakarin/RoboticsDev/build/examples_rclcpp_minimal_client' returned '0': CMAKE_PREFIX_PATH=${CMAKE_PREFIX_PATH}:/opt/ros/humble /usr/bin/cmake --install /home/nakarin/RoboticsDev/build/examples_rclcpp_minimal_client
