[0.015s] Invoking command in '/home/nakarin/RoboticsDev/build/example_description': CMAKE_PREFIX_PATH=/opt/ros/humble /usr/bin/cmake /home/nakarin/RoboticsDev/src/example_description -DCMAKE_INSTALL_PREFIX=/home/nakarin/RoboticsDev/install/example_description
[0.084s] -- The C compiler identification is GNU 11.4.0
[0.144s] -- The CXX compiler identification is GNU 11.4.0
[0.153s] -- Detecting C compiler ABI info
[0.211s] -- Detecting C compiler ABI info - done
[0.220s] -- Check for working C compiler: /usr/bin/cc - skipped
[0.220s] -- Detecting C compile features
[0.221s] -- Detecting C compile features - done
[0.224s] -- Detecting CXX compiler ABI info
[0.291s] -- Detecting CXX compiler ABI info - done
[0.303s] -- Check for working CXX compiler: /usr/bin/c++ - skipped
[0.303s] -- Detecting CXX compile features
[0.304s] -- Detecting CXX compile features - done
[0.306s] -- Found ament_cmake: 1.3.10 (/opt/ros/humble/share/ament_cmake/cmake)
[0.463s] -- Found Python3: /usr/bin/python3 (found version "3.10.12") found components: Interpreter 
[0.554s] -- Found rclcpp: 16.0.10 (/opt/ros/humble/share/rclcpp/cmake)
[0.591s] -- Found rosidl_generator_c: 3.1.5 (/opt/ros/humble/share/rosidl_generator_c/cmake)
[0.594s] -- Found rosidl_adapter: 3.1.5 (/opt/ros/humble/share/rosidl_adapter/cmake)
[0.601s] -- Found rosidl_generator_cpp: 3.1.5 (/opt/ros/humble/share/rosidl_generator_cpp/cmake)
[0.611s] -- Using all available rosidl_typesupport_c: rosidl_typesupport_fastrtps_c;rosidl_typesupport_introspection_c
[0.624s] -- Using all available rosidl_typesupport_cpp: rosidl_typesupport_fastrtps_cpp;rosidl_typesupport_introspection_cpp
[0.663s] -- Found rmw_implementation_cmake: 6.1.2 (/opt/ros/humble/share/rmw_implementation_cmake/cmake)
[0.665s] -- Found rmw_fastrtps_cpp: 6.2.7 (/opt/ros/humble/share/rmw_fastrtps_cpp/cmake)
[0.735s] -- Found OpenSSL: /usr/lib/x86_64-linux-gnu/libcrypto.so (found version "3.0.2")  
[0.757s] -- Found FastRTPS: /opt/ros/humble/include  
[0.788s] -- Using RMW implementation 'rmw_fastrtps_cpp' as default
[0.795s] -- Looking for pthread.h
[0.856s] -- Looking for pthread.h - found
[0.857s] -- Performing Test CMAKE_HAVE_LIBC_PTHREAD
[0.925s] -- Performing Test CMAKE_HAVE_LIBC_PTHREAD - Success
[0.926s] -- Found Threads: TRUE  
[0.975s] -- Found rclpy: 3.3.14 (/opt/ros/humble/share/rclpy/cmake)
[1.127s] -- Configuring done
[1.140s] -- Generating done
[1.141s] -- Build files have been written to: /home/nakarin/RoboticsDev/build/example_description
[1.150s] Invoked command in '/home/nakarin/RoboticsDev/build/example_description' returned '0': CMAKE_PREFIX_PATH=/opt/ros/humble /usr/bin/cmake /home/nakarin/RoboticsDev/src/example_description -DCMAKE_INSTALL_PREFIX=/home/nakarin/RoboticsDev/install/example_description
[1.152s] Invoking command in '/home/nakarin/RoboticsDev/build/example_description': CMAKE_PREFIX_PATH=/opt/ros/humble /usr/bin/cmake --build /home/nakarin/RoboticsDev/build/example_description -- -j8 -l8
[1.192s] [ 50%] [32mBuilding CXX object CMakeFiles/cpp_node_test.dir/src/cpp_node.cpp.o[0m
[1.199s] [ 50%] Built target ament_cmake_python_copy_example_description
[1.545s] running egg_info
[1.546s] creating example_description.egg-info
[1.546s] writing example_description.egg-info/PKG-INFO
[1.546s] writing dependency_links to example_description.egg-info/dependency_links.txt
[1.546s] writing top-level names to example_description.egg-info/top_level.txt
[1.546s] writing manifest file 'example_description.egg-info/SOURCES.txt'
[1.549s] reading manifest file 'example_description.egg-info/SOURCES.txt'
[1.549s] writing manifest file 'example_description.egg-info/SOURCES.txt'
[1.583s] [ 50%] Built target ament_cmake_python_build_example_description_egg
[1.623s] [100%] [32m[1mLinking CXX executable cpp_node_test[0m
[1.743s] [100%] Built target cpp_node_test
[1.754s] Invoked command in '/home/nakarin/RoboticsDev/build/example_description' returned '0': CMAKE_PREFIX_PATH=/opt/ros/humble /usr/bin/cmake --build /home/nakarin/RoboticsDev/build/example_description -- -j8 -l8
[1.784s] Invoking command in '/home/nakarin/RoboticsDev/build/example_description': CMAKE_PREFIX_PATH=/opt/ros/humble /usr/bin/cmake --install /home/nakarin/RoboticsDev/build/example_description
[1.791s] -- Install configuration: ""
[1.792s] -- Installing: /home/nakarin/RoboticsDev/install/example_description/share/example_description/environment/pythonpath.sh
[1.792s] -- Installing: /home/nakarin/RoboticsDev/install/example_description/share/example_description/environment/pythonpath.dsv
[1.792s] -- Installing: /home/nakarin/RoboticsDev/install/example_description/local/lib/python3.10/dist-packages/example_description-0.0.0-py3.10.egg-info
[1.792s] -- Installing: /home/nakarin/RoboticsDev/install/example_description/local/lib/python3.10/dist-packages/example_description-0.0.0-py3.10.egg-info/dependency_links.txt
[1.792s] -- Installing: /home/nakarin/RoboticsDev/install/example_description/local/lib/python3.10/dist-packages/example_description-0.0.0-py3.10.egg-info/SOURCES.txt
[1.792s] -- Installing: /home/nakarin/RoboticsDev/install/example_description/local/lib/python3.10/dist-packages/example_description-0.0.0-py3.10.egg-info/PKG-INFO
[1.793s] -- Installing: /home/nakarin/RoboticsDev/install/example_description/local/lib/python3.10/dist-packages/example_description-0.0.0-py3.10.egg-info/top_level.txt
[1.793s] -- Installing: /home/nakarin/RoboticsDev/install/example_description/local/lib/python3.10/dist-packages/example_description
[1.793s] -- Installing: /home/nakarin/RoboticsDev/install/example_description/local/lib/python3.10/dist-packages/example_description/__init__.py
[1.793s] -- Installing: /home/nakarin/RoboticsDev/install/example_description/local/lib/python3.10/dist-packages/example_description/dummy_module.py
[1.825s] Listing '/home/nakarin/RoboticsDev/install/example_description/local/lib/python3.10/dist-packages/example_description'...
[1.825s] Compiling '/home/nakarin/RoboticsDev/install/example_description/local/lib/python3.10/dist-packages/example_description/__init__.py'...
[1.825s] Compiling '/home/nakarin/RoboticsDev/install/example_description/local/lib/python3.10/dist-packages/example_description/dummy_module.py'...
[1.830s] -- Installing: /home/nakarin/RoboticsDev/install/example_description/lib/example_description/dummy_script.py
[1.830s] -- Installing: /home/nakarin/RoboticsDev/install/example_description/lib/example_description/cpp_node_test
[1.830s] -- Set runtime path of "/home/nakarin/RoboticsDev/install/example_description/lib/example_description/cpp_node_test" to ""
[1.830s] -- Installing: /home/nakarin/RoboticsDev/install/example_description/share/example_description/config
[1.830s] -- Installing: /home/nakarin/RoboticsDev/install/example_description/share/example_description/config/display.rviz
[1.831s] -- Installing: /home/nakarin/RoboticsDev/install/example_description/share/example_description/launch
[1.831s] -- Installing: /home/nakarin/RoboticsDev/install/example_description/share/example_description/launch/simple_display.launch.py
[1.831s] -- Installing: /home/nakarin/RoboticsDev/install/example_description/share/example_description/launch/fun.launch.py
[1.831s] -- Installing: /home/nakarin/RoboticsDev/install/example_description/share/example_description/meshes
[1.831s] -- Installing: /home/nakarin/RoboticsDev/install/example_description/share/example_description/meshes/link_2.stl
[1.831s] -- Installing: /home/nakarin/RoboticsDev/install/example_description/share/example_description/meshes/link_3.stl
[1.831s] -- Installing: /home/nakarin/RoboticsDev/install/example_description/share/example_description/meshes/link_0.stl
[1.832s] -- Installing: /home/nakarin/RoboticsDev/install/example_description/share/example_description/meshes/link_1.stl
[1.832s] -- Installing: /home/nakarin/RoboticsDev/install/example_description/share/example_description/meshes/end_effector.stl
[1.832s] -- Installing: /home/nakarin/RoboticsDev/install/example_description/share/example_description/robot
[1.832s] -- Installing: /home/nakarin/RoboticsDev/install/example_description/share/example_description/robot/visual
[1.832s] -- Installing: /home/nakarin/RoboticsDev/install/example_description/share/example_description/robot/visual/01-myfirst.urdf
[1.832s] -- Installing: /home/nakarin/RoboticsDev/install/example_description/share/example_description/robot/visual/my-robot.xacro
[1.833s] -- Installing: /home/nakarin/RoboticsDev/install/example_description/share/ament_index/resource_index/package_run_dependencies/example_description
[1.834s] -- Installing: /home/nakarin/RoboticsDev/install/example_description/share/ament_index/resource_index/parent_prefix_path/example_description
[1.834s] -- Installing: /home/nakarin/RoboticsDev/install/example_description/share/example_description/environment/ament_prefix_path.sh
[1.834s] -- Installing: /home/nakarin/RoboticsDev/install/example_description/share/example_description/environment/ament_prefix_path.dsv
[1.834s] -- Installing: /home/nakarin/RoboticsDev/install/example_description/share/example_description/environment/path.sh
[1.834s] -- Installing: /home/nakarin/RoboticsDev/install/example_description/share/example_description/environment/path.dsv
[1.835s] -- Installing: /home/nakarin/RoboticsDev/install/example_description/share/example_description/local_setup.bash
[1.835s] -- Installing: /home/nakarin/RoboticsDev/install/example_description/share/example_description/local_setup.sh
[1.835s] -- Installing: /home/nakarin/RoboticsDev/install/example_description/share/example_description/local_setup.zsh
[1.835s] -- Installing: /home/nakarin/RoboticsDev/install/example_description/share/example_description/local_setup.dsv
[1.835s] -- Installing: /home/nakarin/RoboticsDev/install/example_description/share/example_description/package.dsv
[1.835s] -- Installing: /home/nakarin/RoboticsDev/install/example_description/share/ament_index/resource_index/packages/example_description
[1.835s] -- Installing: /home/nakarin/RoboticsDev/install/example_description/share/example_description/cmake/example_descriptionConfig.cmake
[1.835s] -- Installing: /home/nakarin/RoboticsDev/install/example_description/share/example_description/cmake/example_descriptionConfig-version.cmake
[1.835s] -- Installing: /home/nakarin/RoboticsDev/install/example_description/share/example_description/package.xml
[1.839s] Invoked command in '/home/nakarin/RoboticsDev/build/example_description' returned '0': CMAKE_PREFIX_PATH=/opt/ros/humble /usr/bin/cmake --install /home/nakarin/RoboticsDev/build/example_description
