[0.060s] Invoking command in '/home/nakarin/RoboticsDev/build/examples_rclcpp_multithreaded_executor': CMAKE_PREFIX_PATH=${CMAKE_PREFIX_PATH}:/opt/ros/humble /usr/bin/cmake --build /home/nakarin/RoboticsDev/build/examples_rclcpp_multithreaded_executor -- -j8 -l8
[0.138s] [100%] Built target multithreaded_executor
[0.619s] Invoked command in '/home/nakarin/RoboticsDev/build/examples_rclcpp_multithreaded_executor' returned '0': CMAKE_PREFIX_PATH=${CMAKE_PREFIX_PATH}:/opt/ros/humble /usr/bin/cmake --build /home/nakarin/RoboticsDev/build/examples_rclcpp_multithreaded_executor -- -j8 -l8
[1.106s] Invoking command in '/home/nakarin/RoboticsDev/build/examples_rclcpp_multithreaded_executor': CMAKE_PREFIX_PATH=${CMAKE_PREFIX_PATH}:/opt/ros/humble /usr/bin/cmake --install /home/nakarin/RoboticsDev/build/examples_rclcpp_multithreaded_executor
[1.127s] -- Install configuration: ""
[1.127s] -- Up-to-date: /home/nakarin/RoboticsDev/install/examples_rclcpp_multithreaded_executor/lib/examples_rclcpp_multithreaded_executor/multithreaded_executor
[1.127s] -- Up-to-date: /home/nakarin/RoboticsDev/install/examples_rclcpp_multithreaded_executor/share/ament_index/resource_index/package_run_dependencies/examples_rclcpp_multithreaded_executor
[1.127s] -- Up-to-date: /home/nakarin/RoboticsDev/install/examples_rclcpp_multithreaded_executor/share/ament_index/resource_index/parent_prefix_path/examples_rclcpp_multithreaded_executor
[1.127s] -- Up-to-date: /home/nakarin/RoboticsDev/install/examples_rclcpp_multithreaded_executor/share/examples_rclcpp_multithreaded_executor/environment/ament_prefix_path.sh
[1.127s] -- Up-to-date: /home/nakarin/RoboticsDev/install/examples_rclcpp_multithreaded_executor/share/examples_rclcpp_multithreaded_executor/environment/ament_prefix_path.dsv
[1.127s] -- Up-to-date: /home/nakarin/RoboticsDev/install/examples_rclcpp_multithreaded_executor/share/examples_rclcpp_multithreaded_executor/environment/path.sh
[1.127s] -- Up-to-date: /home/nakarin/RoboticsDev/install/examples_rclcpp_multithreaded_executor/share/examples_rclcpp_multithreaded_executor/environment/path.dsv
[1.127s] -- Up-to-date: /home/nakarin/RoboticsDev/install/examples_rclcpp_multithreaded_executor/share/examples_rclcpp_multithreaded_executor/local_setup.bash
[1.127s] -- Up-to-date: /home/nakarin/RoboticsDev/install/examples_rclcpp_multithreaded_executor/share/examples_rclcpp_multithreaded_executor/local_setup.sh
[1.127s] -- Up-to-date: /home/nakarin/RoboticsDev/install/examples_rclcpp_multithreaded_executor/share/examples_rclcpp_multithreaded_executor/local_setup.zsh
[1.127s] -- Up-to-date: /home/nakarin/RoboticsDev/install/examples_rclcpp_multithreaded_executor/share/examples_rclcpp_multithreaded_executor/local_setup.dsv
[1.127s] -- Installing: /home/nakarin/RoboticsDev/install/examples_rclcpp_multithreaded_executor/share/examples_rclcpp_multithreaded_executor/package.dsv
[1.127s] -- Up-to-date: /home/nakarin/RoboticsDev/install/examples_rclcpp_multithreaded_executor/share/ament_index/resource_index/packages/examples_rclcpp_multithreaded_executor
[1.127s] -- Up-to-date: /home/nakarin/RoboticsDev/install/examples_rclcpp_multithreaded_executor/share/examples_rclcpp_multithreaded_executor/cmake/examples_rclcpp_multithreaded_executorConfig.cmake
[1.127s] -- Up-to-date: /home/nakarin/RoboticsDev/install/examples_rclcpp_multithreaded_executor/share/examples_rclcpp_multithreaded_executor/cmake/examples_rclcpp_multithreaded_executorConfig-version.cmake
[1.128s] -- Up-to-date: /home/nakarin/RoboticsDev/install/examples_rclcpp_multithreaded_executor/share/examples_rclcpp_multithreaded_executor/package.xml
[1.128s] Invoked command in '/home/nakarin/RoboticsDev/build/examples_rclcpp_multithreaded_executor' returned '0': CMAKE_PREFIX_PATH=${CMAKE_PREFIX_PATH}:/opt/ros/humble /usr/bin/cmake --install /home/nakarin/RoboticsDev/build/examples_rclcpp_multithreaded_executor
