[1.664s] Invoking command in '/home/nakarin/RoboticsDev/src/examples/rclpy/actions/minimal_action_server': PYTHONPATH=/home/nakarin/RoboticsDev/build/examples_rclpy_minimal_action_server/prefix_override:/usr/lib/python3/dist-packages/colcon_core/task/python/colcon_distutils_commands:/home/nakarin/RoboticsDev/install/examples_rclpy_minimal_action_server/lib/python3.10/site-packages:${PYTHONPATH} /usr/bin/python3 -W ignore:setup.py install is deprecated setup.py egg_info --egg-base ../../../../../build/examples_rclpy_minimal_action_server build --build-base /home/nakarin/RoboticsDev/build/examples_rclpy_minimal_action_server/build install --record /home/nakarin/RoboticsDev/build/examples_rclpy_minimal_action_server/install.log --single-version-externally-managed install_data
[2.233s] running egg_info
[2.235s] creating ../../../../../build/examples_rclpy_minimal_action_server/examples_rclpy_minimal_action_server.egg-info
[2.235s] writing ../../../../../build/examples_rclpy_minimal_action_server/examples_rclpy_minimal_action_server.egg-info/PKG-INFO
[2.235s] writing dependency_links to ../../../../../build/examples_rclpy_minimal_action_server/examples_rclpy_minimal_action_server.egg-info/dependency_links.txt
[2.236s] writing entry points to ../../../../../build/examples_rclpy_minimal_action_server/examples_rclpy_minimal_action_server.egg-info/entry_points.txt
[2.236s] writing requirements to ../../../../../build/examples_rclpy_minimal_action_server/examples_rclpy_minimal_action_server.egg-info/requires.txt
[2.236s] writing top-level names to ../../../../../build/examples_rclpy_minimal_action_server/examples_rclpy_minimal_action_server.egg-info/top_level.txt
[2.236s] writing manifest file '../../../../../build/examples_rclpy_minimal_action_server/examples_rclpy_minimal_action_server.egg-info/SOURCES.txt'
[2.236s] reading manifest file '../../../../../build/examples_rclpy_minimal_action_server/examples_rclpy_minimal_action_server.egg-info/SOURCES.txt'
[2.236s] writing manifest file '../../../../../build/examples_rclpy_minimal_action_server/examples_rclpy_minimal_action_server.egg-info/SOURCES.txt'
[2.236s] running build
[2.237s] running build_py
[2.237s] creating /home/nakarin/RoboticsDev/build/examples_rclpy_minimal_action_server/build
[2.237s] creating /home/nakarin/RoboticsDev/build/examples_rclpy_minimal_action_server/build/lib
[2.237s] creating /home/nakarin/RoboticsDev/build/examples_rclpy_minimal_action_server/build/lib/examples_rclpy_minimal_action_server
[2.237s] copying examples_rclpy_minimal_action_server/server_defer.py -> /home/nakarin/RoboticsDev/build/examples_rclpy_minimal_action_server/build/lib/examples_rclpy_minimal_action_server
[2.237s] copying examples_rclpy_minimal_action_server/__init__.py -> /home/nakarin/RoboticsDev/build/examples_rclpy_minimal_action_server/build/lib/examples_rclpy_minimal_action_server
[2.237s] copying examples_rclpy_minimal_action_server/server.py -> /home/nakarin/RoboticsDev/build/examples_rclpy_minimal_action_server/build/lib/examples_rclpy_minimal_action_server
[2.237s] copying examples_rclpy_minimal_action_server/server_single_goal.py -> /home/nakarin/RoboticsDev/build/examples_rclpy_minimal_action_server/build/lib/examples_rclpy_minimal_action_server
[2.238s] copying examples_rclpy_minimal_action_server/server_not_composable.py -> /home/nakarin/RoboticsDev/build/examples_rclpy_minimal_action_server/build/lib/examples_rclpy_minimal_action_server
[2.238s] copying examples_rclpy_minimal_action_server/server_queue_goals.py -> /home/nakarin/RoboticsDev/build/examples_rclpy_minimal_action_server/build/lib/examples_rclpy_minimal_action_server
[2.238s] running install
[2.238s] running install_lib
[2.238s] creating /home/nakarin/RoboticsDev/install/examples_rclpy_minimal_action_server/lib/python3.10/site-packages/examples_rclpy_minimal_action_server
[2.238s] copying /home/nakarin/RoboticsDev/build/examples_rclpy_minimal_action_server/build/lib/examples_rclpy_minimal_action_server/server_defer.py -> /home/nakarin/RoboticsDev/install/examples_rclpy_minimal_action_server/lib/python3.10/site-packages/examples_rclpy_minimal_action_server
[2.238s] copying /home/nakarin/RoboticsDev/build/examples_rclpy_minimal_action_server/build/lib/examples_rclpy_minimal_action_server/__init__.py -> /home/nakarin/RoboticsDev/install/examples_rclpy_minimal_action_server/lib/python3.10/site-packages/examples_rclpy_minimal_action_server
[2.239s] copying /home/nakarin/RoboticsDev/build/examples_rclpy_minimal_action_server/build/lib/examples_rclpy_minimal_action_server/server.py -> /home/nakarin/RoboticsDev/install/examples_rclpy_minimal_action_server/lib/python3.10/site-packages/examples_rclpy_minimal_action_server
[2.239s] copying /home/nakarin/RoboticsDev/build/examples_rclpy_minimal_action_server/build/lib/examples_rclpy_minimal_action_server/server_single_goal.py -> /home/nakarin/RoboticsDev/install/examples_rclpy_minimal_action_server/lib/python3.10/site-packages/examples_rclpy_minimal_action_server
[2.239s] copying /home/nakarin/RoboticsDev/build/examples_rclpy_minimal_action_server/build/lib/examples_rclpy_minimal_action_server/server_not_composable.py -> /home/nakarin/RoboticsDev/install/examples_rclpy_minimal_action_server/lib/python3.10/site-packages/examples_rclpy_minimal_action_server
[2.239s] copying /home/nakarin/RoboticsDev/build/examples_rclpy_minimal_action_server/build/lib/examples_rclpy_minimal_action_server/server_queue_goals.py -> /home/nakarin/RoboticsDev/install/examples_rclpy_minimal_action_server/lib/python3.10/site-packages/examples_rclpy_minimal_action_server
[2.239s] byte-compiling /home/nakarin/RoboticsDev/install/examples_rclpy_minimal_action_server/lib/python3.10/site-packages/examples_rclpy_minimal_action_server/server_defer.py to server_defer.cpython-310.pyc
[2.239s] byte-compiling /home/nakarin/RoboticsDev/install/examples_rclpy_minimal_action_server/lib/python3.10/site-packages/examples_rclpy_minimal_action_server/__init__.py to __init__.cpython-310.pyc
[2.240s] byte-compiling /home/nakarin/RoboticsDev/install/examples_rclpy_minimal_action_server/lib/python3.10/site-packages/examples_rclpy_minimal_action_server/server.py to server.cpython-310.pyc
[2.240s] byte-compiling /home/nakarin/RoboticsDev/install/examples_rclpy_minimal_action_server/lib/python3.10/site-packages/examples_rclpy_minimal_action_server/server_single_goal.py to server_single_goal.cpython-310.pyc
[2.240s] byte-compiling /home/nakarin/RoboticsDev/install/examples_rclpy_minimal_action_server/lib/python3.10/site-packages/examples_rclpy_minimal_action_server/server_not_composable.py to server_not_composable.cpython-310.pyc
[2.240s] byte-compiling /home/nakarin/RoboticsDev/install/examples_rclpy_minimal_action_server/lib/python3.10/site-packages/examples_rclpy_minimal_action_server/server_queue_goals.py to server_queue_goals.cpython-310.pyc
[2.240s] running install_data
[2.240s] creating /home/nakarin/RoboticsDev/install/examples_rclpy_minimal_action_server/share/ament_index
[2.241s] creating /home/nakarin/RoboticsDev/install/examples_rclpy_minimal_action_server/share/ament_index/resource_index
[2.241s] creating /home/nakarin/RoboticsDev/install/examples_rclpy_minimal_action_server/share/ament_index/resource_index/packages
[2.241s] copying resource/examples_rclpy_minimal_action_server -> /home/nakarin/RoboticsDev/install/examples_rclpy_minimal_action_server/share/ament_index/resource_index/packages
[2.241s] copying package.xml -> /home/nakarin/RoboticsDev/install/examples_rclpy_minimal_action_server/share/examples_rclpy_minimal_action_server
[2.241s] running install_egg_info
[2.242s] Copying ../../../../../build/examples_rclpy_minimal_action_server/examples_rclpy_minimal_action_server.egg-info to /home/nakarin/RoboticsDev/install/examples_rclpy_minimal_action_server/lib/python3.10/site-packages/examples_rclpy_minimal_action_server-0.15.2-py3.10.egg-info
[2.242s] running install_scripts
[2.242s] Installing server script to /home/nakarin/RoboticsDev/install/examples_rclpy_minimal_action_server/lib/examples_rclpy_minimal_action_server
[2.242s] Installing server_defer script to /home/nakarin/RoboticsDev/install/examples_rclpy_minimal_action_server/lib/examples_rclpy_minimal_action_server
[2.242s] Installing server_not_composable script to /home/nakarin/RoboticsDev/install/examples_rclpy_minimal_action_server/lib/examples_rclpy_minimal_action_server
[2.242s] Installing server_queue_goals script to /home/nakarin/RoboticsDev/install/examples_rclpy_minimal_action_server/lib/examples_rclpy_minimal_action_server
[2.242s] Installing server_single_goal script to /home/nakarin/RoboticsDev/install/examples_rclpy_minimal_action_server/lib/examples_rclpy_minimal_action_server
[2.243s] writing list of installed files to '/home/nakarin/RoboticsDev/build/examples_rclpy_minimal_action_server/install.log'
[2.253s] Invoked command in '/home/nakarin/RoboticsDev/src/examples/rclpy/actions/minimal_action_server' returned '0': PYTHONPATH=/home/nakarin/RoboticsDev/build/examples_rclpy_minimal_action_server/prefix_override:/usr/lib/python3/dist-packages/colcon_core/task/python/colcon_distutils_commands:/home/nakarin/RoboticsDev/install/examples_rclpy_minimal_action_server/lib/python3.10/site-packages:${PYTHONPATH} /usr/bin/python3 -W ignore:setup.py install is deprecated setup.py egg_info --egg-base ../../../../../build/examples_rclpy_minimal_action_server build --build-base /home/nakarin/RoboticsDev/build/examples_rclpy_minimal_action_server/build install --record /home/nakarin/RoboticsDev/build/examples_rclpy_minimal_action_server/install.log --single-version-externally-managed install_data
