[1.534s] Invoking command in '/home/nakarin/RoboticsDev/src/examples/rclpy/services/minimal_client': PYTHONPATH=/home/nakarin/RoboticsDev/build/examples_rclpy_minimal_client/prefix_override:/usr/lib/python3/dist-packages/colcon_core/task/python/colcon_distutils_commands:/home/nakarin/RoboticsDev/install/examples_rclpy_minimal_client/lib/python3.10/site-packages:${PYTHONPATH} /usr/bin/python3 -W ignore:setup.py install is deprecated setup.py egg_info --egg-base ../../../../../build/examples_rclpy_minimal_client build --build-base /home/nakarin/RoboticsDev/build/examples_rclpy_minimal_client/build install --record /home/nakarin/RoboticsDev/build/examples_rclpy_minimal_client/install.log --single-version-externally-managed install_data
[1.792s] running egg_info
[1.793s] writing ../../../../../build/examples_rclpy_minimal_client/examples_rclpy_minimal_client.egg-info/PKG-INFO
[1.793s] writing dependency_links to ../../../../../build/examples_rclpy_minimal_client/examples_rclpy_minimal_client.egg-info/dependency_links.txt
[1.793s] writing entry points to ../../../../../build/examples_rclpy_minimal_client/examples_rclpy_minimal_client.egg-info/entry_points.txt
[1.793s] writing requirements to ../../../../../build/examples_rclpy_minimal_client/examples_rclpy_minimal_client.egg-info/requires.txt
[1.793s] writing top-level names to ../../../../../build/examples_rclpy_minimal_client/examples_rclpy_minimal_client.egg-info/top_level.txt
[1.795s] reading manifest file '../../../../../build/examples_rclpy_minimal_client/examples_rclpy_minimal_client.egg-info/SOURCES.txt'
[1.796s] writing manifest file '../../../../../build/examples_rclpy_minimal_client/examples_rclpy_minimal_client.egg-info/SOURCES.txt'
[1.796s] running build
[1.796s] running build_py
[1.797s] running install
[1.797s] running install_lib
[1.799s] running install_data
[1.799s] running install_egg_info
[1.801s] removing '/home/nakarin/RoboticsDev/install/examples_rclpy_minimal_client/lib/python3.10/site-packages/examples_rclpy_minimal_client-0.15.2-py3.10.egg-info' (and everything under it)
[1.801s] Copying ../../../../../build/examples_rclpy_minimal_client/examples_rclpy_minimal_client.egg-info to /home/nakarin/RoboticsDev/install/examples_rclpy_minimal_client/lib/python3.10/site-packages/examples_rclpy_minimal_client-0.15.2-py3.10.egg-info
[1.802s] running install_scripts
[1.826s] Installing client script to /home/nakarin/RoboticsDev/install/examples_rclpy_minimal_client/lib/examples_rclpy_minimal_client
[1.826s] Installing client_async script to /home/nakarin/RoboticsDev/install/examples_rclpy_minimal_client/lib/examples_rclpy_minimal_client
[1.826s] Installing client_async_callback script to /home/nakarin/RoboticsDev/install/examples_rclpy_minimal_client/lib/examples_rclpy_minimal_client
[1.827s] Installing client_async_member_function script to /home/nakarin/RoboticsDev/install/examples_rclpy_minimal_client/lib/examples_rclpy_minimal_client
[1.827s] writing list of installed files to '/home/nakarin/RoboticsDev/build/examples_rclpy_minimal_client/install.log'
[2.041s] Invoked command in '/home/nakarin/RoboticsDev/src/examples/rclpy/services/minimal_client' returned '0': PYTHONPATH=/home/nakarin/RoboticsDev/build/examples_rclpy_minimal_client/prefix_override:/usr/lib/python3/dist-packages/colcon_core/task/python/colcon_distutils_commands:/home/nakarin/RoboticsDev/install/examples_rclpy_minimal_client/lib/python3.10/site-packages:${PYTHONPATH} /usr/bin/python3 -W ignore:setup.py install is deprecated setup.py egg_info --egg-base ../../../../../build/examples_rclpy_minimal_client build --build-base /home/nakarin/RoboticsDev/build/examples_rclpy_minimal_client/build install --record /home/nakarin/RoboticsDev/build/examples_rclpy_minimal_client/install.log --single-version-externally-managed install_data
