[0.013s] Invoking command in '/home/nakarin/RoboticsDev/build/turtle_bringup': CMAKE_PREFIX_PATH=${CMAKE_PREFIX_PATH}:/home/nakarin/RoboticsDev/install/launch_testing_examples:/home/nakarin/RoboticsDev/install/examples_rclpy_pointcloud_publisher:/home/nakarin/RoboticsDev/install/examples_rclpy_minimal_subscriber:/home/nakarin/RoboticsDev/install/examples_rclpy_minimal_service:/home/nakarin/RoboticsDev/install/examples_rclpy_minimal_publisher:/home/nakarin/RoboticsDev/install/examples_rclpy_minimal_client:/home/nakarin/RoboticsDev/install/examples_rclpy_minimal_action_server:/home/nakarin/RoboticsDev/install/examples_rclpy_minimal_action_client:/home/nakarin/RoboticsDev/install/examples_rclpy_guard_conditions:/home/nakarin/RoboticsDev/install/examples_rclpy_executors:/opt/ros/humble /usr/bin/cmake --build /home/nakarin/RoboticsDev/build/turtle_bringup -- -j8 -l8
[0.093s] [100%] Built target cpp_node_test
[0.129s] [100%] Built target ament_cmake_python_copy_turtle_bringup
[0.658s] running egg_info
[0.658s] writing turtle_bringup.egg-info/PKG-INFO
[0.658s] writing dependency_links to turtle_bringup.egg-info/dependency_links.txt
[0.658s] writing top-level names to turtle_bringup.egg-info/top_level.txt
[0.659s] reading manifest file 'turtle_bringup.egg-info/SOURCES.txt'
[0.659s] writing manifest file 'turtle_bringup.egg-info/SOURCES.txt'
[0.692s] [100%] Built target ament_cmake_python_build_turtle_bringup_egg
[0.717s] Invoked command in '/home/nakarin/RoboticsDev/build/turtle_bringup' returned '0': CMAKE_PREFIX_PATH=${CMAKE_PREFIX_PATH}:/home/nakarin/RoboticsDev/install/launch_testing_examples:/home/nakarin/RoboticsDev/install/examples_rclpy_pointcloud_publisher:/home/nakarin/RoboticsDev/install/examples_rclpy_minimal_subscriber:/home/nakarin/RoboticsDev/install/examples_rclpy_minimal_service:/home/nakarin/RoboticsDev/install/examples_rclpy_minimal_publisher:/home/nakarin/RoboticsDev/install/examples_rclpy_minimal_client:/home/nakarin/RoboticsDev/install/examples_rclpy_minimal_action_server:/home/nakarin/RoboticsDev/install/examples_rclpy_minimal_action_client:/home/nakarin/RoboticsDev/install/examples_rclpy_guard_conditions:/home/nakarin/RoboticsDev/install/examples_rclpy_executors:/opt/ros/humble /usr/bin/cmake --build /home/nakarin/RoboticsDev/build/turtle_bringup -- -j8 -l8
[0.752s] Invoking command in '/home/nakarin/RoboticsDev/build/turtle_bringup': CMAKE_PREFIX_PATH=${CMAKE_PREFIX_PATH}:/home/nakarin/RoboticsDev/install/launch_testing_examples:/home/nakarin/RoboticsDev/install/examples_rclpy_pointcloud_publisher:/home/nakarin/RoboticsDev/install/examples_rclpy_minimal_subscriber:/home/nakarin/RoboticsDev/install/examples_rclpy_minimal_service:/home/nakarin/RoboticsDev/install/examples_rclpy_minimal_publisher:/home/nakarin/RoboticsDev/install/examples_rclpy_minimal_client:/home/nakarin/RoboticsDev/install/examples_rclpy_minimal_action_server:/home/nakarin/RoboticsDev/install/examples_rclpy_minimal_action_client:/home/nakarin/RoboticsDev/install/examples_rclpy_guard_conditions:/home/nakarin/RoboticsDev/install/examples_rclpy_executors:/opt/ros/humble /usr/bin/cmake --install /home/nakarin/RoboticsDev/build/turtle_bringup
[0.766s] -- Install configuration: ""
[0.766s] -- Up-to-date: /home/nakarin/RoboticsDev/install/turtle_bringup/share/turtle_bringup/environment/pythonpath.sh
[0.766s] -- Up-to-date: /home/nakarin/RoboticsDev/install/turtle_bringup/share/turtle_bringup/environment/pythonpath.dsv
[0.768s] -- Up-to-date: /home/nakarin/RoboticsDev/install/turtle_bringup/local/lib/python3.10/dist-packages/turtle_bringup-0.0.0-py3.10.egg-info
[0.768s] -- Installing: /home/nakarin/RoboticsDev/install/turtle_bringup/local/lib/python3.10/dist-packages/turtle_bringup-0.0.0-py3.10.egg-info/dependency_links.txt
[0.768s] -- Installing: /home/nakarin/RoboticsDev/install/turtle_bringup/local/lib/python3.10/dist-packages/turtle_bringup-0.0.0-py3.10.egg-info/SOURCES.txt
[0.768s] -- Installing: /home/nakarin/RoboticsDev/install/turtle_bringup/local/lib/python3.10/dist-packages/turtle_bringup-0.0.0-py3.10.egg-info/PKG-INFO
[0.768s] -- Installing: /home/nakarin/RoboticsDev/install/turtle_bringup/local/lib/python3.10/dist-packages/turtle_bringup-0.0.0-py3.10.egg-info/top_level.txt
[0.769s] -- Up-to-date: /home/nakarin/RoboticsDev/install/turtle_bringup/local/lib/python3.10/dist-packages/turtle_bringup
[0.769s] -- Up-to-date: /home/nakarin/RoboticsDev/install/turtle_bringup/local/lib/python3.10/dist-packages/turtle_bringup/__init__.py
[0.769s] -- Up-to-date: /home/nakarin/RoboticsDev/install/turtle_bringup/local/lib/python3.10/dist-packages/turtle_bringup/dummy_module.py
[0.842s] Listing '/home/nakarin/RoboticsDev/install/turtle_bringup/local/lib/python3.10/dist-packages/turtle_bringup'...
[0.854s] -- Up-to-date: /home/nakarin/RoboticsDev/install/turtle_bringup/lib/turtle_bringup/dummy_script.py
[0.854s] -- Up-to-date: /home/nakarin/RoboticsDev/install/turtle_bringup/lib/turtle_bringup/cpp_node_test
[0.854s] -- Up-to-date: /home/nakarin/RoboticsDev/install/turtle_bringup/share/turtle_bringup
[0.854s] -- Up-to-date: /home/nakarin/RoboticsDev/install/turtle_bringup/share/ament_index/resource_index/package_run_dependencies/turtle_bringup
[0.854s] -- Up-to-date: /home/nakarin/RoboticsDev/install/turtle_bringup/share/ament_index/resource_index/parent_prefix_path/turtle_bringup
[0.855s] -- Up-to-date: /home/nakarin/RoboticsDev/install/turtle_bringup/share/turtle_bringup/environment/ament_prefix_path.sh
[0.855s] -- Up-to-date: /home/nakarin/RoboticsDev/install/turtle_bringup/share/turtle_bringup/environment/ament_prefix_path.dsv
[0.855s] -- Up-to-date: /home/nakarin/RoboticsDev/install/turtle_bringup/share/turtle_bringup/environment/path.sh
[0.855s] -- Up-to-date: /home/nakarin/RoboticsDev/install/turtle_bringup/share/turtle_bringup/environment/path.dsv
[0.855s] -- Up-to-date: /home/nakarin/RoboticsDev/install/turtle_bringup/share/turtle_bringup/local_setup.bash
[0.855s] -- Up-to-date: /home/nakarin/RoboticsDev/install/turtle_bringup/share/turtle_bringup/local_setup.sh
[0.859s] -- Up-to-date: /home/nakarin/RoboticsDev/install/turtle_bringup/share/turtle_bringup/local_setup.zsh
[0.859s] -- Up-to-date: /home/nakarin/RoboticsDev/install/turtle_bringup/share/turtle_bringup/local_setup.dsv
[0.860s] -- Installing: /home/nakarin/RoboticsDev/install/turtle_bringup/share/turtle_bringup/package.dsv
[0.860s] -- Up-to-date: /home/nakarin/RoboticsDev/install/turtle_bringup/share/ament_index/resource_index/packages/turtle_bringup
[0.860s] -- Up-to-date: /home/nakarin/RoboticsDev/install/turtle_bringup/share/turtle_bringup/cmake/turtle_bringupConfig.cmake
[0.860s] -- Up-to-date: /home/nakarin/RoboticsDev/install/turtle_bringup/share/turtle_bringup/cmake/turtle_bringupConfig-version.cmake
[0.860s] -- Up-to-date: /home/nakarin/RoboticsDev/install/turtle_bringup/share/turtle_bringup/package.xml
[0.867s] Invoked command in '/home/nakarin/RoboticsDev/build/turtle_bringup' returned '0': CMAKE_PREFIX_PATH=${CMAKE_PREFIX_PATH}:/home/nakarin/RoboticsDev/install/launch_testing_examples:/home/nakarin/RoboticsDev/install/examples_rclpy_pointcloud_publisher:/home/nakarin/RoboticsDev/install/examples_rclpy_minimal_subscriber:/home/nakarin/RoboticsDev/install/examples_rclpy_minimal_service:/home/nakarin/RoboticsDev/install/examples_rclpy_minimal_publisher:/home/nakarin/RoboticsDev/install/examples_rclpy_minimal_client:/home/nakarin/RoboticsDev/install/examples_rclpy_minimal_action_server:/home/nakarin/RoboticsDev/install/examples_rclpy_minimal_action_client:/home/nakarin/RoboticsDev/install/examples_rclpy_guard_conditions:/home/nakarin/RoboticsDev/install/examples_rclpy_executors:/opt/ros/humble /usr/bin/cmake --install /home/nakarin/RoboticsDev/build/turtle_bringup
