[0.035s] Invoking command in '/home/nakarin/RoboticsDev/build/examples_rclcpp_cbg_executor': CMAKE_PREFIX_PATH=${CMAKE_PREFIX_PATH}:/opt/ros/humble /usr/bin/cmake /home/nakarin/RoboticsDev/src/examples/rclcpp/executors/cbg_executor -DCMAKE_INSTALL_PREFIX=/home/nakarin/RoboticsDev/install/examples_rclcpp_cbg_executor
[0.119s] -- The C compiler identification is GNU 11.4.0
[0.221s] -- The CXX compiler identification is GNU 11.4.0
[0.235s] -- Detecting C compiler ABI info
[0.351s] -- Detecting C compiler ABI info - done
[0.365s] -- Check for working C compiler: /usr/bin/cc - skipped
[0.366s] -- Detecting C compile features
[0.366s] -- Detecting C compile features - done
[0.372s] -- Detecting CXX compiler ABI info
[0.512s] -- Detecting CXX compiler ABI info - done
[0.536s] -- Check for working CXX compiler: /usr/bin/c++ - skipped
[0.537s] -- Detecting CXX compile features
[0.538s] -- Detecting CXX compile features - done
[0.541s] -- Found ament_cmake: 1.3.10 (/opt/ros/humble/share/ament_cmake/cmake)
[0.851s] -- Found Python3: /usr/bin/python3 (found version "3.10.12") found components: Interpreter 
[1.038s] -- Found rclcpp: 16.0.10 (/opt/ros/humble/share/rclcpp/cmake)
[1.113s] -- Found rosidl_generator_c: 3.1.5 (/opt/ros/humble/share/rosidl_generator_c/cmake)
[1.119s] -- Found rosidl_adapter: 3.1.5 (/opt/ros/humble/share/rosidl_adapter/cmake)
[1.134s] -- Found rosidl_generator_cpp: 3.1.5 (/opt/ros/humble/share/rosidl_generator_cpp/cmake)
[1.158s] -- Using all available rosidl_typesupport_c: rosidl_typesupport_fastrtps_c;rosidl_typesupport_introspection_c
[1.190s] -- Using all available rosidl_typesupport_cpp: rosidl_typesupport_fastrtps_cpp;rosidl_typesupport_introspection_cpp
[1.276s] -- Found rmw_implementation_cmake: 6.1.2 (/opt/ros/humble/share/rmw_implementation_cmake/cmake)
[1.280s] -- Found rmw_fastrtps_cpp: 6.2.7 (/opt/ros/humble/share/rmw_fastrtps_cpp/cmake)
[1.449s] -- Found OpenSSL: /usr/lib/x86_64-linux-gnu/libcrypto.so (found version "3.0.2")  
[1.506s] -- Found FastRTPS: /opt/ros/humble/include  
[1.574s] -- Using RMW implementation 'rmw_fastrtps_cpp' as default
[1.586s] -- Looking for pthread.h
[1.720s] -- Looking for pthread.h - found
[1.722s] -- Performing Test CMAKE_HAVE_LIBC_PTHREAD
[1.857s] -- Performing Test CMAKE_HAVE_LIBC_PTHREAD - Success
[1.860s] -- Found Threads: TRUE  
[1.970s] -- Found ament_lint_auto: 0.12.11 (/opt/ros/humble/share/ament_lint_auto/cmake)
[2.174s] -- Added test 'copyright' to check source files copyright and LICENSE
[2.187s] -- Added test 'cppcheck' to perform static code analysis on C / C++ code
[2.187s] -- Configured cppcheck include dirs: /home/nakarin/RoboticsDev/src/examples/rclcpp/executors/cbg_executor/include
[2.187s] -- Configured cppcheck exclude dirs and/or files: 
[2.188s] -- Added test 'cpplint' to check C / C++ code against the Google style
[2.188s] -- Configured cpplint exclude dirs and/or files: 
[2.188s] -- Added test 'lint_cmake' to check CMake code style
[2.188s] -- Added test 'uncrustify' to check C / C++ code style
[2.188s] -- Configured uncrustify additional arguments: 
[2.188s] -- Added test 'xmllint' to check XML markup files
[2.192s] -- Configuring done
[2.225s] -- Generating done
[2.228s] -- Build files have been written to: /home/nakarin/RoboticsDev/build/examples_rclcpp_cbg_executor
[2.276s] Invoked command in '/home/nakarin/RoboticsDev/build/examples_rclcpp_cbg_executor' returned '0': CMAKE_PREFIX_PATH=${CMAKE_PREFIX_PATH}:/opt/ros/humble /usr/bin/cmake /home/nakarin/RoboticsDev/src/examples/rclcpp/executors/cbg_executor -DCMAKE_INSTALL_PREFIX=/home/nakarin/RoboticsDev/install/examples_rclcpp_cbg_executor
[2.280s] Invoking command in '/home/nakarin/RoboticsDev/build/examples_rclcpp_cbg_executor': CMAKE_PREFIX_PATH=${CMAKE_PREFIX_PATH}:/opt/ros/humble /usr/bin/cmake --build /home/nakarin/RoboticsDev/build/examples_rclcpp_cbg_executor -- -j8 -l8
[2.364s] [ 10%] [32mBuilding CXX object CMakeFiles/ping.dir/src/examples_rclcpp_cbg_executor/ping_node.cpp.o[0m
[2.366s] [ 30%] [32mBuilding CXX object CMakeFiles/ping.dir/src/ping.cpp.o[0m
[2.366s] [ 20%] [32mBuilding CXX object CMakeFiles/pong.dir/src/examples_rclcpp_cbg_executor/pong_node.cpp.o[0m
[2.379s] [ 40%] [32mBuilding CXX object CMakeFiles/pong.dir/src/pong.cpp.o[0m
[2.418s] [ 50%] [32mBuilding CXX object CMakeFiles/ping_pong.dir/src/ping_pong.cpp.o[0m
[2.452s] [ 60%] [32mBuilding CXX object CMakeFiles/ping_pong.dir/src/examples_rclcpp_cbg_executor/ping_node.cpp.o[0m
[2.468s] [ 70%] [32mBuilding CXX object CMakeFiles/ping_pong.dir/src/examples_rclcpp_cbg_executor/pong_node.cpp.o[0m
[33.173s] [ 80%] [32m[1mLinking CXX executable ping[0m
[33.490s] [ 90%] [32m[1mLinking CXX executable pong[0m
[34.131s] [ 90%] Built target ping
[34.301s] [ 90%] Built target pong
[35.022s] [100%] [32m[1mLinking CXX executable ping_pong[0m
[36.130s] [100%] Built target ping_pong
[36.158s] Invoked command in '/home/nakarin/RoboticsDev/build/examples_rclcpp_cbg_executor' returned '0': CMAKE_PREFIX_PATH=${CMAKE_PREFIX_PATH}:/opt/ros/humble /usr/bin/cmake --build /home/nakarin/RoboticsDev/build/examples_rclcpp_cbg_executor -- -j8 -l8
[36.207s] Invoking command in '/home/nakarin/RoboticsDev/build/examples_rclcpp_cbg_executor': CMAKE_PREFIX_PATH=${CMAKE_PREFIX_PATH}:/opt/ros/humble /usr/bin/cmake --install /home/nakarin/RoboticsDev/build/examples_rclcpp_cbg_executor
[36.731s] -- Install configuration: ""
[36.731s] -- Installing: /home/nakarin/RoboticsDev/install/examples_rclcpp_cbg_executor/lib/examples_rclcpp_cbg_executor/ping
[36.732s] -- Set runtime path of "/home/nakarin/RoboticsDev/install/examples_rclcpp_cbg_executor/lib/examples_rclcpp_cbg_executor/ping" to ""
[36.732s] -- Installing: /home/nakarin/RoboticsDev/install/examples_rclcpp_cbg_executor/lib/examples_rclcpp_cbg_executor/pong
[36.732s] -- Set runtime path of "/home/nakarin/RoboticsDev/install/examples_rclcpp_cbg_executor/lib/examples_rclcpp_cbg_executor/pong" to ""
[36.732s] -- Installing: /home/nakarin/RoboticsDev/install/examples_rclcpp_cbg_executor/lib/examples_rclcpp_cbg_executor/ping_pong
[36.732s] -- Set runtime path of "/home/nakarin/RoboticsDev/install/examples_rclcpp_cbg_executor/lib/examples_rclcpp_cbg_executor/ping_pong" to ""
[36.732s] -- Installing: /home/nakarin/RoboticsDev/install/examples_rclcpp_cbg_executor/include
[36.732s] -- Installing: /home/nakarin/RoboticsDev/install/examples_rclcpp_cbg_executor/include/examples_rclcpp_cbg_executor
[36.732s] -- Installing: /home/nakarin/RoboticsDev/install/examples_rclcpp_cbg_executor/include/examples_rclcpp_cbg_executor/pong_node.hpp
[36.733s] -- Installing: /home/nakarin/RoboticsDev/install/examples_rclcpp_cbg_executor/include/examples_rclcpp_cbg_executor/ping_node.hpp
[36.733s] -- Installing: /home/nakarin/RoboticsDev/install/examples_rclcpp_cbg_executor/share/ament_index/resource_index/package_run_dependencies/examples_rclcpp_cbg_executor
[36.733s] -- Installing: /home/nakarin/RoboticsDev/install/examples_rclcpp_cbg_executor/share/ament_index/resource_index/parent_prefix_path/examples_rclcpp_cbg_executor
[36.733s] -- Installing: /home/nakarin/RoboticsDev/install/examples_rclcpp_cbg_executor/share/examples_rclcpp_cbg_executor/environment/ament_prefix_path.sh
[36.733s] -- Installing: /home/nakarin/RoboticsDev/install/examples_rclcpp_cbg_executor/share/examples_rclcpp_cbg_executor/environment/ament_prefix_path.dsv
[36.733s] -- Installing: /home/nakarin/RoboticsDev/install/examples_rclcpp_cbg_executor/share/examples_rclcpp_cbg_executor/environment/path.sh
[36.733s] -- Installing: /home/nakarin/RoboticsDev/install/examples_rclcpp_cbg_executor/share/examples_rclcpp_cbg_executor/environment/path.dsv
[36.733s] -- Installing: /home/nakarin/RoboticsDev/install/examples_rclcpp_cbg_executor/share/examples_rclcpp_cbg_executor/local_setup.bash
[36.734s] -- Installing: /home/nakarin/RoboticsDev/install/examples_rclcpp_cbg_executor/share/examples_rclcpp_cbg_executor/local_setup.sh
[36.734s] -- Installing: /home/nakarin/RoboticsDev/install/examples_rclcpp_cbg_executor/share/examples_rclcpp_cbg_executor/local_setup.zsh
[36.734s] -- Installing: /home/nakarin/RoboticsDev/install/examples_rclcpp_cbg_executor/share/examples_rclcpp_cbg_executor/local_setup.dsv
[36.734s] -- Installing: /home/nakarin/RoboticsDev/install/examples_rclcpp_cbg_executor/share/examples_rclcpp_cbg_executor/package.dsv
[36.734s] -- Installing: /home/nakarin/RoboticsDev/install/examples_rclcpp_cbg_executor/share/ament_index/resource_index/packages/examples_rclcpp_cbg_executor
[36.734s] -- Installing: /home/nakarin/RoboticsDev/install/examples_rclcpp_cbg_executor/share/examples_rclcpp_cbg_executor/cmake/ament_cmake_export_dependencies-extras.cmake
[36.734s] -- Installing: /home/nakarin/RoboticsDev/install/examples_rclcpp_cbg_executor/share/examples_rclcpp_cbg_executor/cmake/examples_rclcpp_cbg_executorConfig.cmake
[36.734s] -- Installing: /home/nakarin/RoboticsDev/install/examples_rclcpp_cbg_executor/share/examples_rclcpp_cbg_executor/cmake/examples_rclcpp_cbg_executorConfig-version.cmake
[36.734s] -- Installing: /home/nakarin/RoboticsDev/install/examples_rclcpp_cbg_executor/share/examples_rclcpp_cbg_executor/package.xml
[37.187s] Invoked command in '/home/nakarin/RoboticsDev/build/examples_rclcpp_cbg_executor' returned '0': CMAKE_PREFIX_PATH=${CMAKE_PREFIX_PATH}:/opt/ros/humble /usr/bin/cmake --install /home/nakarin/RoboticsDev/build/examples_rclcpp_cbg_executor
