[0.038s] Invoking command in '/home/nakarin/RoboticsDev/build/examples_rclcpp_minimal_action_server': CMAKE_PREFIX_PATH=${CMAKE_PREFIX_PATH}:/opt/ros/humble /usr/bin/cmake --build /home/nakarin/RoboticsDev/build/examples_rclcpp_minimal_action_server -- -j8 -l8
[0.104s] [35m[1mConsolidate compiler generated dependencies of target action_server_not_composable[0m
[0.110s] [35m[1mConsolidate compiler generated dependencies of target action_server_member_functions[0m
[0.160s] [ 50%] Built target action_server_not_composable
[0.167s] [100%] Built target action_server_member_functions
[0.188s] Invoked command in '/home/nakarin/RoboticsDev/build/examples_rclcpp_minimal_action_server' returned '0': CMAKE_PREFIX_PATH=${CMAKE_PREFIX_PATH}:/opt/ros/humble /usr/bin/cmake --build /home/nakarin/RoboticsDev/build/examples_rclcpp_minimal_action_server -- -j8 -l8
[0.232s] Invoking command in '/home/nakarin/RoboticsDev/build/examples_rclcpp_minimal_action_server': CMAKE_PREFIX_PATH=${CMAKE_PREFIX_PATH}:/opt/ros/humble /usr/bin/cmake --install /home/nakarin/RoboticsDev/build/examples_rclcpp_minimal_action_server
[0.238s] -- Install configuration: ""
[0.238s] -- Up-to-date: /home/nakarin/RoboticsDev/install/examples_rclcpp_minimal_action_server/lib/examples_rclcpp_minimal_action_server/action_server_not_composable
[0.238s] -- Up-to-date: /home/nakarin/RoboticsDev/install/examples_rclcpp_minimal_action_server/lib/examples_rclcpp_minimal_action_server/action_server_member_functions
[0.238s] -- Up-to-date: /home/nakarin/RoboticsDev/install/examples_rclcpp_minimal_action_server/share/ament_index/resource_index/package_run_dependencies/examples_rclcpp_minimal_action_server
[0.238s] -- Up-to-date: /home/nakarin/RoboticsDev/install/examples_rclcpp_minimal_action_server/share/ament_index/resource_index/parent_prefix_path/examples_rclcpp_minimal_action_server
[0.239s] -- Up-to-date: /home/nakarin/RoboticsDev/install/examples_rclcpp_minimal_action_server/share/examples_rclcpp_minimal_action_server/environment/ament_prefix_path.sh
[0.239s] -- Up-to-date: /home/nakarin/RoboticsDev/install/examples_rclcpp_minimal_action_server/share/examples_rclcpp_minimal_action_server/environment/ament_prefix_path.dsv
[0.239s] -- Up-to-date: /home/nakarin/RoboticsDev/install/examples_rclcpp_minimal_action_server/share/examples_rclcpp_minimal_action_server/environment/path.sh
[0.239s] -- Up-to-date: /home/nakarin/RoboticsDev/install/examples_rclcpp_minimal_action_server/share/examples_rclcpp_minimal_action_server/environment/path.dsv
[0.239s] -- Up-to-date: /home/nakarin/RoboticsDev/install/examples_rclcpp_minimal_action_server/share/examples_rclcpp_minimal_action_server/local_setup.bash
[0.239s] -- Up-to-date: /home/nakarin/RoboticsDev/install/examples_rclcpp_minimal_action_server/share/examples_rclcpp_minimal_action_server/local_setup.sh
[0.239s] -- Up-to-date: /home/nakarin/RoboticsDev/install/examples_rclcpp_minimal_action_server/share/examples_rclcpp_minimal_action_server/local_setup.zsh
[0.239s] -- Up-to-date: /home/nakarin/RoboticsDev/install/examples_rclcpp_minimal_action_server/share/examples_rclcpp_minimal_action_server/local_setup.dsv
[0.240s] -- Installing: /home/nakarin/RoboticsDev/install/examples_rclcpp_minimal_action_server/share/examples_rclcpp_minimal_action_server/package.dsv
[0.240s] -- Up-to-date: /home/nakarin/RoboticsDev/install/examples_rclcpp_minimal_action_server/share/ament_index/resource_index/packages/examples_rclcpp_minimal_action_server
[0.240s] -- Up-to-date: /home/nakarin/RoboticsDev/install/examples_rclcpp_minimal_action_server/share/examples_rclcpp_minimal_action_server/cmake/examples_rclcpp_minimal_action_serverConfig.cmake
[0.240s] -- Up-to-date: /home/nakarin/RoboticsDev/install/examples_rclcpp_minimal_action_server/share/examples_rclcpp_minimal_action_server/cmake/examples_rclcpp_minimal_action_serverConfig-version.cmake
[0.240s] -- Up-to-date: /home/nakarin/RoboticsDev/install/examples_rclcpp_minimal_action_server/share/examples_rclcpp_minimal_action_server/package.xml
[0.270s] Invoked command in '/home/nakarin/RoboticsDev/build/examples_rclcpp_minimal_action_server' returned '0': CMAKE_PREFIX_PATH=${CMAKE_PREFIX_PATH}:/opt/ros/humble /usr/bin/cmake --install /home/nakarin/RoboticsDev/build/examples_rclcpp_minimal_action_server
