[2.389s] Invoking command in '/home/nakarin/RoboticsDev/src/examples/rclpy/topics/minimal_publisher': PYTHONPATH=/home/nakarin/RoboticsDev/build/examples_rclpy_minimal_publisher/prefix_override:/usr/lib/python3/dist-packages/colcon_core/task/python/colcon_distutils_commands:/home/nakarin/RoboticsDev/install/examples_rclpy_minimal_publisher/lib/python3.10/site-packages:${PYTHONPATH} /usr/bin/python3 -W ignore:setup.py install is deprecated setup.py egg_info --egg-base ../../../../../build/examples_rclpy_minimal_publisher build --build-base /home/nakarin/RoboticsDev/build/examples_rclpy_minimal_publisher/build install --record /home/nakarin/RoboticsDev/build/examples_rclpy_minimal_publisher/install.log --single-version-externally-managed install_data
[3.004s] running egg_info
[3.006s] writing ../../../../../build/examples_rclpy_minimal_publisher/examples_rclpy_minimal_publisher.egg-info/PKG-INFO
[3.006s] writing dependency_links to ../../../../../build/examples_rclpy_minimal_publisher/examples_rclpy_minimal_publisher.egg-info/dependency_links.txt
[3.006s] writing entry points to ../../../../../build/examples_rclpy_minimal_publisher/examples_rclpy_minimal_publisher.egg-info/entry_points.txt
[3.006s] writing requirements to ../../../../../build/examples_rclpy_minimal_publisher/examples_rclpy_minimal_publisher.egg-info/requires.txt
[3.007s] writing top-level names to ../../../../../build/examples_rclpy_minimal_publisher/examples_rclpy_minimal_publisher.egg-info/top_level.txt
[3.013s] reading manifest file '../../../../../build/examples_rclpy_minimal_publisher/examples_rclpy_minimal_publisher.egg-info/SOURCES.txt'
[3.013s] writing manifest file '../../../../../build/examples_rclpy_minimal_publisher/examples_rclpy_minimal_publisher.egg-info/SOURCES.txt'
[3.014s] running build
[3.014s] running build_py
[3.014s] running install
[3.014s] running install_lib
[3.016s] running install_data
[3.018s] running install_egg_info
[3.035s] removing '/home/nakarin/RoboticsDev/install/examples_rclpy_minimal_publisher/lib/python3.10/site-packages/examples_rclpy_minimal_publisher-0.15.2-py3.10.egg-info' (and everything under it)
[3.039s] Copying ../../../../../build/examples_rclpy_minimal_publisher/examples_rclpy_minimal_publisher.egg-info to /home/nakarin/RoboticsDev/install/examples_rclpy_minimal_publisher/lib/python3.10/site-packages/examples_rclpy_minimal_publisher-0.15.2-py3.10.egg-info
[3.039s] running install_scripts
[3.094s] Installing publisher_local_function script to /home/nakarin/RoboticsDev/install/examples_rclpy_minimal_publisher/lib/examples_rclpy_minimal_publisher
[3.095s] Installing publisher_member_function script to /home/nakarin/RoboticsDev/install/examples_rclpy_minimal_publisher/lib/examples_rclpy_minimal_publisher
[3.095s] Installing publisher_old_school script to /home/nakarin/RoboticsDev/install/examples_rclpy_minimal_publisher/lib/examples_rclpy_minimal_publisher
[3.095s] writing list of installed files to '/home/nakarin/RoboticsDev/build/examples_rclpy_minimal_publisher/install.log'
[3.188s] Invoked command in '/home/nakarin/RoboticsDev/src/examples/rclpy/topics/minimal_publisher' returned '0': PYTHONPATH=/home/nakarin/RoboticsDev/build/examples_rclpy_minimal_publisher/prefix_override:/usr/lib/python3/dist-packages/colcon_core/task/python/colcon_distutils_commands:/home/nakarin/RoboticsDev/install/examples_rclpy_minimal_publisher/lib/python3.10/site-packages:${PYTHONPATH} /usr/bin/python3 -W ignore:setup.py install is deprecated setup.py egg_info --egg-base ../../../../../build/examples_rclpy_minimal_publisher build --build-base /home/nakarin/RoboticsDev/build/examples_rclpy_minimal_publisher/build install --record /home/nakarin/RoboticsDev/build/examples_rclpy_minimal_publisher/install.log --single-version-externally-managed install_data
