[1.193s] Invoking command in '/home/nakarin/RoboticsDev/src/examples/rclpy/guard_conditions': PYTHONPATH=/home/nakarin/RoboticsDev/build/examples_rclpy_guard_conditions/prefix_override:/usr/lib/python3/dist-packages/colcon_core/task/python/colcon_distutils_commands:/home/nakarin/RoboticsDev/install/examples_rclpy_guard_conditions/lib/python3.10/site-packages:${PYTHONPATH} /usr/bin/python3 -W ignore:setup.py install is deprecated setup.py egg_info --egg-base ../../../../build/examples_rclpy_guard_conditions build --build-base /home/nakarin/RoboticsDev/build/examples_rclpy_guard_conditions/build install --record /home/nakarin/RoboticsDev/build/examples_rclpy_guard_conditions/install.log --single-version-externally-managed install_data
[1.623s] running egg_info
[1.624s] writing ../../../../build/examples_rclpy_guard_conditions/examples_rclpy_guard_conditions.egg-info/PKG-INFO
[1.624s] writing dependency_links to ../../../../build/examples_rclpy_guard_conditions/examples_rclpy_guard_conditions.egg-info/dependency_links.txt
[1.624s] writing entry points to ../../../../build/examples_rclpy_guard_conditions/examples_rclpy_guard_conditions.egg-info/entry_points.txt
[1.625s] writing requirements to ../../../../build/examples_rclpy_guard_conditions/examples_rclpy_guard_conditions.egg-info/requires.txt
[1.625s] writing top-level names to ../../../../build/examples_rclpy_guard_conditions/examples_rclpy_guard_conditions.egg-info/top_level.txt
[1.627s] reading manifest file '../../../../build/examples_rclpy_guard_conditions/examples_rclpy_guard_conditions.egg-info/SOURCES.txt'
[1.629s] writing manifest file '../../../../build/examples_rclpy_guard_conditions/examples_rclpy_guard_conditions.egg-info/SOURCES.txt'
[1.629s] running build
[1.629s] running build_py
[1.629s] running install
[1.630s] running install_lib
[1.632s] running install_data
[1.632s] running install_egg_info
[1.635s] removing '/home/nakarin/RoboticsDev/install/examples_rclpy_guard_conditions/lib/python3.10/site-packages/examples_rclpy_guard_conditions-0.15.2-py3.10.egg-info' (and everything under it)
[1.635s] Copying ../../../../build/examples_rclpy_guard_conditions/examples_rclpy_guard_conditions.egg-info to /home/nakarin/RoboticsDev/install/examples_rclpy_guard_conditions/lib/python3.10/site-packages/examples_rclpy_guard_conditions-0.15.2-py3.10.egg-info
[1.636s] running install_scripts
[1.669s] Installing trigger_guard_condition script to /home/nakarin/RoboticsDev/install/examples_rclpy_guard_conditions/lib/examples_rclpy_guard_conditions
[1.670s] writing list of installed files to '/home/nakarin/RoboticsDev/build/examples_rclpy_guard_conditions/install.log'
[1.911s] Invoked command in '/home/nakarin/RoboticsDev/src/examples/rclpy/guard_conditions' returned '0': PYTHONPATH=/home/nakarin/RoboticsDev/build/examples_rclpy_guard_conditions/prefix_override:/usr/lib/python3/dist-packages/colcon_core/task/python/colcon_distutils_commands:/home/nakarin/RoboticsDev/install/examples_rclpy_guard_conditions/lib/python3.10/site-packages:${PYTHONPATH} /usr/bin/python3 -W ignore:setup.py install is deprecated setup.py egg_info --egg-base ../../../../build/examples_rclpy_guard_conditions build --build-base /home/nakarin/RoboticsDev/build/examples_rclpy_guard_conditions/build install --record /home/nakarin/RoboticsDev/build/examples_rclpy_guard_conditions/install.log --single-version-externally-managed install_data
