[1.042s] Invoking command in '/home/nakarin/RoboticsDev/src/examples/rclpy/actions/minimal_action_server': PYTHONPATH=/home/nakarin/RoboticsDev/build/examples_rclpy_minimal_action_server/prefix_override:/usr/lib/python3/dist-packages/colcon_core/task/python/colcon_distutils_commands:/home/nakarin/RoboticsDev/install/examples_rclpy_minimal_action_server/lib/python3.10/site-packages:${PYTHONPATH} /usr/bin/python3 -W ignore:setup.py install is deprecated setup.py egg_info --egg-base ../../../../../build/examples_rclpy_minimal_action_server build --build-base /home/nakarin/RoboticsDev/build/examples_rclpy_minimal_action_server/build install --record /home/nakarin/RoboticsDev/build/examples_rclpy_minimal_action_server/install.log --single-version-externally-managed install_data
[1.305s] running egg_info
[1.306s] writing ../../../../../build/examples_rclpy_minimal_action_server/examples_rclpy_minimal_action_server.egg-info/PKG-INFO
[1.306s] writing dependency_links to ../../../../../build/examples_rclpy_minimal_action_server/examples_rclpy_minimal_action_server.egg-info/dependency_links.txt
[1.306s] writing entry points to ../../../../../build/examples_rclpy_minimal_action_server/examples_rclpy_minimal_action_server.egg-info/entry_points.txt
[1.307s] writing requirements to ../../../../../build/examples_rclpy_minimal_action_server/examples_rclpy_minimal_action_server.egg-info/requires.txt
[1.307s] writing top-level names to ../../../../../build/examples_rclpy_minimal_action_server/examples_rclpy_minimal_action_server.egg-info/top_level.txt
[1.308s] reading manifest file '../../../../../build/examples_rclpy_minimal_action_server/examples_rclpy_minimal_action_server.egg-info/SOURCES.txt'
[1.309s] writing manifest file '../../../../../build/examples_rclpy_minimal_action_server/examples_rclpy_minimal_action_server.egg-info/SOURCES.txt'
[1.309s] running build
[1.310s] running build_py
[1.310s] running install
[1.310s] running install_lib
[1.312s] running install_data
[1.312s] running install_egg_info
[1.314s] removing '/home/nakarin/RoboticsDev/install/examples_rclpy_minimal_action_server/lib/python3.10/site-packages/examples_rclpy_minimal_action_server-0.15.2-py3.10.egg-info' (and everything under it)
[1.314s] Copying ../../../../../build/examples_rclpy_minimal_action_server/examples_rclpy_minimal_action_server.egg-info to /home/nakarin/RoboticsDev/install/examples_rclpy_minimal_action_server/lib/python3.10/site-packages/examples_rclpy_minimal_action_server-0.15.2-py3.10.egg-info
[1.315s] running install_scripts
[1.337s] Installing server script to /home/nakarin/RoboticsDev/install/examples_rclpy_minimal_action_server/lib/examples_rclpy_minimal_action_server
[1.337s] Installing server_defer script to /home/nakarin/RoboticsDev/install/examples_rclpy_minimal_action_server/lib/examples_rclpy_minimal_action_server
[1.337s] Installing server_not_composable script to /home/nakarin/RoboticsDev/install/examples_rclpy_minimal_action_server/lib/examples_rclpy_minimal_action_server
[1.337s] Installing server_queue_goals script to /home/nakarin/RoboticsDev/install/examples_rclpy_minimal_action_server/lib/examples_rclpy_minimal_action_server
[1.338s] Installing server_single_goal script to /home/nakarin/RoboticsDev/install/examples_rclpy_minimal_action_server/lib/examples_rclpy_minimal_action_server
[1.338s] writing list of installed files to '/home/nakarin/RoboticsDev/build/examples_rclpy_minimal_action_server/install.log'
[2.115s] Invoked command in '/home/nakarin/RoboticsDev/src/examples/rclpy/actions/minimal_action_server' returned '0': PYTHONPATH=/home/nakarin/RoboticsDev/build/examples_rclpy_minimal_action_server/prefix_override:/usr/lib/python3/dist-packages/colcon_core/task/python/colcon_distutils_commands:/home/nakarin/RoboticsDev/install/examples_rclpy_minimal_action_server/lib/python3.10/site-packages:${PYTHONPATH} /usr/bin/python3 -W ignore:setup.py install is deprecated setup.py egg_info --egg-base ../../../../../build/examples_rclpy_minimal_action_server build --build-base /home/nakarin/RoboticsDev/build/examples_rclpy_minimal_action_server/build install --record /home/nakarin/RoboticsDev/build/examples_rclpy_minimal_action_server/install.log --single-version-externally-managed install_data
