[0.024s] Invoking command in '/home/nakarin/RoboticsDev/build/turtlesim_plus_interfaces': CMAKE_PREFIX_PATH=${CMAKE_PREFIX_PATH}:/opt/ros/humble /usr/bin/cmake --build /home/nakarin/RoboticsDev/build/turtlesim_plus_interfaces -- -j8 -l8
[0.197s] [  1%] Built target turtlesim_plus_interfaces__cpp
[0.197s] [  1%] Built target ament_cmake_python_copy_turtlesim_plus_interfaces
[0.197s] [35m[1mConsolidate compiler generated dependencies of target turtlesim_plus_interfaces__rosidl_typesupport_introspection_cpp[0m
[0.198s] [ 12%] Built target turtlesim_plus_interfaces__rosidl_typesupport_introspection_cpp
[0.540s] running egg_info
[0.541s] writing turtlesim_plus_interfaces.egg-info/PKG-INFO
[0.541s] writing dependency_links to turtlesim_plus_interfaces.egg-info/dependency_links.txt
[0.542s] writing top-level names to turtlesim_plus_interfaces.egg-info/top_level.txt
[0.544s] reading manifest file 'turtlesim_plus_interfaces.egg-info/SOURCES.txt'
[0.545s] writing manifest file 'turtlesim_plus_interfaces.egg-info/SOURCES.txt'
[0.580s] [ 12%] Built target ament_cmake_python_build_turtlesim_plus_interfaces_egg
[0.592s] [35m[1mConsolidate compiler generated dependencies of target turtlesim_plus_interfaces__rosidl_typesupport_fastrtps_cpp[0m
[0.606s] [ 23%] Built target turtlesim_plus_interfaces__rosidl_typesupport_fastrtps_cpp
[0.616s] [35m[1mConsolidate compiler generated dependencies of target turtlesim_plus_interfaces__rosidl_typesupport_cpp[0m
[0.634s] [ 34%] Built target turtlesim_plus_interfaces__rosidl_typesupport_cpp
[0.647s] [35m[1mConsolidate compiler generated dependencies of target turtlesim_plus_interfaces__rosidl_generator_c[0m
[0.665s] [ 45%] Built target turtlesim_plus_interfaces__rosidl_generator_c
[0.693s] [35m[1mConsolidate compiler generated dependencies of target turtlesim_plus_interfaces__rosidl_typesupport_fastrtps_c[0m
[0.706s] [ 56%] Built target turtlesim_plus_interfaces__rosidl_typesupport_fastrtps_c
[0.721s] [35m[1mConsolidate compiler generated dependencies of target turtlesim_plus_interfaces__rosidl_typesupport_c[0m
[0.738s] [ 67%] Built target turtlesim_plus_interfaces__rosidl_typesupport_c
[0.755s] [35m[1mConsolidate compiler generated dependencies of target turtlesim_plus_interfaces__rosidl_typesupport_introspection_c[0m
[0.772s] [ 78%] Built target turtlesim_plus_interfaces__rosidl_typesupport_introspection_c
[0.790s] [ 78%] Built target turtlesim_plus_interfaces
[0.818s] [ 80%] Built target turtlesim_plus_interfaces__py
[0.834s] [35m[1mConsolidate compiler generated dependencies of target turtlesim_plus_interfaces__rosidl_generator_py[0m
[0.855s] [ 89%] Built target turtlesim_plus_interfaces__rosidl_generator_py
[0.870s] [35m[1mConsolidate compiler generated dependencies of target turtlesim_plus_interfaces__rosidl_typesupport_fastrtps_c__pyext[0m
[0.887s] [ 92%] Built target turtlesim_plus_interfaces__rosidl_typesupport_fastrtps_c__pyext
[0.902s] [35m[1mConsolidate compiler generated dependencies of target turtlesim_plus_interfaces__rosidl_typesupport_c__pyext[0m
[0.920s] [ 96%] Built target turtlesim_plus_interfaces__rosidl_typesupport_c__pyext
[0.935s] [35m[1mConsolidate compiler generated dependencies of target turtlesim_plus_interfaces__rosidl_typesupport_introspection_c__pyext[0m
[0.962s] [100%] Built target turtlesim_plus_interfaces__rosidl_typesupport_introspection_c__pyext
[0.979s] Invoked command in '/home/nakarin/RoboticsDev/build/turtlesim_plus_interfaces' returned '0': CMAKE_PREFIX_PATH=${CMAKE_PREFIX_PATH}:/opt/ros/humble /usr/bin/cmake --build /home/nakarin/RoboticsDev/build/turtlesim_plus_interfaces -- -j8 -l8
[1.118s] Invoking command in '/home/nakarin/RoboticsDev/build/turtlesim_plus_interfaces': CMAKE_PREFIX_PATH=${CMAKE_PREFIX_PATH}:/opt/ros/humble /usr/bin/cmake --install /home/nakarin/RoboticsDev/build/turtlesim_plus_interfaces
[1.129s] -- Install configuration: ""
[1.129s] -- Up-to-date: /home/nakarin/RoboticsDev/install/turtlesim_plus_interfaces/share/ament_index/resource_index/rosidl_interfaces/turtlesim_plus_interfaces
[1.129s] -- Up-to-date: /home/nakarin/RoboticsDev/install/turtlesim_plus_interfaces/include/turtlesim_plus_interfaces/turtlesim_plus_interfaces
[1.130s] -- Up-to-date: /home/nakarin/RoboticsDev/install/turtlesim_plus_interfaces/include/turtlesim_plus_interfaces/turtlesim_plus_interfaces/action
[1.130s] -- Up-to-date: /home/nakarin/RoboticsDev/install/turtlesim_plus_interfaces/include/turtlesim_plus_interfaces/turtlesim_plus_interfaces/action/detail
[1.130s] -- Up-to-date: /home/nakarin/RoboticsDev/install/turtlesim_plus_interfaces/include/turtlesim_plus_interfaces/turtlesim_plus_interfaces/action/detail/get_data__functions.c
[1.130s] -- Up-to-date: /home/nakarin/RoboticsDev/install/turtlesim_plus_interfaces/include/turtlesim_plus_interfaces/turtlesim_plus_interfaces/action/detail/get_data__struct.h
[1.130s] -- Up-to-date: /home/nakarin/RoboticsDev/install/turtlesim_plus_interfaces/include/turtlesim_plus_interfaces/turtlesim_plus_interfaces/action/detail/get_data__functions.h
[1.130s] -- Up-to-date: /home/nakarin/RoboticsDev/install/turtlesim_plus_interfaces/include/turtlesim_plus_interfaces/turtlesim_plus_interfaces/action/detail/get_data__type_support.h
[1.130s] -- Up-to-date: /home/nakarin/RoboticsDev/install/turtlesim_plus_interfaces/include/turtlesim_plus_interfaces/turtlesim_plus_interfaces/action/get_data.h
[1.131s] -- Up-to-date: /home/nakarin/RoboticsDev/install/turtlesim_plus_interfaces/include/turtlesim_plus_interfaces/turtlesim_plus_interfaces/msg
[1.131s] -- Up-to-date: /home/nakarin/RoboticsDev/install/turtlesim_plus_interfaces/include/turtlesim_plus_interfaces/turtlesim_plus_interfaces/msg/rosidl_generator_c__visibility_control.h
[1.131s] -- Up-to-date: /home/nakarin/RoboticsDev/install/turtlesim_plus_interfaces/include/turtlesim_plus_interfaces/turtlesim_plus_interfaces/msg/scanner_data_array.h
[1.131s] -- Up-to-date: /home/nakarin/RoboticsDev/install/turtlesim_plus_interfaces/include/turtlesim_plus_interfaces/turtlesim_plus_interfaces/msg/detail
[1.131s] -- Up-to-date: /home/nakarin/RoboticsDev/install/turtlesim_plus_interfaces/include/turtlesim_plus_interfaces/turtlesim_plus_interfaces/msg/detail/scanner_data_array__functions.c
[1.131s] -- Up-to-date: /home/nakarin/RoboticsDev/install/turtlesim_plus_interfaces/include/turtlesim_plus_interfaces/turtlesim_plus_interfaces/msg/detail/scanner_data__functions.c
[1.131s] -- Up-to-date: /home/nakarin/RoboticsDev/install/turtlesim_plus_interfaces/include/turtlesim_plus_interfaces/turtlesim_plus_interfaces/msg/detail/scanner_data_array__struct.h
[1.132s] -- Up-to-date: /home/nakarin/RoboticsDev/install/turtlesim_plus_interfaces/include/turtlesim_plus_interfaces/turtlesim_plus_interfaces/msg/detail/scanner_data__functions.h
[1.132s] -- Up-to-date: /home/nakarin/RoboticsDev/install/turtlesim_plus_interfaces/include/turtlesim_plus_interfaces/turtlesim_plus_interfaces/msg/detail/scanner_data_array__type_support.h
[1.132s] -- Up-to-date: /home/nakarin/RoboticsDev/install/turtlesim_plus_interfaces/include/turtlesim_plus_interfaces/turtlesim_plus_interfaces/msg/detail/scanner_data__struct.h
[1.132s] -- Up-to-date: /home/nakarin/RoboticsDev/install/turtlesim_plus_interfaces/include/turtlesim_plus_interfaces/turtlesim_plus_interfaces/msg/detail/scanner_data_array__functions.h
[1.132s] -- Up-to-date: /home/nakarin/RoboticsDev/install/turtlesim_plus_interfaces/include/turtlesim_plus_interfaces/turtlesim_plus_interfaces/msg/detail/scanner_data__type_support.h
[1.132s] -- Up-to-date: /home/nakarin/RoboticsDev/install/turtlesim_plus_interfaces/include/turtlesim_plus_interfaces/turtlesim_plus_interfaces/msg/scanner_data.h
[1.132s] -- Up-to-date: /home/nakarin/RoboticsDev/install/turtlesim_plus_interfaces/include/turtlesim_plus_interfaces/turtlesim_plus_interfaces/srv
[1.132s] -- Up-to-date: /home/nakarin/RoboticsDev/install/turtlesim_plus_interfaces/include/turtlesim_plus_interfaces/turtlesim_plus_interfaces/srv/detail
[1.133s] -- Up-to-date: /home/nakarin/RoboticsDev/install/turtlesim_plus_interfaces/include/turtlesim_plus_interfaces/turtlesim_plus_interfaces/srv/detail/give_position__struct.h
[1.133s] -- Up-to-date: /home/nakarin/RoboticsDev/install/turtlesim_plus_interfaces/include/turtlesim_plus_interfaces/turtlesim_plus_interfaces/srv/detail/give_position__functions.h
[1.133s] -- Up-to-date: /home/nakarin/RoboticsDev/install/turtlesim_plus_interfaces/include/turtlesim_plus_interfaces/turtlesim_plus_interfaces/srv/detail/give_position__functions.c
[1.133s] -- Up-to-date: /home/nakarin/RoboticsDev/install/turtlesim_plus_interfaces/include/turtlesim_plus_interfaces/turtlesim_plus_interfaces/srv/detail/give_position__type_support.h
[1.133s] -- Up-to-date: /home/nakarin/RoboticsDev/install/turtlesim_plus_interfaces/include/turtlesim_plus_interfaces/turtlesim_plus_interfaces/srv/give_position.h
[1.133s] -- Up-to-date: /home/nakarin/RoboticsDev/install/turtlesim_plus_interfaces/share/turtlesim_plus_interfaces/environment/library_path.sh
[1.134s] -- Up-to-date: /home/nakarin/RoboticsDev/install/turtlesim_plus_interfaces/share/turtlesim_plus_interfaces/environment/library_path.dsv
[1.134s] -- Up-to-date: /home/nakarin/RoboticsDev/install/turtlesim_plus_interfaces/lib/libturtlesim_plus_interfaces__rosidl_generator_c.so
[1.134s] -- Up-to-date: /home/nakarin/RoboticsDev/install/turtlesim_plus_interfaces/include/turtlesim_plus_interfaces/turtlesim_plus_interfaces
[1.134s] -- Up-to-date: /home/nakarin/RoboticsDev/install/turtlesim_plus_interfaces/include/turtlesim_plus_interfaces/turtlesim_plus_interfaces/action
[1.134s] -- Up-to-date: /home/nakarin/RoboticsDev/install/turtlesim_plus_interfaces/include/turtlesim_plus_interfaces/turtlesim_plus_interfaces/action/detail
[1.134s] -- Up-to-date: /home/nakarin/RoboticsDev/install/turtlesim_plus_interfaces/include/turtlesim_plus_interfaces/turtlesim_plus_interfaces/action/detail/get_data__rosidl_typesupport_fastrtps_c.h
[1.135s] -- Up-to-date: /home/nakarin/RoboticsDev/install/turtlesim_plus_interfaces/include/turtlesim_plus_interfaces/turtlesim_plus_interfaces/msg
[1.135s] -- Up-to-date: /home/nakarin/RoboticsDev/install/turtlesim_plus_interfaces/include/turtlesim_plus_interfaces/turtlesim_plus_interfaces/msg/detail
[1.135s] -- Up-to-date: /home/nakarin/RoboticsDev/install/turtlesim_plus_interfaces/include/turtlesim_plus_interfaces/turtlesim_plus_interfaces/msg/detail/scanner_data__rosidl_typesupport_fastrtps_c.h
[1.135s] -- Up-to-date: /home/nakarin/RoboticsDev/install/turtlesim_plus_interfaces/include/turtlesim_plus_interfaces/turtlesim_plus_interfaces/msg/detail/scanner_data_array__rosidl_typesupport_fastrtps_c.h
[1.135s] -- Up-to-date: /home/nakarin/RoboticsDev/install/turtlesim_plus_interfaces/include/turtlesim_plus_interfaces/turtlesim_plus_interfaces/msg/rosidl_typesupport_fastrtps_c__visibility_control.h
[1.135s] -- Up-to-date: /home/nakarin/RoboticsDev/install/turtlesim_plus_interfaces/include/turtlesim_plus_interfaces/turtlesim_plus_interfaces/srv
[1.135s] -- Up-to-date: /home/nakarin/RoboticsDev/install/turtlesim_plus_interfaces/include/turtlesim_plus_interfaces/turtlesim_plus_interfaces/srv/detail
[1.136s] -- Up-to-date: /home/nakarin/RoboticsDev/install/turtlesim_plus_interfaces/include/turtlesim_plus_interfaces/turtlesim_plus_interfaces/srv/detail/give_position__rosidl_typesupport_fastrtps_c.h
[1.136s] -- Up-to-date: /home/nakarin/RoboticsDev/install/turtlesim_plus_interfaces/lib/libturtlesim_plus_interfaces__rosidl_typesupport_fastrtps_c.so
[1.136s] -- Up-to-date: /home/nakarin/RoboticsDev/install/turtlesim_plus_interfaces/include/turtlesim_plus_interfaces/turtlesim_plus_interfaces
[1.136s] -- Up-to-date: /home/nakarin/RoboticsDev/install/turtlesim_plus_interfaces/include/turtlesim_plus_interfaces/turtlesim_plus_interfaces/action
[1.136s] -- Up-to-date: /home/nakarin/RoboticsDev/install/turtlesim_plus_interfaces/include/turtlesim_plus_interfaces/turtlesim_plus_interfaces/action/detail
[1.136s] -- Up-to-date: /home/nakarin/RoboticsDev/install/turtlesim_plus_interfaces/include/turtlesim_plus_interfaces/turtlesim_plus_interfaces/action/detail/get_data__type_support.c
[1.136s] -- Up-to-date: /home/nakarin/RoboticsDev/install/turtlesim_plus_interfaces/include/turtlesim_plus_interfaces/turtlesim_plus_interfaces/action/detail/get_data__rosidl_typesupport_introspection_c.h
[1.137s] -- Up-to-date: /home/nakarin/RoboticsDev/install/turtlesim_plus_interfaces/include/turtlesim_plus_interfaces/turtlesim_plus_interfaces/msg
[1.137s] -- Up-to-date: /home/nakarin/RoboticsDev/install/turtlesim_plus_interfaces/include/turtlesim_plus_interfaces/turtlesim_plus_interfaces/msg/detail
[1.137s] -- Up-to-date: /home/nakarin/RoboticsDev/install/turtlesim_plus_interfaces/include/turtlesim_plus_interfaces/turtlesim_plus_interfaces/msg/detail/scanner_data__rosidl_typesupport_introspection_c.h
[1.137s] -- Up-to-date: /home/nakarin/RoboticsDev/install/turtlesim_plus_interfaces/include/turtlesim_plus_interfaces/turtlesim_plus_interfaces/msg/detail/scanner_data_array__type_support.c
[1.137s] -- Up-to-date: /home/nakarin/RoboticsDev/install/turtlesim_plus_interfaces/include/turtlesim_plus_interfaces/turtlesim_plus_interfaces/msg/detail/scanner_data_array__rosidl_typesupport_introspection_c.h
[1.137s] -- Up-to-date: /home/nakarin/RoboticsDev/install/turtlesim_plus_interfaces/include/turtlesim_plus_interfaces/turtlesim_plus_interfaces/msg/detail/scanner_data__type_support.c
[1.137s] -- Up-to-date: /home/nakarin/RoboticsDev/install/turtlesim_plus_interfaces/include/turtlesim_plus_interfaces/turtlesim_plus_interfaces/msg/rosidl_typesupport_introspection_c__visibility_control.h
[1.138s] -- Up-to-date: /home/nakarin/RoboticsDev/install/turtlesim_plus_interfaces/include/turtlesim_plus_interfaces/turtlesim_plus_interfaces/srv
[1.138s] -- Up-to-date: /home/nakarin/RoboticsDev/install/turtlesim_plus_interfaces/include/turtlesim_plus_interfaces/turtlesim_plus_interfaces/srv/detail
[1.138s] -- Up-to-date: /home/nakarin/RoboticsDev/install/turtlesim_plus_interfaces/include/turtlesim_plus_interfaces/turtlesim_plus_interfaces/srv/detail/give_position__rosidl_typesupport_introspection_c.h
[1.138s] -- Up-to-date: /home/nakarin/RoboticsDev/install/turtlesim_plus_interfaces/include/turtlesim_plus_interfaces/turtlesim_plus_interfaces/srv/detail/give_position__type_support.c
[1.138s] -- Up-to-date: /home/nakarin/RoboticsDev/install/turtlesim_plus_interfaces/lib/libturtlesim_plus_interfaces__rosidl_typesupport_introspection_c.so
[1.138s] -- Up-to-date: /home/nakarin/RoboticsDev/install/turtlesim_plus_interfaces/lib/libturtlesim_plus_interfaces__rosidl_typesupport_c.so
[1.139s] -- Up-to-date: /home/nakarin/RoboticsDev/install/turtlesim_plus_interfaces/include/turtlesim_plus_interfaces/turtlesim_plus_interfaces
[1.139s] -- Up-to-date: /home/nakarin/RoboticsDev/install/turtlesim_plus_interfaces/include/turtlesim_plus_interfaces/turtlesim_plus_interfaces/action
[1.139s] -- Up-to-date: /home/nakarin/RoboticsDev/install/turtlesim_plus_interfaces/include/turtlesim_plus_interfaces/turtlesim_plus_interfaces/action/get_data.hpp
[1.139s] -- Up-to-date: /home/nakarin/RoboticsDev/install/turtlesim_plus_interfaces/include/turtlesim_plus_interfaces/turtlesim_plus_interfaces/action/detail
[1.139s] -- Up-to-date: /home/nakarin/RoboticsDev/install/turtlesim_plus_interfaces/include/turtlesim_plus_interfaces/turtlesim_plus_interfaces/action/detail/get_data__struct.hpp
[1.139s] -- Up-to-date: /home/nakarin/RoboticsDev/install/turtlesim_plus_interfaces/include/turtlesim_plus_interfaces/turtlesim_plus_interfaces/action/detail/get_data__traits.hpp
[1.139s] -- Up-to-date: /home/nakarin/RoboticsDev/install/turtlesim_plus_interfaces/include/turtlesim_plus_interfaces/turtlesim_plus_interfaces/action/detail/get_data__builder.hpp
[1.140s] -- Up-to-date: /home/nakarin/RoboticsDev/install/turtlesim_plus_interfaces/include/turtlesim_plus_interfaces/turtlesim_plus_interfaces/msg
[1.140s] -- Up-to-date: /home/nakarin/RoboticsDev/install/turtlesim_plus_interfaces/include/turtlesim_plus_interfaces/turtlesim_plus_interfaces/msg/scanner_data_array.hpp
[1.140s] -- Up-to-date: /home/nakarin/RoboticsDev/install/turtlesim_plus_interfaces/include/turtlesim_plus_interfaces/turtlesim_plus_interfaces/msg/detail
[1.140s] -- Up-to-date: /home/nakarin/RoboticsDev/install/turtlesim_plus_interfaces/include/turtlesim_plus_interfaces/turtlesim_plus_interfaces/msg/detail/scanner_data_array__traits.hpp
[1.140s] -- Up-to-date: /home/nakarin/RoboticsDev/install/turtlesim_plus_interfaces/include/turtlesim_plus_interfaces/turtlesim_plus_interfaces/msg/detail/scanner_data__struct.hpp
[1.140s] -- Up-to-date: /home/nakarin/RoboticsDev/install/turtlesim_plus_interfaces/include/turtlesim_plus_interfaces/turtlesim_plus_interfaces/msg/detail/scanner_data__traits.hpp
[1.140s] -- Up-to-date: /home/nakarin/RoboticsDev/install/turtlesim_plus_interfaces/include/turtlesim_plus_interfaces/turtlesim_plus_interfaces/msg/detail/scanner_data__builder.hpp
[1.140s] -- Up-to-date: /home/nakarin/RoboticsDev/install/turtlesim_plus_interfaces/include/turtlesim_plus_interfaces/turtlesim_plus_interfaces/msg/detail/scanner_data_array__builder.hpp
[1.141s] -- Up-to-date: /home/nakarin/RoboticsDev/install/turtlesim_plus_interfaces/include/turtlesim_plus_interfaces/turtlesim_plus_interfaces/msg/detail/scanner_data_array__struct.hpp
[1.141s] -- Up-to-date: /home/nakarin/RoboticsDev/install/turtlesim_plus_interfaces/include/turtlesim_plus_interfaces/turtlesim_plus_interfaces/msg/scanner_data.hpp
[1.141s] -- Up-to-date: /home/nakarin/RoboticsDev/install/turtlesim_plus_interfaces/include/turtlesim_plus_interfaces/turtlesim_plus_interfaces/srv
[1.141s] -- Up-to-date: /home/nakarin/RoboticsDev/install/turtlesim_plus_interfaces/include/turtlesim_plus_interfaces/turtlesim_plus_interfaces/srv/detail
[1.141s] -- Up-to-date: /home/nakarin/RoboticsDev/install/turtlesim_plus_interfaces/include/turtlesim_plus_interfaces/turtlesim_plus_interfaces/srv/detail/give_position__traits.hpp
[1.141s] -- Up-to-date: /home/nakarin/RoboticsDev/install/turtlesim_plus_interfaces/include/turtlesim_plus_interfaces/turtlesim_plus_interfaces/srv/detail/give_position__builder.hpp
[1.141s] -- Up-to-date: /home/nakarin/RoboticsDev/install/turtlesim_plus_interfaces/include/turtlesim_plus_interfaces/turtlesim_plus_interfaces/srv/detail/give_position__struct.hpp
[1.141s] -- Up-to-date: /home/nakarin/RoboticsDev/install/turtlesim_plus_interfaces/include/turtlesim_plus_interfaces/turtlesim_plus_interfaces/srv/give_position.hpp
[1.142s] -- Up-to-date: /home/nakarin/RoboticsDev/install/turtlesim_plus_interfaces/include/turtlesim_plus_interfaces/turtlesim_plus_interfaces
[1.142s] -- Up-to-date: /home/nakarin/RoboticsDev/install/turtlesim_plus_interfaces/include/turtlesim_plus_interfaces/turtlesim_plus_interfaces/action
[1.142s] -- Up-to-date: /home/nakarin/RoboticsDev/install/turtlesim_plus_interfaces/include/turtlesim_plus_interfaces/turtlesim_plus_interfaces/action/detail
[1.142s] -- Up-to-date: /home/nakarin/RoboticsDev/install/turtlesim_plus_interfaces/include/turtlesim_plus_interfaces/turtlesim_plus_interfaces/action/detail/get_data__rosidl_typesupport_fastrtps_cpp.hpp
[1.142s] -- Up-to-date: /home/nakarin/RoboticsDev/install/turtlesim_plus_interfaces/include/turtlesim_plus_interfaces/turtlesim_plus_interfaces/action/detail/dds_fastrtps
[1.142s] -- Up-to-date: /home/nakarin/RoboticsDev/install/turtlesim_plus_interfaces/include/turtlesim_plus_interfaces/turtlesim_plus_interfaces/msg
[1.142s] -- Up-to-date: /home/nakarin/RoboticsDev/install/turtlesim_plus_interfaces/include/turtlesim_plus_interfaces/turtlesim_plus_interfaces/msg/detail
[1.142s] -- Up-to-date: /home/nakarin/RoboticsDev/install/turtlesim_plus_interfaces/include/turtlesim_plus_interfaces/turtlesim_plus_interfaces/msg/detail/scanner_data__rosidl_typesupport_fastrtps_cpp.hpp
[1.142s] -- Up-to-date: /home/nakarin/RoboticsDev/install/turtlesim_plus_interfaces/include/turtlesim_plus_interfaces/turtlesim_plus_interfaces/msg/detail/dds_fastrtps
[1.143s] -- Up-to-date: /home/nakarin/RoboticsDev/install/turtlesim_plus_interfaces/include/turtlesim_plus_interfaces/turtlesim_plus_interfaces/msg/detail/scanner_data_array__rosidl_typesupport_fastrtps_cpp.hpp
[1.143s] -- Up-to-date: /home/nakarin/RoboticsDev/install/turtlesim_plus_interfaces/include/turtlesim_plus_interfaces/turtlesim_plus_interfaces/msg/rosidl_typesupport_fastrtps_cpp__visibility_control.h
[1.143s] -- Up-to-date: /home/nakarin/RoboticsDev/install/turtlesim_plus_interfaces/include/turtlesim_plus_interfaces/turtlesim_plus_interfaces/srv
[1.143s] -- Up-to-date: /home/nakarin/RoboticsDev/install/turtlesim_plus_interfaces/include/turtlesim_plus_interfaces/turtlesim_plus_interfaces/srv/detail
[1.143s] -- Up-to-date: /home/nakarin/RoboticsDev/install/turtlesim_plus_interfaces/include/turtlesim_plus_interfaces/turtlesim_plus_interfaces/srv/detail/give_position__rosidl_typesupport_fastrtps_cpp.hpp
[1.143s] -- Up-to-date: /home/nakarin/RoboticsDev/install/turtlesim_plus_interfaces/include/turtlesim_plus_interfaces/turtlesim_plus_interfaces/srv/detail/dds_fastrtps
[1.143s] -- Up-to-date: /home/nakarin/RoboticsDev/install/turtlesim_plus_interfaces/lib/libturtlesim_plus_interfaces__rosidl_typesupport_fastrtps_cpp.so
[1.143s] -- Up-to-date: /home/nakarin/RoboticsDev/install/turtlesim_plus_interfaces/include/turtlesim_plus_interfaces/turtlesim_plus_interfaces
[1.144s] -- Up-to-date: /home/nakarin/RoboticsDev/install/turtlesim_plus_interfaces/include/turtlesim_plus_interfaces/turtlesim_plus_interfaces/action
[1.144s] -- Up-to-date: /home/nakarin/RoboticsDev/install/turtlesim_plus_interfaces/include/turtlesim_plus_interfaces/turtlesim_plus_interfaces/action/detail
[1.144s] -- Up-to-date: /home/nakarin/RoboticsDev/install/turtlesim_plus_interfaces/include/turtlesim_plus_interfaces/turtlesim_plus_interfaces/action/detail/get_data__rosidl_typesupport_introspection_cpp.hpp
[1.144s] -- Up-to-date: /home/nakarin/RoboticsDev/install/turtlesim_plus_interfaces/include/turtlesim_plus_interfaces/turtlesim_plus_interfaces/action/detail/get_data__type_support.cpp
[1.144s] -- Up-to-date: /home/nakarin/RoboticsDev/install/turtlesim_plus_interfaces/include/turtlesim_plus_interfaces/turtlesim_plus_interfaces/msg
[1.144s] -- Up-to-date: /home/nakarin/RoboticsDev/install/turtlesim_plus_interfaces/include/turtlesim_plus_interfaces/turtlesim_plus_interfaces/msg/detail
[1.144s] -- Up-to-date: /home/nakarin/RoboticsDev/install/turtlesim_plus_interfaces/include/turtlesim_plus_interfaces/turtlesim_plus_interfaces/msg/detail/scanner_data_array__rosidl_typesupport_introspection_cpp.hpp
[1.144s] -- Up-to-date: /home/nakarin/RoboticsDev/install/turtlesim_plus_interfaces/include/turtlesim_plus_interfaces/turtlesim_plus_interfaces/msg/detail/scanner_data_array__type_support.cpp
[1.145s] -- Up-to-date: /home/nakarin/RoboticsDev/install/turtlesim_plus_interfaces/include/turtlesim_plus_interfaces/turtlesim_plus_interfaces/msg/detail/scanner_data__type_support.cpp
[1.145s] -- Up-to-date: /home/nakarin/RoboticsDev/install/turtlesim_plus_interfaces/include/turtlesim_plus_interfaces/turtlesim_plus_interfaces/msg/detail/scanner_data__rosidl_typesupport_introspection_cpp.hpp
[1.145s] -- Up-to-date: /home/nakarin/RoboticsDev/install/turtlesim_plus_interfaces/include/turtlesim_plus_interfaces/turtlesim_plus_interfaces/srv
[1.145s] -- Up-to-date: /home/nakarin/RoboticsDev/install/turtlesim_plus_interfaces/include/turtlesim_plus_interfaces/turtlesim_plus_interfaces/srv/detail
[1.145s] -- Up-to-date: /home/nakarin/RoboticsDev/install/turtlesim_plus_interfaces/include/turtlesim_plus_interfaces/turtlesim_plus_interfaces/srv/detail/give_position__rosidl_typesupport_introspection_cpp.hpp
[1.145s] -- Up-to-date: /home/nakarin/RoboticsDev/install/turtlesim_plus_interfaces/include/turtlesim_plus_interfaces/turtlesim_plus_interfaces/srv/detail/give_position__type_support.cpp
[1.145s] -- Up-to-date: /home/nakarin/RoboticsDev/install/turtlesim_plus_interfaces/lib/libturtlesim_plus_interfaces__rosidl_typesupport_introspection_cpp.so
[1.145s] -- Up-to-date: /home/nakarin/RoboticsDev/install/turtlesim_plus_interfaces/lib/libturtlesim_plus_interfaces__rosidl_typesupport_cpp.so
[1.146s] -- Up-to-date: /home/nakarin/RoboticsDev/install/turtlesim_plus_interfaces/share/turtlesim_plus_interfaces/environment/pythonpath.sh
[1.146s] -- Up-to-date: /home/nakarin/RoboticsDev/install/turtlesim_plus_interfaces/share/turtlesim_plus_interfaces/environment/pythonpath.dsv
[1.146s] -- Up-to-date: /home/nakarin/RoboticsDev/install/turtlesim_plus_interfaces/local/lib/python3.10/dist-packages/turtlesim_plus_interfaces-0.0.0-py3.10.egg-info
[1.146s] -- Installing: /home/nakarin/RoboticsDev/install/turtlesim_plus_interfaces/local/lib/python3.10/dist-packages/turtlesim_plus_interfaces-0.0.0-py3.10.egg-info/dependency_links.txt
[1.146s] -- Installing: /home/nakarin/RoboticsDev/install/turtlesim_plus_interfaces/local/lib/python3.10/dist-packages/turtlesim_plus_interfaces-0.0.0-py3.10.egg-info/SOURCES.txt
[1.146s] -- Installing: /home/nakarin/RoboticsDev/install/turtlesim_plus_interfaces/local/lib/python3.10/dist-packages/turtlesim_plus_interfaces-0.0.0-py3.10.egg-info/PKG-INFO
[1.146s] -- Installing: /home/nakarin/RoboticsDev/install/turtlesim_plus_interfaces/local/lib/python3.10/dist-packages/turtlesim_plus_interfaces-0.0.0-py3.10.egg-info/top_level.txt
[1.146s] -- Up-to-date: /home/nakarin/RoboticsDev/install/turtlesim_plus_interfaces/local/lib/python3.10/dist-packages/turtlesim_plus_interfaces
[1.147s] -- Up-to-date: /home/nakarin/RoboticsDev/install/turtlesim_plus_interfaces/local/lib/python3.10/dist-packages/turtlesim_plus_interfaces/turtlesim_plus_interfaces_s__rosidl_typesupport_c.cpython-310-x86_64-linux-gnu.so
[1.147s] -- Up-to-date: /home/nakarin/RoboticsDev/install/turtlesim_plus_interfaces/local/lib/python3.10/dist-packages/turtlesim_plus_interfaces/_turtlesim_plus_interfaces_s.ep.rosidl_typesupport_introspection_c.c
[1.147s] -- Up-to-date: /home/nakarin/RoboticsDev/install/turtlesim_plus_interfaces/local/lib/python3.10/dist-packages/turtlesim_plus_interfaces/action
[1.147s] -- Up-to-date: /home/nakarin/RoboticsDev/install/turtlesim_plus_interfaces/local/lib/python3.10/dist-packages/turtlesim_plus_interfaces/action/_get_data_s.c
[1.147s] -- Up-to-date: /home/nakarin/RoboticsDev/install/turtlesim_plus_interfaces/local/lib/python3.10/dist-packages/turtlesim_plus_interfaces/action/_get_data.py
[1.147s] -- Up-to-date: /home/nakarin/RoboticsDev/install/turtlesim_plus_interfaces/local/lib/python3.10/dist-packages/turtlesim_plus_interfaces/action/__init__.py
[1.147s] -- Up-to-date: /home/nakarin/RoboticsDev/install/turtlesim_plus_interfaces/local/lib/python3.10/dist-packages/turtlesim_plus_interfaces/turtlesim_plus_interfaces_s__rosidl_typesupport_fastrtps_c.cpython-310-x86_64-linux-gnu.so
[1.147s] -- Up-to-date: /home/nakarin/RoboticsDev/install/turtlesim_plus_interfaces/local/lib/python3.10/dist-packages/turtlesim_plus_interfaces/__init__.py
[1.148s] -- Up-to-date: /home/nakarin/RoboticsDev/install/turtlesim_plus_interfaces/local/lib/python3.10/dist-packages/turtlesim_plus_interfaces/msg
[1.148s] -- Up-to-date: /home/nakarin/RoboticsDev/install/turtlesim_plus_interfaces/local/lib/python3.10/dist-packages/turtlesim_plus_interfaces/msg/_scanner_data_array.py
[1.148s] -- Up-to-date: /home/nakarin/RoboticsDev/install/turtlesim_plus_interfaces/local/lib/python3.10/dist-packages/turtlesim_plus_interfaces/msg/__init__.py
[1.148s] -- Up-to-date: /home/nakarin/RoboticsDev/install/turtlesim_plus_interfaces/local/lib/python3.10/dist-packages/turtlesim_plus_interfaces/msg/_scanner_data.py
[1.148s] -- Up-to-date: /home/nakarin/RoboticsDev/install/turtlesim_plus_interfaces/local/lib/python3.10/dist-packages/turtlesim_plus_interfaces/msg/_scanner_data_s.c
[1.148s] -- Up-to-date: /home/nakarin/RoboticsDev/install/turtlesim_plus_interfaces/local/lib/python3.10/dist-packages/turtlesim_plus_interfaces/msg/_scanner_data_array_s.c
[1.148s] -- Up-to-date: /home/nakarin/RoboticsDev/install/turtlesim_plus_interfaces/local/lib/python3.10/dist-packages/turtlesim_plus_interfaces/turtlesim_plus_interfaces_s__rosidl_typesupport_introspection_c.cpython-310-x86_64-linux-gnu.so
[1.148s] -- Up-to-date: /home/nakarin/RoboticsDev/install/turtlesim_plus_interfaces/local/lib/python3.10/dist-packages/turtlesim_plus_interfaces/srv
[1.149s] -- Up-to-date: /home/nakarin/RoboticsDev/install/turtlesim_plus_interfaces/local/lib/python3.10/dist-packages/turtlesim_plus_interfaces/srv/_give_position.py
[1.149s] -- Up-to-date: /home/nakarin/RoboticsDev/install/turtlesim_plus_interfaces/local/lib/python3.10/dist-packages/turtlesim_plus_interfaces/srv/_give_position_s.c
[1.149s] -- Up-to-date: /home/nakarin/RoboticsDev/install/turtlesim_plus_interfaces/local/lib/python3.10/dist-packages/turtlesim_plus_interfaces/srv/__init__.py
[1.149s] -- Up-to-date: /home/nakarin/RoboticsDev/install/turtlesim_plus_interfaces/local/lib/python3.10/dist-packages/turtlesim_plus_interfaces/_turtlesim_plus_interfaces_s.ep.rosidl_typesupport_c.c
[1.149s] -- Up-to-date: /home/nakarin/RoboticsDev/install/turtlesim_plus_interfaces/local/lib/python3.10/dist-packages/turtlesim_plus_interfaces/_turtlesim_plus_interfaces_s.ep.rosidl_typesupport_fastrtps_c.c
[1.149s] -- Up-to-date: /home/nakarin/RoboticsDev/install/turtlesim_plus_interfaces/local/lib/python3.10/dist-packages/turtlesim_plus_interfaces/libturtlesim_plus_interfaces__rosidl_generator_py.so
[1.193s] Listing '/home/nakarin/RoboticsDev/install/turtlesim_plus_interfaces/local/lib/python3.10/dist-packages/turtlesim_plus_interfaces'...
[1.193s] Listing '/home/nakarin/RoboticsDev/install/turtlesim_plus_interfaces/local/lib/python3.10/dist-packages/turtlesim_plus_interfaces/action'...
[1.193s] Listing '/home/nakarin/RoboticsDev/install/turtlesim_plus_interfaces/local/lib/python3.10/dist-packages/turtlesim_plus_interfaces/msg'...
[1.193s] Listing '/home/nakarin/RoboticsDev/install/turtlesim_plus_interfaces/local/lib/python3.10/dist-packages/turtlesim_plus_interfaces/srv'...
[1.200s] -- Up-to-date: /home/nakarin/RoboticsDev/install/turtlesim_plus_interfaces/local/lib/python3.10/dist-packages/turtlesim_plus_interfaces/turtlesim_plus_interfaces_s__rosidl_typesupport_fastrtps_c.cpython-310-x86_64-linux-gnu.so
[1.201s] -- Up-to-date: /home/nakarin/RoboticsDev/install/turtlesim_plus_interfaces/local/lib/python3.10/dist-packages/turtlesim_plus_interfaces/turtlesim_plus_interfaces_s__rosidl_typesupport_introspection_c.cpython-310-x86_64-linux-gnu.so
[1.201s] -- Up-to-date: /home/nakarin/RoboticsDev/install/turtlesim_plus_interfaces/local/lib/python3.10/dist-packages/turtlesim_plus_interfaces/turtlesim_plus_interfaces_s__rosidl_typesupport_c.cpython-310-x86_64-linux-gnu.so
[1.202s] -- Up-to-date: /home/nakarin/RoboticsDev/install/turtlesim_plus_interfaces/lib/libturtlesim_plus_interfaces__rosidl_generator_py.so
[1.202s] -- Up-to-date: /home/nakarin/RoboticsDev/install/turtlesim_plus_interfaces/share/turtlesim_plus_interfaces/msg/ScannerData.idl
[1.202s] -- Up-to-date: /home/nakarin/RoboticsDev/install/turtlesim_plus_interfaces/share/turtlesim_plus_interfaces/msg/ScannerDataArray.idl
[1.202s] -- Up-to-date: /home/nakarin/RoboticsDev/install/turtlesim_plus_interfaces/share/turtlesim_plus_interfaces/srv/GivePosition.idl
[1.202s] -- Up-to-date: /home/nakarin/RoboticsDev/install/turtlesim_plus_interfaces/share/turtlesim_plus_interfaces/action/GetData.idl
[1.202s] -- Up-to-date: /home/nakarin/RoboticsDev/install/turtlesim_plus_interfaces/share/turtlesim_plus_interfaces/msg/ScannerData.msg
[1.203s] -- Up-to-date: /home/nakarin/RoboticsDev/install/turtlesim_plus_interfaces/share/turtlesim_plus_interfaces/msg/ScannerDataArray.msg
[1.203s] -- Up-to-date: /home/nakarin/RoboticsDev/install/turtlesim_plus_interfaces/share/turtlesim_plus_interfaces/srv/GivePosition.srv
[1.203s] -- Up-to-date: /home/nakarin/RoboticsDev/install/turtlesim_plus_interfaces/share/turtlesim_plus_interfaces/srv/GivePosition_Request.msg
[1.203s] -- Up-to-date: /home/nakarin/RoboticsDev/install/turtlesim_plus_interfaces/share/turtlesim_plus_interfaces/srv/GivePosition_Response.msg
[1.203s] -- Up-to-date: /home/nakarin/RoboticsDev/install/turtlesim_plus_interfaces/share/turtlesim_plus_interfaces/action/GetData.action
[1.203s] -- Up-to-date: /home/nakarin/RoboticsDev/install/turtlesim_plus_interfaces/share/ament_index/resource_index/package_run_dependencies/turtlesim_plus_interfaces
[1.203s] -- Up-to-date: /home/nakarin/RoboticsDev/install/turtlesim_plus_interfaces/share/ament_index/resource_index/parent_prefix_path/turtlesim_plus_interfaces
[1.204s] -- Up-to-date: /home/nakarin/RoboticsDev/install/turtlesim_plus_interfaces/share/turtlesim_plus_interfaces/environment/ament_prefix_path.sh
[1.204s] -- Up-to-date: /home/nakarin/RoboticsDev/install/turtlesim_plus_interfaces/share/turtlesim_plus_interfaces/environment/ament_prefix_path.dsv
[1.204s] -- Up-to-date: /home/nakarin/RoboticsDev/install/turtlesim_plus_interfaces/share/turtlesim_plus_interfaces/environment/path.sh
[1.204s] -- Up-to-date: /home/nakarin/RoboticsDev/install/turtlesim_plus_interfaces/share/turtlesim_plus_interfaces/environment/path.dsv
[1.204s] -- Up-to-date: /home/nakarin/RoboticsDev/install/turtlesim_plus_interfaces/share/turtlesim_plus_interfaces/local_setup.bash
[1.204s] -- Up-to-date: /home/nakarin/RoboticsDev/install/turtlesim_plus_interfaces/share/turtlesim_plus_interfaces/local_setup.sh
[1.204s] -- Up-to-date: /home/nakarin/RoboticsDev/install/turtlesim_plus_interfaces/share/turtlesim_plus_interfaces/local_setup.zsh
[1.204s] -- Up-to-date: /home/nakarin/RoboticsDev/install/turtlesim_plus_interfaces/share/turtlesim_plus_interfaces/local_setup.dsv
[1.205s] -- Installing: /home/nakarin/RoboticsDev/install/turtlesim_plus_interfaces/share/turtlesim_plus_interfaces/package.dsv
[1.205s] -- Up-to-date: /home/nakarin/RoboticsDev/install/turtlesim_plus_interfaces/share/ament_index/resource_index/packages/turtlesim_plus_interfaces
[1.205s] -- Up-to-date: /home/nakarin/RoboticsDev/install/turtlesim_plus_interfaces/share/turtlesim_plus_interfaces/cmake/export_turtlesim_plus_interfaces__rosidl_generator_cExport.cmake
[1.205s] -- Up-to-date: /home/nakarin/RoboticsDev/install/turtlesim_plus_interfaces/share/turtlesim_plus_interfaces/cmake/export_turtlesim_plus_interfaces__rosidl_generator_cExport-noconfig.cmake
[1.205s] -- Up-to-date: /home/nakarin/RoboticsDev/install/turtlesim_plus_interfaces/share/turtlesim_plus_interfaces/cmake/export_turtlesim_plus_interfaces__rosidl_typesupport_fastrtps_cExport.cmake
[1.205s] -- Up-to-date: /home/nakarin/RoboticsDev/install/turtlesim_plus_interfaces/share/turtlesim_plus_interfaces/cmake/export_turtlesim_plus_interfaces__rosidl_typesupport_fastrtps_cExport-noconfig.cmake
[1.205s] -- Up-to-date: /home/nakarin/RoboticsDev/install/turtlesim_plus_interfaces/share/turtlesim_plus_interfaces/cmake/turtlesim_plus_interfaces__rosidl_typesupport_introspection_cExport.cmake
[1.206s] -- Up-to-date: /home/nakarin/RoboticsDev/install/turtlesim_plus_interfaces/share/turtlesim_plus_interfaces/cmake/turtlesim_plus_interfaces__rosidl_typesupport_introspection_cExport-noconfig.cmake
[1.206s] -- Up-to-date: /home/nakarin/RoboticsDev/install/turtlesim_plus_interfaces/share/turtlesim_plus_interfaces/cmake/turtlesim_plus_interfaces__rosidl_typesupport_cExport.cmake
[1.206s] -- Up-to-date: /home/nakarin/RoboticsDev/install/turtlesim_plus_interfaces/share/turtlesim_plus_interfaces/cmake/turtlesim_plus_interfaces__rosidl_typesupport_cExport-noconfig.cmake
[1.206s] -- Up-to-date: /home/nakarin/RoboticsDev/install/turtlesim_plus_interfaces/share/turtlesim_plus_interfaces/cmake/export_turtlesim_plus_interfaces__rosidl_generator_cppExport.cmake
[1.206s] -- Up-to-date: /home/nakarin/RoboticsDev/install/turtlesim_plus_interfaces/share/turtlesim_plus_interfaces/cmake/export_turtlesim_plus_interfaces__rosidl_typesupport_fastrtps_cppExport.cmake
[1.206s] -- Up-to-date: /home/nakarin/RoboticsDev/install/turtlesim_plus_interfaces/share/turtlesim_plus_interfaces/cmake/export_turtlesim_plus_interfaces__rosidl_typesupport_fastrtps_cppExport-noconfig.cmake
[1.206s] -- Up-to-date: /home/nakarin/RoboticsDev/install/turtlesim_plus_interfaces/share/turtlesim_plus_interfaces/cmake/turtlesim_plus_interfaces__rosidl_typesupport_introspection_cppExport.cmake
[1.207s] -- Up-to-date: /home/nakarin/RoboticsDev/install/turtlesim_plus_interfaces/share/turtlesim_plus_interfaces/cmake/turtlesim_plus_interfaces__rosidl_typesupport_introspection_cppExport-noconfig.cmake
[1.207s] -- Up-to-date: /home/nakarin/RoboticsDev/install/turtlesim_plus_interfaces/share/turtlesim_plus_interfaces/cmake/turtlesim_plus_interfaces__rosidl_typesupport_cppExport.cmake
[1.207s] -- Up-to-date: /home/nakarin/RoboticsDev/install/turtlesim_plus_interfaces/share/turtlesim_plus_interfaces/cmake/turtlesim_plus_interfaces__rosidl_typesupport_cppExport-noconfig.cmake
[1.207s] -- Up-to-date: /home/nakarin/RoboticsDev/install/turtlesim_plus_interfaces/share/turtlesim_plus_interfaces/cmake/export_turtlesim_plus_interfaces__rosidl_generator_pyExport.cmake
[1.207s] -- Up-to-date: /home/nakarin/RoboticsDev/install/turtlesim_plus_interfaces/share/turtlesim_plus_interfaces/cmake/export_turtlesim_plus_interfaces__rosidl_generator_pyExport-noconfig.cmake
[1.207s] -- Up-to-date: /home/nakarin/RoboticsDev/install/turtlesim_plus_interfaces/share/turtlesim_plus_interfaces/cmake/rosidl_cmake-extras.cmake
[1.207s] -- Up-to-date: /home/nakarin/RoboticsDev/install/turtlesim_plus_interfaces/share/turtlesim_plus_interfaces/cmake/ament_cmake_export_dependencies-extras.cmake
[1.208s] -- Up-to-date: /home/nakarin/RoboticsDev/install/turtlesim_plus_interfaces/share/turtlesim_plus_interfaces/cmake/ament_cmake_export_include_directories-extras.cmake
[1.208s] -- Up-to-date: /home/nakarin/RoboticsDev/install/turtlesim_plus_interfaces/share/turtlesim_plus_interfaces/cmake/ament_cmake_export_libraries-extras.cmake
[1.208s] -- Up-to-date: /home/nakarin/RoboticsDev/install/turtlesim_plus_interfaces/share/turtlesim_plus_interfaces/cmake/ament_cmake_export_targets-extras.cmake
[1.208s] -- Up-to-date: /home/nakarin/RoboticsDev/install/turtlesim_plus_interfaces/share/turtlesim_plus_interfaces/cmake/rosidl_cmake_export_typesupport_targets-extras.cmake
[1.208s] -- Up-to-date: /home/nakarin/RoboticsDev/install/turtlesim_plus_interfaces/share/turtlesim_plus_interfaces/cmake/rosidl_cmake_export_typesupport_libraries-extras.cmake
[1.208s] -- Up-to-date: /home/nakarin/RoboticsDev/install/turtlesim_plus_interfaces/share/turtlesim_plus_interfaces/cmake/turtlesim_plus_interfacesConfig.cmake
[1.208s] -- Up-to-date: /home/nakarin/RoboticsDev/install/turtlesim_plus_interfaces/share/turtlesim_plus_interfaces/cmake/turtlesim_plus_interfacesConfig-version.cmake
[1.208s] -- Up-to-date: /home/nakarin/RoboticsDev/install/turtlesim_plus_interfaces/share/turtlesim_plus_interfaces/package.xml
[1.210s] Invoked command in '/home/nakarin/RoboticsDev/build/turtlesim_plus_interfaces' returned '0': CMAKE_PREFIX_PATH=${CMAKE_PREFIX_PATH}:/opt/ros/humble /usr/bin/cmake --install /home/nakarin/RoboticsDev/build/turtlesim_plus_interfaces
