[0.042s] Invoking command in '/home/nakarin/RoboticsDev/build/examples_rclcpp_cbg_executor': CMAKE_PREFIX_PATH=/opt/ros/humble /usr/bin/cmake --build /home/nakarin/RoboticsDev/build/examples_rclcpp_cbg_executor -- -j8 -l8
[0.122s] [ 30%] Built target ping
[0.142s] [ 70%] Built target ping_pong
[0.156s] [100%] Built target pong
[0.184s] Invoked command in '/home/nakarin/RoboticsDev/build/examples_rclcpp_cbg_executor' returned '0': CMAKE_PREFIX_PATH=/opt/ros/humble /usr/bin/cmake --build /home/nakarin/RoboticsDev/build/examples_rclcpp_cbg_executor -- -j8 -l8
[0.241s] Invoking command in '/home/nakarin/RoboticsDev/build/examples_rclcpp_cbg_executor': CMAKE_PREFIX_PATH=/opt/ros/humble /usr/bin/cmake --install /home/nakarin/RoboticsDev/build/examples_rclcpp_cbg_executor
[0.264s] -- Install configuration: ""
[0.264s] -- Up-to-date: /home/nakarin/RoboticsDev/install/examples_rclcpp_cbg_executor/lib/examples_rclcpp_cbg_executor/ping
[0.265s] -- Up-to-date: /home/nakarin/RoboticsDev/install/examples_rclcpp_cbg_executor/lib/examples_rclcpp_cbg_executor/pong
[0.265s] -- Up-to-date: /home/nakarin/RoboticsDev/install/examples_rclcpp_cbg_executor/lib/examples_rclcpp_cbg_executor/ping_pong
[0.265s] -- Up-to-date: /home/nakarin/RoboticsDev/install/examples_rclcpp_cbg_executor/include
[0.266s] -- Up-to-date: /home/nakarin/RoboticsDev/install/examples_rclcpp_cbg_executor/include/examples_rclcpp_cbg_executor
[0.266s] -- Up-to-date: /home/nakarin/RoboticsDev/install/examples_rclcpp_cbg_executor/include/examples_rclcpp_cbg_executor/pong_node.hpp
[0.266s] -- Up-to-date: /home/nakarin/RoboticsDev/install/examples_rclcpp_cbg_executor/include/examples_rclcpp_cbg_executor/ping_node.hpp
[0.266s] -- Up-to-date: /home/nakarin/RoboticsDev/install/examples_rclcpp_cbg_executor/share/ament_index/resource_index/package_run_dependencies/examples_rclcpp_cbg_executor
[0.266s] -- Up-to-date: /home/nakarin/RoboticsDev/install/examples_rclcpp_cbg_executor/share/ament_index/resource_index/parent_prefix_path/examples_rclcpp_cbg_executor
[0.266s] -- Up-to-date: /home/nakarin/RoboticsDev/install/examples_rclcpp_cbg_executor/share/examples_rclcpp_cbg_executor/environment/ament_prefix_path.sh
[0.266s] -- Up-to-date: /home/nakarin/RoboticsDev/install/examples_rclcpp_cbg_executor/share/examples_rclcpp_cbg_executor/environment/ament_prefix_path.dsv
[0.266s] -- Up-to-date: /home/nakarin/RoboticsDev/install/examples_rclcpp_cbg_executor/share/examples_rclcpp_cbg_executor/environment/path.sh
[0.267s] -- Up-to-date: /home/nakarin/RoboticsDev/install/examples_rclcpp_cbg_executor/share/examples_rclcpp_cbg_executor/environment/path.dsv
[0.267s] -- Up-to-date: /home/nakarin/RoboticsDev/install/examples_rclcpp_cbg_executor/share/examples_rclcpp_cbg_executor/local_setup.bash
[0.267s] -- Up-to-date: /home/nakarin/RoboticsDev/install/examples_rclcpp_cbg_executor/share/examples_rclcpp_cbg_executor/local_setup.sh
[0.267s] -- Up-to-date: /home/nakarin/RoboticsDev/install/examples_rclcpp_cbg_executor/share/examples_rclcpp_cbg_executor/local_setup.zsh
[0.267s] -- Up-to-date: /home/nakarin/RoboticsDev/install/examples_rclcpp_cbg_executor/share/examples_rclcpp_cbg_executor/local_setup.dsv
[0.267s] -- Installing: /home/nakarin/RoboticsDev/install/examples_rclcpp_cbg_executor/share/examples_rclcpp_cbg_executor/package.dsv
[0.267s] -- Up-to-date: /home/nakarin/RoboticsDev/install/examples_rclcpp_cbg_executor/share/ament_index/resource_index/packages/examples_rclcpp_cbg_executor
[0.267s] -- Up-to-date: /home/nakarin/RoboticsDev/install/examples_rclcpp_cbg_executor/share/examples_rclcpp_cbg_executor/cmake/ament_cmake_export_dependencies-extras.cmake
[0.267s] -- Up-to-date: /home/nakarin/RoboticsDev/install/examples_rclcpp_cbg_executor/share/examples_rclcpp_cbg_executor/cmake/examples_rclcpp_cbg_executorConfig.cmake
[0.267s] -- Up-to-date: /home/nakarin/RoboticsDev/install/examples_rclcpp_cbg_executor/share/examples_rclcpp_cbg_executor/cmake/examples_rclcpp_cbg_executorConfig-version.cmake
[0.268s] -- Up-to-date: /home/nakarin/RoboticsDev/install/examples_rclcpp_cbg_executor/share/examples_rclcpp_cbg_executor/package.xml
[0.273s] Invoked command in '/home/nakarin/RoboticsDev/build/examples_rclcpp_cbg_executor' returned '0': CMAKE_PREFIX_PATH=/opt/ros/humble /usr/bin/cmake --install /home/nakarin/RoboticsDev/build/examples_rclcpp_cbg_executor
