[  1%] Built target turtlesim_plus_interfaces__cpp
[ 12%] Built target turtlesim_plus_interfaces__rosidl_generator_c
[ 12%] Built target ament_cmake_python_copy_turtlesim_plus_interfaces
[ 23%] Built target turtlesim_plus_interfaces__rosidl_typesupport_cpp
[ 34%] Built target turtlesim_plus_interfaces__rosidl_typesupport_fastrtps_cpp
[ 45%] Built target turtlesim_plus_interfaces__rosidl_typesupport_introspection_cpp
[ 56%] Built target turtlesim_plus_interfaces__rosidl_typesupport_c
[ 67%] Built target turtlesim_plus_interfaces__rosidl_typesupport_introspection_c
[ 78%] Built target turtlesim_plus_interfaces__rosidl_typesupport_fastrtps_c
[ 78%] Built target turtlesim_plus_interfaces
[ 80%] Built target turtlesim_plus_interfaces__py
[ 89%] Built target turtlesim_plus_interfaces__rosidl_generator_py
[ 92%] Built target turtlesim_plus_interfaces__rosidl_typesupport_fastrtps_c__pyext
[ 96%] Built target turtlesim_plus_interfaces__rosidl_typesupport_c__pyext
[100%] Built target turtlesim_plus_interfaces__rosidl_typesupport_introspection_c__pyext
running egg_info
writing turtlesim_plus_interfaces.egg-info/PKG-INFO
writing dependency_links to turtlesim_plus_interfaces.egg-info/dependency_links.txt
writing top-level names to turtlesim_plus_interfaces.egg-info/top_level.txt
reading manifest file 'turtlesim_plus_interfaces.egg-info/SOURCES.txt'
writing manifest file 'turtlesim_plus_interfaces.egg-info/SOURCES.txt'
[100%] Built target ament_cmake_python_build_turtlesim_plus_interfaces_egg
