[0.038s] Invoking command in '/home/nakarin/RoboticsDev/build/examples_rclcpp_minimal_action_client': CMAKE_PREFIX_PATH=${CMAKE_PREFIX_PATH}:/opt/ros/humble /usr/bin/cmake --build /home/nakarin/RoboticsDev/build/examples_rclcpp_minimal_action_client -- -j8 -l8
[0.094s] [35m[1mConsolidate compiler generated dependencies of target action_client_not_composable_with_cancel[0m
[0.094s] [35m[1mConsolidate compiler generated dependencies of target action_client_not_composable_with_feedback[0m
[0.097s] [35m[1mConsolidate compiler generated dependencies of target action_client_member_functions[0m
[0.109s] [35m[1mConsolidate compiler generated dependencies of target action_client_not_composable[0m
[0.129s] [ 50%] Built target action_client_not_composable_with_feedback
[0.131s] [ 50%] Built target action_client_member_functions
[0.138s] [ 75%] Built target action_client_not_composable_with_cancel
[0.171s] [100%] Built target action_client_not_composable
[0.196s] Invoked command in '/home/nakarin/RoboticsDev/build/examples_rclcpp_minimal_action_client' returned '0': CMAKE_PREFIX_PATH=${CMAKE_PREFIX_PATH}:/opt/ros/humble /usr/bin/cmake --build /home/nakarin/RoboticsDev/build/examples_rclcpp_minimal_action_client -- -j8 -l8
[0.258s] Invoking command in '/home/nakarin/RoboticsDev/build/examples_rclcpp_minimal_action_client': CMAKE_PREFIX_PATH=${CMAKE_PREFIX_PATH}:/opt/ros/humble /usr/bin/cmake --install /home/nakarin/RoboticsDev/build/examples_rclcpp_minimal_action_client
[0.272s] -- Install configuration: ""
[0.272s] -- Up-to-date: /home/nakarin/RoboticsDev/install/examples_rclcpp_minimal_action_client/lib/examples_rclcpp_minimal_action_client/action_client_member_functions
[0.273s] -- Up-to-date: /home/nakarin/RoboticsDev/install/examples_rclcpp_minimal_action_client/lib/examples_rclcpp_minimal_action_client/action_client_not_composable
[0.273s] -- Up-to-date: /home/nakarin/RoboticsDev/install/examples_rclcpp_minimal_action_client/lib/examples_rclcpp_minimal_action_client/action_client_not_composable_with_cancel
[0.273s] -- Up-to-date: /home/nakarin/RoboticsDev/install/examples_rclcpp_minimal_action_client/lib/examples_rclcpp_minimal_action_client/action_client_not_composable_with_feedback
[0.273s] -- Up-to-date: /home/nakarin/RoboticsDev/install/examples_rclcpp_minimal_action_client/share/ament_index/resource_index/package_run_dependencies/examples_rclcpp_minimal_action_client
[0.273s] -- Up-to-date: /home/nakarin/RoboticsDev/install/examples_rclcpp_minimal_action_client/share/ament_index/resource_index/parent_prefix_path/examples_rclcpp_minimal_action_client
[0.273s] -- Up-to-date: /home/nakarin/RoboticsDev/install/examples_rclcpp_minimal_action_client/share/examples_rclcpp_minimal_action_client/environment/ament_prefix_path.sh
[0.273s] -- Up-to-date: /home/nakarin/RoboticsDev/install/examples_rclcpp_minimal_action_client/share/examples_rclcpp_minimal_action_client/environment/ament_prefix_path.dsv
[0.273s] -- Up-to-date: /home/nakarin/RoboticsDev/install/examples_rclcpp_minimal_action_client/share/examples_rclcpp_minimal_action_client/environment/path.sh
[0.273s] -- Up-to-date: /home/nakarin/RoboticsDev/install/examples_rclcpp_minimal_action_client/share/examples_rclcpp_minimal_action_client/environment/path.dsv
[0.273s] -- Up-to-date: /home/nakarin/RoboticsDev/install/examples_rclcpp_minimal_action_client/share/examples_rclcpp_minimal_action_client/local_setup.bash
[0.273s] -- Up-to-date: /home/nakarin/RoboticsDev/install/examples_rclcpp_minimal_action_client/share/examples_rclcpp_minimal_action_client/local_setup.sh
[0.274s] -- Up-to-date: /home/nakarin/RoboticsDev/install/examples_rclcpp_minimal_action_client/share/examples_rclcpp_minimal_action_client/local_setup.zsh
[0.274s] -- Up-to-date: /home/nakarin/RoboticsDev/install/examples_rclcpp_minimal_action_client/share/examples_rclcpp_minimal_action_client/local_setup.dsv
[0.274s] -- Installing: /home/nakarin/RoboticsDev/install/examples_rclcpp_minimal_action_client/share/examples_rclcpp_minimal_action_client/package.dsv
[0.274s] -- Up-to-date: /home/nakarin/RoboticsDev/install/examples_rclcpp_minimal_action_client/share/ament_index/resource_index/packages/examples_rclcpp_minimal_action_client
[0.274s] -- Up-to-date: /home/nakarin/RoboticsDev/install/examples_rclcpp_minimal_action_client/share/examples_rclcpp_minimal_action_client/cmake/examples_rclcpp_minimal_action_clientConfig.cmake
[0.274s] -- Up-to-date: /home/nakarin/RoboticsDev/install/examples_rclcpp_minimal_action_client/share/examples_rclcpp_minimal_action_client/cmake/examples_rclcpp_minimal_action_clientConfig-version.cmake
[0.274s] -- Up-to-date: /home/nakarin/RoboticsDev/install/examples_rclcpp_minimal_action_client/share/examples_rclcpp_minimal_action_client/package.xml
[0.303s] Invoked command in '/home/nakarin/RoboticsDev/build/examples_rclcpp_minimal_action_client' returned '0': CMAKE_PREFIX_PATH=${CMAKE_PREFIX_PATH}:/opt/ros/humble /usr/bin/cmake --install /home/nakarin/RoboticsDev/build/examples_rclcpp_minimal_action_client
