[0.035s] Invoking command in '/home/nakarin/RoboticsDev/build/examples_rclcpp_minimal_service': CMAKE_PREFIX_PATH=${CMAKE_PREFIX_PATH}:/opt/ros/humble /usr/bin/cmake /home/nakarin/RoboticsDev/src/examples/rclcpp/services/minimal_service -DCMAKE_INSTALL_PREFIX=/home/nakarin/RoboticsDev/install/examples_rclcpp_minimal_service
[2.236s] -- The C compiler identification is GNU 11.4.0
[2.236s] -- The CXX compiler identification is GNU 11.4.0
[2.237s] -- Detecting C compiler ABI info
[2.237s] -- Detecting C compiler ABI info - done
[2.237s] -- Check for working C compiler: /usr/bin/cc - skipped
[2.237s] -- Detecting C compile features
[2.237s] -- Detecting C compile features - done
[2.239s] -- Detecting CXX compiler ABI info
[2.240s] -- Detecting CXX compiler ABI info - done
[2.240s] -- Check for working CXX compiler: /usr/bin/c++ - skipped
[2.240s] -- Detecting CXX compile features
[2.240s] -- Detecting CXX compile features - done
[2.240s] -- Found ament_cmake: 1.3.10 (/opt/ros/humble/share/ament_cmake/cmake)
[2.241s] -- Found Python3: /usr/bin/python3 (found version "3.10.12") found components: Interpreter 
[2.241s] -- Found example_interfaces: 0.9.3 (/opt/ros/humble/share/example_interfaces/cmake)
[2.241s] -- Found rosidl_generator_c: 3.1.5 (/opt/ros/humble/share/rosidl_generator_c/cmake)
[2.241s] -- Found rosidl_adapter: 3.1.5 (/opt/ros/humble/share/rosidl_adapter/cmake)
[2.241s] -- Found rosidl_generator_cpp: 3.1.5 (/opt/ros/humble/share/rosidl_generator_cpp/cmake)
[2.241s] -- Using all available rosidl_typesupport_c: rosidl_typesupport_fastrtps_c;rosidl_typesupport_introspection_c
[2.241s] -- Using all available rosidl_typesupport_cpp: rosidl_typesupport_fastrtps_cpp;rosidl_typesupport_introspection_cpp
[2.241s] -- Found rclcpp: 16.0.10 (/opt/ros/humble/share/rclcpp/cmake)
[2.241s] -- Found rmw_implementation_cmake: 6.1.2 (/opt/ros/humble/share/rmw_implementation_cmake/cmake)
[2.242s] -- Found rmw_fastrtps_cpp: 6.2.7 (/opt/ros/humble/share/rmw_fastrtps_cpp/cmake)
[2.242s] -- Found OpenSSL: /usr/lib/x86_64-linux-gnu/libcrypto.so (found version "3.0.2")  
[2.242s] -- Found FastRTPS: /opt/ros/humble/include  
[2.242s] -- Using RMW implementation 'rmw_fastrtps_cpp' as default
[2.242s] -- Looking for pthread.h
[2.242s] -- Looking for pthread.h - found
[2.242s] -- Performing Test CMAKE_HAVE_LIBC_PTHREAD
[2.242s] -- Performing Test CMAKE_HAVE_LIBC_PTHREAD - Success
[2.242s] -- Found Threads: TRUE  
[2.243s] -- Found ament_lint_auto: 0.12.11 (/opt/ros/humble/share/ament_lint_auto/cmake)
[2.324s] -- Added test 'copyright' to check source files copyright and LICENSE
[2.328s] -- Added test 'cppcheck' to perform static code analysis on C / C++ code
[2.328s] -- Configured cppcheck include dirs: 
[2.329s] -- Configured cppcheck exclude dirs and/or files: 
[2.330s] -- Added test 'cpplint' to check C / C++ code against the Google style
[2.332s] -- Configured cpplint exclude dirs and/or files: 
[2.332s] -- Added test 'lint_cmake' to check CMake code style
[2.334s] -- Added test 'uncrustify' to check C / C++ code style
[2.337s] -- Configured uncrustify additional arguments: 
[2.339s] -- Added test 'xmllint' to check XML markup files
[2.344s] -- Configuring done
[2.369s] -- Generating done
[2.372s] -- Build files have been written to: /home/nakarin/RoboticsDev/build/examples_rclcpp_minimal_service
[2.427s] Invoked command in '/home/nakarin/RoboticsDev/build/examples_rclcpp_minimal_service' returned '0': CMAKE_PREFIX_PATH=${CMAKE_PREFIX_PATH}:/opt/ros/humble /usr/bin/cmake /home/nakarin/RoboticsDev/src/examples/rclcpp/services/minimal_service -DCMAKE_INSTALL_PREFIX=/home/nakarin/RoboticsDev/install/examples_rclcpp_minimal_service
[2.428s] Invoking command in '/home/nakarin/RoboticsDev/build/examples_rclcpp_minimal_service': CMAKE_PREFIX_PATH=${CMAKE_PREFIX_PATH}:/opt/ros/humble /usr/bin/cmake --build /home/nakarin/RoboticsDev/build/examples_rclcpp_minimal_service -- -j8 -l8
[2.909s] [ 50%] [32mBuilding CXX object CMakeFiles/service_main.dir/main.cpp.o[0m
[17.652s] [100%] [32m[1mLinking CXX executable service_main[0m
[18.479s] [100%] Built target service_main
[18.530s] Invoked command in '/home/nakarin/RoboticsDev/build/examples_rclcpp_minimal_service' returned '0': CMAKE_PREFIX_PATH=${CMAKE_PREFIX_PATH}:/opt/ros/humble /usr/bin/cmake --build /home/nakarin/RoboticsDev/build/examples_rclcpp_minimal_service -- -j8 -l8
[18.690s] Invoking command in '/home/nakarin/RoboticsDev/build/examples_rclcpp_minimal_service': CMAKE_PREFIX_PATH=${CMAKE_PREFIX_PATH}:/opt/ros/humble /usr/bin/cmake --install /home/nakarin/RoboticsDev/build/examples_rclcpp_minimal_service
[26.561s] -- Install configuration: ""
[26.561s] -- Installing: /home/nakarin/RoboticsDev/install/examples_rclcpp_minimal_service/lib/examples_rclcpp_minimal_service/service_main
[26.561s] -- Set runtime path of "/home/nakarin/RoboticsDev/install/examples_rclcpp_minimal_service/lib/examples_rclcpp_minimal_service/service_main" to ""
[26.565s] -- Installing: /home/nakarin/RoboticsDev/install/examples_rclcpp_minimal_service/share/ament_index/resource_index/package_run_dependencies/examples_rclcpp_minimal_service
[26.565s] -- Installing: /home/nakarin/RoboticsDev/install/examples_rclcpp_minimal_service/share/ament_index/resource_index/parent_prefix_path/examples_rclcpp_minimal_service
[26.566s] -- Installing: /home/nakarin/RoboticsDev/install/examples_rclcpp_minimal_service/share/examples_rclcpp_minimal_service/environment/ament_prefix_path.sh
[26.566s] -- Installing: /home/nakarin/RoboticsDev/install/examples_rclcpp_minimal_service/share/examples_rclcpp_minimal_service/environment/ament_prefix_path.dsv
[26.566s] -- Installing: /home/nakarin/RoboticsDev/install/examples_rclcpp_minimal_service/share/examples_rclcpp_minimal_service/environment/path.sh
[26.566s] -- Installing: /home/nakarin/RoboticsDev/install/examples_rclcpp_minimal_service/share/examples_rclcpp_minimal_service/environment/path.dsv
[26.566s] -- Installing: /home/nakarin/RoboticsDev/install/examples_rclcpp_minimal_service/share/examples_rclcpp_minimal_service/local_setup.bash
[26.566s] -- Installing: /home/nakarin/RoboticsDev/install/examples_rclcpp_minimal_service/share/examples_rclcpp_minimal_service/local_setup.sh
[26.566s] -- Installing: /home/nakarin/RoboticsDev/install/examples_rclcpp_minimal_service/share/examples_rclcpp_minimal_service/local_setup.zsh
[26.566s] -- Installing: /home/nakarin/RoboticsDev/install/examples_rclcpp_minimal_service/share/examples_rclcpp_minimal_service/local_setup.dsv
[26.566s] -- Installing: /home/nakarin/RoboticsDev/install/examples_rclcpp_minimal_service/share/examples_rclcpp_minimal_service/package.dsv
[26.566s] -- Installing: /home/nakarin/RoboticsDev/install/examples_rclcpp_minimal_service/share/ament_index/resource_index/packages/examples_rclcpp_minimal_service
[26.566s] -- Installing: /home/nakarin/RoboticsDev/install/examples_rclcpp_minimal_service/share/examples_rclcpp_minimal_service/cmake/examples_rclcpp_minimal_serviceConfig.cmake
[26.567s] -- Installing: /home/nakarin/RoboticsDev/install/examples_rclcpp_minimal_service/share/examples_rclcpp_minimal_service/cmake/examples_rclcpp_minimal_serviceConfig-version.cmake
[26.567s] -- Installing: /home/nakarin/RoboticsDev/install/examples_rclcpp_minimal_service/share/examples_rclcpp_minimal_service/package.xml
[26.580s] Invoked command in '/home/nakarin/RoboticsDev/build/examples_rclcpp_minimal_service' returned '0': CMAKE_PREFIX_PATH=${CMAKE_PREFIX_PATH}:/opt/ros/humble /usr/bin/cmake --install /home/nakarin/RoboticsDev/build/examples_rclcpp_minimal_service
