[0.043s] Invoking command in '/home/nakarin/RoboticsDev/build/examples_rclcpp_minimal_action_server': CMAKE_PREFIX_PATH=/opt/ros/humble /usr/bin/cmake --build /home/nakarin/RoboticsDev/build/examples_rclcpp_minimal_action_server -- -j8 -l8
[0.152s] [ 50%] Built target action_server_member_functions
[0.153s] [100%] Built target action_server_not_composable
[0.172s] Invoked command in '/home/nakarin/RoboticsDev/build/examples_rclcpp_minimal_action_server' returned '0': CMAKE_PREFIX_PATH=/opt/ros/humble /usr/bin/cmake --build /home/nakarin/RoboticsDev/build/examples_rclcpp_minimal_action_server -- -j8 -l8
[0.206s] Invoking command in '/home/nakarin/RoboticsDev/build/examples_rclcpp_minimal_action_server': CMAKE_PREFIX_PATH=/opt/ros/humble /usr/bin/cmake --install /home/nakarin/RoboticsDev/build/examples_rclcpp_minimal_action_server
[0.213s] -- Install configuration: ""
[0.213s] -- Up-to-date: /home/nakarin/RoboticsDev/install/examples_rclcpp_minimal_action_server/lib/examples_rclcpp_minimal_action_server/action_server_not_composable
[0.214s] -- Up-to-date: /home/nakarin/RoboticsDev/install/examples_rclcpp_minimal_action_server/lib/examples_rclcpp_minimal_action_server/action_server_member_functions
[0.214s] -- Up-to-date: /home/nakarin/RoboticsDev/install/examples_rclcpp_minimal_action_server/share/ament_index/resource_index/package_run_dependencies/examples_rclcpp_minimal_action_server
[0.214s] -- Up-to-date: /home/nakarin/RoboticsDev/install/examples_rclcpp_minimal_action_server/share/ament_index/resource_index/parent_prefix_path/examples_rclcpp_minimal_action_server
[0.214s] -- Up-to-date: /home/nakarin/RoboticsDev/install/examples_rclcpp_minimal_action_server/share/examples_rclcpp_minimal_action_server/environment/ament_prefix_path.sh
[0.215s] -- Up-to-date: /home/nakarin/RoboticsDev/install/examples_rclcpp_minimal_action_server/share/examples_rclcpp_minimal_action_server/environment/ament_prefix_path.dsv
[0.215s] -- Up-to-date: /home/nakarin/RoboticsDev/install/examples_rclcpp_minimal_action_server/share/examples_rclcpp_minimal_action_server/environment/path.sh
[0.215s] -- Up-to-date: /home/nakarin/RoboticsDev/install/examples_rclcpp_minimal_action_server/share/examples_rclcpp_minimal_action_server/environment/path.dsv
[0.215s] -- Up-to-date: /home/nakarin/RoboticsDev/install/examples_rclcpp_minimal_action_server/share/examples_rclcpp_minimal_action_server/local_setup.bash
[0.215s] -- Up-to-date: /home/nakarin/RoboticsDev/install/examples_rclcpp_minimal_action_server/share/examples_rclcpp_minimal_action_server/local_setup.sh
[0.215s] -- Up-to-date: /home/nakarin/RoboticsDev/install/examples_rclcpp_minimal_action_server/share/examples_rclcpp_minimal_action_server/local_setup.zsh
[0.216s] -- Up-to-date: /home/nakarin/RoboticsDev/install/examples_rclcpp_minimal_action_server/share/examples_rclcpp_minimal_action_server/local_setup.dsv
[0.216s] -- Installing: /home/nakarin/RoboticsDev/install/examples_rclcpp_minimal_action_server/share/examples_rclcpp_minimal_action_server/package.dsv
[0.216s] -- Up-to-date: /home/nakarin/RoboticsDev/install/examples_rclcpp_minimal_action_server/share/ament_index/resource_index/packages/examples_rclcpp_minimal_action_server
[0.216s] -- Up-to-date: /home/nakarin/RoboticsDev/install/examples_rclcpp_minimal_action_server/share/examples_rclcpp_minimal_action_server/cmake/examples_rclcpp_minimal_action_serverConfig.cmake
[0.216s] -- Up-to-date: /home/nakarin/RoboticsDev/install/examples_rclcpp_minimal_action_server/share/examples_rclcpp_minimal_action_server/cmake/examples_rclcpp_minimal_action_serverConfig-version.cmake
[0.217s] -- Up-to-date: /home/nakarin/RoboticsDev/install/examples_rclcpp_minimal_action_server/share/examples_rclcpp_minimal_action_server/package.xml
[0.238s] Invoked command in '/home/nakarin/RoboticsDev/build/examples_rclcpp_minimal_action_server' returned '0': CMAKE_PREFIX_PATH=/opt/ros/humble /usr/bin/cmake --install /home/nakarin/RoboticsDev/build/examples_rclcpp_minimal_action_server
