[0.032s] Invoking command in '/home/nakarin/RoboticsDev/build/examples_rclcpp_minimal_service': CMAKE_PREFIX_PATH=${CMAKE_PREFIX_PATH}:/opt/ros/humble /usr/bin/cmake --build /home/nakarin/RoboticsDev/build/examples_rclcpp_minimal_service -- -j8 -l8
[0.138s] [100%] Built target service_main
[0.160s] Invoked command in '/home/nakarin/RoboticsDev/build/examples_rclcpp_minimal_service' returned '0': CMAKE_PREFIX_PATH=${CMAKE_PREFIX_PATH}:/opt/ros/humble /usr/bin/cmake --build /home/nakarin/RoboticsDev/build/examples_rclcpp_minimal_service -- -j8 -l8
[0.190s] Invoking command in '/home/nakarin/RoboticsDev/build/examples_rclcpp_minimal_service': CMAKE_PREFIX_PATH=${CMAKE_PREFIX_PATH}:/opt/ros/humble /usr/bin/cmake --install /home/nakarin/RoboticsDev/build/examples_rclcpp_minimal_service
[0.203s] -- Install configuration: ""
[0.204s] -- Up-to-date: /home/nakarin/RoboticsDev/install/examples_rclcpp_minimal_service/lib/examples_rclcpp_minimal_service/service_main
[0.204s] -- Up-to-date: /home/nakarin/RoboticsDev/install/examples_rclcpp_minimal_service/share/ament_index/resource_index/package_run_dependencies/examples_rclcpp_minimal_service
[0.204s] -- Up-to-date: /home/nakarin/RoboticsDev/install/examples_rclcpp_minimal_service/share/ament_index/resource_index/parent_prefix_path/examples_rclcpp_minimal_service
[0.204s] -- Up-to-date: /home/nakarin/RoboticsDev/install/examples_rclcpp_minimal_service/share/examples_rclcpp_minimal_service/environment/ament_prefix_path.sh
[0.204s] -- Up-to-date: /home/nakarin/RoboticsDev/install/examples_rclcpp_minimal_service/share/examples_rclcpp_minimal_service/environment/ament_prefix_path.dsv
[0.204s] -- Up-to-date: /home/nakarin/RoboticsDev/install/examples_rclcpp_minimal_service/share/examples_rclcpp_minimal_service/environment/path.sh
[0.204s] -- Up-to-date: /home/nakarin/RoboticsDev/install/examples_rclcpp_minimal_service/share/examples_rclcpp_minimal_service/environment/path.dsv
[0.204s] -- Up-to-date: /home/nakarin/RoboticsDev/install/examples_rclcpp_minimal_service/share/examples_rclcpp_minimal_service/local_setup.bash
[0.205s] -- Up-to-date: /home/nakarin/RoboticsDev/install/examples_rclcpp_minimal_service/share/examples_rclcpp_minimal_service/local_setup.sh
[0.205s] -- Up-to-date: /home/nakarin/RoboticsDev/install/examples_rclcpp_minimal_service/share/examples_rclcpp_minimal_service/local_setup.zsh
[0.205s] -- Up-to-date: /home/nakarin/RoboticsDev/install/examples_rclcpp_minimal_service/share/examples_rclcpp_minimal_service/local_setup.dsv
[0.205s] -- Installing: /home/nakarin/RoboticsDev/install/examples_rclcpp_minimal_service/share/examples_rclcpp_minimal_service/package.dsv
[0.205s] -- Up-to-date: /home/nakarin/RoboticsDev/install/examples_rclcpp_minimal_service/share/ament_index/resource_index/packages/examples_rclcpp_minimal_service
[0.205s] -- Up-to-date: /home/nakarin/RoboticsDev/install/examples_rclcpp_minimal_service/share/examples_rclcpp_minimal_service/cmake/examples_rclcpp_minimal_serviceConfig.cmake
[0.205s] -- Up-to-date: /home/nakarin/RoboticsDev/install/examples_rclcpp_minimal_service/share/examples_rclcpp_minimal_service/cmake/examples_rclcpp_minimal_serviceConfig-version.cmake
[0.205s] -- Up-to-date: /home/nakarin/RoboticsDev/install/examples_rclcpp_minimal_service/share/examples_rclcpp_minimal_service/package.xml
[0.235s] Invoked command in '/home/nakarin/RoboticsDev/build/examples_rclcpp_minimal_service' returned '0': CMAKE_PREFIX_PATH=${CMAKE_PREFIX_PATH}:/opt/ros/humble /usr/bin/cmake --install /home/nakarin/RoboticsDev/build/examples_rclcpp_minimal_service
