[0.029s] Invoking command in '/home/nakarin/RoboticsDev/build/turtlesim_plus_interfaces': CMAKE_PREFIX_PATH=${CMAKE_PREFIX_PATH}:/home/nakarin/RoboticsDev/install/launch_testing_examples:/home/nakarin/RoboticsDev/install/examples_rclpy_pointcloud_publisher:/home/nakarin/RoboticsDev/install/examples_rclpy_minimal_subscriber:/home/nakarin/RoboticsDev/install/examples_rclpy_minimal_service:/home/nakarin/RoboticsDev/install/examples_rclpy_minimal_publisher:/home/nakarin/RoboticsDev/install/examples_rclpy_minimal_client:/home/nakarin/RoboticsDev/install/examples_rclpy_minimal_action_server:/home/nakarin/RoboticsDev/install/examples_rclpy_minimal_action_client:/home/nakarin/RoboticsDev/install/examples_rclpy_guard_conditions:/home/nakarin/RoboticsDev/install/examples_rclpy_executors:/opt/ros/humble /usr/bin/cmake --build /home/nakarin/RoboticsDev/build/turtlesim_plus_interfaces -- -j8 -l8
[0.151s] [ 10%] Built target turtlesim_plus_interfaces__rosidl_generator_c
[0.161s] [ 12%] Built target turtlesim_plus_interfaces__cpp
[0.250s] [ 23%] Built target turtlesim_plus_interfaces__rosidl_typesupport_fastrtps_c
[0.251s] [ 34%] Built target turtlesim_plus_interfaces__rosidl_typesupport_cpp
[0.251s] [ 45%] Built target turtlesim_plus_interfaces__rosidl_typesupport_c
[0.259s] [ 45%] Built target ament_cmake_python_copy_turtlesim_plus_interfaces
[0.280s] [ 56%] Built target turtlesim_plus_interfaces__rosidl_typesupport_introspection_c
[0.317s] [ 67%] Built target turtlesim_plus_interfaces__rosidl_typesupport_introspection_cpp
[0.323s] [ 78%] Built target turtlesim_plus_interfaces__rosidl_typesupport_fastrtps_cpp
[0.402s] [ 78%] Built target turtlesim_plus_interfaces
[0.477s] [ 80%] Built target turtlesim_plus_interfaces__py
[0.516s] [ 89%] Built target turtlesim_plus_interfaces__rosidl_generator_py
[0.581s] [ 92%] Built target turtlesim_plus_interfaces__rosidl_typesupport_fastrtps_c__pyext
[0.591s] [ 96%] Built target turtlesim_plus_interfaces__rosidl_typesupport_introspection_c__pyext
[0.591s] [100%] Built target turtlesim_plus_interfaces__rosidl_typesupport_c__pyext
[0.851s] running egg_info
[0.852s] writing turtlesim_plus_interfaces.egg-info/PKG-INFO
[0.852s] writing dependency_links to turtlesim_plus_interfaces.egg-info/dependency_links.txt
[0.852s] writing top-level names to turtlesim_plus_interfaces.egg-info/top_level.txt
[0.855s] reading manifest file 'turtlesim_plus_interfaces.egg-info/SOURCES.txt'
[0.856s] writing manifest file 'turtlesim_plus_interfaces.egg-info/SOURCES.txt'
[0.903s] [100%] Built target ament_cmake_python_build_turtlesim_plus_interfaces_egg
[0.917s] Invoked command in '/home/nakarin/RoboticsDev/build/turtlesim_plus_interfaces' returned '0': CMAKE_PREFIX_PATH=${CMAKE_PREFIX_PATH}:/home/nakarin/RoboticsDev/install/launch_testing_examples:/home/nakarin/RoboticsDev/install/examples_rclpy_pointcloud_publisher:/home/nakarin/RoboticsDev/install/examples_rclpy_minimal_subscriber:/home/nakarin/RoboticsDev/install/examples_rclpy_minimal_service:/home/nakarin/RoboticsDev/install/examples_rclpy_minimal_publisher:/home/nakarin/RoboticsDev/install/examples_rclpy_minimal_client:/home/nakarin/RoboticsDev/install/examples_rclpy_minimal_action_server:/home/nakarin/RoboticsDev/install/examples_rclpy_minimal_action_client:/home/nakarin/RoboticsDev/install/examples_rclpy_guard_conditions:/home/nakarin/RoboticsDev/install/examples_rclpy_executors:/opt/ros/humble /usr/bin/cmake --build /home/nakarin/RoboticsDev/build/turtlesim_plus_interfaces -- -j8 -l8
[1.159s] Invoking command in '/home/nakarin/RoboticsDev/build/turtlesim_plus_interfaces': CMAKE_PREFIX_PATH=${CMAKE_PREFIX_PATH}:/home/nakarin/RoboticsDev/install/launch_testing_examples:/home/nakarin/RoboticsDev/install/examples_rclpy_pointcloud_publisher:/home/nakarin/RoboticsDev/install/examples_rclpy_minimal_subscriber:/home/nakarin/RoboticsDev/install/examples_rclpy_minimal_service:/home/nakarin/RoboticsDev/install/examples_rclpy_minimal_publisher:/home/nakarin/RoboticsDev/install/examples_rclpy_minimal_client:/home/nakarin/RoboticsDev/install/examples_rclpy_minimal_action_server:/home/nakarin/RoboticsDev/install/examples_rclpy_minimal_action_client:/home/nakarin/RoboticsDev/install/examples_rclpy_guard_conditions:/home/nakarin/RoboticsDev/install/examples_rclpy_executors:/opt/ros/humble /usr/bin/cmake --install /home/nakarin/RoboticsDev/build/turtlesim_plus_interfaces
[1.174s] -- Install configuration: ""
[1.175s] -- Up-to-date: /home/nakarin/RoboticsDev/install/turtlesim_plus_interfaces/share/ament_index/resource_index/rosidl_interfaces/turtlesim_plus_interfaces
[1.175s] -- Up-to-date: /home/nakarin/RoboticsDev/install/turtlesim_plus_interfaces/include/turtlesim_plus_interfaces/turtlesim_plus_interfaces
[1.175s] -- Up-to-date: /home/nakarin/RoboticsDev/install/turtlesim_plus_interfaces/include/turtlesim_plus_interfaces/turtlesim_plus_interfaces/action
[1.175s] -- Up-to-date: /home/nakarin/RoboticsDev/install/turtlesim_plus_interfaces/include/turtlesim_plus_interfaces/turtlesim_plus_interfaces/action/detail
[1.176s] -- Up-to-date: /home/nakarin/RoboticsDev/install/turtlesim_plus_interfaces/include/turtlesim_plus_interfaces/turtlesim_plus_interfaces/action/detail/get_data__functions.c
[1.176s] -- Up-to-date: /home/nakarin/RoboticsDev/install/turtlesim_plus_interfaces/include/turtlesim_plus_interfaces/turtlesim_plus_interfaces/action/detail/get_data__struct.h
[1.176s] -- Up-to-date: /home/nakarin/RoboticsDev/install/turtlesim_plus_interfaces/include/turtlesim_plus_interfaces/turtlesim_plus_interfaces/action/detail/get_data__functions.h
[1.176s] -- Up-to-date: /home/nakarin/RoboticsDev/install/turtlesim_plus_interfaces/include/turtlesim_plus_interfaces/turtlesim_plus_interfaces/action/detail/get_data__type_support.h
[1.177s] -- Up-to-date: /home/nakarin/RoboticsDev/install/turtlesim_plus_interfaces/include/turtlesim_plus_interfaces/turtlesim_plus_interfaces/action/get_data.h
[1.177s] -- Up-to-date: /home/nakarin/RoboticsDev/install/turtlesim_plus_interfaces/include/turtlesim_plus_interfaces/turtlesim_plus_interfaces/msg
[1.178s] -- Up-to-date: /home/nakarin/RoboticsDev/install/turtlesim_plus_interfaces/include/turtlesim_plus_interfaces/turtlesim_plus_interfaces/msg/rosidl_generator_c__visibility_control.h
[1.178s] -- Up-to-date: /home/nakarin/RoboticsDev/install/turtlesim_plus_interfaces/include/turtlesim_plus_interfaces/turtlesim_plus_interfaces/msg/scanner_data_array.h
[1.178s] -- Up-to-date: /home/nakarin/RoboticsDev/install/turtlesim_plus_interfaces/include/turtlesim_plus_interfaces/turtlesim_plus_interfaces/msg/detail
[1.179s] -- Up-to-date: /home/nakarin/RoboticsDev/install/turtlesim_plus_interfaces/include/turtlesim_plus_interfaces/turtlesim_plus_interfaces/msg/detail/scanner_data_array__functions.c
[1.179s] -- Up-to-date: /home/nakarin/RoboticsDev/install/turtlesim_plus_interfaces/include/turtlesim_plus_interfaces/turtlesim_plus_interfaces/msg/detail/scanner_data__functions.c
[1.179s] -- Up-to-date: /home/nakarin/RoboticsDev/install/turtlesim_plus_interfaces/include/turtlesim_plus_interfaces/turtlesim_plus_interfaces/msg/detail/scanner_data_array__struct.h
[1.179s] -- Up-to-date: /home/nakarin/RoboticsDev/install/turtlesim_plus_interfaces/include/turtlesim_plus_interfaces/turtlesim_plus_interfaces/msg/detail/scanner_data__functions.h
[1.180s] -- Up-to-date: /home/nakarin/RoboticsDev/install/turtlesim_plus_interfaces/include/turtlesim_plus_interfaces/turtlesim_plus_interfaces/msg/detail/scanner_data_array__type_support.h
[1.180s] -- Up-to-date: /home/nakarin/RoboticsDev/install/turtlesim_plus_interfaces/include/turtlesim_plus_interfaces/turtlesim_plus_interfaces/msg/detail/scanner_data__struct.h
[1.180s] -- Up-to-date: /home/nakarin/RoboticsDev/install/turtlesim_plus_interfaces/include/turtlesim_plus_interfaces/turtlesim_plus_interfaces/msg/detail/scanner_data_array__functions.h
[1.180s] -- Up-to-date: /home/nakarin/RoboticsDev/install/turtlesim_plus_interfaces/include/turtlesim_plus_interfaces/turtlesim_plus_interfaces/msg/detail/scanner_data__type_support.h
[1.180s] -- Up-to-date: /home/nakarin/RoboticsDev/install/turtlesim_plus_interfaces/include/turtlesim_plus_interfaces/turtlesim_plus_interfaces/msg/scanner_data.h
[1.180s] -- Up-to-date: /home/nakarin/RoboticsDev/install/turtlesim_plus_interfaces/include/turtlesim_plus_interfaces/turtlesim_plus_interfaces/srv
[1.181s] -- Up-to-date: /home/nakarin/RoboticsDev/install/turtlesim_plus_interfaces/include/turtlesim_plus_interfaces/turtlesim_plus_interfaces/srv/detail
[1.181s] -- Up-to-date: /home/nakarin/RoboticsDev/install/turtlesim_plus_interfaces/include/turtlesim_plus_interfaces/turtlesim_plus_interfaces/srv/detail/give_position__struct.h
[1.181s] -- Up-to-date: /home/nakarin/RoboticsDev/install/turtlesim_plus_interfaces/include/turtlesim_plus_interfaces/turtlesim_plus_interfaces/srv/detail/give_position__functions.h
[1.182s] -- Up-to-date: /home/nakarin/RoboticsDev/install/turtlesim_plus_interfaces/include/turtlesim_plus_interfaces/turtlesim_plus_interfaces/srv/detail/give_position__functions.c
[1.182s] -- Up-to-date: /home/nakarin/RoboticsDev/install/turtlesim_plus_interfaces/include/turtlesim_plus_interfaces/turtlesim_plus_interfaces/srv/detail/give_position__type_support.h
[1.183s] -- Up-to-date: /home/nakarin/RoboticsDev/install/turtlesim_plus_interfaces/include/turtlesim_plus_interfaces/turtlesim_plus_interfaces/srv/give_position.h
[1.183s] -- Up-to-date: /home/nakarin/RoboticsDev/install/turtlesim_plus_interfaces/share/turtlesim_plus_interfaces/environment/library_path.sh
[1.184s] -- Up-to-date: /home/nakarin/RoboticsDev/install/turtlesim_plus_interfaces/share/turtlesim_plus_interfaces/environment/library_path.dsv
[1.184s] -- Up-to-date: /home/nakarin/RoboticsDev/install/turtlesim_plus_interfaces/lib/libturtlesim_plus_interfaces__rosidl_generator_c.so
[1.184s] -- Up-to-date: /home/nakarin/RoboticsDev/install/turtlesim_plus_interfaces/include/turtlesim_plus_interfaces/turtlesim_plus_interfaces
[1.184s] -- Up-to-date: /home/nakarin/RoboticsDev/install/turtlesim_plus_interfaces/include/turtlesim_plus_interfaces/turtlesim_plus_interfaces/action
[1.184s] -- Up-to-date: /home/nakarin/RoboticsDev/install/turtlesim_plus_interfaces/include/turtlesim_plus_interfaces/turtlesim_plus_interfaces/action/detail
[1.184s] -- Up-to-date: /home/nakarin/RoboticsDev/install/turtlesim_plus_interfaces/include/turtlesim_plus_interfaces/turtlesim_plus_interfaces/action/detail/get_data__rosidl_typesupport_fastrtps_c.h
[1.185s] -- Up-to-date: /home/nakarin/RoboticsDev/install/turtlesim_plus_interfaces/include/turtlesim_plus_interfaces/turtlesim_plus_interfaces/msg
[1.185s] -- Up-to-date: /home/nakarin/RoboticsDev/install/turtlesim_plus_interfaces/include/turtlesim_plus_interfaces/turtlesim_plus_interfaces/msg/detail
[1.185s] -- Up-to-date: /home/nakarin/RoboticsDev/install/turtlesim_plus_interfaces/include/turtlesim_plus_interfaces/turtlesim_plus_interfaces/msg/detail/scanner_data__rosidl_typesupport_fastrtps_c.h
[1.185s] -- Up-to-date: /home/nakarin/RoboticsDev/install/turtlesim_plus_interfaces/include/turtlesim_plus_interfaces/turtlesim_plus_interfaces/msg/detail/scanner_data_array__rosidl_typesupport_fastrtps_c.h
[1.186s] -- Up-to-date: /home/nakarin/RoboticsDev/install/turtlesim_plus_interfaces/include/turtlesim_plus_interfaces/turtlesim_plus_interfaces/msg/rosidl_typesupport_fastrtps_c__visibility_control.h
[1.186s] -- Up-to-date: /home/nakarin/RoboticsDev/install/turtlesim_plus_interfaces/include/turtlesim_plus_interfaces/turtlesim_plus_interfaces/srv
[1.186s] -- Up-to-date: /home/nakarin/RoboticsDev/install/turtlesim_plus_interfaces/include/turtlesim_plus_interfaces/turtlesim_plus_interfaces/srv/detail
[1.186s] -- Up-to-date: /home/nakarin/RoboticsDev/install/turtlesim_plus_interfaces/include/turtlesim_plus_interfaces/turtlesim_plus_interfaces/srv/detail/give_position__rosidl_typesupport_fastrtps_c.h
[1.186s] -- Up-to-date: /home/nakarin/RoboticsDev/install/turtlesim_plus_interfaces/lib/libturtlesim_plus_interfaces__rosidl_typesupport_fastrtps_c.so
[1.186s] -- Up-to-date: /home/nakarin/RoboticsDev/install/turtlesim_plus_interfaces/include/turtlesim_plus_interfaces/turtlesim_plus_interfaces
[1.187s] -- Up-to-date: /home/nakarin/RoboticsDev/install/turtlesim_plus_interfaces/include/turtlesim_plus_interfaces/turtlesim_plus_interfaces/action
[1.187s] -- Up-to-date: /home/nakarin/RoboticsDev/install/turtlesim_plus_interfaces/include/turtlesim_plus_interfaces/turtlesim_plus_interfaces/action/detail
[1.187s] -- Up-to-date: /home/nakarin/RoboticsDev/install/turtlesim_plus_interfaces/include/turtlesim_plus_interfaces/turtlesim_plus_interfaces/action/detail/get_data__type_support.c
[1.187s] -- Up-to-date: /home/nakarin/RoboticsDev/install/turtlesim_plus_interfaces/include/turtlesim_plus_interfaces/turtlesim_plus_interfaces/action/detail/get_data__rosidl_typesupport_introspection_c.h
[1.187s] -- Up-to-date: /home/nakarin/RoboticsDev/install/turtlesim_plus_interfaces/include/turtlesim_plus_interfaces/turtlesim_plus_interfaces/msg
[1.187s] -- Up-to-date: /home/nakarin/RoboticsDev/install/turtlesim_plus_interfaces/include/turtlesim_plus_interfaces/turtlesim_plus_interfaces/msg/detail
[1.187s] -- Up-to-date: /home/nakarin/RoboticsDev/install/turtlesim_plus_interfaces/include/turtlesim_plus_interfaces/turtlesim_plus_interfaces/msg/detail/scanner_data__rosidl_typesupport_introspection_c.h
[1.187s] -- Up-to-date: /home/nakarin/RoboticsDev/install/turtlesim_plus_interfaces/include/turtlesim_plus_interfaces/turtlesim_plus_interfaces/msg/detail/scanner_data_array__type_support.c
[1.187s] -- Up-to-date: /home/nakarin/RoboticsDev/install/turtlesim_plus_interfaces/include/turtlesim_plus_interfaces/turtlesim_plus_interfaces/msg/detail/scanner_data_array__rosidl_typesupport_introspection_c.h
[1.188s] -- Up-to-date: /home/nakarin/RoboticsDev/install/turtlesim_plus_interfaces/include/turtlesim_plus_interfaces/turtlesim_plus_interfaces/msg/detail/scanner_data__type_support.c
[1.188s] -- Up-to-date: /home/nakarin/RoboticsDev/install/turtlesim_plus_interfaces/include/turtlesim_plus_interfaces/turtlesim_plus_interfaces/msg/rosidl_typesupport_introspection_c__visibility_control.h
[1.188s] -- Up-to-date: /home/nakarin/RoboticsDev/install/turtlesim_plus_interfaces/include/turtlesim_plus_interfaces/turtlesim_plus_interfaces/srv
[1.188s] -- Up-to-date: /home/nakarin/RoboticsDev/install/turtlesim_plus_interfaces/include/turtlesim_plus_interfaces/turtlesim_plus_interfaces/srv/detail
[1.188s] -- Up-to-date: /home/nakarin/RoboticsDev/install/turtlesim_plus_interfaces/include/turtlesim_plus_interfaces/turtlesim_plus_interfaces/srv/detail/give_position__rosidl_typesupport_introspection_c.h
[1.188s] -- Up-to-date: /home/nakarin/RoboticsDev/install/turtlesim_plus_interfaces/include/turtlesim_plus_interfaces/turtlesim_plus_interfaces/srv/detail/give_position__type_support.c
[1.188s] -- Up-to-date: /home/nakarin/RoboticsDev/install/turtlesim_plus_interfaces/lib/libturtlesim_plus_interfaces__rosidl_typesupport_introspection_c.so
[1.188s] -- Up-to-date: /home/nakarin/RoboticsDev/install/turtlesim_plus_interfaces/lib/libturtlesim_plus_interfaces__rosidl_typesupport_c.so
[1.188s] -- Up-to-date: /home/nakarin/RoboticsDev/install/turtlesim_plus_interfaces/include/turtlesim_plus_interfaces/turtlesim_plus_interfaces
[1.189s] -- Up-to-date: /home/nakarin/RoboticsDev/install/turtlesim_plus_interfaces/include/turtlesim_plus_interfaces/turtlesim_plus_interfaces/action
[1.189s] -- Up-to-date: /home/nakarin/RoboticsDev/install/turtlesim_plus_interfaces/include/turtlesim_plus_interfaces/turtlesim_plus_interfaces/action/get_data.hpp
[1.189s] -- Up-to-date: /home/nakarin/RoboticsDev/install/turtlesim_plus_interfaces/include/turtlesim_plus_interfaces/turtlesim_plus_interfaces/action/detail
[1.189s] -- Up-to-date: /home/nakarin/RoboticsDev/install/turtlesim_plus_interfaces/include/turtlesim_plus_interfaces/turtlesim_plus_interfaces/action/detail/get_data__struct.hpp
[1.189s] -- Up-to-date: /home/nakarin/RoboticsDev/install/turtlesim_plus_interfaces/include/turtlesim_plus_interfaces/turtlesim_plus_interfaces/action/detail/get_data__traits.hpp
[1.189s] -- Up-to-date: /home/nakarin/RoboticsDev/install/turtlesim_plus_interfaces/include/turtlesim_plus_interfaces/turtlesim_plus_interfaces/action/detail/get_data__builder.hpp
[1.189s] -- Up-to-date: /home/nakarin/RoboticsDev/install/turtlesim_plus_interfaces/include/turtlesim_plus_interfaces/turtlesim_plus_interfaces/msg
[1.189s] -- Up-to-date: /home/nakarin/RoboticsDev/install/turtlesim_plus_interfaces/include/turtlesim_plus_interfaces/turtlesim_plus_interfaces/msg/scanner_data_array.hpp
[1.189s] -- Up-to-date: /home/nakarin/RoboticsDev/install/turtlesim_plus_interfaces/include/turtlesim_plus_interfaces/turtlesim_plus_interfaces/msg/detail
[1.189s] -- Up-to-date: /home/nakarin/RoboticsDev/install/turtlesim_plus_interfaces/include/turtlesim_plus_interfaces/turtlesim_plus_interfaces/msg/detail/scanner_data_array__traits.hpp
[1.190s] -- Up-to-date: /home/nakarin/RoboticsDev/install/turtlesim_plus_interfaces/include/turtlesim_plus_interfaces/turtlesim_plus_interfaces/msg/detail/scanner_data__struct.hpp
[1.190s] -- Up-to-date: /home/nakarin/RoboticsDev/install/turtlesim_plus_interfaces/include/turtlesim_plus_interfaces/turtlesim_plus_interfaces/msg/detail/scanner_data__traits.hpp
[1.190s] -- Up-to-date: /home/nakarin/RoboticsDev/install/turtlesim_plus_interfaces/include/turtlesim_plus_interfaces/turtlesim_plus_interfaces/msg/detail/scanner_data__builder.hpp
[1.190s] -- Up-to-date: /home/nakarin/RoboticsDev/install/turtlesim_plus_interfaces/include/turtlesim_plus_interfaces/turtlesim_plus_interfaces/msg/detail/scanner_data_array__builder.hpp
[1.190s] -- Up-to-date: /home/nakarin/RoboticsDev/install/turtlesim_plus_interfaces/include/turtlesim_plus_interfaces/turtlesim_plus_interfaces/msg/detail/scanner_data_array__struct.hpp
[1.190s] -- Up-to-date: /home/nakarin/RoboticsDev/install/turtlesim_plus_interfaces/include/turtlesim_plus_interfaces/turtlesim_plus_interfaces/msg/scanner_data.hpp
[1.190s] -- Up-to-date: /home/nakarin/RoboticsDev/install/turtlesim_plus_interfaces/include/turtlesim_plus_interfaces/turtlesim_plus_interfaces/srv
[1.190s] -- Up-to-date: /home/nakarin/RoboticsDev/install/turtlesim_plus_interfaces/include/turtlesim_plus_interfaces/turtlesim_plus_interfaces/srv/detail
[1.190s] -- Up-to-date: /home/nakarin/RoboticsDev/install/turtlesim_plus_interfaces/include/turtlesim_plus_interfaces/turtlesim_plus_interfaces/srv/detail/give_position__traits.hpp
[1.190s] -- Up-to-date: /home/nakarin/RoboticsDev/install/turtlesim_plus_interfaces/include/turtlesim_plus_interfaces/turtlesim_plus_interfaces/srv/detail/give_position__builder.hpp
[1.191s] -- Up-to-date: /home/nakarin/RoboticsDev/install/turtlesim_plus_interfaces/include/turtlesim_plus_interfaces/turtlesim_plus_interfaces/srv/detail/give_position__struct.hpp
[1.191s] -- Up-to-date: /home/nakarin/RoboticsDev/install/turtlesim_plus_interfaces/include/turtlesim_plus_interfaces/turtlesim_plus_interfaces/srv/give_position.hpp
[1.191s] -- Up-to-date: /home/nakarin/RoboticsDev/install/turtlesim_plus_interfaces/include/turtlesim_plus_interfaces/turtlesim_plus_interfaces
[1.191s] -- Up-to-date: /home/nakarin/RoboticsDev/install/turtlesim_plus_interfaces/include/turtlesim_plus_interfaces/turtlesim_plus_interfaces/action
[1.191s] -- Up-to-date: /home/nakarin/RoboticsDev/install/turtlesim_plus_interfaces/include/turtlesim_plus_interfaces/turtlesim_plus_interfaces/action/detail
[1.191s] -- Up-to-date: /home/nakarin/RoboticsDev/install/turtlesim_plus_interfaces/include/turtlesim_plus_interfaces/turtlesim_plus_interfaces/action/detail/get_data__rosidl_typesupport_fastrtps_cpp.hpp
[1.191s] -- Up-to-date: /home/nakarin/RoboticsDev/install/turtlesim_plus_interfaces/include/turtlesim_plus_interfaces/turtlesim_plus_interfaces/action/detail/dds_fastrtps
[1.192s] -- Up-to-date: /home/nakarin/RoboticsDev/install/turtlesim_plus_interfaces/include/turtlesim_plus_interfaces/turtlesim_plus_interfaces/msg
[1.192s] -- Up-to-date: /home/nakarin/RoboticsDev/install/turtlesim_plus_interfaces/include/turtlesim_plus_interfaces/turtlesim_plus_interfaces/msg/detail
[1.192s] -- Up-to-date: /home/nakarin/RoboticsDev/install/turtlesim_plus_interfaces/include/turtlesim_plus_interfaces/turtlesim_plus_interfaces/msg/detail/scanner_data__rosidl_typesupport_fastrtps_cpp.hpp
[1.192s] -- Up-to-date: /home/nakarin/RoboticsDev/install/turtlesim_plus_interfaces/include/turtlesim_plus_interfaces/turtlesim_plus_interfaces/msg/detail/dds_fastrtps
[1.192s] -- Up-to-date: /home/nakarin/RoboticsDev/install/turtlesim_plus_interfaces/include/turtlesim_plus_interfaces/turtlesim_plus_interfaces/msg/detail/scanner_data_array__rosidl_typesupport_fastrtps_cpp.hpp
[1.192s] -- Up-to-date: /home/nakarin/RoboticsDev/install/turtlesim_plus_interfaces/include/turtlesim_plus_interfaces/turtlesim_plus_interfaces/msg/rosidl_typesupport_fastrtps_cpp__visibility_control.h
[1.192s] -- Up-to-date: /home/nakarin/RoboticsDev/install/turtlesim_plus_interfaces/include/turtlesim_plus_interfaces/turtlesim_plus_interfaces/srv
[1.192s] -- Up-to-date: /home/nakarin/RoboticsDev/install/turtlesim_plus_interfaces/include/turtlesim_plus_interfaces/turtlesim_plus_interfaces/srv/detail
[1.192s] -- Up-to-date: /home/nakarin/RoboticsDev/install/turtlesim_plus_interfaces/include/turtlesim_plus_interfaces/turtlesim_plus_interfaces/srv/detail/give_position__rosidl_typesupport_fastrtps_cpp.hpp
[1.192s] -- Up-to-date: /home/nakarin/RoboticsDev/install/turtlesim_plus_interfaces/include/turtlesim_plus_interfaces/turtlesim_plus_interfaces/srv/detail/dds_fastrtps
[1.192s] -- Up-to-date: /home/nakarin/RoboticsDev/install/turtlesim_plus_interfaces/lib/libturtlesim_plus_interfaces__rosidl_typesupport_fastrtps_cpp.so
[1.193s] -- Up-to-date: /home/nakarin/RoboticsDev/install/turtlesim_plus_interfaces/include/turtlesim_plus_interfaces/turtlesim_plus_interfaces
[1.193s] -- Up-to-date: /home/nakarin/RoboticsDev/install/turtlesim_plus_interfaces/include/turtlesim_plus_interfaces/turtlesim_plus_interfaces/action
[1.193s] -- Up-to-date: /home/nakarin/RoboticsDev/install/turtlesim_plus_interfaces/include/turtlesim_plus_interfaces/turtlesim_plus_interfaces/action/detail
[1.193s] -- Up-to-date: /home/nakarin/RoboticsDev/install/turtlesim_plus_interfaces/include/turtlesim_plus_interfaces/turtlesim_plus_interfaces/action/detail/get_data__rosidl_typesupport_introspection_cpp.hpp
[1.193s] -- Up-to-date: /home/nakarin/RoboticsDev/install/turtlesim_plus_interfaces/include/turtlesim_plus_interfaces/turtlesim_plus_interfaces/action/detail/get_data__type_support.cpp
[1.193s] -- Up-to-date: /home/nakarin/RoboticsDev/install/turtlesim_plus_interfaces/include/turtlesim_plus_interfaces/turtlesim_plus_interfaces/msg
[1.194s] -- Up-to-date: /home/nakarin/RoboticsDev/install/turtlesim_plus_interfaces/include/turtlesim_plus_interfaces/turtlesim_plus_interfaces/msg/detail
[1.194s] -- Up-to-date: /home/nakarin/RoboticsDev/install/turtlesim_plus_interfaces/include/turtlesim_plus_interfaces/turtlesim_plus_interfaces/msg/detail/scanner_data_array__rosidl_typesupport_introspection_cpp.hpp
[1.194s] -- Up-to-date: /home/nakarin/RoboticsDev/install/turtlesim_plus_interfaces/include/turtlesim_plus_interfaces/turtlesim_plus_interfaces/msg/detail/scanner_data_array__type_support.cpp
[1.194s] -- Up-to-date: /home/nakarin/RoboticsDev/install/turtlesim_plus_interfaces/include/turtlesim_plus_interfaces/turtlesim_plus_interfaces/msg/detail/scanner_data__type_support.cpp
[1.194s] -- Up-to-date: /home/nakarin/RoboticsDev/install/turtlesim_plus_interfaces/include/turtlesim_plus_interfaces/turtlesim_plus_interfaces/msg/detail/scanner_data__rosidl_typesupport_introspection_cpp.hpp
[1.194s] -- Up-to-date: /home/nakarin/RoboticsDev/install/turtlesim_plus_interfaces/include/turtlesim_plus_interfaces/turtlesim_plus_interfaces/srv
[1.194s] -- Up-to-date: /home/nakarin/RoboticsDev/install/turtlesim_plus_interfaces/include/turtlesim_plus_interfaces/turtlesim_plus_interfaces/srv/detail
[1.194s] -- Up-to-date: /home/nakarin/RoboticsDev/install/turtlesim_plus_interfaces/include/turtlesim_plus_interfaces/turtlesim_plus_interfaces/srv/detail/give_position__rosidl_typesupport_introspection_cpp.hpp
[1.194s] -- Up-to-date: /home/nakarin/RoboticsDev/install/turtlesim_plus_interfaces/include/turtlesim_plus_interfaces/turtlesim_plus_interfaces/srv/detail/give_position__type_support.cpp
[1.195s] -- Up-to-date: /home/nakarin/RoboticsDev/install/turtlesim_plus_interfaces/lib/libturtlesim_plus_interfaces__rosidl_typesupport_introspection_cpp.so
[1.195s] -- Up-to-date: /home/nakarin/RoboticsDev/install/turtlesim_plus_interfaces/lib/libturtlesim_plus_interfaces__rosidl_typesupport_cpp.so
[1.195s] -- Up-to-date: /home/nakarin/RoboticsDev/install/turtlesim_plus_interfaces/share/turtlesim_plus_interfaces/environment/pythonpath.sh
[1.195s] -- Up-to-date: /home/nakarin/RoboticsDev/install/turtlesim_plus_interfaces/share/turtlesim_plus_interfaces/environment/pythonpath.dsv
[1.195s] -- Up-to-date: /home/nakarin/RoboticsDev/install/turtlesim_plus_interfaces/local/lib/python3.10/dist-packages/turtlesim_plus_interfaces-0.0.0-py3.10.egg-info
[1.195s] -- Installing: /home/nakarin/RoboticsDev/install/turtlesim_plus_interfaces/local/lib/python3.10/dist-packages/turtlesim_plus_interfaces-0.0.0-py3.10.egg-info/dependency_links.txt
[1.195s] -- Installing: /home/nakarin/RoboticsDev/install/turtlesim_plus_interfaces/local/lib/python3.10/dist-packages/turtlesim_plus_interfaces-0.0.0-py3.10.egg-info/SOURCES.txt
[1.196s] -- Installing: /home/nakarin/RoboticsDev/install/turtlesim_plus_interfaces/local/lib/python3.10/dist-packages/turtlesim_plus_interfaces-0.0.0-py3.10.egg-info/PKG-INFO
[1.196s] -- Installing: /home/nakarin/RoboticsDev/install/turtlesim_plus_interfaces/local/lib/python3.10/dist-packages/turtlesim_plus_interfaces-0.0.0-py3.10.egg-info/top_level.txt
[1.196s] -- Up-to-date: /home/nakarin/RoboticsDev/install/turtlesim_plus_interfaces/local/lib/python3.10/dist-packages/turtlesim_plus_interfaces
[1.196s] -- Up-to-date: /home/nakarin/RoboticsDev/install/turtlesim_plus_interfaces/local/lib/python3.10/dist-packages/turtlesim_plus_interfaces/turtlesim_plus_interfaces_s__rosidl_typesupport_c.cpython-310-x86_64-linux-gnu.so
[1.196s] -- Up-to-date: /home/nakarin/RoboticsDev/install/turtlesim_plus_interfaces/local/lib/python3.10/dist-packages/turtlesim_plus_interfaces/_turtlesim_plus_interfaces_s.ep.rosidl_typesupport_introspection_c.c
[1.196s] -- Up-to-date: /home/nakarin/RoboticsDev/install/turtlesim_plus_interfaces/local/lib/python3.10/dist-packages/turtlesim_plus_interfaces/action
[1.196s] -- Up-to-date: /home/nakarin/RoboticsDev/install/turtlesim_plus_interfaces/local/lib/python3.10/dist-packages/turtlesim_plus_interfaces/action/_get_data_s.c
[1.196s] -- Up-to-date: /home/nakarin/RoboticsDev/install/turtlesim_plus_interfaces/local/lib/python3.10/dist-packages/turtlesim_plus_interfaces/action/_get_data.py
[1.196s] -- Up-to-date: /home/nakarin/RoboticsDev/install/turtlesim_plus_interfaces/local/lib/python3.10/dist-packages/turtlesim_plus_interfaces/action/__init__.py
[1.197s] -- Up-to-date: /home/nakarin/RoboticsDev/install/turtlesim_plus_interfaces/local/lib/python3.10/dist-packages/turtlesim_plus_interfaces/turtlesim_plus_interfaces_s__rosidl_typesupport_fastrtps_c.cpython-310-x86_64-linux-gnu.so
[1.197s] -- Up-to-date: /home/nakarin/RoboticsDev/install/turtlesim_plus_interfaces/local/lib/python3.10/dist-packages/turtlesim_plus_interfaces/__init__.py
[1.197s] -- Up-to-date: /home/nakarin/RoboticsDev/install/turtlesim_plus_interfaces/local/lib/python3.10/dist-packages/turtlesim_plus_interfaces/msg
[1.197s] -- Up-to-date: /home/nakarin/RoboticsDev/install/turtlesim_plus_interfaces/local/lib/python3.10/dist-packages/turtlesim_plus_interfaces/msg/_scanner_data_array.py
[1.197s] -- Up-to-date: /home/nakarin/RoboticsDev/install/turtlesim_plus_interfaces/local/lib/python3.10/dist-packages/turtlesim_plus_interfaces/msg/__init__.py
[1.197s] -- Up-to-date: /home/nakarin/RoboticsDev/install/turtlesim_plus_interfaces/local/lib/python3.10/dist-packages/turtlesim_plus_interfaces/msg/_scanner_data.py
[1.198s] -- Up-to-date: /home/nakarin/RoboticsDev/install/turtlesim_plus_interfaces/local/lib/python3.10/dist-packages/turtlesim_plus_interfaces/msg/_scanner_data_s.c
[1.198s] -- Up-to-date: /home/nakarin/RoboticsDev/install/turtlesim_plus_interfaces/local/lib/python3.10/dist-packages/turtlesim_plus_interfaces/msg/_scanner_data_array_s.c
[1.198s] -- Up-to-date: /home/nakarin/RoboticsDev/install/turtlesim_plus_interfaces/local/lib/python3.10/dist-packages/turtlesim_plus_interfaces/turtlesim_plus_interfaces_s__rosidl_typesupport_introspection_c.cpython-310-x86_64-linux-gnu.so
[1.198s] -- Up-to-date: /home/nakarin/RoboticsDev/install/turtlesim_plus_interfaces/local/lib/python3.10/dist-packages/turtlesim_plus_interfaces/srv
[1.198s] -- Up-to-date: /home/nakarin/RoboticsDev/install/turtlesim_plus_interfaces/local/lib/python3.10/dist-packages/turtlesim_plus_interfaces/srv/_give_position.py
[1.198s] -- Up-to-date: /home/nakarin/RoboticsDev/install/turtlesim_plus_interfaces/local/lib/python3.10/dist-packages/turtlesim_plus_interfaces/srv/_give_position_s.c
[1.198s] -- Up-to-date: /home/nakarin/RoboticsDev/install/turtlesim_plus_interfaces/local/lib/python3.10/dist-packages/turtlesim_plus_interfaces/srv/__init__.py
[1.199s] -- Up-to-date: /home/nakarin/RoboticsDev/install/turtlesim_plus_interfaces/local/lib/python3.10/dist-packages/turtlesim_plus_interfaces/_turtlesim_plus_interfaces_s.ep.rosidl_typesupport_c.c
[1.199s] -- Up-to-date: /home/nakarin/RoboticsDev/install/turtlesim_plus_interfaces/local/lib/python3.10/dist-packages/turtlesim_plus_interfaces/_turtlesim_plus_interfaces_s.ep.rosidl_typesupport_fastrtps_c.c
[1.199s] -- Up-to-date: /home/nakarin/RoboticsDev/install/turtlesim_plus_interfaces/local/lib/python3.10/dist-packages/turtlesim_plus_interfaces/libturtlesim_plus_interfaces__rosidl_generator_py.so
[1.270s] Listing '/home/nakarin/RoboticsDev/install/turtlesim_plus_interfaces/local/lib/python3.10/dist-packages/turtlesim_plus_interfaces'...
[1.270s] Listing '/home/nakarin/RoboticsDev/install/turtlesim_plus_interfaces/local/lib/python3.10/dist-packages/turtlesim_plus_interfaces/action'...
[1.270s] Listing '/home/nakarin/RoboticsDev/install/turtlesim_plus_interfaces/local/lib/python3.10/dist-packages/turtlesim_plus_interfaces/msg'...
[1.270s] Listing '/home/nakarin/RoboticsDev/install/turtlesim_plus_interfaces/local/lib/python3.10/dist-packages/turtlesim_plus_interfaces/srv'...
[1.280s] -- Up-to-date: /home/nakarin/RoboticsDev/install/turtlesim_plus_interfaces/local/lib/python3.10/dist-packages/turtlesim_plus_interfaces/turtlesim_plus_interfaces_s__rosidl_typesupport_fastrtps_c.cpython-310-x86_64-linux-gnu.so
[1.281s] -- Up-to-date: /home/nakarin/RoboticsDev/install/turtlesim_plus_interfaces/local/lib/python3.10/dist-packages/turtlesim_plus_interfaces/turtlesim_plus_interfaces_s__rosidl_typesupport_introspection_c.cpython-310-x86_64-linux-gnu.so
[1.281s] -- Up-to-date: /home/nakarin/RoboticsDev/install/turtlesim_plus_interfaces/local/lib/python3.10/dist-packages/turtlesim_plus_interfaces/turtlesim_plus_interfaces_s__rosidl_typesupport_c.cpython-310-x86_64-linux-gnu.so
[1.282s] -- Up-to-date: /home/nakarin/RoboticsDev/install/turtlesim_plus_interfaces/lib/libturtlesim_plus_interfaces__rosidl_generator_py.so
[1.282s] -- Up-to-date: /home/nakarin/RoboticsDev/install/turtlesim_plus_interfaces/share/turtlesim_plus_interfaces/msg/ScannerData.idl
[1.282s] -- Up-to-date: /home/nakarin/RoboticsDev/install/turtlesim_plus_interfaces/share/turtlesim_plus_interfaces/msg/ScannerDataArray.idl
[1.283s] -- Up-to-date: /home/nakarin/RoboticsDev/install/turtlesim_plus_interfaces/share/turtlesim_plus_interfaces/srv/GivePosition.idl
[1.283s] -- Up-to-date: /home/nakarin/RoboticsDev/install/turtlesim_plus_interfaces/share/turtlesim_plus_interfaces/action/GetData.idl
[1.283s] -- Up-to-date: /home/nakarin/RoboticsDev/install/turtlesim_plus_interfaces/share/turtlesim_plus_interfaces/msg/ScannerData.msg
[1.283s] -- Up-to-date: /home/nakarin/RoboticsDev/install/turtlesim_plus_interfaces/share/turtlesim_plus_interfaces/msg/ScannerDataArray.msg
[1.283s] -- Up-to-date: /home/nakarin/RoboticsDev/install/turtlesim_plus_interfaces/share/turtlesim_plus_interfaces/srv/GivePosition.srv
[1.283s] -- Up-to-date: /home/nakarin/RoboticsDev/install/turtlesim_plus_interfaces/share/turtlesim_plus_interfaces/srv/GivePosition_Request.msg
[1.284s] -- Up-to-date: /home/nakarin/RoboticsDev/install/turtlesim_plus_interfaces/share/turtlesim_plus_interfaces/srv/GivePosition_Response.msg
[1.284s] -- Up-to-date: /home/nakarin/RoboticsDev/install/turtlesim_plus_interfaces/share/turtlesim_plus_interfaces/action/GetData.action
[1.284s] -- Up-to-date: /home/nakarin/RoboticsDev/install/turtlesim_plus_interfaces/share/ament_index/resource_index/package_run_dependencies/turtlesim_plus_interfaces
[1.284s] -- Up-to-date: /home/nakarin/RoboticsDev/install/turtlesim_plus_interfaces/share/ament_index/resource_index/parent_prefix_path/turtlesim_plus_interfaces
[1.284s] -- Up-to-date: /home/nakarin/RoboticsDev/install/turtlesim_plus_interfaces/share/turtlesim_plus_interfaces/environment/ament_prefix_path.sh
[1.284s] -- Up-to-date: /home/nakarin/RoboticsDev/install/turtlesim_plus_interfaces/share/turtlesim_plus_interfaces/environment/ament_prefix_path.dsv
[1.285s] -- Up-to-date: /home/nakarin/RoboticsDev/install/turtlesim_plus_interfaces/share/turtlesim_plus_interfaces/environment/path.sh
[1.285s] -- Up-to-date: /home/nakarin/RoboticsDev/install/turtlesim_plus_interfaces/share/turtlesim_plus_interfaces/environment/path.dsv
[1.285s] -- Up-to-date: /home/nakarin/RoboticsDev/install/turtlesim_plus_interfaces/share/turtlesim_plus_interfaces/local_setup.bash
[1.285s] -- Up-to-date: /home/nakarin/RoboticsDev/install/turtlesim_plus_interfaces/share/turtlesim_plus_interfaces/local_setup.sh
[1.285s] -- Up-to-date: /home/nakarin/RoboticsDev/install/turtlesim_plus_interfaces/share/turtlesim_plus_interfaces/local_setup.zsh
[1.285s] -- Up-to-date: /home/nakarin/RoboticsDev/install/turtlesim_plus_interfaces/share/turtlesim_plus_interfaces/local_setup.dsv
[1.285s] -- Installing: /home/nakarin/RoboticsDev/install/turtlesim_plus_interfaces/share/turtlesim_plus_interfaces/package.dsv
[1.285s] -- Up-to-date: /home/nakarin/RoboticsDev/install/turtlesim_plus_interfaces/share/ament_index/resource_index/packages/turtlesim_plus_interfaces
[1.285s] -- Up-to-date: /home/nakarin/RoboticsDev/install/turtlesim_plus_interfaces/share/turtlesim_plus_interfaces/cmake/export_turtlesim_plus_interfaces__rosidl_generator_cExport.cmake
[1.285s] -- Up-to-date: /home/nakarin/RoboticsDev/install/turtlesim_plus_interfaces/share/turtlesim_plus_interfaces/cmake/export_turtlesim_plus_interfaces__rosidl_generator_cExport-noconfig.cmake
[1.286s] -- Up-to-date: /home/nakarin/RoboticsDev/install/turtlesim_plus_interfaces/share/turtlesim_plus_interfaces/cmake/export_turtlesim_plus_interfaces__rosidl_typesupport_fastrtps_cExport.cmake
[1.286s] -- Up-to-date: /home/nakarin/RoboticsDev/install/turtlesim_plus_interfaces/share/turtlesim_plus_interfaces/cmake/export_turtlesim_plus_interfaces__rosidl_typesupport_fastrtps_cExport-noconfig.cmake
[1.286s] -- Up-to-date: /home/nakarin/RoboticsDev/install/turtlesim_plus_interfaces/share/turtlesim_plus_interfaces/cmake/turtlesim_plus_interfaces__rosidl_typesupport_introspection_cExport.cmake
[1.286s] -- Up-to-date: /home/nakarin/RoboticsDev/install/turtlesim_plus_interfaces/share/turtlesim_plus_interfaces/cmake/turtlesim_plus_interfaces__rosidl_typesupport_introspection_cExport-noconfig.cmake
[1.286s] -- Up-to-date: /home/nakarin/RoboticsDev/install/turtlesim_plus_interfaces/share/turtlesim_plus_interfaces/cmake/turtlesim_plus_interfaces__rosidl_typesupport_cExport.cmake
[1.286s] -- Up-to-date: /home/nakarin/RoboticsDev/install/turtlesim_plus_interfaces/share/turtlesim_plus_interfaces/cmake/turtlesim_plus_interfaces__rosidl_typesupport_cExport-noconfig.cmake
[1.286s] -- Up-to-date: /home/nakarin/RoboticsDev/install/turtlesim_plus_interfaces/share/turtlesim_plus_interfaces/cmake/export_turtlesim_plus_interfaces__rosidl_generator_cppExport.cmake
[1.286s] -- Up-to-date: /home/nakarin/RoboticsDev/install/turtlesim_plus_interfaces/share/turtlesim_plus_interfaces/cmake/export_turtlesim_plus_interfaces__rosidl_typesupport_fastrtps_cppExport.cmake
[1.286s] -- Up-to-date: /home/nakarin/RoboticsDev/install/turtlesim_plus_interfaces/share/turtlesim_plus_interfaces/cmake/export_turtlesim_plus_interfaces__rosidl_typesupport_fastrtps_cppExport-noconfig.cmake
[1.287s] -- Up-to-date: /home/nakarin/RoboticsDev/install/turtlesim_plus_interfaces/share/turtlesim_plus_interfaces/cmake/turtlesim_plus_interfaces__rosidl_typesupport_introspection_cppExport.cmake
[1.287s] -- Up-to-date: /home/nakarin/RoboticsDev/install/turtlesim_plus_interfaces/share/turtlesim_plus_interfaces/cmake/turtlesim_plus_interfaces__rosidl_typesupport_introspection_cppExport-noconfig.cmake
[1.287s] -- Up-to-date: /home/nakarin/RoboticsDev/install/turtlesim_plus_interfaces/share/turtlesim_plus_interfaces/cmake/turtlesim_plus_interfaces__rosidl_typesupport_cppExport.cmake
[1.287s] -- Up-to-date: /home/nakarin/RoboticsDev/install/turtlesim_plus_interfaces/share/turtlesim_plus_interfaces/cmake/turtlesim_plus_interfaces__rosidl_typesupport_cppExport-noconfig.cmake
[1.287s] -- Up-to-date: /home/nakarin/RoboticsDev/install/turtlesim_plus_interfaces/share/turtlesim_plus_interfaces/cmake/export_turtlesim_plus_interfaces__rosidl_generator_pyExport.cmake
[1.287s] -- Up-to-date: /home/nakarin/RoboticsDev/install/turtlesim_plus_interfaces/share/turtlesim_plus_interfaces/cmake/export_turtlesim_plus_interfaces__rosidl_generator_pyExport-noconfig.cmake
[1.287s] -- Up-to-date: /home/nakarin/RoboticsDev/install/turtlesim_plus_interfaces/share/turtlesim_plus_interfaces/cmake/rosidl_cmake-extras.cmake
[1.287s] -- Up-to-date: /home/nakarin/RoboticsDev/install/turtlesim_plus_interfaces/share/turtlesim_plus_interfaces/cmake/ament_cmake_export_dependencies-extras.cmake
[1.287s] -- Up-to-date: /home/nakarin/RoboticsDev/install/turtlesim_plus_interfaces/share/turtlesim_plus_interfaces/cmake/ament_cmake_export_include_directories-extras.cmake
[1.287s] -- Up-to-date: /home/nakarin/RoboticsDev/install/turtlesim_plus_interfaces/share/turtlesim_plus_interfaces/cmake/ament_cmake_export_libraries-extras.cmake
[1.287s] -- Up-to-date: /home/nakarin/RoboticsDev/install/turtlesim_plus_interfaces/share/turtlesim_plus_interfaces/cmake/ament_cmake_export_targets-extras.cmake
[1.288s] -- Up-to-date: /home/nakarin/RoboticsDev/install/turtlesim_plus_interfaces/share/turtlesim_plus_interfaces/cmake/rosidl_cmake_export_typesupport_targets-extras.cmake
[1.288s] -- Up-to-date: /home/nakarin/RoboticsDev/install/turtlesim_plus_interfaces/share/turtlesim_plus_interfaces/cmake/rosidl_cmake_export_typesupport_libraries-extras.cmake
[1.288s] -- Up-to-date: /home/nakarin/RoboticsDev/install/turtlesim_plus_interfaces/share/turtlesim_plus_interfaces/cmake/turtlesim_plus_interfacesConfig.cmake
[1.288s] -- Up-to-date: /home/nakarin/RoboticsDev/install/turtlesim_plus_interfaces/share/turtlesim_plus_interfaces/cmake/turtlesim_plus_interfacesConfig-version.cmake
[1.288s] -- Up-to-date: /home/nakarin/RoboticsDev/install/turtlesim_plus_interfaces/share/turtlesim_plus_interfaces/package.xml
[1.291s] Invoked command in '/home/nakarin/RoboticsDev/build/turtlesim_plus_interfaces' returned '0': CMAKE_PREFIX_PATH=${CMAKE_PREFIX_PATH}:/home/nakarin/RoboticsDev/install/launch_testing_examples:/home/nakarin/RoboticsDev/install/examples_rclpy_pointcloud_publisher:/home/nakarin/RoboticsDev/install/examples_rclpy_minimal_subscriber:/home/nakarin/RoboticsDev/install/examples_rclpy_minimal_service:/home/nakarin/RoboticsDev/install/examples_rclpy_minimal_publisher:/home/nakarin/RoboticsDev/install/examples_rclpy_minimal_client:/home/nakarin/RoboticsDev/install/examples_rclpy_minimal_action_server:/home/nakarin/RoboticsDev/install/examples_rclpy_minimal_action_client:/home/nakarin/RoboticsDev/install/examples_rclpy_guard_conditions:/home/nakarin/RoboticsDev/install/examples_rclpy_executors:/opt/ros/humble /usr/bin/cmake --install /home/nakarin/RoboticsDev/build/turtlesim_plus_interfaces
