[1.688s] Invoking command in '/home/nakarin/RoboticsDev/src/examples/rclpy/services/minimal_client': PYTHONPATH=/home/nakarin/RoboticsDev/build/examples_rclpy_minimal_client/prefix_override:/usr/lib/python3/dist-packages/colcon_core/task/python/colcon_distutils_commands:/home/nakarin/RoboticsDev/install/examples_rclpy_minimal_client/lib/python3.10/site-packages:${PYTHONPATH} /usr/bin/python3 -W ignore:setup.py install is deprecated setup.py egg_info --egg-base ../../../../../build/examples_rclpy_minimal_client build --build-base /home/nakarin/RoboticsDev/build/examples_rclpy_minimal_client/build install --record /home/nakarin/RoboticsDev/build/examples_rclpy_minimal_client/install.log --single-version-externally-managed install_data
[2.052s] running egg_info
[2.054s] writing ../../../../../build/examples_rclpy_minimal_client/examples_rclpy_minimal_client.egg-info/PKG-INFO
[2.054s] writing dependency_links to ../../../../../build/examples_rclpy_minimal_client/examples_rclpy_minimal_client.egg-info/dependency_links.txt
[2.054s] writing entry points to ../../../../../build/examples_rclpy_minimal_client/examples_rclpy_minimal_client.egg-info/entry_points.txt
[2.054s] writing requirements to ../../../../../build/examples_rclpy_minimal_client/examples_rclpy_minimal_client.egg-info/requires.txt
[2.055s] writing top-level names to ../../../../../build/examples_rclpy_minimal_client/examples_rclpy_minimal_client.egg-info/top_level.txt
[2.058s] reading manifest file '../../../../../build/examples_rclpy_minimal_client/examples_rclpy_minimal_client.egg-info/SOURCES.txt'
[2.060s] writing manifest file '../../../../../build/examples_rclpy_minimal_client/examples_rclpy_minimal_client.egg-info/SOURCES.txt'
[2.061s] running build
[2.061s] running build_py
[2.061s] running install
[2.062s] running install_lib
[2.064s] running install_data
[2.064s] running install_egg_info
[2.067s] removing '/home/nakarin/RoboticsDev/install/examples_rclpy_minimal_client/lib/python3.10/site-packages/examples_rclpy_minimal_client-0.15.2-py3.10.egg-info' (and everything under it)
[2.068s] Copying ../../../../../build/examples_rclpy_minimal_client/examples_rclpy_minimal_client.egg-info to /home/nakarin/RoboticsDev/install/examples_rclpy_minimal_client/lib/python3.10/site-packages/examples_rclpy_minimal_client-0.15.2-py3.10.egg-info
[2.069s] running install_scripts
[2.107s] Installing client script to /home/nakarin/RoboticsDev/install/examples_rclpy_minimal_client/lib/examples_rclpy_minimal_client
[2.108s] Installing client_async script to /home/nakarin/RoboticsDev/install/examples_rclpy_minimal_client/lib/examples_rclpy_minimal_client
[2.108s] Installing client_async_callback script to /home/nakarin/RoboticsDev/install/examples_rclpy_minimal_client/lib/examples_rclpy_minimal_client
[2.108s] Installing client_async_member_function script to /home/nakarin/RoboticsDev/install/examples_rclpy_minimal_client/lib/examples_rclpy_minimal_client
[2.109s] writing list of installed files to '/home/nakarin/RoboticsDev/build/examples_rclpy_minimal_client/install.log'
[3.109s] Invoked command in '/home/nakarin/RoboticsDev/src/examples/rclpy/services/minimal_client' returned '0': PYTHONPATH=/home/nakarin/RoboticsDev/build/examples_rclpy_minimal_client/prefix_override:/usr/lib/python3/dist-packages/colcon_core/task/python/colcon_distutils_commands:/home/nakarin/RoboticsDev/install/examples_rclpy_minimal_client/lib/python3.10/site-packages:${PYTHONPATH} /usr/bin/python3 -W ignore:setup.py install is deprecated setup.py egg_info --egg-base ../../../../../build/examples_rclpy_minimal_client build --build-base /home/nakarin/RoboticsDev/build/examples_rclpy_minimal_client/build install --record /home/nakarin/RoboticsDev/build/examples_rclpy_minimal_client/install.log --single-version-externally-managed install_data
