[1.868s] Invoking command in '/home/nakarin/RoboticsDev/src/examples/rclpy/topics/minimal_publisher': PYTHONPATH=/home/nakarin/RoboticsDev/build/examples_rclpy_minimal_publisher/prefix_override:/usr/lib/python3/dist-packages/colcon_core/task/python/colcon_distutils_commands:/home/nakarin/RoboticsDev/install/examples_rclpy_minimal_publisher/lib/python3.10/site-packages:${PYTHONPATH} /usr/bin/python3 -W ignore:setup.py install is deprecated setup.py egg_info --egg-base ../../../../../build/examples_rclpy_minimal_publisher build --build-base /home/nakarin/RoboticsDev/build/examples_rclpy_minimal_publisher/build install --record /home/nakarin/RoboticsDev/build/examples_rclpy_minimal_publisher/install.log --single-version-externally-managed install_data
[2.445s] running egg_info
[2.447s] writing ../../../../../build/examples_rclpy_minimal_publisher/examples_rclpy_minimal_publisher.egg-info/PKG-INFO
[2.447s] writing dependency_links to ../../../../../build/examples_rclpy_minimal_publisher/examples_rclpy_minimal_publisher.egg-info/dependency_links.txt
[2.448s] writing entry points to ../../../../../build/examples_rclpy_minimal_publisher/examples_rclpy_minimal_publisher.egg-info/entry_points.txt
[2.448s] writing requirements to ../../../../../build/examples_rclpy_minimal_publisher/examples_rclpy_minimal_publisher.egg-info/requires.txt
[2.448s] writing top-level names to ../../../../../build/examples_rclpy_minimal_publisher/examples_rclpy_minimal_publisher.egg-info/top_level.txt
[2.452s] reading manifest file '../../../../../build/examples_rclpy_minimal_publisher/examples_rclpy_minimal_publisher.egg-info/SOURCES.txt'
[2.455s] writing manifest file '../../../../../build/examples_rclpy_minimal_publisher/examples_rclpy_minimal_publisher.egg-info/SOURCES.txt'
[2.455s] running build
[2.456s] running build_py
[2.458s] running install
[2.458s] running install_lib
[2.463s] running install_data
[2.464s] running install_egg_info
[2.468s] removing '/home/nakarin/RoboticsDev/install/examples_rclpy_minimal_publisher/lib/python3.10/site-packages/examples_rclpy_minimal_publisher-0.15.2-py3.10.egg-info' (and everything under it)
[2.469s] Copying ../../../../../build/examples_rclpy_minimal_publisher/examples_rclpy_minimal_publisher.egg-info to /home/nakarin/RoboticsDev/install/examples_rclpy_minimal_publisher/lib/python3.10/site-packages/examples_rclpy_minimal_publisher-0.15.2-py3.10.egg-info
[2.471s] running install_scripts
[2.517s] Installing publisher_local_function script to /home/nakarin/RoboticsDev/install/examples_rclpy_minimal_publisher/lib/examples_rclpy_minimal_publisher
[2.522s] Installing publisher_member_function script to /home/nakarin/RoboticsDev/install/examples_rclpy_minimal_publisher/lib/examples_rclpy_minimal_publisher
[2.522s] Installing publisher_old_school script to /home/nakarin/RoboticsDev/install/examples_rclpy_minimal_publisher/lib/examples_rclpy_minimal_publisher
[2.522s] writing list of installed files to '/home/nakarin/RoboticsDev/build/examples_rclpy_minimal_publisher/install.log'
[2.605s] Invoked command in '/home/nakarin/RoboticsDev/src/examples/rclpy/topics/minimal_publisher' returned '0': PYTHONPATH=/home/nakarin/RoboticsDev/build/examples_rclpy_minimal_publisher/prefix_override:/usr/lib/python3/dist-packages/colcon_core/task/python/colcon_distutils_commands:/home/nakarin/RoboticsDev/install/examples_rclpy_minimal_publisher/lib/python3.10/site-packages:${PYTHONPATH} /usr/bin/python3 -W ignore:setup.py install is deprecated setup.py egg_info --egg-base ../../../../../build/examples_rclpy_minimal_publisher build --build-base /home/nakarin/RoboticsDev/build/examples_rclpy_minimal_publisher/build install --record /home/nakarin/RoboticsDev/build/examples_rclpy_minimal_publisher/install.log --single-version-externally-managed install_data
