[0.027s] Invoking command in '/home/nakarin/RoboticsDev/build/examples_rclcpp_minimal_composition': CMAKE_PREFIX_PATH=/opt/ros/humble /usr/bin/cmake --build /home/nakarin/RoboticsDev/build/examples_rclcpp_minimal_composition -- -j8 -l8
[0.144s] [ 33%] Built target composition_nodes
[0.174s] [ 55%] Built target composition_publisher
[0.184s] [ 77%] Built target composition_subscriber
[0.186s] [100%] Built target composition_composed
[0.209s] Invoked command in '/home/nakarin/RoboticsDev/build/examples_rclcpp_minimal_composition' returned '0': CMAKE_PREFIX_PATH=/opt/ros/humble /usr/bin/cmake --build /home/nakarin/RoboticsDev/build/examples_rclcpp_minimal_composition -- -j8 -l8
[0.277s] Invoking command in '/home/nakarin/RoboticsDev/build/examples_rclcpp_minimal_composition': CMAKE_PREFIX_PATH=/opt/ros/humble /usr/bin/cmake --install /home/nakarin/RoboticsDev/build/examples_rclcpp_minimal_composition
[0.298s] -- Install configuration: ""
[0.298s] -- Up-to-date: /home/nakarin/RoboticsDev/install/examples_rclcpp_minimal_composition/share/examples_rclcpp_minimal_composition/environment/library_path.sh
[0.298s] -- Up-to-date: /home/nakarin/RoboticsDev/install/examples_rclcpp_minimal_composition/share/examples_rclcpp_minimal_composition/environment/library_path.dsv
[0.298s] -- Up-to-date: /home/nakarin/RoboticsDev/install/examples_rclcpp_minimal_composition/lib/libcomposition_nodes.so
[0.298s] -- Up-to-date: /home/nakarin/RoboticsDev/install/examples_rclcpp_minimal_composition/lib/examples_rclcpp_minimal_composition/composition_publisher
[0.299s] -- Up-to-date: /home/nakarin/RoboticsDev/install/examples_rclcpp_minimal_composition/lib/examples_rclcpp_minimal_composition/composition_subscriber
[0.299s] -- Up-to-date: /home/nakarin/RoboticsDev/install/examples_rclcpp_minimal_composition/lib/examples_rclcpp_minimal_composition/composition_composed
[0.299s] -- Up-to-date: /home/nakarin/RoboticsDev/install/examples_rclcpp_minimal_composition/share/ament_index/resource_index/package_run_dependencies/examples_rclcpp_minimal_composition
[0.299s] -- Up-to-date: /home/nakarin/RoboticsDev/install/examples_rclcpp_minimal_composition/share/ament_index/resource_index/parent_prefix_path/examples_rclcpp_minimal_composition
[0.299s] -- Up-to-date: /home/nakarin/RoboticsDev/install/examples_rclcpp_minimal_composition/share/examples_rclcpp_minimal_composition/environment/ament_prefix_path.sh
[0.299s] -- Up-to-date: /home/nakarin/RoboticsDev/install/examples_rclcpp_minimal_composition/share/examples_rclcpp_minimal_composition/environment/ament_prefix_path.dsv
[0.299s] -- Up-to-date: /home/nakarin/RoboticsDev/install/examples_rclcpp_minimal_composition/share/examples_rclcpp_minimal_composition/environment/path.sh
[0.299s] -- Up-to-date: /home/nakarin/RoboticsDev/install/examples_rclcpp_minimal_composition/share/examples_rclcpp_minimal_composition/environment/path.dsv
[0.300s] -- Up-to-date: /home/nakarin/RoboticsDev/install/examples_rclcpp_minimal_composition/share/examples_rclcpp_minimal_composition/local_setup.bash
[0.300s] -- Up-to-date: /home/nakarin/RoboticsDev/install/examples_rclcpp_minimal_composition/share/examples_rclcpp_minimal_composition/local_setup.sh
[0.300s] -- Up-to-date: /home/nakarin/RoboticsDev/install/examples_rclcpp_minimal_composition/share/examples_rclcpp_minimal_composition/local_setup.zsh
[0.300s] -- Up-to-date: /home/nakarin/RoboticsDev/install/examples_rclcpp_minimal_composition/share/examples_rclcpp_minimal_composition/local_setup.dsv
[0.300s] -- Installing: /home/nakarin/RoboticsDev/install/examples_rclcpp_minimal_composition/share/examples_rclcpp_minimal_composition/package.dsv
[0.300s] -- Up-to-date: /home/nakarin/RoboticsDev/install/examples_rclcpp_minimal_composition/share/ament_index/resource_index/packages/examples_rclcpp_minimal_composition
[0.300s] -- Up-to-date: /home/nakarin/RoboticsDev/install/examples_rclcpp_minimal_composition/share/examples_rclcpp_minimal_composition/cmake/examples_rclcpp_minimal_compositionConfig.cmake
[0.300s] -- Up-to-date: /home/nakarin/RoboticsDev/install/examples_rclcpp_minimal_composition/share/examples_rclcpp_minimal_composition/cmake/examples_rclcpp_minimal_compositionConfig-version.cmake
[0.300s] -- Up-to-date: /home/nakarin/RoboticsDev/install/examples_rclcpp_minimal_composition/share/examples_rclcpp_minimal_composition/package.xml
[0.310s] Invoked command in '/home/nakarin/RoboticsDev/build/examples_rclcpp_minimal_composition' returned '0': CMAKE_PREFIX_PATH=/opt/ros/humble /usr/bin/cmake --install /home/nakarin/RoboticsDev/build/examples_rclcpp_minimal_composition
