[0.037s] Invoking command in '/home/nakarin/RoboticsDev/build/examples_rclcpp_minimal_publisher': CMAKE_PREFIX_PATH=${CMAKE_PREFIX_PATH}:/opt/ros/humble /usr/bin/cmake --build /home/nakarin/RoboticsDev/build/examples_rclcpp_minimal_publisher -- -j8 -l8
[0.149s] [35m[1mConsolidate compiler generated dependencies of target publisher_lambda[0m
[0.149s] [35m[1mConsolidate compiler generated dependencies of target publisher_member_function[0m
[0.149s] [35m[1mConsolidate compiler generated dependencies of target publisher_member_function_with_type_adapter[0m
[0.149s] [35m[1mConsolidate compiler generated dependencies of target publisher_member_function_with_unique_network_flow_endpoints[0m
[0.149s] [35m[1mConsolidate compiler generated dependencies of target publisher_not_composable[0m
[0.149s] [ 16%] Built target publisher_lambda
[0.149s] [35m[1mConsolidate compiler generated dependencies of target publisher_wait_for_all_acked[0m
[0.149s] [ 33%] Built target publisher_member_function
[0.159s] [ 50%] Built target publisher_member_function_with_type_adapter
[0.159s] [ 66%] Built target publisher_member_function_with_unique_network_flow_endpoints
[0.162s] [ 83%] Built target publisher_not_composable
[0.168s] [100%] Built target publisher_wait_for_all_acked
[0.187s] Invoked command in '/home/nakarin/RoboticsDev/build/examples_rclcpp_minimal_publisher' returned '0': CMAKE_PREFIX_PATH=${CMAKE_PREFIX_PATH}:/opt/ros/humble /usr/bin/cmake --build /home/nakarin/RoboticsDev/build/examples_rclcpp_minimal_publisher -- -j8 -l8
[0.266s] Invoking command in '/home/nakarin/RoboticsDev/build/examples_rclcpp_minimal_publisher': CMAKE_PREFIX_PATH=${CMAKE_PREFIX_PATH}:/opt/ros/humble /usr/bin/cmake --install /home/nakarin/RoboticsDev/build/examples_rclcpp_minimal_publisher
[0.276s] -- Install configuration: ""
[0.276s] -- Up-to-date: /home/nakarin/RoboticsDev/install/examples_rclcpp_minimal_publisher/lib/examples_rclcpp_minimal_publisher/publisher_lambda
[0.276s] -- Up-to-date: /home/nakarin/RoboticsDev/install/examples_rclcpp_minimal_publisher/lib/examples_rclcpp_minimal_publisher/publisher_member_function
[0.276s] -- Up-to-date: /home/nakarin/RoboticsDev/install/examples_rclcpp_minimal_publisher/lib/examples_rclcpp_minimal_publisher/publisher_member_function_with_type_adapter
[0.276s] -- Up-to-date: /home/nakarin/RoboticsDev/install/examples_rclcpp_minimal_publisher/lib/examples_rclcpp_minimal_publisher/publisher_member_function_with_unique_network_flow_endpoints
[0.276s] -- Up-to-date: /home/nakarin/RoboticsDev/install/examples_rclcpp_minimal_publisher/lib/examples_rclcpp_minimal_publisher/publisher_wait_for_all_acked
[0.276s] -- Up-to-date: /home/nakarin/RoboticsDev/install/examples_rclcpp_minimal_publisher/lib/examples_rclcpp_minimal_publisher/publisher_not_composable
[0.276s] -- Up-to-date: /home/nakarin/RoboticsDev/install/examples_rclcpp_minimal_publisher/share/ament_index/resource_index/package_run_dependencies/examples_rclcpp_minimal_publisher
[0.276s] -- Up-to-date: /home/nakarin/RoboticsDev/install/examples_rclcpp_minimal_publisher/share/ament_index/resource_index/parent_prefix_path/examples_rclcpp_minimal_publisher
[0.276s] -- Up-to-date: /home/nakarin/RoboticsDev/install/examples_rclcpp_minimal_publisher/share/examples_rclcpp_minimal_publisher/environment/ament_prefix_path.sh
[0.276s] -- Up-to-date: /home/nakarin/RoboticsDev/install/examples_rclcpp_minimal_publisher/share/examples_rclcpp_minimal_publisher/environment/ament_prefix_path.dsv
[0.276s] -- Up-to-date: /home/nakarin/RoboticsDev/install/examples_rclcpp_minimal_publisher/share/examples_rclcpp_minimal_publisher/environment/path.sh
[0.277s] -- Up-to-date: /home/nakarin/RoboticsDev/install/examples_rclcpp_minimal_publisher/share/examples_rclcpp_minimal_publisher/environment/path.dsv
[0.277s] -- Up-to-date: /home/nakarin/RoboticsDev/install/examples_rclcpp_minimal_publisher/share/examples_rclcpp_minimal_publisher/local_setup.bash
[0.277s] -- Up-to-date: /home/nakarin/RoboticsDev/install/examples_rclcpp_minimal_publisher/share/examples_rclcpp_minimal_publisher/local_setup.sh
[0.277s] -- Up-to-date: /home/nakarin/RoboticsDev/install/examples_rclcpp_minimal_publisher/share/examples_rclcpp_minimal_publisher/local_setup.zsh
[0.277s] -- Up-to-date: /home/nakarin/RoboticsDev/install/examples_rclcpp_minimal_publisher/share/examples_rclcpp_minimal_publisher/local_setup.dsv
[0.277s] -- Installing: /home/nakarin/RoboticsDev/install/examples_rclcpp_minimal_publisher/share/examples_rclcpp_minimal_publisher/package.dsv
[0.277s] -- Up-to-date: /home/nakarin/RoboticsDev/install/examples_rclcpp_minimal_publisher/share/ament_index/resource_index/packages/examples_rclcpp_minimal_publisher
[0.277s] -- Up-to-date: /home/nakarin/RoboticsDev/install/examples_rclcpp_minimal_publisher/share/examples_rclcpp_minimal_publisher/cmake/examples_rclcpp_minimal_publisherConfig.cmake
[0.277s] -- Up-to-date: /home/nakarin/RoboticsDev/install/examples_rclcpp_minimal_publisher/share/examples_rclcpp_minimal_publisher/cmake/examples_rclcpp_minimal_publisherConfig-version.cmake
[0.277s] -- Up-to-date: /home/nakarin/RoboticsDev/install/examples_rclcpp_minimal_publisher/share/examples_rclcpp_minimal_publisher/package.xml
[0.301s] Invoked command in '/home/nakarin/RoboticsDev/build/examples_rclcpp_minimal_publisher' returned '0': CMAKE_PREFIX_PATH=${CMAKE_PREFIX_PATH}:/opt/ros/humble /usr/bin/cmake --install /home/nakarin/RoboticsDev/build/examples_rclcpp_minimal_publisher
