[0.036s] Invoking command in '/home/nakarin/RoboticsDev/build/examples_rclcpp_minimal_client': CMAKE_PREFIX_PATH=${CMAKE_PREFIX_PATH}:/opt/ros/humble /usr/bin/cmake /home/nakarin/RoboticsDev/src/examples/rclcpp/services/minimal_client -DCMAKE_INSTALL_PREFIX=/home/nakarin/RoboticsDev/install/examples_rclcpp_minimal_client
[0.148s] -- The C compiler identification is GNU 11.4.0
[0.256s] -- The CXX compiler identification is GNU 11.4.0
[0.269s] -- Detecting C compiler ABI info
[0.382s] -- Detecting C compiler ABI info - done
[0.399s] -- Check for working C compiler: /usr/bin/cc - skipped
[0.399s] -- Detecting C compile features
[0.402s] -- Detecting C compile features - done
[0.407s] -- Detecting CXX compiler ABI info
[0.548s] -- Detecting CXX compiler ABI info - done
[0.576s] -- Check for working CXX compiler: /usr/bin/c++ - skipped
[0.576s] -- Detecting CXX compile features
[0.577s] -- Detecting CXX compile features - done
[0.583s] -- Found ament_cmake: 1.3.10 (/opt/ros/humble/share/ament_cmake/cmake)
[0.874s] -- Found Python3: /usr/bin/python3 (found version "3.10.12") found components: Interpreter 
[1.041s] -- Found example_interfaces: 0.9.3 (/opt/ros/humble/share/example_interfaces/cmake)
[1.101s] -- Found rosidl_generator_c: 3.1.5 (/opt/ros/humble/share/rosidl_generator_c/cmake)
[1.108s] -- Found rosidl_adapter: 3.1.5 (/opt/ros/humble/share/rosidl_adapter/cmake)
[1.123s] -- Found rosidl_generator_cpp: 3.1.5 (/opt/ros/humble/share/rosidl_generator_cpp/cmake)
[1.147s] -- Using all available rosidl_typesupport_c: rosidl_typesupport_fastrtps_c;rosidl_typesupport_introspection_c
[1.178s] -- Using all available rosidl_typesupport_cpp: rosidl_typesupport_fastrtps_cpp;rosidl_typesupport_introspection_cpp
[1.291s] -- Found rclcpp: 16.0.10 (/opt/ros/humble/share/rclcpp/cmake)
[1.355s] -- Found rmw_implementation_cmake: 6.1.2 (/opt/ros/humble/share/rmw_implementation_cmake/cmake)
[1.359s] -- Found rmw_fastrtps_cpp: 6.2.7 (/opt/ros/humble/share/rmw_fastrtps_cpp/cmake)
[1.535s] -- Found OpenSSL: /usr/lib/x86_64-linux-gnu/libcrypto.so (found version "3.0.2")  
[1.591s] -- Found FastRTPS: /opt/ros/humble/include  
[1.662s] -- Using RMW implementation 'rmw_fastrtps_cpp' as default
[1.679s] -- Looking for pthread.h
[1.795s] -- Looking for pthread.h - found
[1.796s] -- Performing Test CMAKE_HAVE_LIBC_PTHREAD
[1.932s] -- Performing Test CMAKE_HAVE_LIBC_PTHREAD - Success
[1.935s] -- Found Threads: TRUE  
[2.039s] -- Found ament_lint_auto: 0.12.11 (/opt/ros/humble/share/ament_lint_auto/cmake)
[2.186s] -- Added test 'copyright' to check source files copyright and LICENSE
[2.186s] -- Added test 'cppcheck' to perform static code analysis on C / C++ code
[2.188s] -- Configured cppcheck include dirs: 
[2.188s] -- Configured cppcheck exclude dirs and/or files: 
[2.189s] -- Added test 'cpplint' to check C / C++ code against the Google style
[2.189s] -- Configured cpplint exclude dirs and/or files: 
[2.190s] -- Added test 'lint_cmake' to check CMake code style
[2.194s] -- Added test 'uncrustify' to check C / C++ code style
[2.194s] -- Configured uncrustify additional arguments: 
[2.195s] -- Added test 'xmllint' to check XML markup files
[2.197s] -- Configuring done
[2.214s] -- Generating done
[2.219s] -- Build files have been written to: /home/nakarin/RoboticsDev/build/examples_rclcpp_minimal_client
[2.254s] Invoked command in '/home/nakarin/RoboticsDev/build/examples_rclcpp_minimal_client' returned '0': CMAKE_PREFIX_PATH=${CMAKE_PREFIX_PATH}:/opt/ros/humble /usr/bin/cmake /home/nakarin/RoboticsDev/src/examples/rclcpp/services/minimal_client -DCMAKE_INSTALL_PREFIX=/home/nakarin/RoboticsDev/install/examples_rclcpp_minimal_client
[2.255s] Invoking command in '/home/nakarin/RoboticsDev/build/examples_rclcpp_minimal_client': CMAKE_PREFIX_PATH=${CMAKE_PREFIX_PATH}:/opt/ros/humble /usr/bin/cmake --build /home/nakarin/RoboticsDev/build/examples_rclcpp_minimal_client -- -j8 -l8
[2.357s] [ 50%] [32mBuilding CXX object CMakeFiles/client_main.dir/main.cpp.o[0m
[21.027s] [100%] [32m[1mLinking CXX executable client_main[0m
[21.371s] [100%] Built target client_main
[21.425s] Invoked command in '/home/nakarin/RoboticsDev/build/examples_rclcpp_minimal_client' returned '0': CMAKE_PREFIX_PATH=${CMAKE_PREFIX_PATH}:/opt/ros/humble /usr/bin/cmake --build /home/nakarin/RoboticsDev/build/examples_rclcpp_minimal_client -- -j8 -l8
[21.535s] Invoking command in '/home/nakarin/RoboticsDev/build/examples_rclcpp_minimal_client': CMAKE_PREFIX_PATH=${CMAKE_PREFIX_PATH}:/opt/ros/humble /usr/bin/cmake --install /home/nakarin/RoboticsDev/build/examples_rclcpp_minimal_client
[26.590s] -- Install configuration: ""
[26.590s] -- Installing: /home/nakarin/RoboticsDev/install/examples_rclcpp_minimal_client/lib/examples_rclcpp_minimal_client/client_main
[26.590s] -- Set runtime path of "/home/nakarin/RoboticsDev/install/examples_rclcpp_minimal_client/lib/examples_rclcpp_minimal_client/client_main" to ""
[26.590s] -- Installing: /home/nakarin/RoboticsDev/install/examples_rclcpp_minimal_client/share/ament_index/resource_index/package_run_dependencies/examples_rclcpp_minimal_client
[26.590s] -- Installing: /home/nakarin/RoboticsDev/install/examples_rclcpp_minimal_client/share/ament_index/resource_index/parent_prefix_path/examples_rclcpp_minimal_client
[26.590s] -- Installing: /home/nakarin/RoboticsDev/install/examples_rclcpp_minimal_client/share/examples_rclcpp_minimal_client/environment/ament_prefix_path.sh
[26.590s] -- Installing: /home/nakarin/RoboticsDev/install/examples_rclcpp_minimal_client/share/examples_rclcpp_minimal_client/environment/ament_prefix_path.dsv
[26.590s] -- Installing: /home/nakarin/RoboticsDev/install/examples_rclcpp_minimal_client/share/examples_rclcpp_minimal_client/environment/path.sh
[26.590s] -- Installing: /home/nakarin/RoboticsDev/install/examples_rclcpp_minimal_client/share/examples_rclcpp_minimal_client/environment/path.dsv
[26.591s] -- Installing: /home/nakarin/RoboticsDev/install/examples_rclcpp_minimal_client/share/examples_rclcpp_minimal_client/local_setup.bash
[26.591s] -- Installing: /home/nakarin/RoboticsDev/install/examples_rclcpp_minimal_client/share/examples_rclcpp_minimal_client/local_setup.sh
[26.591s] -- Installing: /home/nakarin/RoboticsDev/install/examples_rclcpp_minimal_client/share/examples_rclcpp_minimal_client/local_setup.zsh
[26.591s] -- Installing: /home/nakarin/RoboticsDev/install/examples_rclcpp_minimal_client/share/examples_rclcpp_minimal_client/local_setup.dsv
[26.591s] -- Installing: /home/nakarin/RoboticsDev/install/examples_rclcpp_minimal_client/share/examples_rclcpp_minimal_client/package.dsv
[26.591s] -- Installing: /home/nakarin/RoboticsDev/install/examples_rclcpp_minimal_client/share/ament_index/resource_index/packages/examples_rclcpp_minimal_client
[26.591s] -- Installing: /home/nakarin/RoboticsDev/install/examples_rclcpp_minimal_client/share/examples_rclcpp_minimal_client/cmake/examples_rclcpp_minimal_clientConfig.cmake
[26.591s] -- Installing: /home/nakarin/RoboticsDev/install/examples_rclcpp_minimal_client/share/examples_rclcpp_minimal_client/cmake/examples_rclcpp_minimal_clientConfig-version.cmake
[26.591s] -- Installing: /home/nakarin/RoboticsDev/install/examples_rclcpp_minimal_client/share/examples_rclcpp_minimal_client/package.xml
[26.618s] Invoked command in '/home/nakarin/RoboticsDev/build/examples_rclcpp_minimal_client' returned '0': CMAKE_PREFIX_PATH=${CMAKE_PREFIX_PATH}:/opt/ros/humble /usr/bin/cmake --install /home/nakarin/RoboticsDev/build/examples_rclcpp_minimal_client
