[0.065s] Invoking command in '/home/nakarin/RoboticsDev/build/examples_rclcpp_minimal_timer': CMAKE_PREFIX_PATH=${CMAKE_PREFIX_PATH}:/opt/ros/humble /usr/bin/cmake --build /home/nakarin/RoboticsDev/build/examples_rclcpp_minimal_timer -- -j8 -l8
[0.128s] [35m[1mConsolidate compiler generated dependencies of target timer_lambda[0m
[0.130s] [35m[1mConsolidate compiler generated dependencies of target timer_member_function[0m
[0.151s] [ 50%] Built target timer_member_function
[0.151s] [100%] Built target timer_lambda
[1.126s] Invoked command in '/home/nakarin/RoboticsDev/build/examples_rclcpp_minimal_timer' returned '0': CMAKE_PREFIX_PATH=${CMAKE_PREFIX_PATH}:/opt/ros/humble /usr/bin/cmake --build /home/nakarin/RoboticsDev/build/examples_rclcpp_minimal_timer -- -j8 -l8
[1.167s] Invoking command in '/home/nakarin/RoboticsDev/build/examples_rclcpp_minimal_timer': CMAKE_PREFIX_PATH=${CMAKE_PREFIX_PATH}:/opt/ros/humble /usr/bin/cmake --install /home/nakarin/RoboticsDev/build/examples_rclcpp_minimal_timer
[1.178s] -- Install configuration: ""
[1.179s] -- Up-to-date: /home/nakarin/RoboticsDev/install/examples_rclcpp_minimal_timer/lib/examples_rclcpp_minimal_timer/timer_lambda
[1.179s] -- Up-to-date: /home/nakarin/RoboticsDev/install/examples_rclcpp_minimal_timer/lib/examples_rclcpp_minimal_timer/timer_member_function
[1.179s] -- Up-to-date: /home/nakarin/RoboticsDev/install/examples_rclcpp_minimal_timer/share/ament_index/resource_index/package_run_dependencies/examples_rclcpp_minimal_timer
[1.179s] -- Up-to-date: /home/nakarin/RoboticsDev/install/examples_rclcpp_minimal_timer/share/ament_index/resource_index/parent_prefix_path/examples_rclcpp_minimal_timer
[1.180s] -- Up-to-date: /home/nakarin/RoboticsDev/install/examples_rclcpp_minimal_timer/share/examples_rclcpp_minimal_timer/environment/ament_prefix_path.sh
[1.180s] -- Up-to-date: /home/nakarin/RoboticsDev/install/examples_rclcpp_minimal_timer/share/examples_rclcpp_minimal_timer/environment/ament_prefix_path.dsv
[1.180s] -- Up-to-date: /home/nakarin/RoboticsDev/install/examples_rclcpp_minimal_timer/share/examples_rclcpp_minimal_timer/environment/path.sh
[1.180s] -- Up-to-date: /home/nakarin/RoboticsDev/install/examples_rclcpp_minimal_timer/share/examples_rclcpp_minimal_timer/environment/path.dsv
[1.180s] -- Up-to-date: /home/nakarin/RoboticsDev/install/examples_rclcpp_minimal_timer/share/examples_rclcpp_minimal_timer/local_setup.bash
[1.180s] -- Up-to-date: /home/nakarin/RoboticsDev/install/examples_rclcpp_minimal_timer/share/examples_rclcpp_minimal_timer/local_setup.sh
[1.180s] -- Up-to-date: /home/nakarin/RoboticsDev/install/examples_rclcpp_minimal_timer/share/examples_rclcpp_minimal_timer/local_setup.zsh
[1.180s] -- Up-to-date: /home/nakarin/RoboticsDev/install/examples_rclcpp_minimal_timer/share/examples_rclcpp_minimal_timer/local_setup.dsv
[1.181s] -- Installing: /home/nakarin/RoboticsDev/install/examples_rclcpp_minimal_timer/share/examples_rclcpp_minimal_timer/package.dsv
[1.181s] -- Up-to-date: /home/nakarin/RoboticsDev/install/examples_rclcpp_minimal_timer/share/ament_index/resource_index/packages/examples_rclcpp_minimal_timer
[1.181s] -- Up-to-date: /home/nakarin/RoboticsDev/install/examples_rclcpp_minimal_timer/share/examples_rclcpp_minimal_timer/cmake/examples_rclcpp_minimal_timerConfig.cmake
[1.181s] -- Up-to-date: /home/nakarin/RoboticsDev/install/examples_rclcpp_minimal_timer/share/examples_rclcpp_minimal_timer/cmake/examples_rclcpp_minimal_timerConfig-version.cmake
[1.181s] -- Up-to-date: /home/nakarin/RoboticsDev/install/examples_rclcpp_minimal_timer/share/examples_rclcpp_minimal_timer/package.xml
[1.185s] Invoked command in '/home/nakarin/RoboticsDev/build/examples_rclcpp_minimal_timer' returned '0': CMAKE_PREFIX_PATH=${CMAKE_PREFIX_PATH}:/opt/ros/humble /usr/bin/cmake --install /home/nakarin/RoboticsDev/build/examples_rclcpp_minimal_timer
