[0.498s] Invoking command in '/home/nakarin/RoboticsDev/build/turtle_bringup': CMAKE_PREFIX_PATH=/opt/ros/humble /usr/bin/cmake --build /home/nakarin/RoboticsDev/build/turtle_bringup -- -j8 -l8
[0.552s] [100%] Built target cpp_node_test
[0.557s] [100%] Built target ament_cmake_python_copy_turtle_bringup
[1.043s] running egg_info
[1.043s] writing turtle_bringup.egg-info/PKG-INFO
[1.043s] writing dependency_links to turtle_bringup.egg-info/dependency_links.txt
[1.043s] writing top-level names to turtle_bringup.egg-info/top_level.txt
[1.047s] reading manifest file 'turtle_bringup.egg-info/SOURCES.txt'
[1.049s] writing manifest file 'turtle_bringup.egg-info/SOURCES.txt'
[1.112s] [100%] Built target ament_cmake_python_build_turtle_bringup_egg
[1.137s] Invoked command in '/home/nakarin/RoboticsDev/build/turtle_bringup' returned '0': CMAKE_PREFIX_PATH=/opt/ros/humble /usr/bin/cmake --build /home/nakarin/RoboticsDev/build/turtle_bringup -- -j8 -l8
[1.171s] Invoking command in '/home/nakarin/RoboticsDev/build/turtle_bringup': CMAKE_PREFIX_PATH=/opt/ros/humble /usr/bin/cmake --install /home/nakarin/RoboticsDev/build/turtle_bringup
[1.181s] -- Install configuration: ""
[1.181s] -- Up-to-date: /home/nakarin/RoboticsDev/install/turtle_bringup/share/turtle_bringup/environment/pythonpath.sh
[1.181s] -- Up-to-date: /home/nakarin/RoboticsDev/install/turtle_bringup/share/turtle_bringup/environment/pythonpath.dsv
[1.182s] -- Up-to-date: /home/nakarin/RoboticsDev/install/turtle_bringup/local/lib/python3.10/dist-packages/turtle_bringup-0.0.0-py3.10.egg-info
[1.182s] -- Installing: /home/nakarin/RoboticsDev/install/turtle_bringup/local/lib/python3.10/dist-packages/turtle_bringup-0.0.0-py3.10.egg-info/dependency_links.txt
[1.182s] -- Installing: /home/nakarin/RoboticsDev/install/turtle_bringup/local/lib/python3.10/dist-packages/turtle_bringup-0.0.0-py3.10.egg-info/SOURCES.txt
[1.182s] -- Installing: /home/nakarin/RoboticsDev/install/turtle_bringup/local/lib/python3.10/dist-packages/turtle_bringup-0.0.0-py3.10.egg-info/PKG-INFO
[1.182s] -- Installing: /home/nakarin/RoboticsDev/install/turtle_bringup/local/lib/python3.10/dist-packages/turtle_bringup-0.0.0-py3.10.egg-info/top_level.txt
[1.182s] -- Up-to-date: /home/nakarin/RoboticsDev/install/turtle_bringup/local/lib/python3.10/dist-packages/turtle_bringup
[1.182s] -- Up-to-date: /home/nakarin/RoboticsDev/install/turtle_bringup/local/lib/python3.10/dist-packages/turtle_bringup/__init__.py
[1.182s] -- Up-to-date: /home/nakarin/RoboticsDev/install/turtle_bringup/local/lib/python3.10/dist-packages/turtle_bringup/dummy_module.py
[1.230s] Listing '/home/nakarin/RoboticsDev/install/turtle_bringup/local/lib/python3.10/dist-packages/turtle_bringup'...
[1.237s] -- Up-to-date: /home/nakarin/RoboticsDev/install/turtle_bringup/lib/turtle_bringup/dummy_script.py
[1.238s] -- Up-to-date: /home/nakarin/RoboticsDev/install/turtle_bringup/lib/turtle_bringup/cpp_node_test
[1.238s] -- Up-to-date: /home/nakarin/RoboticsDev/install/turtle_bringup/share/turtle_bringup
[1.238s] -- Up-to-date: /home/nakarin/RoboticsDev/install/turtle_bringup/share/ament_index/resource_index/package_run_dependencies/turtle_bringup
[1.238s] -- Up-to-date: /home/nakarin/RoboticsDev/install/turtle_bringup/share/ament_index/resource_index/parent_prefix_path/turtle_bringup
[1.238s] -- Up-to-date: /home/nakarin/RoboticsDev/install/turtle_bringup/share/turtle_bringup/environment/ament_prefix_path.sh
[1.238s] -- Up-to-date: /home/nakarin/RoboticsDev/install/turtle_bringup/share/turtle_bringup/environment/ament_prefix_path.dsv
[1.239s] -- Up-to-date: /home/nakarin/RoboticsDev/install/turtle_bringup/share/turtle_bringup/environment/path.sh
[1.239s] -- Up-to-date: /home/nakarin/RoboticsDev/install/turtle_bringup/share/turtle_bringup/environment/path.dsv
[1.239s] -- Up-to-date: /home/nakarin/RoboticsDev/install/turtle_bringup/share/turtle_bringup/local_setup.bash
[1.239s] -- Up-to-date: /home/nakarin/RoboticsDev/install/turtle_bringup/share/turtle_bringup/local_setup.sh
[1.239s] -- Up-to-date: /home/nakarin/RoboticsDev/install/turtle_bringup/share/turtle_bringup/local_setup.zsh
[1.239s] -- Up-to-date: /home/nakarin/RoboticsDev/install/turtle_bringup/share/turtle_bringup/local_setup.dsv
[1.239s] -- Installing: /home/nakarin/RoboticsDev/install/turtle_bringup/share/turtle_bringup/package.dsv
[1.239s] -- Up-to-date: /home/nakarin/RoboticsDev/install/turtle_bringup/share/ament_index/resource_index/packages/turtle_bringup
[1.239s] -- Up-to-date: /home/nakarin/RoboticsDev/install/turtle_bringup/share/turtle_bringup/cmake/turtle_bringupConfig.cmake
[1.239s] -- Up-to-date: /home/nakarin/RoboticsDev/install/turtle_bringup/share/turtle_bringup/cmake/turtle_bringupConfig-version.cmake
[1.239s] -- Up-to-date: /home/nakarin/RoboticsDev/install/turtle_bringup/share/turtle_bringup/package.xml
[1.251s] Invoked command in '/home/nakarin/RoboticsDev/build/turtle_bringup' returned '0': CMAKE_PREFIX_PATH=/opt/ros/humble /usr/bin/cmake --install /home/nakarin/RoboticsDev/build/turtle_bringup
