[0.728s] Invoking command in '/home/nakarin/RoboticsDev/build/turtle_bringup': CMAKE_PREFIX_PATH=${CMAKE_PREFIX_PATH}:/home/nakarin/RoboticsDev/install/launch_testing_examples:/home/nakarin/RoboticsDev/install/examples_rclpy_pointcloud_publisher:/home/nakarin/RoboticsDev/install/examples_rclpy_minimal_subscriber:/home/nakarin/RoboticsDev/install/examples_rclpy_minimal_service:/home/nakarin/RoboticsDev/install/examples_rclpy_minimal_publisher:/home/nakarin/RoboticsDev/install/examples_rclpy_minimal_client:/home/nakarin/RoboticsDev/install/examples_rclpy_minimal_action_server:/home/nakarin/RoboticsDev/install/examples_rclpy_minimal_action_client:/home/nakarin/RoboticsDev/install/examples_rclpy_guard_conditions:/home/nakarin/RoboticsDev/install/examples_rclpy_executors:/opt/ros/humble /usr/bin/cmake --build /home/nakarin/RoboticsDev/build/turtle_bringup -- -j8 -l8
[0.790s] [100%] Built target cpp_node_test
[0.794s] [100%] Built target ament_cmake_python_copy_turtle_bringup
[1.315s] running egg_info
[1.316s] writing turtle_bringup.egg-info/PKG-INFO
[1.316s] writing dependency_links to turtle_bringup.egg-info/dependency_links.txt
[1.317s] writing top-level names to turtle_bringup.egg-info/top_level.txt
[1.321s] reading manifest file 'turtle_bringup.egg-info/SOURCES.txt'
[1.322s] writing manifest file 'turtle_bringup.egg-info/SOURCES.txt'
[1.371s] [100%] Built target ament_cmake_python_build_turtle_bringup_egg
[1.387s] Invoked command in '/home/nakarin/RoboticsDev/build/turtle_bringup' returned '0': CMAKE_PREFIX_PATH=${CMAKE_PREFIX_PATH}:/home/nakarin/RoboticsDev/install/launch_testing_examples:/home/nakarin/RoboticsDev/install/examples_rclpy_pointcloud_publisher:/home/nakarin/RoboticsDev/install/examples_rclpy_minimal_subscriber:/home/nakarin/RoboticsDev/install/examples_rclpy_minimal_service:/home/nakarin/RoboticsDev/install/examples_rclpy_minimal_publisher:/home/nakarin/RoboticsDev/install/examples_rclpy_minimal_client:/home/nakarin/RoboticsDev/install/examples_rclpy_minimal_action_server:/home/nakarin/RoboticsDev/install/examples_rclpy_minimal_action_client:/home/nakarin/RoboticsDev/install/examples_rclpy_guard_conditions:/home/nakarin/RoboticsDev/install/examples_rclpy_executors:/opt/ros/humble /usr/bin/cmake --build /home/nakarin/RoboticsDev/build/turtle_bringup -- -j8 -l8
[1.422s] Invoking command in '/home/nakarin/RoboticsDev/build/turtle_bringup': CMAKE_PREFIX_PATH=${CMAKE_PREFIX_PATH}:/home/nakarin/RoboticsDev/install/launch_testing_examples:/home/nakarin/RoboticsDev/install/examples_rclpy_pointcloud_publisher:/home/nakarin/RoboticsDev/install/examples_rclpy_minimal_subscriber:/home/nakarin/RoboticsDev/install/examples_rclpy_minimal_service:/home/nakarin/RoboticsDev/install/examples_rclpy_minimal_publisher:/home/nakarin/RoboticsDev/install/examples_rclpy_minimal_client:/home/nakarin/RoboticsDev/install/examples_rclpy_minimal_action_server:/home/nakarin/RoboticsDev/install/examples_rclpy_minimal_action_client:/home/nakarin/RoboticsDev/install/examples_rclpy_guard_conditions:/home/nakarin/RoboticsDev/install/examples_rclpy_executors:/opt/ros/humble /usr/bin/cmake --install /home/nakarin/RoboticsDev/build/turtle_bringup
[1.428s] -- Install configuration: ""
[1.428s] -- Up-to-date: /home/nakarin/RoboticsDev/install/turtle_bringup/share/turtle_bringup/environment/pythonpath.sh
[1.429s] -- Up-to-date: /home/nakarin/RoboticsDev/install/turtle_bringup/share/turtle_bringup/environment/pythonpath.dsv
[1.429s] -- Up-to-date: /home/nakarin/RoboticsDev/install/turtle_bringup/local/lib/python3.10/dist-packages/turtle_bringup-0.0.0-py3.10.egg-info
[1.429s] -- Installing: /home/nakarin/RoboticsDev/install/turtle_bringup/local/lib/python3.10/dist-packages/turtle_bringup-0.0.0-py3.10.egg-info/dependency_links.txt
[1.429s] -- Installing: /home/nakarin/RoboticsDev/install/turtle_bringup/local/lib/python3.10/dist-packages/turtle_bringup-0.0.0-py3.10.egg-info/SOURCES.txt
[1.429s] -- Installing: /home/nakarin/RoboticsDev/install/turtle_bringup/local/lib/python3.10/dist-packages/turtle_bringup-0.0.0-py3.10.egg-info/PKG-INFO
[1.429s] -- Installing: /home/nakarin/RoboticsDev/install/turtle_bringup/local/lib/python3.10/dist-packages/turtle_bringup-0.0.0-py3.10.egg-info/top_level.txt
[1.429s] -- Up-to-date: /home/nakarin/RoboticsDev/install/turtle_bringup/local/lib/python3.10/dist-packages/turtle_bringup
[1.430s] -- Up-to-date: /home/nakarin/RoboticsDev/install/turtle_bringup/local/lib/python3.10/dist-packages/turtle_bringup/__init__.py
[1.430s] -- Up-to-date: /home/nakarin/RoboticsDev/install/turtle_bringup/local/lib/python3.10/dist-packages/turtle_bringup/dummy_module.py
[1.485s] Listing '/home/nakarin/RoboticsDev/install/turtle_bringup/local/lib/python3.10/dist-packages/turtle_bringup'...
[1.490s] -- Up-to-date: /home/nakarin/RoboticsDev/install/turtle_bringup/lib/turtle_bringup/dummy_script.py
[1.491s] -- Up-to-date: /home/nakarin/RoboticsDev/install/turtle_bringup/lib/turtle_bringup/cpp_node_test
[1.492s] -- Up-to-date: /home/nakarin/RoboticsDev/install/turtle_bringup/share/turtle_bringup
[1.492s] -- Up-to-date: /home/nakarin/RoboticsDev/install/turtle_bringup/share/ament_index/resource_index/package_run_dependencies/turtle_bringup
[1.492s] -- Up-to-date: /home/nakarin/RoboticsDev/install/turtle_bringup/share/ament_index/resource_index/parent_prefix_path/turtle_bringup
[1.493s] -- Up-to-date: /home/nakarin/RoboticsDev/install/turtle_bringup/share/turtle_bringup/environment/ament_prefix_path.sh
[1.493s] -- Up-to-date: /home/nakarin/RoboticsDev/install/turtle_bringup/share/turtle_bringup/environment/ament_prefix_path.dsv
[1.493s] -- Up-to-date: /home/nakarin/RoboticsDev/install/turtle_bringup/share/turtle_bringup/environment/path.sh
[1.493s] -- Up-to-date: /home/nakarin/RoboticsDev/install/turtle_bringup/share/turtle_bringup/environment/path.dsv
[1.493s] -- Up-to-date: /home/nakarin/RoboticsDev/install/turtle_bringup/share/turtle_bringup/local_setup.bash
[1.493s] -- Up-to-date: /home/nakarin/RoboticsDev/install/turtle_bringup/share/turtle_bringup/local_setup.sh
[1.494s] -- Up-to-date: /home/nakarin/RoboticsDev/install/turtle_bringup/share/turtle_bringup/local_setup.zsh
[1.494s] -- Up-to-date: /home/nakarin/RoboticsDev/install/turtle_bringup/share/turtle_bringup/local_setup.dsv
[1.494s] -- Installing: /home/nakarin/RoboticsDev/install/turtle_bringup/share/turtle_bringup/package.dsv
[1.494s] -- Up-to-date: /home/nakarin/RoboticsDev/install/turtle_bringup/share/ament_index/resource_index/packages/turtle_bringup
[1.496s] -- Up-to-date: /home/nakarin/RoboticsDev/install/turtle_bringup/share/turtle_bringup/cmake/turtle_bringupConfig.cmake
[1.496s] -- Up-to-date: /home/nakarin/RoboticsDev/install/turtle_bringup/share/turtle_bringup/cmake/turtle_bringupConfig-version.cmake
[1.497s] -- Up-to-date: /home/nakarin/RoboticsDev/install/turtle_bringup/share/turtle_bringup/package.xml
[1.497s] Invoked command in '/home/nakarin/RoboticsDev/build/turtle_bringup' returned '0': CMAKE_PREFIX_PATH=${CMAKE_PREFIX_PATH}:/home/nakarin/RoboticsDev/install/launch_testing_examples:/home/nakarin/RoboticsDev/install/examples_rclpy_pointcloud_publisher:/home/nakarin/RoboticsDev/install/examples_rclpy_minimal_subscriber:/home/nakarin/RoboticsDev/install/examples_rclpy_minimal_service:/home/nakarin/RoboticsDev/install/examples_rclpy_minimal_publisher:/home/nakarin/RoboticsDev/install/examples_rclpy_minimal_client:/home/nakarin/RoboticsDev/install/examples_rclpy_minimal_action_server:/home/nakarin/RoboticsDev/install/examples_rclpy_minimal_action_client:/home/nakarin/RoboticsDev/install/examples_rclpy_guard_conditions:/home/nakarin/RoboticsDev/install/examples_rclpy_executors:/opt/ros/humble /usr/bin/cmake --install /home/nakarin/RoboticsDev/build/turtle_bringup
