[0.042s] Invoking command in '/home/nakarin/RoboticsDev/build/lab1_interfaces': CMAKE_PREFIX_PATH=${CMAKE_PREFIX_PATH}:/home/nakarin/RoboticsDev/install/launch_testing_examples:/home/nakarin/RoboticsDev/install/examples_rclpy_pointcloud_publisher:/home/nakarin/RoboticsDev/install/examples_rclpy_minimal_subscriber:/home/nakarin/RoboticsDev/install/examples_rclpy_minimal_service:/home/nakarin/RoboticsDev/install/examples_rclpy_minimal_publisher:/home/nakarin/RoboticsDev/install/examples_rclpy_minimal_client:/home/nakarin/RoboticsDev/install/examples_rclpy_minimal_action_server:/home/nakarin/RoboticsDev/install/examples_rclpy_minimal_action_client:/home/nakarin/RoboticsDev/install/examples_rclpy_guard_conditions:/home/nakarin/RoboticsDev/install/examples_rclpy_executors:/opt/ros/humble /usr/bin/cmake --build /home/nakarin/RoboticsDev/build/lab1_interfaces -- -j8 -l8
[0.114s] [  3%] Built target lab1_interfaces__cpp
[0.114s] [ 12%] Built target lab1_interfaces__rosidl_generator_c
[0.126s] [ 12%] Built target ament_cmake_python_copy_lab1_interfaces
[0.146s] [ 25%] Built target lab1_interfaces__rosidl_typesupport_cpp
[0.147s] [ 35%] Built target lab1_interfaces__rosidl_typesupport_c
[0.147s] [ 41%] Built target lab1_interfaces__rosidl_typesupport_introspection_c
[0.149s] [ 51%] Built target lab1_interfaces__rosidl_typesupport_fastrtps_cpp
[0.155s] [ 61%] Built target lab1_interfaces__rosidl_typesupport_introspection_cpp
[0.157s] [ 70%] Built target lab1_interfaces__rosidl_typesupport_fastrtps_c
[0.175s] [ 70%] Built target lab1_interfaces
[0.193s] [ 74%] Built target lab1_interfaces__py
[0.212s] [ 80%] Built target lab1_interfaces__rosidl_generator_py
[0.231s] [ 87%] Built target lab1_interfaces__rosidl_typesupport_introspection_c__pyext
[0.232s] [ 93%] Built target lab1_interfaces__rosidl_typesupport_c__pyext
[0.238s] [100%] Built target lab1_interfaces__rosidl_typesupport_fastrtps_c__pyext
[0.424s] running egg_info
[0.425s] writing lab1_interfaces.egg-info/PKG-INFO
[0.425s] writing dependency_links to lab1_interfaces.egg-info/dependency_links.txt
[0.425s] writing top-level names to lab1_interfaces.egg-info/top_level.txt
[0.433s] reading manifest file 'lab1_interfaces.egg-info/SOURCES.txt'
[0.434s] writing manifest file 'lab1_interfaces.egg-info/SOURCES.txt'
[0.527s] [100%] Built target ament_cmake_python_build_lab1_interfaces_egg
[0.553s] Invoked command in '/home/nakarin/RoboticsDev/build/lab1_interfaces' returned '0': CMAKE_PREFIX_PATH=${CMAKE_PREFIX_PATH}:/home/nakarin/RoboticsDev/install/launch_testing_examples:/home/nakarin/RoboticsDev/install/examples_rclpy_pointcloud_publisher:/home/nakarin/RoboticsDev/install/examples_rclpy_minimal_subscriber:/home/nakarin/RoboticsDev/install/examples_rclpy_minimal_service:/home/nakarin/RoboticsDev/install/examples_rclpy_minimal_publisher:/home/nakarin/RoboticsDev/install/examples_rclpy_minimal_client:/home/nakarin/RoboticsDev/install/examples_rclpy_minimal_action_server:/home/nakarin/RoboticsDev/install/examples_rclpy_minimal_action_client:/home/nakarin/RoboticsDev/install/examples_rclpy_guard_conditions:/home/nakarin/RoboticsDev/install/examples_rclpy_executors:/opt/ros/humble /usr/bin/cmake --build /home/nakarin/RoboticsDev/build/lab1_interfaces -- -j8 -l8
[0.697s] Invoking command in '/home/nakarin/RoboticsDev/build/lab1_interfaces': CMAKE_PREFIX_PATH=${CMAKE_PREFIX_PATH}:/home/nakarin/RoboticsDev/install/launch_testing_examples:/home/nakarin/RoboticsDev/install/examples_rclpy_pointcloud_publisher:/home/nakarin/RoboticsDev/install/examples_rclpy_minimal_subscriber:/home/nakarin/RoboticsDev/install/examples_rclpy_minimal_service:/home/nakarin/RoboticsDev/install/examples_rclpy_minimal_publisher:/home/nakarin/RoboticsDev/install/examples_rclpy_minimal_client:/home/nakarin/RoboticsDev/install/examples_rclpy_minimal_action_server:/home/nakarin/RoboticsDev/install/examples_rclpy_minimal_action_client:/home/nakarin/RoboticsDev/install/examples_rclpy_guard_conditions:/home/nakarin/RoboticsDev/install/examples_rclpy_executors:/opt/ros/humble /usr/bin/cmake --install /home/nakarin/RoboticsDev/build/lab1_interfaces
[0.748s] -- Install configuration: ""
[0.749s] -- Up-to-date: /home/nakarin/RoboticsDev/install/lab1_interfaces/share/ament_index/resource_index/rosidl_interfaces/lab1_interfaces
[0.751s] -- Up-to-date: /home/nakarin/RoboticsDev/install/lab1_interfaces/include/lab1_interfaces/lab1_interfaces
[0.752s] -- Up-to-date: /home/nakarin/RoboticsDev/install/lab1_interfaces/include/lab1_interfaces/lab1_interfaces/msg
[0.753s] -- Up-to-date: /home/nakarin/RoboticsDev/install/lab1_interfaces/include/lab1_interfaces/lab1_interfaces/msg/rosidl_generator_c__visibility_control.h
[0.754s] -- Up-to-date: /home/nakarin/RoboticsDev/install/lab1_interfaces/include/lab1_interfaces/lab1_interfaces/srv
[0.755s] -- Up-to-date: /home/nakarin/RoboticsDev/install/lab1_interfaces/include/lab1_interfaces/lab1_interfaces/srv/detail
[0.756s] -- Up-to-date: /home/nakarin/RoboticsDev/install/lab1_interfaces/include/lab1_interfaces/lab1_interfaces/srv/detail/set_noise__functions.c
[0.757s] -- Up-to-date: /home/nakarin/RoboticsDev/install/lab1_interfaces/include/lab1_interfaces/lab1_interfaces/srv/detail/set_noise__functions.h
[0.758s] -- Up-to-date: /home/nakarin/RoboticsDev/install/lab1_interfaces/include/lab1_interfaces/lab1_interfaces/srv/detail/set_noise__struct.h
[0.759s] -- Up-to-date: /home/nakarin/RoboticsDev/install/lab1_interfaces/include/lab1_interfaces/lab1_interfaces/srv/detail/set_noise__type_support.h
[0.760s] -- Up-to-date: /home/nakarin/RoboticsDev/install/lab1_interfaces/include/lab1_interfaces/lab1_interfaces/srv/set_noise.h
[0.761s] -- Up-to-date: /home/nakarin/RoboticsDev/install/lab1_interfaces/share/lab1_interfaces/environment/library_path.sh
[0.764s] -- Up-to-date: /home/nakarin/RoboticsDev/install/lab1_interfaces/share/lab1_interfaces/environment/library_path.dsv
[0.765s] -- Up-to-date: /home/nakarin/RoboticsDev/install/lab1_interfaces/lib/liblab1_interfaces__rosidl_generator_c.so
[0.765s] -- Up-to-date: /home/nakarin/RoboticsDev/install/lab1_interfaces/include/lab1_interfaces/lab1_interfaces
[0.765s] -- Up-to-date: /home/nakarin/RoboticsDev/install/lab1_interfaces/include/lab1_interfaces/lab1_interfaces/msg
[0.765s] -- Up-to-date: /home/nakarin/RoboticsDev/install/lab1_interfaces/include/lab1_interfaces/lab1_interfaces/msg/rosidl_typesupport_fastrtps_c__visibility_control.h
[0.765s] -- Up-to-date: /home/nakarin/RoboticsDev/install/lab1_interfaces/include/lab1_interfaces/lab1_interfaces/srv
[0.765s] -- Up-to-date: /home/nakarin/RoboticsDev/install/lab1_interfaces/include/lab1_interfaces/lab1_interfaces/srv/detail
[0.765s] -- Up-to-date: /home/nakarin/RoboticsDev/install/lab1_interfaces/include/lab1_interfaces/lab1_interfaces/srv/detail/set_noise__rosidl_typesupport_fastrtps_c.h
[0.766s] -- Up-to-date: /home/nakarin/RoboticsDev/install/lab1_interfaces/lib/liblab1_interfaces__rosidl_typesupport_fastrtps_c.so
[0.766s] -- Up-to-date: /home/nakarin/RoboticsDev/install/lab1_interfaces/include/lab1_interfaces/lab1_interfaces
[0.766s] -- Up-to-date: /home/nakarin/RoboticsDev/install/lab1_interfaces/include/lab1_interfaces/lab1_interfaces/srv
[0.766s] -- Up-to-date: /home/nakarin/RoboticsDev/install/lab1_interfaces/include/lab1_interfaces/lab1_interfaces/srv/detail
[0.766s] -- Up-to-date: /home/nakarin/RoboticsDev/install/lab1_interfaces/include/lab1_interfaces/lab1_interfaces/srv/detail/set_noise__builder.hpp
[0.766s] -- Up-to-date: /home/nakarin/RoboticsDev/install/lab1_interfaces/include/lab1_interfaces/lab1_interfaces/srv/detail/set_noise__traits.hpp
[0.769s] -- Up-to-date: /home/nakarin/RoboticsDev/install/lab1_interfaces/include/lab1_interfaces/lab1_interfaces/srv/detail/set_noise__struct.hpp
[0.769s] -- Up-to-date: /home/nakarin/RoboticsDev/install/lab1_interfaces/include/lab1_interfaces/lab1_interfaces/srv/set_noise.hpp
[0.769s] -- Up-to-date: /home/nakarin/RoboticsDev/install/lab1_interfaces/include/lab1_interfaces/lab1_interfaces
[0.769s] -- Up-to-date: /home/nakarin/RoboticsDev/install/lab1_interfaces/include/lab1_interfaces/lab1_interfaces/msg
[0.769s] -- Up-to-date: /home/nakarin/RoboticsDev/install/lab1_interfaces/include/lab1_interfaces/lab1_interfaces/msg/rosidl_typesupport_fastrtps_cpp__visibility_control.h
[0.769s] -- Up-to-date: /home/nakarin/RoboticsDev/install/lab1_interfaces/include/lab1_interfaces/lab1_interfaces/srv
[0.769s] -- Up-to-date: /home/nakarin/RoboticsDev/install/lab1_interfaces/include/lab1_interfaces/lab1_interfaces/srv/detail
[0.770s] -- Up-to-date: /home/nakarin/RoboticsDev/install/lab1_interfaces/include/lab1_interfaces/lab1_interfaces/srv/detail/set_noise__rosidl_typesupport_fastrtps_cpp.hpp
[0.770s] -- Up-to-date: /home/nakarin/RoboticsDev/install/lab1_interfaces/include/lab1_interfaces/lab1_interfaces/srv/detail/dds_fastrtps
[0.770s] -- Up-to-date: /home/nakarin/RoboticsDev/install/lab1_interfaces/lib/liblab1_interfaces__rosidl_typesupport_fastrtps_cpp.so
[0.770s] -- Up-to-date: /home/nakarin/RoboticsDev/install/lab1_interfaces/include/lab1_interfaces/lab1_interfaces
[0.770s] -- Up-to-date: /home/nakarin/RoboticsDev/install/lab1_interfaces/include/lab1_interfaces/lab1_interfaces/msg
[0.770s] -- Up-to-date: /home/nakarin/RoboticsDev/install/lab1_interfaces/include/lab1_interfaces/lab1_interfaces/msg/rosidl_typesupport_introspection_c__visibility_control.h
[0.770s] -- Up-to-date: /home/nakarin/RoboticsDev/install/lab1_interfaces/include/lab1_interfaces/lab1_interfaces/srv
[0.771s] -- Up-to-date: /home/nakarin/RoboticsDev/install/lab1_interfaces/include/lab1_interfaces/lab1_interfaces/srv/detail
[0.771s] -- Up-to-date: /home/nakarin/RoboticsDev/install/lab1_interfaces/include/lab1_interfaces/lab1_interfaces/srv/detail/set_noise__type_support.c
[0.771s] -- Up-to-date: /home/nakarin/RoboticsDev/install/lab1_interfaces/include/lab1_interfaces/lab1_interfaces/srv/detail/set_noise__rosidl_typesupport_introspection_c.h
[0.771s] -- Up-to-date: /home/nakarin/RoboticsDev/install/lab1_interfaces/lib/liblab1_interfaces__rosidl_typesupport_introspection_c.so
[0.771s] -- Up-to-date: /home/nakarin/RoboticsDev/install/lab1_interfaces/lib/liblab1_interfaces__rosidl_typesupport_c.so
[0.771s] -- Up-to-date: /home/nakarin/RoboticsDev/install/lab1_interfaces/include/lab1_interfaces/lab1_interfaces
[0.771s] -- Up-to-date: /home/nakarin/RoboticsDev/install/lab1_interfaces/include/lab1_interfaces/lab1_interfaces/srv
[0.772s] -- Up-to-date: /home/nakarin/RoboticsDev/install/lab1_interfaces/include/lab1_interfaces/lab1_interfaces/srv/detail
[0.772s] -- Up-to-date: /home/nakarin/RoboticsDev/install/lab1_interfaces/include/lab1_interfaces/lab1_interfaces/srv/detail/set_noise__rosidl_typesupport_introspection_cpp.hpp
[0.772s] -- Up-to-date: /home/nakarin/RoboticsDev/install/lab1_interfaces/include/lab1_interfaces/lab1_interfaces/srv/detail/set_noise__type_support.cpp
[0.772s] -- Up-to-date: /home/nakarin/RoboticsDev/install/lab1_interfaces/lib/liblab1_interfaces__rosidl_typesupport_introspection_cpp.so
[0.772s] -- Up-to-date: /home/nakarin/RoboticsDev/install/lab1_interfaces/lib/liblab1_interfaces__rosidl_typesupport_cpp.so
[0.778s] -- Up-to-date: /home/nakarin/RoboticsDev/install/lab1_interfaces/share/lab1_interfaces/environment/pythonpath.sh
[0.780s] -- Up-to-date: /home/nakarin/RoboticsDev/install/lab1_interfaces/share/lab1_interfaces/environment/pythonpath.dsv
[0.780s] -- Up-to-date: /home/nakarin/RoboticsDev/install/lab1_interfaces/local/lib/python3.10/dist-packages/lab1_interfaces-0.0.0-py3.10.egg-info
[0.780s] -- Installing: /home/nakarin/RoboticsDev/install/lab1_interfaces/local/lib/python3.10/dist-packages/lab1_interfaces-0.0.0-py3.10.egg-info/dependency_links.txt
[0.780s] -- Installing: /home/nakarin/RoboticsDev/install/lab1_interfaces/local/lib/python3.10/dist-packages/lab1_interfaces-0.0.0-py3.10.egg-info/SOURCES.txt
[0.780s] -- Installing: /home/nakarin/RoboticsDev/install/lab1_interfaces/local/lib/python3.10/dist-packages/lab1_interfaces-0.0.0-py3.10.egg-info/PKG-INFO
[0.780s] -- Installing: /home/nakarin/RoboticsDev/install/lab1_interfaces/local/lib/python3.10/dist-packages/lab1_interfaces-0.0.0-py3.10.egg-info/top_level.txt
[0.781s] -- Up-to-date: /home/nakarin/RoboticsDev/install/lab1_interfaces/local/lib/python3.10/dist-packages/lab1_interfaces
[0.781s] -- Up-to-date: /home/nakarin/RoboticsDev/install/lab1_interfaces/local/lib/python3.10/dist-packages/lab1_interfaces/_lab1_interfaces_s.ep.rosidl_typesupport_c.c
[0.781s] -- Up-to-date: /home/nakarin/RoboticsDev/install/lab1_interfaces/local/lib/python3.10/dist-packages/lab1_interfaces/__init__.py
[0.781s] -- Up-to-date: /home/nakarin/RoboticsDev/install/lab1_interfaces/local/lib/python3.10/dist-packages/lab1_interfaces/liblab1_interfaces__rosidl_generator_py.so
[0.781s] -- Up-to-date: /home/nakarin/RoboticsDev/install/lab1_interfaces/local/lib/python3.10/dist-packages/lab1_interfaces/lab1_interfaces_s__rosidl_typesupport_fastrtps_c.cpython-310-x86_64-linux-gnu.so
[0.782s] -- Up-to-date: /home/nakarin/RoboticsDev/install/lab1_interfaces/local/lib/python3.10/dist-packages/lab1_interfaces/_lab1_interfaces_s.ep.rosidl_typesupport_fastrtps_c.c
[0.783s] -- Up-to-date: /home/nakarin/RoboticsDev/install/lab1_interfaces/local/lib/python3.10/dist-packages/lab1_interfaces/srv
[0.784s] -- Up-to-date: /home/nakarin/RoboticsDev/install/lab1_interfaces/local/lib/python3.10/dist-packages/lab1_interfaces/srv/_set_noise.py
[0.791s] -- Up-to-date: /home/nakarin/RoboticsDev/install/lab1_interfaces/local/lib/python3.10/dist-packages/lab1_interfaces/srv/_set_noise_s.c
[0.792s] -- Up-to-date: /home/nakarin/RoboticsDev/install/lab1_interfaces/local/lib/python3.10/dist-packages/lab1_interfaces/srv/__init__.py
[0.792s] -- Up-to-date: /home/nakarin/RoboticsDev/install/lab1_interfaces/local/lib/python3.10/dist-packages/lab1_interfaces/lab1_interfaces_s__rosidl_typesupport_introspection_c.cpython-310-x86_64-linux-gnu.so
[0.792s] -- Up-to-date: /home/nakarin/RoboticsDev/install/lab1_interfaces/local/lib/python3.10/dist-packages/lab1_interfaces/_lab1_interfaces_s.ep.rosidl_typesupport_introspection_c.c
[0.792s] -- Up-to-date: /home/nakarin/RoboticsDev/install/lab1_interfaces/local/lib/python3.10/dist-packages/lab1_interfaces/lab1_interfaces_s__rosidl_typesupport_c.cpython-310-x86_64-linux-gnu.so
[0.792s] Listing '/home/nakarin/RoboticsDev/install/lab1_interfaces/local/lib/python3.10/dist-packages/lab1_interfaces'...
[0.792s] Listing '/home/nakarin/RoboticsDev/install/lab1_interfaces/local/lib/python3.10/dist-packages/lab1_interfaces/srv'...
[0.794s] -- Up-to-date: /home/nakarin/RoboticsDev/install/lab1_interfaces/local/lib/python3.10/dist-packages/lab1_interfaces/lab1_interfaces_s__rosidl_typesupport_fastrtps_c.cpython-310-x86_64-linux-gnu.so
[0.795s] -- Up-to-date: /home/nakarin/RoboticsDev/install/lab1_interfaces/local/lib/python3.10/dist-packages/lab1_interfaces/lab1_interfaces_s__rosidl_typesupport_introspection_c.cpython-310-x86_64-linux-gnu.so
[0.795s] -- Up-to-date: /home/nakarin/RoboticsDev/install/lab1_interfaces/local/lib/python3.10/dist-packages/lab1_interfaces/lab1_interfaces_s__rosidl_typesupport_c.cpython-310-x86_64-linux-gnu.so
[0.795s] -- Up-to-date: /home/nakarin/RoboticsDev/install/lab1_interfaces/lib/liblab1_interfaces__rosidl_generator_py.so
[0.796s] -- Up-to-date: /home/nakarin/RoboticsDev/install/lab1_interfaces/share/lab1_interfaces/srv/SetNoise.idl
[0.796s] -- Up-to-date: /home/nakarin/RoboticsDev/install/lab1_interfaces/share/lab1_interfaces/srv/SetNoise.srv
[0.796s] -- Up-to-date: /home/nakarin/RoboticsDev/install/lab1_interfaces/share/lab1_interfaces/srv/SetNoise_Request.msg
[0.798s] -- Up-to-date: /home/nakarin/RoboticsDev/install/lab1_interfaces/share/lab1_interfaces/srv/SetNoise_Response.msg
[0.798s] -- Up-to-date: /home/nakarin/RoboticsDev/install/lab1_interfaces/share/ament_index/resource_index/package_run_dependencies/lab1_interfaces
[0.798s] -- Up-to-date: /home/nakarin/RoboticsDev/install/lab1_interfaces/share/ament_index/resource_index/parent_prefix_path/lab1_interfaces
[0.799s] -- Up-to-date: /home/nakarin/RoboticsDev/install/lab1_interfaces/share/lab1_interfaces/environment/ament_prefix_path.sh
[0.799s] -- Up-to-date: /home/nakarin/RoboticsDev/install/lab1_interfaces/share/lab1_interfaces/environment/ament_prefix_path.dsv
[0.799s] -- Up-to-date: /home/nakarin/RoboticsDev/install/lab1_interfaces/share/lab1_interfaces/environment/path.sh
[0.799s] -- Up-to-date: /home/nakarin/RoboticsDev/install/lab1_interfaces/share/lab1_interfaces/environment/path.dsv
[0.799s] -- Up-to-date: /home/nakarin/RoboticsDev/install/lab1_interfaces/share/lab1_interfaces/local_setup.bash
[0.799s] -- Up-to-date: /home/nakarin/RoboticsDev/install/lab1_interfaces/share/lab1_interfaces/local_setup.sh
[0.799s] -- Up-to-date: /home/nakarin/RoboticsDev/install/lab1_interfaces/share/lab1_interfaces/local_setup.zsh
[0.799s] -- Up-to-date: /home/nakarin/RoboticsDev/install/lab1_interfaces/share/lab1_interfaces/local_setup.dsv
[0.800s] -- Installing: /home/nakarin/RoboticsDev/install/lab1_interfaces/share/lab1_interfaces/package.dsv
[0.800s] -- Up-to-date: /home/nakarin/RoboticsDev/install/lab1_interfaces/share/ament_index/resource_index/packages/lab1_interfaces
[0.800s] -- Up-to-date: /home/nakarin/RoboticsDev/install/lab1_interfaces/share/lab1_interfaces/cmake/export_lab1_interfaces__rosidl_generator_cExport.cmake
[0.800s] -- Up-to-date: /home/nakarin/RoboticsDev/install/lab1_interfaces/share/lab1_interfaces/cmake/export_lab1_interfaces__rosidl_generator_cExport-noconfig.cmake
[0.804s] -- Up-to-date: /home/nakarin/RoboticsDev/install/lab1_interfaces/share/lab1_interfaces/cmake/export_lab1_interfaces__rosidl_typesupport_fastrtps_cExport.cmake
[0.804s] -- Up-to-date: /home/nakarin/RoboticsDev/install/lab1_interfaces/share/lab1_interfaces/cmake/export_lab1_interfaces__rosidl_typesupport_fastrtps_cExport-noconfig.cmake
[0.804s] -- Up-to-date: /home/nakarin/RoboticsDev/install/lab1_interfaces/share/lab1_interfaces/cmake/export_lab1_interfaces__rosidl_generator_cppExport.cmake
[0.805s] -- Up-to-date: /home/nakarin/RoboticsDev/install/lab1_interfaces/share/lab1_interfaces/cmake/export_lab1_interfaces__rosidl_typesupport_fastrtps_cppExport.cmake
[0.805s] -- Up-to-date: /home/nakarin/RoboticsDev/install/lab1_interfaces/share/lab1_interfaces/cmake/export_lab1_interfaces__rosidl_typesupport_fastrtps_cppExport-noconfig.cmake
[0.805s] -- Up-to-date: /home/nakarin/RoboticsDev/install/lab1_interfaces/share/lab1_interfaces/cmake/lab1_interfaces__rosidl_typesupport_introspection_cExport.cmake
[0.805s] -- Up-to-date: /home/nakarin/RoboticsDev/install/lab1_interfaces/share/lab1_interfaces/cmake/lab1_interfaces__rosidl_typesupport_introspection_cExport-noconfig.cmake
[0.805s] -- Up-to-date: /home/nakarin/RoboticsDev/install/lab1_interfaces/share/lab1_interfaces/cmake/lab1_interfaces__rosidl_typesupport_cExport.cmake
[0.805s] -- Up-to-date: /home/nakarin/RoboticsDev/install/lab1_interfaces/share/lab1_interfaces/cmake/lab1_interfaces__rosidl_typesupport_cExport-noconfig.cmake
[0.805s] -- Up-to-date: /home/nakarin/RoboticsDev/install/lab1_interfaces/share/lab1_interfaces/cmake/lab1_interfaces__rosidl_typesupport_introspection_cppExport.cmake
[0.806s] -- Up-to-date: /home/nakarin/RoboticsDev/install/lab1_interfaces/share/lab1_interfaces/cmake/lab1_interfaces__rosidl_typesupport_introspection_cppExport-noconfig.cmake
[0.806s] -- Up-to-date: /home/nakarin/RoboticsDev/install/lab1_interfaces/share/lab1_interfaces/cmake/lab1_interfaces__rosidl_typesupport_cppExport.cmake
[0.806s] -- Up-to-date: /home/nakarin/RoboticsDev/install/lab1_interfaces/share/lab1_interfaces/cmake/lab1_interfaces__rosidl_typesupport_cppExport-noconfig.cmake
[0.806s] -- Up-to-date: /home/nakarin/RoboticsDev/install/lab1_interfaces/share/lab1_interfaces/cmake/export_lab1_interfaces__rosidl_generator_pyExport.cmake
[0.806s] -- Up-to-date: /home/nakarin/RoboticsDev/install/lab1_interfaces/share/lab1_interfaces/cmake/export_lab1_interfaces__rosidl_generator_pyExport-noconfig.cmake
[0.806s] -- Up-to-date: /home/nakarin/RoboticsDev/install/lab1_interfaces/share/lab1_interfaces/cmake/rosidl_cmake-extras.cmake
[0.806s] -- Up-to-date: /home/nakarin/RoboticsDev/install/lab1_interfaces/share/lab1_interfaces/cmake/ament_cmake_export_dependencies-extras.cmake
[0.806s] -- Up-to-date: /home/nakarin/RoboticsDev/install/lab1_interfaces/share/lab1_interfaces/cmake/ament_cmake_export_include_directories-extras.cmake
[0.807s] -- Up-to-date: /home/nakarin/RoboticsDev/install/lab1_interfaces/share/lab1_interfaces/cmake/ament_cmake_export_libraries-extras.cmake
[0.807s] -- Up-to-date: /home/nakarin/RoboticsDev/install/lab1_interfaces/share/lab1_interfaces/cmake/ament_cmake_export_targets-extras.cmake
[0.807s] -- Up-to-date: /home/nakarin/RoboticsDev/install/lab1_interfaces/share/lab1_interfaces/cmake/rosidl_cmake_export_typesupport_targets-extras.cmake
[0.807s] -- Up-to-date: /home/nakarin/RoboticsDev/install/lab1_interfaces/share/lab1_interfaces/cmake/rosidl_cmake_export_typesupport_libraries-extras.cmake
[0.807s] -- Up-to-date: /home/nakarin/RoboticsDev/install/lab1_interfaces/share/lab1_interfaces/cmake/lab1_interfacesConfig.cmake
[0.807s] -- Up-to-date: /home/nakarin/RoboticsDev/install/lab1_interfaces/share/lab1_interfaces/cmake/lab1_interfacesConfig-version.cmake
[0.807s] -- Up-to-date: /home/nakarin/RoboticsDev/install/lab1_interfaces/share/lab1_interfaces/package.xml
[0.810s] Invoked command in '/home/nakarin/RoboticsDev/build/lab1_interfaces' returned '0': CMAKE_PREFIX_PATH=${CMAKE_PREFIX_PATH}:/home/nakarin/RoboticsDev/install/launch_testing_examples:/home/nakarin/RoboticsDev/install/examples_rclpy_pointcloud_publisher:/home/nakarin/RoboticsDev/install/examples_rclpy_minimal_subscriber:/home/nakarin/RoboticsDev/install/examples_rclpy_minimal_service:/home/nakarin/RoboticsDev/install/examples_rclpy_minimal_publisher:/home/nakarin/RoboticsDev/install/examples_rclpy_minimal_client:/home/nakarin/RoboticsDev/install/examples_rclpy_minimal_action_server:/home/nakarin/RoboticsDev/install/examples_rclpy_minimal_action_client:/home/nakarin/RoboticsDev/install/examples_rclpy_guard_conditions:/home/nakarin/RoboticsDev/install/examples_rclpy_executors:/opt/ros/humble /usr/bin/cmake --install /home/nakarin/RoboticsDev/build/lab1_interfaces
