[0.058s] Invoking command in '/home/nakarin/RoboticsDev/build/examples_rclcpp_wait_set': CMAKE_PREFIX_PATH=/opt/ros/humble /usr/bin/cmake --build /home/nakarin/RoboticsDev/build/examples_rclcpp_wait_set -- -j8 -l8
[0.148s] [  8%] Built target talker
[0.152s] [ 25%] Built target wait_set_talker
[0.152s] [ 25%] Built target wait_set
[0.153s] [ 33%] Built target listener
[0.156s] [ 41%] Built target wait_set_listener
[0.156s] [ 50%] Built target thread_safe_wait_set
[0.158s] [ 58%] Built target wait_set_topics_and_timer
[0.158s] [ 66%] Built target static_wait_set
[0.177s] [ 75%] Built target wait_set_random_order
[0.177s] [ 83%] Built target wait_set_topics_with_different_rates
[0.182s] [ 91%] Built target executor_random_order
[0.182s] [100%] Built target wait_set_composed
[0.835s] Invoked command in '/home/nakarin/RoboticsDev/build/examples_rclcpp_wait_set' returned '0': CMAKE_PREFIX_PATH=/opt/ros/humble /usr/bin/cmake --build /home/nakarin/RoboticsDev/build/examples_rclcpp_wait_set -- -j8 -l8
[1.104s] Invoking command in '/home/nakarin/RoboticsDev/build/examples_rclcpp_wait_set': CMAKE_PREFIX_PATH=/opt/ros/humble /usr/bin/cmake --install /home/nakarin/RoboticsDev/build/examples_rclcpp_wait_set
[1.112s] -- Install configuration: ""
[1.114s] -- Up-to-date: /home/nakarin/RoboticsDev/install/examples_rclcpp_wait_set/lib/examples_rclcpp_wait_set/wait_set_talker
[1.114s] -- Up-to-date: /home/nakarin/RoboticsDev/install/examples_rclcpp_wait_set/lib/examples_rclcpp_wait_set/wait_set_listener
[1.114s] -- Up-to-date: /home/nakarin/RoboticsDev/install/examples_rclcpp_wait_set/lib/libtalker.so
[1.115s] -- Up-to-date: /home/nakarin/RoboticsDev/install/examples_rclcpp_wait_set/lib/liblistener.so
[1.115s] -- Up-to-date: /home/nakarin/RoboticsDev/install/examples_rclcpp_wait_set/lib/examples_rclcpp_wait_set/wait_set
[1.115s] -- Up-to-date: /home/nakarin/RoboticsDev/install/examples_rclcpp_wait_set/lib/examples_rclcpp_wait_set/static_wait_set
[1.115s] -- Up-to-date: /home/nakarin/RoboticsDev/install/examples_rclcpp_wait_set/lib/examples_rclcpp_wait_set/thread_safe_wait_set
[1.115s] -- Up-to-date: /home/nakarin/RoboticsDev/install/examples_rclcpp_wait_set/lib/examples_rclcpp_wait_set/wait_set_topics_and_timer
[1.118s] -- Up-to-date: /home/nakarin/RoboticsDev/install/examples_rclcpp_wait_set/lib/examples_rclcpp_wait_set/wait_set_random_order
[1.119s] -- Up-to-date: /home/nakarin/RoboticsDev/install/examples_rclcpp_wait_set/lib/examples_rclcpp_wait_set/executor_random_order
[1.119s] -- Up-to-date: /home/nakarin/RoboticsDev/install/examples_rclcpp_wait_set/lib/examples_rclcpp_wait_set/wait_set_topics_with_different_rates
[1.119s] -- Up-to-date: /home/nakarin/RoboticsDev/install/examples_rclcpp_wait_set/lib/examples_rclcpp_wait_set/wait_set_composed
[1.119s] -- Up-to-date: /home/nakarin/RoboticsDev/install/examples_rclcpp_wait_set/share/ament_index/resource_index/package_run_dependencies/examples_rclcpp_wait_set
[1.119s] -- Up-to-date: /home/nakarin/RoboticsDev/install/examples_rclcpp_wait_set/share/ament_index/resource_index/parent_prefix_path/examples_rclcpp_wait_set
[1.119s] -- Up-to-date: /home/nakarin/RoboticsDev/install/examples_rclcpp_wait_set/share/examples_rclcpp_wait_set/environment/ament_prefix_path.sh
[1.119s] -- Up-to-date: /home/nakarin/RoboticsDev/install/examples_rclcpp_wait_set/share/examples_rclcpp_wait_set/environment/ament_prefix_path.dsv
[1.119s] -- Up-to-date: /home/nakarin/RoboticsDev/install/examples_rclcpp_wait_set/share/examples_rclcpp_wait_set/environment/path.sh
[1.119s] -- Up-to-date: /home/nakarin/RoboticsDev/install/examples_rclcpp_wait_set/share/examples_rclcpp_wait_set/environment/path.dsv
[1.120s] -- Up-to-date: /home/nakarin/RoboticsDev/install/examples_rclcpp_wait_set/share/examples_rclcpp_wait_set/local_setup.bash
[1.120s] -- Up-to-date: /home/nakarin/RoboticsDev/install/examples_rclcpp_wait_set/share/examples_rclcpp_wait_set/local_setup.sh
[1.120s] -- Up-to-date: /home/nakarin/RoboticsDev/install/examples_rclcpp_wait_set/share/examples_rclcpp_wait_set/local_setup.zsh
[1.120s] -- Up-to-date: /home/nakarin/RoboticsDev/install/examples_rclcpp_wait_set/share/examples_rclcpp_wait_set/local_setup.dsv
[1.120s] -- Installing: /home/nakarin/RoboticsDev/install/examples_rclcpp_wait_set/share/examples_rclcpp_wait_set/package.dsv
[1.120s] -- Up-to-date: /home/nakarin/RoboticsDev/install/examples_rclcpp_wait_set/share/ament_index/resource_index/packages/examples_rclcpp_wait_set
[1.120s] -- Up-to-date: /home/nakarin/RoboticsDev/install/examples_rclcpp_wait_set/share/ament_index/resource_index/rclcpp_components/examples_rclcpp_wait_set
[1.120s] -- Up-to-date: /home/nakarin/RoboticsDev/install/examples_rclcpp_wait_set/share/examples_rclcpp_wait_set/cmake/examples_rclcpp_wait_setConfig.cmake
[1.120s] -- Up-to-date: /home/nakarin/RoboticsDev/install/examples_rclcpp_wait_set/share/examples_rclcpp_wait_set/cmake/examples_rclcpp_wait_setConfig-version.cmake
[1.121s] -- Up-to-date: /home/nakarin/RoboticsDev/install/examples_rclcpp_wait_set/share/examples_rclcpp_wait_set/package.xml
[1.152s] Invoked command in '/home/nakarin/RoboticsDev/build/examples_rclcpp_wait_set' returned '0': CMAKE_PREFIX_PATH=/opt/ros/humble /usr/bin/cmake --install /home/nakarin/RoboticsDev/build/examples_rclcpp_wait_set
