[0.045s] Invoking command in '/home/nakarin/RoboticsDev/build/lab1_interfaces': CMAKE_PREFIX_PATH=${CMAKE_PREFIX_PATH}:/home/nakarin/RoboticsDev/install/launch_testing_examples:/home/nakarin/RoboticsDev/install/examples_rclpy_pointcloud_publisher:/home/nakarin/RoboticsDev/install/examples_rclpy_minimal_subscriber:/home/nakarin/RoboticsDev/install/examples_rclpy_minimal_service:/home/nakarin/RoboticsDev/install/examples_rclpy_minimal_publisher:/home/nakarin/RoboticsDev/install/examples_rclpy_minimal_client:/home/nakarin/RoboticsDev/install/examples_rclpy_minimal_action_server:/home/nakarin/RoboticsDev/install/examples_rclpy_minimal_action_client:/home/nakarin/RoboticsDev/install/examples_rclpy_guard_conditions:/home/nakarin/RoboticsDev/install/examples_rclpy_executors:/opt/ros/humble /usr/bin/cmake --build /home/nakarin/RoboticsDev/build/lab1_interfaces -- -j8 -l8
[0.779s] [  3%] Built target lab1_interfaces__cpp
[0.781s] [ 12%] Built target lab1_interfaces__rosidl_generator_c
[0.784s] [ 12%] Built target ament_cmake_python_copy_lab1_interfaces
[0.787s] [ 32%] Built target lab1_interfaces__rosidl_typesupport_introspection_cpp
[0.788s] [ 32%] Built target lab1_interfaces__rosidl_typesupport_cpp
[0.791s] [ 41%] Built target lab1_interfaces__rosidl_typesupport_fastrtps_cpp
[0.791s] [ 51%] Built target lab1_interfaces__rosidl_typesupport_fastrtps_c
[0.792s] [ 61%] Built target lab1_interfaces__rosidl_typesupport_introspection_c
[0.792s] [ 70%] Built target lab1_interfaces__rosidl_typesupport_c
[0.792s] [ 70%] Built target lab1_interfaces
[0.792s] [ 74%] Built target lab1_interfaces__py
[0.792s] [ 80%] Built target lab1_interfaces__rosidl_generator_py
[0.793s] [ 87%] Built target lab1_interfaces__rosidl_typesupport_c__pyext
[0.805s] [ 96%] Built target lab1_interfaces__rosidl_typesupport_introspection_c__pyext
[0.805s] [100%] Built target lab1_interfaces__rosidl_typesupport_fastrtps_c__pyext
[1.091s] running egg_info
[1.098s] writing lab1_interfaces.egg-info/PKG-INFO
[1.102s] writing dependency_links to lab1_interfaces.egg-info/dependency_links.txt
[1.102s] writing top-level names to lab1_interfaces.egg-info/top_level.txt
[1.113s] reading manifest file 'lab1_interfaces.egg-info/SOURCES.txt'
[1.115s] writing manifest file 'lab1_interfaces.egg-info/SOURCES.txt'
[1.255s] [100%] Built target ament_cmake_python_build_lab1_interfaces_egg
[1.344s] Invoked command in '/home/nakarin/RoboticsDev/build/lab1_interfaces' returned '0': CMAKE_PREFIX_PATH=${CMAKE_PREFIX_PATH}:/home/nakarin/RoboticsDev/install/launch_testing_examples:/home/nakarin/RoboticsDev/install/examples_rclpy_pointcloud_publisher:/home/nakarin/RoboticsDev/install/examples_rclpy_minimal_subscriber:/home/nakarin/RoboticsDev/install/examples_rclpy_minimal_service:/home/nakarin/RoboticsDev/install/examples_rclpy_minimal_publisher:/home/nakarin/RoboticsDev/install/examples_rclpy_minimal_client:/home/nakarin/RoboticsDev/install/examples_rclpy_minimal_action_server:/home/nakarin/RoboticsDev/install/examples_rclpy_minimal_action_client:/home/nakarin/RoboticsDev/install/examples_rclpy_guard_conditions:/home/nakarin/RoboticsDev/install/examples_rclpy_executors:/opt/ros/humble /usr/bin/cmake --build /home/nakarin/RoboticsDev/build/lab1_interfaces -- -j8 -l8
[1.667s] Invoking command in '/home/nakarin/RoboticsDev/build/lab1_interfaces': CMAKE_PREFIX_PATH=${CMAKE_PREFIX_PATH}:/home/nakarin/RoboticsDev/install/launch_testing_examples:/home/nakarin/RoboticsDev/install/examples_rclpy_pointcloud_publisher:/home/nakarin/RoboticsDev/install/examples_rclpy_minimal_subscriber:/home/nakarin/RoboticsDev/install/examples_rclpy_minimal_service:/home/nakarin/RoboticsDev/install/examples_rclpy_minimal_publisher:/home/nakarin/RoboticsDev/install/examples_rclpy_minimal_client:/home/nakarin/RoboticsDev/install/examples_rclpy_minimal_action_server:/home/nakarin/RoboticsDev/install/examples_rclpy_minimal_action_client:/home/nakarin/RoboticsDev/install/examples_rclpy_guard_conditions:/home/nakarin/RoboticsDev/install/examples_rclpy_executors:/opt/ros/humble /usr/bin/cmake --install /home/nakarin/RoboticsDev/build/lab1_interfaces
[1.874s] -- Install configuration: ""
[1.874s] -- Up-to-date: /home/nakarin/RoboticsDev/install/lab1_interfaces/share/ament_index/resource_index/rosidl_interfaces/lab1_interfaces
[1.874s] -- Up-to-date: /home/nakarin/RoboticsDev/install/lab1_interfaces/include/lab1_interfaces/lab1_interfaces
[1.874s] -- Up-to-date: /home/nakarin/RoboticsDev/install/lab1_interfaces/include/lab1_interfaces/lab1_interfaces/msg
[1.874s] -- Up-to-date: /home/nakarin/RoboticsDev/install/lab1_interfaces/include/lab1_interfaces/lab1_interfaces/msg/rosidl_generator_c__visibility_control.h
[1.874s] -- Up-to-date: /home/nakarin/RoboticsDev/install/lab1_interfaces/include/lab1_interfaces/lab1_interfaces/srv
[1.874s] -- Up-to-date: /home/nakarin/RoboticsDev/install/lab1_interfaces/include/lab1_interfaces/lab1_interfaces/srv/detail
[1.875s] -- Up-to-date: /home/nakarin/RoboticsDev/install/lab1_interfaces/include/lab1_interfaces/lab1_interfaces/srv/detail/set_noise__functions.c
[1.875s] -- Up-to-date: /home/nakarin/RoboticsDev/install/lab1_interfaces/include/lab1_interfaces/lab1_interfaces/srv/detail/set_noise__functions.h
[1.875s] -- Up-to-date: /home/nakarin/RoboticsDev/install/lab1_interfaces/include/lab1_interfaces/lab1_interfaces/srv/detail/set_noise__struct.h
[1.876s] -- Up-to-date: /home/nakarin/RoboticsDev/install/lab1_interfaces/include/lab1_interfaces/lab1_interfaces/srv/detail/set_noise__type_support.h
[1.876s] -- Up-to-date: /home/nakarin/RoboticsDev/install/lab1_interfaces/include/lab1_interfaces/lab1_interfaces/srv/set_noise.h
[1.876s] -- Up-to-date: /home/nakarin/RoboticsDev/install/lab1_interfaces/share/lab1_interfaces/environment/library_path.sh
[1.876s] -- Up-to-date: /home/nakarin/RoboticsDev/install/lab1_interfaces/share/lab1_interfaces/environment/library_path.dsv
[1.876s] -- Up-to-date: /home/nakarin/RoboticsDev/install/lab1_interfaces/lib/liblab1_interfaces__rosidl_generator_c.so
[1.876s] -- Up-to-date: /home/nakarin/RoboticsDev/install/lab1_interfaces/include/lab1_interfaces/lab1_interfaces
[1.877s] -- Up-to-date: /home/nakarin/RoboticsDev/install/lab1_interfaces/include/lab1_interfaces/lab1_interfaces/msg
[1.877s] -- Up-to-date: /home/nakarin/RoboticsDev/install/lab1_interfaces/include/lab1_interfaces/lab1_interfaces/msg/rosidl_typesupport_fastrtps_c__visibility_control.h
[1.877s] -- Up-to-date: /home/nakarin/RoboticsDev/install/lab1_interfaces/include/lab1_interfaces/lab1_interfaces/srv
[1.877s] -- Up-to-date: /home/nakarin/RoboticsDev/install/lab1_interfaces/include/lab1_interfaces/lab1_interfaces/srv/detail
[1.877s] -- Up-to-date: /home/nakarin/RoboticsDev/install/lab1_interfaces/include/lab1_interfaces/lab1_interfaces/srv/detail/set_noise__rosidl_typesupport_fastrtps_c.h
[1.877s] -- Up-to-date: /home/nakarin/RoboticsDev/install/lab1_interfaces/lib/liblab1_interfaces__rosidl_typesupport_fastrtps_c.so
[1.877s] -- Up-to-date: /home/nakarin/RoboticsDev/install/lab1_interfaces/include/lab1_interfaces/lab1_interfaces
[1.877s] -- Up-to-date: /home/nakarin/RoboticsDev/install/lab1_interfaces/include/lab1_interfaces/lab1_interfaces/srv
[1.878s] -- Up-to-date: /home/nakarin/RoboticsDev/install/lab1_interfaces/include/lab1_interfaces/lab1_interfaces/srv/detail
[1.882s] -- Up-to-date: /home/nakarin/RoboticsDev/install/lab1_interfaces/include/lab1_interfaces/lab1_interfaces/srv/detail/set_noise__builder.hpp
[1.882s] -- Up-to-date: /home/nakarin/RoboticsDev/install/lab1_interfaces/include/lab1_interfaces/lab1_interfaces/srv/detail/set_noise__traits.hpp
[1.883s] -- Up-to-date: /home/nakarin/RoboticsDev/install/lab1_interfaces/include/lab1_interfaces/lab1_interfaces/srv/detail/set_noise__struct.hpp
[1.885s] -- Up-to-date: /home/nakarin/RoboticsDev/install/lab1_interfaces/include/lab1_interfaces/lab1_interfaces/srv/set_noise.hpp
[1.894s] -- Up-to-date: /home/nakarin/RoboticsDev/install/lab1_interfaces/include/lab1_interfaces/lab1_interfaces
[1.895s] -- Up-to-date: /home/nakarin/RoboticsDev/install/lab1_interfaces/include/lab1_interfaces/lab1_interfaces/msg
[1.895s] -- Up-to-date: /home/nakarin/RoboticsDev/install/lab1_interfaces/include/lab1_interfaces/lab1_interfaces/msg/rosidl_typesupport_fastrtps_cpp__visibility_control.h
[1.895s] -- Up-to-date: /home/nakarin/RoboticsDev/install/lab1_interfaces/include/lab1_interfaces/lab1_interfaces/srv
[1.896s] -- Up-to-date: /home/nakarin/RoboticsDev/install/lab1_interfaces/include/lab1_interfaces/lab1_interfaces/srv/detail
[1.896s] -- Up-to-date: /home/nakarin/RoboticsDev/install/lab1_interfaces/include/lab1_interfaces/lab1_interfaces/srv/detail/set_noise__rosidl_typesupport_fastrtps_cpp.hpp
[1.896s] -- Up-to-date: /home/nakarin/RoboticsDev/install/lab1_interfaces/include/lab1_interfaces/lab1_interfaces/srv/detail/dds_fastrtps
[1.896s] -- Up-to-date: /home/nakarin/RoboticsDev/install/lab1_interfaces/lib/liblab1_interfaces__rosidl_typesupport_fastrtps_cpp.so
[1.896s] -- Up-to-date: /home/nakarin/RoboticsDev/install/lab1_interfaces/include/lab1_interfaces/lab1_interfaces
[1.896s] -- Up-to-date: /home/nakarin/RoboticsDev/install/lab1_interfaces/include/lab1_interfaces/lab1_interfaces/msg
[1.896s] -- Up-to-date: /home/nakarin/RoboticsDev/install/lab1_interfaces/include/lab1_interfaces/lab1_interfaces/msg/rosidl_typesupport_introspection_c__visibility_control.h
[1.896s] -- Up-to-date: /home/nakarin/RoboticsDev/install/lab1_interfaces/include/lab1_interfaces/lab1_interfaces/srv
[1.897s] -- Up-to-date: /home/nakarin/RoboticsDev/install/lab1_interfaces/include/lab1_interfaces/lab1_interfaces/srv/detail
[1.897s] -- Up-to-date: /home/nakarin/RoboticsDev/install/lab1_interfaces/include/lab1_interfaces/lab1_interfaces/srv/detail/set_noise__type_support.c
[1.897s] -- Up-to-date: /home/nakarin/RoboticsDev/install/lab1_interfaces/include/lab1_interfaces/lab1_interfaces/srv/detail/set_noise__rosidl_typesupport_introspection_c.h
[1.897s] -- Up-to-date: /home/nakarin/RoboticsDev/install/lab1_interfaces/lib/liblab1_interfaces__rosidl_typesupport_introspection_c.so
[1.897s] -- Up-to-date: /home/nakarin/RoboticsDev/install/lab1_interfaces/lib/liblab1_interfaces__rosidl_typesupport_c.so
[1.897s] -- Up-to-date: /home/nakarin/RoboticsDev/install/lab1_interfaces/include/lab1_interfaces/lab1_interfaces
[1.898s] -- Up-to-date: /home/nakarin/RoboticsDev/install/lab1_interfaces/include/lab1_interfaces/lab1_interfaces/srv
[1.898s] -- Up-to-date: /home/nakarin/RoboticsDev/install/lab1_interfaces/include/lab1_interfaces/lab1_interfaces/srv/detail
[1.898s] -- Up-to-date: /home/nakarin/RoboticsDev/install/lab1_interfaces/include/lab1_interfaces/lab1_interfaces/srv/detail/set_noise__rosidl_typesupport_introspection_cpp.hpp
[1.898s] -- Up-to-date: /home/nakarin/RoboticsDev/install/lab1_interfaces/include/lab1_interfaces/lab1_interfaces/srv/detail/set_noise__type_support.cpp
[1.898s] -- Up-to-date: /home/nakarin/RoboticsDev/install/lab1_interfaces/lib/liblab1_interfaces__rosidl_typesupport_introspection_cpp.so
[1.899s] -- Up-to-date: /home/nakarin/RoboticsDev/install/lab1_interfaces/lib/liblab1_interfaces__rosidl_typesupport_cpp.so
[1.901s] -- Up-to-date: /home/nakarin/RoboticsDev/install/lab1_interfaces/share/lab1_interfaces/environment/pythonpath.sh
[1.901s] -- Up-to-date: /home/nakarin/RoboticsDev/install/lab1_interfaces/share/lab1_interfaces/environment/pythonpath.dsv
[1.901s] -- Up-to-date: /home/nakarin/RoboticsDev/install/lab1_interfaces/local/lib/python3.10/dist-packages/lab1_interfaces-0.0.0-py3.10.egg-info
[1.901s] -- Installing: /home/nakarin/RoboticsDev/install/lab1_interfaces/local/lib/python3.10/dist-packages/lab1_interfaces-0.0.0-py3.10.egg-info/dependency_links.txt
[1.901s] -- Installing: /home/nakarin/RoboticsDev/install/lab1_interfaces/local/lib/python3.10/dist-packages/lab1_interfaces-0.0.0-py3.10.egg-info/SOURCES.txt
[1.901s] -- Installing: /home/nakarin/RoboticsDev/install/lab1_interfaces/local/lib/python3.10/dist-packages/lab1_interfaces-0.0.0-py3.10.egg-info/PKG-INFO
[1.902s] -- Installing: /home/nakarin/RoboticsDev/install/lab1_interfaces/local/lib/python3.10/dist-packages/lab1_interfaces-0.0.0-py3.10.egg-info/top_level.txt
[1.902s] -- Up-to-date: /home/nakarin/RoboticsDev/install/lab1_interfaces/local/lib/python3.10/dist-packages/lab1_interfaces
[1.902s] -- Up-to-date: /home/nakarin/RoboticsDev/install/lab1_interfaces/local/lib/python3.10/dist-packages/lab1_interfaces/_lab1_interfaces_s.ep.rosidl_typesupport_c.c
[1.902s] -- Up-to-date: /home/nakarin/RoboticsDev/install/lab1_interfaces/local/lib/python3.10/dist-packages/lab1_interfaces/__init__.py
[1.902s] -- Up-to-date: /home/nakarin/RoboticsDev/install/lab1_interfaces/local/lib/python3.10/dist-packages/lab1_interfaces/liblab1_interfaces__rosidl_generator_py.so
[1.902s] -- Up-to-date: /home/nakarin/RoboticsDev/install/lab1_interfaces/local/lib/python3.10/dist-packages/lab1_interfaces/lab1_interfaces_s__rosidl_typesupport_fastrtps_c.cpython-310-x86_64-linux-gnu.so
[1.902s] -- Up-to-date: /home/nakarin/RoboticsDev/install/lab1_interfaces/local/lib/python3.10/dist-packages/lab1_interfaces/_lab1_interfaces_s.ep.rosidl_typesupport_fastrtps_c.c
[1.903s] -- Up-to-date: /home/nakarin/RoboticsDev/install/lab1_interfaces/local/lib/python3.10/dist-packages/lab1_interfaces/srv
[1.904s] -- Up-to-date: /home/nakarin/RoboticsDev/install/lab1_interfaces/local/lib/python3.10/dist-packages/lab1_interfaces/srv/_set_noise.py
[1.906s] -- Up-to-date: /home/nakarin/RoboticsDev/install/lab1_interfaces/local/lib/python3.10/dist-packages/lab1_interfaces/srv/_set_noise_s.c
[1.906s] -- Up-to-date: /home/nakarin/RoboticsDev/install/lab1_interfaces/local/lib/python3.10/dist-packages/lab1_interfaces/srv/__init__.py
[1.906s] -- Up-to-date: /home/nakarin/RoboticsDev/install/lab1_interfaces/local/lib/python3.10/dist-packages/lab1_interfaces/lab1_interfaces_s__rosidl_typesupport_introspection_c.cpython-310-x86_64-linux-gnu.so
[1.908s] -- Up-to-date: /home/nakarin/RoboticsDev/install/lab1_interfaces/local/lib/python3.10/dist-packages/lab1_interfaces/_lab1_interfaces_s.ep.rosidl_typesupport_introspection_c.c
[1.911s] -- Up-to-date: /home/nakarin/RoboticsDev/install/lab1_interfaces/local/lib/python3.10/dist-packages/lab1_interfaces/lab1_interfaces_s__rosidl_typesupport_c.cpython-310-x86_64-linux-gnu.so
[1.911s] Listing '/home/nakarin/RoboticsDev/install/lab1_interfaces/local/lib/python3.10/dist-packages/lab1_interfaces'...
[1.912s] Listing '/home/nakarin/RoboticsDev/install/lab1_interfaces/local/lib/python3.10/dist-packages/lab1_interfaces/srv'...
[1.913s] -- Up-to-date: /home/nakarin/RoboticsDev/install/lab1_interfaces/local/lib/python3.10/dist-packages/lab1_interfaces/lab1_interfaces_s__rosidl_typesupport_fastrtps_c.cpython-310-x86_64-linux-gnu.so
[1.913s] -- Up-to-date: /home/nakarin/RoboticsDev/install/lab1_interfaces/local/lib/python3.10/dist-packages/lab1_interfaces/lab1_interfaces_s__rosidl_typesupport_introspection_c.cpython-310-x86_64-linux-gnu.so
[1.913s] -- Up-to-date: /home/nakarin/RoboticsDev/install/lab1_interfaces/local/lib/python3.10/dist-packages/lab1_interfaces/lab1_interfaces_s__rosidl_typesupport_c.cpython-310-x86_64-linux-gnu.so
[1.913s] -- Up-to-date: /home/nakarin/RoboticsDev/install/lab1_interfaces/lib/liblab1_interfaces__rosidl_generator_py.so
[1.913s] -- Up-to-date: /home/nakarin/RoboticsDev/install/lab1_interfaces/share/lab1_interfaces/srv/SetNoise.idl
[1.913s] -- Up-to-date: /home/nakarin/RoboticsDev/install/lab1_interfaces/share/lab1_interfaces/srv/SetNoise.srv
[1.914s] -- Up-to-date: /home/nakarin/RoboticsDev/install/lab1_interfaces/share/lab1_interfaces/srv/SetNoise_Request.msg
[1.914s] -- Up-to-date: /home/nakarin/RoboticsDev/install/lab1_interfaces/share/lab1_interfaces/srv/SetNoise_Response.msg
[1.914s] -- Up-to-date: /home/nakarin/RoboticsDev/install/lab1_interfaces/share/ament_index/resource_index/package_run_dependencies/lab1_interfaces
[1.914s] -- Up-to-date: /home/nakarin/RoboticsDev/install/lab1_interfaces/share/ament_index/resource_index/parent_prefix_path/lab1_interfaces
[1.914s] -- Up-to-date: /home/nakarin/RoboticsDev/install/lab1_interfaces/share/lab1_interfaces/environment/ament_prefix_path.sh
[1.914s] -- Up-to-date: /home/nakarin/RoboticsDev/install/lab1_interfaces/share/lab1_interfaces/environment/ament_prefix_path.dsv
[1.914s] -- Up-to-date: /home/nakarin/RoboticsDev/install/lab1_interfaces/share/lab1_interfaces/environment/path.sh
[1.914s] -- Up-to-date: /home/nakarin/RoboticsDev/install/lab1_interfaces/share/lab1_interfaces/environment/path.dsv
[1.914s] -- Up-to-date: /home/nakarin/RoboticsDev/install/lab1_interfaces/share/lab1_interfaces/local_setup.bash
[1.915s] -- Up-to-date: /home/nakarin/RoboticsDev/install/lab1_interfaces/share/lab1_interfaces/local_setup.sh
[1.923s] -- Up-to-date: /home/nakarin/RoboticsDev/install/lab1_interfaces/share/lab1_interfaces/local_setup.zsh
[1.923s] -- Up-to-date: /home/nakarin/RoboticsDev/install/lab1_interfaces/share/lab1_interfaces/local_setup.dsv
[1.923s] -- Installing: /home/nakarin/RoboticsDev/install/lab1_interfaces/share/lab1_interfaces/package.dsv
[1.924s] -- Up-to-date: /home/nakarin/RoboticsDev/install/lab1_interfaces/share/ament_index/resource_index/packages/lab1_interfaces
[1.924s] -- Up-to-date: /home/nakarin/RoboticsDev/install/lab1_interfaces/share/lab1_interfaces/cmake/export_lab1_interfaces__rosidl_generator_cExport.cmake
[1.924s] -- Up-to-date: /home/nakarin/RoboticsDev/install/lab1_interfaces/share/lab1_interfaces/cmake/export_lab1_interfaces__rosidl_generator_cExport-noconfig.cmake
[1.924s] -- Up-to-date: /home/nakarin/RoboticsDev/install/lab1_interfaces/share/lab1_interfaces/cmake/export_lab1_interfaces__rosidl_typesupport_fastrtps_cExport.cmake
[1.924s] -- Up-to-date: /home/nakarin/RoboticsDev/install/lab1_interfaces/share/lab1_interfaces/cmake/export_lab1_interfaces__rosidl_typesupport_fastrtps_cExport-noconfig.cmake
[1.924s] -- Up-to-date: /home/nakarin/RoboticsDev/install/lab1_interfaces/share/lab1_interfaces/cmake/export_lab1_interfaces__rosidl_generator_cppExport.cmake
[1.924s] -- Up-to-date: /home/nakarin/RoboticsDev/install/lab1_interfaces/share/lab1_interfaces/cmake/export_lab1_interfaces__rosidl_typesupport_fastrtps_cppExport.cmake
[1.924s] -- Up-to-date: /home/nakarin/RoboticsDev/install/lab1_interfaces/share/lab1_interfaces/cmake/export_lab1_interfaces__rosidl_typesupport_fastrtps_cppExport-noconfig.cmake
[1.925s] -- Up-to-date: /home/nakarin/RoboticsDev/install/lab1_interfaces/share/lab1_interfaces/cmake/lab1_interfaces__rosidl_typesupport_introspection_cExport.cmake
[1.925s] -- Up-to-date: /home/nakarin/RoboticsDev/install/lab1_interfaces/share/lab1_interfaces/cmake/lab1_interfaces__rosidl_typesupport_introspection_cExport-noconfig.cmake
[1.925s] -- Up-to-date: /home/nakarin/RoboticsDev/install/lab1_interfaces/share/lab1_interfaces/cmake/lab1_interfaces__rosidl_typesupport_cExport.cmake
[1.925s] -- Up-to-date: /home/nakarin/RoboticsDev/install/lab1_interfaces/share/lab1_interfaces/cmake/lab1_interfaces__rosidl_typesupport_cExport-noconfig.cmake
[1.925s] -- Up-to-date: /home/nakarin/RoboticsDev/install/lab1_interfaces/share/lab1_interfaces/cmake/lab1_interfaces__rosidl_typesupport_introspection_cppExport.cmake
[1.925s] -- Up-to-date: /home/nakarin/RoboticsDev/install/lab1_interfaces/share/lab1_interfaces/cmake/lab1_interfaces__rosidl_typesupport_introspection_cppExport-noconfig.cmake
[1.925s] -- Up-to-date: /home/nakarin/RoboticsDev/install/lab1_interfaces/share/lab1_interfaces/cmake/lab1_interfaces__rosidl_typesupport_cppExport.cmake
[1.925s] -- Up-to-date: /home/nakarin/RoboticsDev/install/lab1_interfaces/share/lab1_interfaces/cmake/lab1_interfaces__rosidl_typesupport_cppExport-noconfig.cmake
[1.925s] -- Up-to-date: /home/nakarin/RoboticsDev/install/lab1_interfaces/share/lab1_interfaces/cmake/export_lab1_interfaces__rosidl_generator_pyExport.cmake
[1.926s] -- Up-to-date: /home/nakarin/RoboticsDev/install/lab1_interfaces/share/lab1_interfaces/cmake/export_lab1_interfaces__rosidl_generator_pyExport-noconfig.cmake
[1.926s] -- Up-to-date: /home/nakarin/RoboticsDev/install/lab1_interfaces/share/lab1_interfaces/cmake/rosidl_cmake-extras.cmake
[1.926s] -- Up-to-date: /home/nakarin/RoboticsDev/install/lab1_interfaces/share/lab1_interfaces/cmake/ament_cmake_export_dependencies-extras.cmake
[1.926s] -- Up-to-date: /home/nakarin/RoboticsDev/install/lab1_interfaces/share/lab1_interfaces/cmake/ament_cmake_export_include_directories-extras.cmake
[1.926s] -- Up-to-date: /home/nakarin/RoboticsDev/install/lab1_interfaces/share/lab1_interfaces/cmake/ament_cmake_export_libraries-extras.cmake
[1.926s] -- Up-to-date: /home/nakarin/RoboticsDev/install/lab1_interfaces/share/lab1_interfaces/cmake/ament_cmake_export_targets-extras.cmake
[1.926s] -- Up-to-date: /home/nakarin/RoboticsDev/install/lab1_interfaces/share/lab1_interfaces/cmake/rosidl_cmake_export_typesupport_targets-extras.cmake
[1.926s] -- Up-to-date: /home/nakarin/RoboticsDev/install/lab1_interfaces/share/lab1_interfaces/cmake/rosidl_cmake_export_typesupport_libraries-extras.cmake
[1.927s] -- Up-to-date: /home/nakarin/RoboticsDev/install/lab1_interfaces/share/lab1_interfaces/cmake/lab1_interfacesConfig.cmake
[1.927s] -- Up-to-date: /home/nakarin/RoboticsDev/install/lab1_interfaces/share/lab1_interfaces/cmake/lab1_interfacesConfig-version.cmake
[1.927s] -- Up-to-date: /home/nakarin/RoboticsDev/install/lab1_interfaces/share/lab1_interfaces/package.xml
[1.935s] Invoked command in '/home/nakarin/RoboticsDev/build/lab1_interfaces' returned '0': CMAKE_PREFIX_PATH=${CMAKE_PREFIX_PATH}:/home/nakarin/RoboticsDev/install/launch_testing_examples:/home/nakarin/RoboticsDev/install/examples_rclpy_pointcloud_publisher:/home/nakarin/RoboticsDev/install/examples_rclpy_minimal_subscriber:/home/nakarin/RoboticsDev/install/examples_rclpy_minimal_service:/home/nakarin/RoboticsDev/install/examples_rclpy_minimal_publisher:/home/nakarin/RoboticsDev/install/examples_rclpy_minimal_client:/home/nakarin/RoboticsDev/install/examples_rclpy_minimal_action_server:/home/nakarin/RoboticsDev/install/examples_rclpy_minimal_action_client:/home/nakarin/RoboticsDev/install/examples_rclpy_guard_conditions:/home/nakarin/RoboticsDev/install/examples_rclpy_executors:/opt/ros/humble /usr/bin/cmake --install /home/nakarin/RoboticsDev/build/lab1_interfaces
