[0.084s] Invoking command in '/home/nakarin/RoboticsDev/build/examples_rclcpp_wait_set': CMAKE_PREFIX_PATH=${CMAKE_PREFIX_PATH}:/home/nakarin/RoboticsDev/install/launch_testing_examples:/home/nakarin/RoboticsDev/install/examples_rclpy_pointcloud_publisher:/home/nakarin/RoboticsDev/install/examples_rclpy_minimal_subscriber:/home/nakarin/RoboticsDev/install/examples_rclpy_minimal_service:/home/nakarin/RoboticsDev/install/examples_rclpy_minimal_publisher:/home/nakarin/RoboticsDev/install/examples_rclpy_minimal_client:/home/nakarin/RoboticsDev/install/examples_rclpy_minimal_action_server:/home/nakarin/RoboticsDev/install/examples_rclpy_minimal_action_client:/home/nakarin/RoboticsDev/install/examples_rclpy_guard_conditions:/home/nakarin/RoboticsDev/install/examples_rclpy_executors:/opt/ros/humble /usr/bin/cmake --build /home/nakarin/RoboticsDev/build/examples_rclcpp_wait_set -- -j8 -l8
[0.301s] [  8%] Built target wait_set_talker
[0.310s] [ 16%] Built target wait_set_listener
[0.327s] [ 25%] Built target listener
[0.327s] [ 33%] Built target wait_set_topics_and_timer
[0.337s] [ 41%] Built target talker
[0.349s] [ 58%] Built target static_wait_set
[0.353s] [ 58%] Built target wait_set
[0.353s] [ 66%] Built target thread_safe_wait_set
[0.390s] [ 75%] Built target wait_set_random_order
[0.391s] [ 83%] Built target executor_random_order
[0.395s] [ 91%] Built target wait_set_topics_with_different_rates
[0.411s] [100%] Built target wait_set_composed
[1.632s] Invoked command in '/home/nakarin/RoboticsDev/build/examples_rclcpp_wait_set' returned '0': CMAKE_PREFIX_PATH=${CMAKE_PREFIX_PATH}:/home/nakarin/RoboticsDev/install/launch_testing_examples:/home/nakarin/RoboticsDev/install/examples_rclpy_pointcloud_publisher:/home/nakarin/RoboticsDev/install/examples_rclpy_minimal_subscriber:/home/nakarin/RoboticsDev/install/examples_rclpy_minimal_service:/home/nakarin/RoboticsDev/install/examples_rclpy_minimal_publisher:/home/nakarin/RoboticsDev/install/examples_rclpy_minimal_client:/home/nakarin/RoboticsDev/install/examples_rclpy_minimal_action_server:/home/nakarin/RoboticsDev/install/examples_rclpy_minimal_action_client:/home/nakarin/RoboticsDev/install/examples_rclpy_guard_conditions:/home/nakarin/RoboticsDev/install/examples_rclpy_executors:/opt/ros/humble /usr/bin/cmake --build /home/nakarin/RoboticsDev/build/examples_rclcpp_wait_set -- -j8 -l8
[2.083s] Invoking command in '/home/nakarin/RoboticsDev/build/examples_rclcpp_wait_set': CMAKE_PREFIX_PATH=${CMAKE_PREFIX_PATH}:/home/nakarin/RoboticsDev/install/launch_testing_examples:/home/nakarin/RoboticsDev/install/examples_rclpy_pointcloud_publisher:/home/nakarin/RoboticsDev/install/examples_rclpy_minimal_subscriber:/home/nakarin/RoboticsDev/install/examples_rclpy_minimal_service:/home/nakarin/RoboticsDev/install/examples_rclpy_minimal_publisher:/home/nakarin/RoboticsDev/install/examples_rclpy_minimal_client:/home/nakarin/RoboticsDev/install/examples_rclpy_minimal_action_server:/home/nakarin/RoboticsDev/install/examples_rclpy_minimal_action_client:/home/nakarin/RoboticsDev/install/examples_rclpy_guard_conditions:/home/nakarin/RoboticsDev/install/examples_rclpy_executors:/opt/ros/humble /usr/bin/cmake --install /home/nakarin/RoboticsDev/build/examples_rclcpp_wait_set
[2.107s] -- Install configuration: ""
[2.108s] -- Up-to-date: /home/nakarin/RoboticsDev/install/examples_rclcpp_wait_set/lib/examples_rclcpp_wait_set/wait_set_talker
[2.108s] -- Up-to-date: /home/nakarin/RoboticsDev/install/examples_rclcpp_wait_set/lib/examples_rclcpp_wait_set/wait_set_listener
[2.108s] -- Up-to-date: /home/nakarin/RoboticsDev/install/examples_rclcpp_wait_set/lib/libtalker.so
[2.109s] -- Up-to-date: /home/nakarin/RoboticsDev/install/examples_rclcpp_wait_set/lib/liblistener.so
[2.109s] -- Up-to-date: /home/nakarin/RoboticsDev/install/examples_rclcpp_wait_set/lib/examples_rclcpp_wait_set/wait_set
[2.109s] -- Up-to-date: /home/nakarin/RoboticsDev/install/examples_rclcpp_wait_set/lib/examples_rclcpp_wait_set/static_wait_set
[2.109s] -- Up-to-date: /home/nakarin/RoboticsDev/install/examples_rclcpp_wait_set/lib/examples_rclcpp_wait_set/thread_safe_wait_set
[2.109s] -- Up-to-date: /home/nakarin/RoboticsDev/install/examples_rclcpp_wait_set/lib/examples_rclcpp_wait_set/wait_set_topics_and_timer
[2.109s] -- Up-to-date: /home/nakarin/RoboticsDev/install/examples_rclcpp_wait_set/lib/examples_rclcpp_wait_set/wait_set_random_order
[2.109s] -- Up-to-date: /home/nakarin/RoboticsDev/install/examples_rclcpp_wait_set/lib/examples_rclcpp_wait_set/executor_random_order
[2.114s] -- Up-to-date: /home/nakarin/RoboticsDev/install/examples_rclcpp_wait_set/lib/examples_rclcpp_wait_set/wait_set_topics_with_different_rates
[2.114s] -- Up-to-date: /home/nakarin/RoboticsDev/install/examples_rclcpp_wait_set/lib/examples_rclcpp_wait_set/wait_set_composed
[2.114s] -- Up-to-date: /home/nakarin/RoboticsDev/install/examples_rclcpp_wait_set/share/ament_index/resource_index/package_run_dependencies/examples_rclcpp_wait_set
[2.114s] -- Up-to-date: /home/nakarin/RoboticsDev/install/examples_rclcpp_wait_set/share/ament_index/resource_index/parent_prefix_path/examples_rclcpp_wait_set
[2.114s] -- Up-to-date: /home/nakarin/RoboticsDev/install/examples_rclcpp_wait_set/share/examples_rclcpp_wait_set/environment/ament_prefix_path.sh
[2.114s] -- Up-to-date: /home/nakarin/RoboticsDev/install/examples_rclcpp_wait_set/share/examples_rclcpp_wait_set/environment/ament_prefix_path.dsv
[2.115s] -- Up-to-date: /home/nakarin/RoboticsDev/install/examples_rclcpp_wait_set/share/examples_rclcpp_wait_set/environment/path.sh
[2.115s] -- Up-to-date: /home/nakarin/RoboticsDev/install/examples_rclcpp_wait_set/share/examples_rclcpp_wait_set/environment/path.dsv
[2.115s] -- Up-to-date: /home/nakarin/RoboticsDev/install/examples_rclcpp_wait_set/share/examples_rclcpp_wait_set/local_setup.bash
[2.115s] -- Up-to-date: /home/nakarin/RoboticsDev/install/examples_rclcpp_wait_set/share/examples_rclcpp_wait_set/local_setup.sh
[2.115s] -- Up-to-date: /home/nakarin/RoboticsDev/install/examples_rclcpp_wait_set/share/examples_rclcpp_wait_set/local_setup.zsh
[2.115s] -- Up-to-date: /home/nakarin/RoboticsDev/install/examples_rclcpp_wait_set/share/examples_rclcpp_wait_set/local_setup.dsv
[2.115s] -- Installing: /home/nakarin/RoboticsDev/install/examples_rclcpp_wait_set/share/examples_rclcpp_wait_set/package.dsv
[2.115s] -- Up-to-date: /home/nakarin/RoboticsDev/install/examples_rclcpp_wait_set/share/ament_index/resource_index/packages/examples_rclcpp_wait_set
[2.116s] -- Up-to-date: /home/nakarin/RoboticsDev/install/examples_rclcpp_wait_set/share/ament_index/resource_index/rclcpp_components/examples_rclcpp_wait_set
[2.116s] -- Up-to-date: /home/nakarin/RoboticsDev/install/examples_rclcpp_wait_set/share/examples_rclcpp_wait_set/cmake/examples_rclcpp_wait_setConfig.cmake
[2.116s] -- Up-to-date: /home/nakarin/RoboticsDev/install/examples_rclcpp_wait_set/share/examples_rclcpp_wait_set/cmake/examples_rclcpp_wait_setConfig-version.cmake
[2.116s] -- Up-to-date: /home/nakarin/RoboticsDev/install/examples_rclcpp_wait_set/share/examples_rclcpp_wait_set/package.xml
[2.150s] Invoked command in '/home/nakarin/RoboticsDev/build/examples_rclcpp_wait_set' returned '0': CMAKE_PREFIX_PATH=${CMAKE_PREFIX_PATH}:/home/nakarin/RoboticsDev/install/launch_testing_examples:/home/nakarin/RoboticsDev/install/examples_rclpy_pointcloud_publisher:/home/nakarin/RoboticsDev/install/examples_rclpy_minimal_subscriber:/home/nakarin/RoboticsDev/install/examples_rclpy_minimal_service:/home/nakarin/RoboticsDev/install/examples_rclpy_minimal_publisher:/home/nakarin/RoboticsDev/install/examples_rclpy_minimal_client:/home/nakarin/RoboticsDev/install/examples_rclpy_minimal_action_server:/home/nakarin/RoboticsDev/install/examples_rclpy_minimal_action_client:/home/nakarin/RoboticsDev/install/examples_rclpy_guard_conditions:/home/nakarin/RoboticsDev/install/examples_rclpy_executors:/opt/ros/humble /usr/bin/cmake --install /home/nakarin/RoboticsDev/build/examples_rclcpp_wait_set
