[2.063s] Invoking command in '/home/nakarin/RoboticsDev/src/examples/rclpy/services/minimal_service': PYTHONPATH=/home/nakarin/RoboticsDev/build/examples_rclpy_minimal_service/prefix_override:/usr/lib/python3/dist-packages/colcon_core/task/python/colcon_distutils_commands:/home/nakarin/RoboticsDev/install/examples_rclpy_minimal_service/lib/python3.10/site-packages:${PYTHONPATH} /usr/bin/python3 -W ignore:setup.py install is deprecated setup.py egg_info --egg-base ../../../../../build/examples_rclpy_minimal_service build --build-base /home/nakarin/RoboticsDev/build/examples_rclpy_minimal_service/build install --record /home/nakarin/RoboticsDev/build/examples_rclpy_minimal_service/install.log --single-version-externally-managed install_data
[2.611s] running egg_info
[2.611s] writing ../../../../../build/examples_rclpy_minimal_service/examples_rclpy_minimal_service.egg-info/PKG-INFO
[2.611s] writing dependency_links to ../../../../../build/examples_rclpy_minimal_service/examples_rclpy_minimal_service.egg-info/dependency_links.txt
[2.611s] writing entry points to ../../../../../build/examples_rclpy_minimal_service/examples_rclpy_minimal_service.egg-info/entry_points.txt
[2.611s] writing requirements to ../../../../../build/examples_rclpy_minimal_service/examples_rclpy_minimal_service.egg-info/requires.txt
[2.611s] writing top-level names to ../../../../../build/examples_rclpy_minimal_service/examples_rclpy_minimal_service.egg-info/top_level.txt
[2.615s] reading manifest file '../../../../../build/examples_rclpy_minimal_service/examples_rclpy_minimal_service.egg-info/SOURCES.txt'
[2.617s] writing manifest file '../../../../../build/examples_rclpy_minimal_service/examples_rclpy_minimal_service.egg-info/SOURCES.txt'
[2.617s] running build
[2.617s] running build_py
[2.617s] running install
[2.618s] running install_lib
[2.621s] running install_data
[2.621s] running install_egg_info
[2.630s] removing '/home/nakarin/RoboticsDev/install/examples_rclpy_minimal_service/lib/python3.10/site-packages/examples_rclpy_minimal_service-0.15.2-py3.10.egg-info' (and everything under it)
[2.631s] Copying ../../../../../build/examples_rclpy_minimal_service/examples_rclpy_minimal_service.egg-info to /home/nakarin/RoboticsDev/install/examples_rclpy_minimal_service/lib/python3.10/site-packages/examples_rclpy_minimal_service-0.15.2-py3.10.egg-info
[2.632s] running install_scripts
[2.697s] Installing service script to /home/nakarin/RoboticsDev/install/examples_rclpy_minimal_service/lib/examples_rclpy_minimal_service
[2.698s] Installing service_member_function script to /home/nakarin/RoboticsDev/install/examples_rclpy_minimal_service/lib/examples_rclpy_minimal_service
[2.700s] writing list of installed files to '/home/nakarin/RoboticsDev/build/examples_rclpy_minimal_service/install.log'
[2.797s] Invoked command in '/home/nakarin/RoboticsDev/src/examples/rclpy/services/minimal_service' returned '0': PYTHONPATH=/home/nakarin/RoboticsDev/build/examples_rclpy_minimal_service/prefix_override:/usr/lib/python3/dist-packages/colcon_core/task/python/colcon_distutils_commands:/home/nakarin/RoboticsDev/install/examples_rclpy_minimal_service/lib/python3.10/site-packages:${PYTHONPATH} /usr/bin/python3 -W ignore:setup.py install is deprecated setup.py egg_info --egg-base ../../../../../build/examples_rclpy_minimal_service build --build-base /home/nakarin/RoboticsDev/build/examples_rclpy_minimal_service/build install --record /home/nakarin/RoboticsDev/build/examples_rclpy_minimal_service/install.log --single-version-externally-managed install_data
