[0.463s] Invoking command in '/home/nakarin/RoboticsDev/build/lab1': CMAKE_PREFIX_PATH=${CMAKE_PREFIX_PATH}:/home/nakarin/RoboticsDev/install/launch_testing_examples:/home/nakarin/RoboticsDev/install/examples_rclpy_pointcloud_publisher:/home/nakarin/RoboticsDev/install/examples_rclpy_minimal_subscriber:/home/nakarin/RoboticsDev/install/examples_rclpy_minimal_service:/home/nakarin/RoboticsDev/install/examples_rclpy_minimal_publisher:/home/nakarin/RoboticsDev/install/examples_rclpy_minimal_client:/home/nakarin/RoboticsDev/install/examples_rclpy_minimal_action_server:/home/nakarin/RoboticsDev/install/examples_rclpy_minimal_action_client:/home/nakarin/RoboticsDev/install/examples_rclpy_guard_conditions:/home/nakarin/RoboticsDev/install/examples_rclpy_executors:/opt/ros/humble /usr/bin/cmake --build /home/nakarin/RoboticsDev/build/lab1 -- -j8 -l8
[0.490s] -- Found ament_cmake: 1.3.10 (/opt/ros/humble/share/ament_cmake/cmake)
[0.660s] -- Found rclcpp: 16.0.10 (/opt/ros/humble/share/rclcpp/cmake)
[0.687s] -- Found rosidl_generator_c: 3.1.5 (/opt/ros/humble/share/rosidl_generator_c/cmake)
[0.690s] -- Found rosidl_adapter: 3.1.5 (/opt/ros/humble/share/rosidl_adapter/cmake)
[0.696s] -- Found rosidl_generator_cpp: 3.1.5 (/opt/ros/humble/share/rosidl_generator_cpp/cmake)
[0.706s] -- Using all available rosidl_typesupport_c: rosidl_typesupport_fastrtps_c;rosidl_typesupport_introspection_c
[0.720s] -- Using all available rosidl_typesupport_cpp: rosidl_typesupport_fastrtps_cpp;rosidl_typesupport_introspection_cpp
[0.756s] -- Found rmw_implementation_cmake: 6.1.2 (/opt/ros/humble/share/rmw_implementation_cmake/cmake)
[0.758s] -- Found rmw_fastrtps_cpp: 6.2.7 (/opt/ros/humble/share/rmw_fastrtps_cpp/cmake)
[0.892s] -- Using RMW implementation 'rmw_fastrtps_cpp' as default
[0.982s] -- Found rclpy: 3.3.14 (/opt/ros/humble/share/rclpy/cmake)
[1.246s] -- Configuring done
[1.254s] -- Generating done
[1.257s] -- Build files have been written to: /home/nakarin/RoboticsDev/build/lab1
[1.296s] [35m[1mConsolidate compiler generated dependencies of target cpp_node_test[0m
[1.317s] [100%] Built target cpp_node_test
[1.342s] [100%] Built target ament_cmake_python_copy_lab1
[1.799s] running egg_info
[1.799s] writing lab1.egg-info/PKG-INFO
[1.800s] writing dependency_links to lab1.egg-info/dependency_links.txt
[1.800s] writing top-level names to lab1.egg-info/top_level.txt
[1.803s] reading manifest file 'lab1.egg-info/SOURCES.txt'
[1.803s] writing manifest file 'lab1.egg-info/SOURCES.txt'
[1.829s] [100%] Built target ament_cmake_python_build_lab1_egg
[1.838s] Invoked command in '/home/nakarin/RoboticsDev/build/lab1' returned '0': CMAKE_PREFIX_PATH=${CMAKE_PREFIX_PATH}:/home/nakarin/RoboticsDev/install/launch_testing_examples:/home/nakarin/RoboticsDev/install/examples_rclpy_pointcloud_publisher:/home/nakarin/RoboticsDev/install/examples_rclpy_minimal_subscriber:/home/nakarin/RoboticsDev/install/examples_rclpy_minimal_service:/home/nakarin/RoboticsDev/install/examples_rclpy_minimal_publisher:/home/nakarin/RoboticsDev/install/examples_rclpy_minimal_client:/home/nakarin/RoboticsDev/install/examples_rclpy_minimal_action_server:/home/nakarin/RoboticsDev/install/examples_rclpy_minimal_action_client:/home/nakarin/RoboticsDev/install/examples_rclpy_guard_conditions:/home/nakarin/RoboticsDev/install/examples_rclpy_executors:/opt/ros/humble /usr/bin/cmake --build /home/nakarin/RoboticsDev/build/lab1 -- -j8 -l8
[1.859s] Invoking command in '/home/nakarin/RoboticsDev/build/lab1': CMAKE_PREFIX_PATH=${CMAKE_PREFIX_PATH}:/home/nakarin/RoboticsDev/install/launch_testing_examples:/home/nakarin/RoboticsDev/install/examples_rclpy_pointcloud_publisher:/home/nakarin/RoboticsDev/install/examples_rclpy_minimal_subscriber:/home/nakarin/RoboticsDev/install/examples_rclpy_minimal_service:/home/nakarin/RoboticsDev/install/examples_rclpy_minimal_publisher:/home/nakarin/RoboticsDev/install/examples_rclpy_minimal_client:/home/nakarin/RoboticsDev/install/examples_rclpy_minimal_action_server:/home/nakarin/RoboticsDev/install/examples_rclpy_minimal_action_client:/home/nakarin/RoboticsDev/install/examples_rclpy_guard_conditions:/home/nakarin/RoboticsDev/install/examples_rclpy_executors:/opt/ros/humble /usr/bin/cmake --install /home/nakarin/RoboticsDev/build/lab1
[1.866s] -- Install configuration: ""
[1.866s] -- Up-to-date: /home/nakarin/RoboticsDev/install/lab1/share/lab1/environment/pythonpath.sh
[1.866s] -- Installing: /home/nakarin/RoboticsDev/install/lab1/share/lab1/environment/pythonpath.dsv
[1.867s] -- Up-to-date: /home/nakarin/RoboticsDev/install/lab1/local/lib/python3.10/dist-packages/lab1-0.0.0-py3.10.egg-info
[1.867s] -- Installing: /home/nakarin/RoboticsDev/install/lab1/local/lib/python3.10/dist-packages/lab1-0.0.0-py3.10.egg-info/dependency_links.txt
[1.867s] -- Installing: /home/nakarin/RoboticsDev/install/lab1/local/lib/python3.10/dist-packages/lab1-0.0.0-py3.10.egg-info/SOURCES.txt
[1.867s] -- Installing: /home/nakarin/RoboticsDev/install/lab1/local/lib/python3.10/dist-packages/lab1-0.0.0-py3.10.egg-info/PKG-INFO
[1.867s] -- Installing: /home/nakarin/RoboticsDev/install/lab1/local/lib/python3.10/dist-packages/lab1-0.0.0-py3.10.egg-info/top_level.txt
[1.867s] -- Up-to-date: /home/nakarin/RoboticsDev/install/lab1/local/lib/python3.10/dist-packages/lab1
[1.867s] -- Up-to-date: /home/nakarin/RoboticsDev/install/lab1/local/lib/python3.10/dist-packages/lab1/__init__.py
[1.867s] -- Up-to-date: /home/nakarin/RoboticsDev/install/lab1/local/lib/python3.10/dist-packages/lab1/dummy_module.py
[1.901s] Listing '/home/nakarin/RoboticsDev/install/lab1/local/lib/python3.10/dist-packages/lab1'...
[1.905s] -- Up-to-date: /home/nakarin/RoboticsDev/install/lab1/lib/lab1/dummy_script.py
[1.905s] -- Up-to-date: /home/nakarin/RoboticsDev/install/lab1/lib/lab1/noise_generator_script.py
[1.905s] [31mCMake Error at cmake_install.cmake:70 (file):
[1.905s]   file INSTALL cannot find
[1.905s]   "/home/nakarin/RoboticsDev/src/lab1/sctipts/velocity_mux.py": No such file
[1.906s]   or directory.
[1.906s] 
[1.906s] [0m
[1.907s] Invoked command in '/home/nakarin/RoboticsDev/build/lab1' returned '1': CMAKE_PREFIX_PATH=${CMAKE_PREFIX_PATH}:/home/nakarin/RoboticsDev/install/launch_testing_examples:/home/nakarin/RoboticsDev/install/examples_rclpy_pointcloud_publisher:/home/nakarin/RoboticsDev/install/examples_rclpy_minimal_subscriber:/home/nakarin/RoboticsDev/install/examples_rclpy_minimal_service:/home/nakarin/RoboticsDev/install/examples_rclpy_minimal_publisher:/home/nakarin/RoboticsDev/install/examples_rclpy_minimal_client:/home/nakarin/RoboticsDev/install/examples_rclpy_minimal_action_server:/home/nakarin/RoboticsDev/install/examples_rclpy_minimal_action_client:/home/nakarin/RoboticsDev/install/examples_rclpy_guard_conditions:/home/nakarin/RoboticsDev/install/examples_rclpy_executors:/opt/ros/humble /usr/bin/cmake --install /home/nakarin/RoboticsDev/build/lab1
