[2.069s] Invoking command in '/home/nakarin/RoboticsDev/src/examples/rclpy/services/minimal_service': PYTHONPATH=/home/nakarin/RoboticsDev/build/examples_rclpy_minimal_service/prefix_override:/usr/lib/python3/dist-packages/colcon_core/task/python/colcon_distutils_commands:/home/nakarin/RoboticsDev/install/examples_rclpy_minimal_service/lib/python3.10/site-packages:${PYTHONPATH} /usr/bin/python3 -W ignore:setup.py install is deprecated setup.py egg_info --egg-base ../../../../../build/examples_rclpy_minimal_service build --build-base /home/nakarin/RoboticsDev/build/examples_rclpy_minimal_service/build install --record /home/nakarin/RoboticsDev/build/examples_rclpy_minimal_service/install.log --single-version-externally-managed install_data
[2.559s] running egg_info
[2.562s] creating ../../../../../build/examples_rclpy_minimal_service/examples_rclpy_minimal_service.egg-info
[2.562s] writing ../../../../../build/examples_rclpy_minimal_service/examples_rclpy_minimal_service.egg-info/PKG-INFO
[2.562s] writing dependency_links to ../../../../../build/examples_rclpy_minimal_service/examples_rclpy_minimal_service.egg-info/dependency_links.txt
[2.563s] writing entry points to ../../../../../build/examples_rclpy_minimal_service/examples_rclpy_minimal_service.egg-info/entry_points.txt
[2.563s] writing requirements to ../../../../../build/examples_rclpy_minimal_service/examples_rclpy_minimal_service.egg-info/requires.txt
[2.563s] writing top-level names to ../../../../../build/examples_rclpy_minimal_service/examples_rclpy_minimal_service.egg-info/top_level.txt
[2.563s] writing manifest file '../../../../../build/examples_rclpy_minimal_service/examples_rclpy_minimal_service.egg-info/SOURCES.txt'
[2.566s] reading manifest file '../../../../../build/examples_rclpy_minimal_service/examples_rclpy_minimal_service.egg-info/SOURCES.txt'
[2.569s] writing manifest file '../../../../../build/examples_rclpy_minimal_service/examples_rclpy_minimal_service.egg-info/SOURCES.txt'
[2.569s] running build
[2.569s] running build_py
[2.570s] creating /home/nakarin/RoboticsDev/build/examples_rclpy_minimal_service/build
[2.570s] creating /home/nakarin/RoboticsDev/build/examples_rclpy_minimal_service/build/lib
[2.570s] creating /home/nakarin/RoboticsDev/build/examples_rclpy_minimal_service/build/lib/examples_rclpy_minimal_service
[2.570s] copying examples_rclpy_minimal_service/service_member_function.py -> /home/nakarin/RoboticsDev/build/examples_rclpy_minimal_service/build/lib/examples_rclpy_minimal_service
[2.570s] copying examples_rclpy_minimal_service/__init__.py -> /home/nakarin/RoboticsDev/build/examples_rclpy_minimal_service/build/lib/examples_rclpy_minimal_service
[2.570s] copying examples_rclpy_minimal_service/service.py -> /home/nakarin/RoboticsDev/build/examples_rclpy_minimal_service/build/lib/examples_rclpy_minimal_service
[2.570s] running install
[2.572s] running install_lib
[2.572s] creating /home/nakarin/RoboticsDev/install/examples_rclpy_minimal_service/lib/python3.10/site-packages/examples_rclpy_minimal_service
[2.572s] copying /home/nakarin/RoboticsDev/build/examples_rclpy_minimal_service/build/lib/examples_rclpy_minimal_service/service_member_function.py -> /home/nakarin/RoboticsDev/install/examples_rclpy_minimal_service/lib/python3.10/site-packages/examples_rclpy_minimal_service
[2.573s] copying /home/nakarin/RoboticsDev/build/examples_rclpy_minimal_service/build/lib/examples_rclpy_minimal_service/__init__.py -> /home/nakarin/RoboticsDev/install/examples_rclpy_minimal_service/lib/python3.10/site-packages/examples_rclpy_minimal_service
[2.573s] copying /home/nakarin/RoboticsDev/build/examples_rclpy_minimal_service/build/lib/examples_rclpy_minimal_service/service.py -> /home/nakarin/RoboticsDev/install/examples_rclpy_minimal_service/lib/python3.10/site-packages/examples_rclpy_minimal_service
[2.574s] byte-compiling /home/nakarin/RoboticsDev/install/examples_rclpy_minimal_service/lib/python3.10/site-packages/examples_rclpy_minimal_service/service_member_function.py to service_member_function.cpython-310.pyc
[2.576s] byte-compiling /home/nakarin/RoboticsDev/install/examples_rclpy_minimal_service/lib/python3.10/site-packages/examples_rclpy_minimal_service/__init__.py to __init__.cpython-310.pyc
[2.576s] byte-compiling /home/nakarin/RoboticsDev/install/examples_rclpy_minimal_service/lib/python3.10/site-packages/examples_rclpy_minimal_service/service.py to service.cpython-310.pyc
[2.576s] running install_data
[2.577s] creating /home/nakarin/RoboticsDev/install/examples_rclpy_minimal_service/share/ament_index
[2.577s] creating /home/nakarin/RoboticsDev/install/examples_rclpy_minimal_service/share/ament_index/resource_index
[2.577s] creating /home/nakarin/RoboticsDev/install/examples_rclpy_minimal_service/share/ament_index/resource_index/packages
[2.577s] copying resource/examples_rclpy_minimal_service -> /home/nakarin/RoboticsDev/install/examples_rclpy_minimal_service/share/ament_index/resource_index/packages
[2.577s] copying package.xml -> /home/nakarin/RoboticsDev/install/examples_rclpy_minimal_service/share/examples_rclpy_minimal_service
[2.577s] running install_egg_info
[2.582s] Copying ../../../../../build/examples_rclpy_minimal_service/examples_rclpy_minimal_service.egg-info to /home/nakarin/RoboticsDev/install/examples_rclpy_minimal_service/lib/python3.10/site-packages/examples_rclpy_minimal_service-0.15.2-py3.10.egg-info
[2.585s] running install_scripts
[2.620s] Installing service script to /home/nakarin/RoboticsDev/install/examples_rclpy_minimal_service/lib/examples_rclpy_minimal_service
[2.621s] Installing service_member_function script to /home/nakarin/RoboticsDev/install/examples_rclpy_minimal_service/lib/examples_rclpy_minimal_service
[2.621s] writing list of installed files to '/home/nakarin/RoboticsDev/build/examples_rclpy_minimal_service/install.log'
[2.677s] Invoked command in '/home/nakarin/RoboticsDev/src/examples/rclpy/services/minimal_service' returned '0': PYTHONPATH=/home/nakarin/RoboticsDev/build/examples_rclpy_minimal_service/prefix_override:/usr/lib/python3/dist-packages/colcon_core/task/python/colcon_distutils_commands:/home/nakarin/RoboticsDev/install/examples_rclpy_minimal_service/lib/python3.10/site-packages:${PYTHONPATH} /usr/bin/python3 -W ignore:setup.py install is deprecated setup.py egg_info --egg-base ../../../../../build/examples_rclpy_minimal_service build --build-base /home/nakarin/RoboticsDev/build/examples_rclpy_minimal_service/build install --record /home/nakarin/RoboticsDev/build/examples_rclpy_minimal_service/install.log --single-version-externally-managed install_data
