[2.028s] Invoking command in '/home/nakarin/RoboticsDev/src/examples/rclpy/guard_conditions': PYTHONPATH=/home/nakarin/RoboticsDev/build/examples_rclpy_guard_conditions/prefix_override:/usr/lib/python3/dist-packages/colcon_core/task/python/colcon_distutils_commands:/home/nakarin/RoboticsDev/install/examples_rclpy_guard_conditions/lib/python3.10/site-packages:${PYTHONPATH} /usr/bin/python3 -W ignore:setup.py install is deprecated setup.py egg_info --egg-base ../../../../build/examples_rclpy_guard_conditions build --build-base /home/nakarin/RoboticsDev/build/examples_rclpy_guard_conditions/build install --record /home/nakarin/RoboticsDev/build/examples_rclpy_guard_conditions/install.log --single-version-externally-managed install_data
[2.479s] running egg_info
[2.481s] writing ../../../../build/examples_rclpy_guard_conditions/examples_rclpy_guard_conditions.egg-info/PKG-INFO
[2.481s] writing dependency_links to ../../../../build/examples_rclpy_guard_conditions/examples_rclpy_guard_conditions.egg-info/dependency_links.txt
[2.481s] writing entry points to ../../../../build/examples_rclpy_guard_conditions/examples_rclpy_guard_conditions.egg-info/entry_points.txt
[2.481s] writing requirements to ../../../../build/examples_rclpy_guard_conditions/examples_rclpy_guard_conditions.egg-info/requires.txt
[2.481s] writing top-level names to ../../../../build/examples_rclpy_guard_conditions/examples_rclpy_guard_conditions.egg-info/top_level.txt
[2.484s] reading manifest file '../../../../build/examples_rclpy_guard_conditions/examples_rclpy_guard_conditions.egg-info/SOURCES.txt'
[2.485s] writing manifest file '../../../../build/examples_rclpy_guard_conditions/examples_rclpy_guard_conditions.egg-info/SOURCES.txt'
[2.486s] running build
[2.486s] running build_py
[2.486s] running install
[2.486s] running install_lib
[2.489s] running install_data
[2.489s] running install_egg_info
[2.491s] removing '/home/nakarin/RoboticsDev/install/examples_rclpy_guard_conditions/lib/python3.10/site-packages/examples_rclpy_guard_conditions-0.15.2-py3.10.egg-info' (and everything under it)
[2.492s] Copying ../../../../build/examples_rclpy_guard_conditions/examples_rclpy_guard_conditions.egg-info to /home/nakarin/RoboticsDev/install/examples_rclpy_guard_conditions/lib/python3.10/site-packages/examples_rclpy_guard_conditions-0.15.2-py3.10.egg-info
[2.493s] running install_scripts
[2.530s] Installing trigger_guard_condition script to /home/nakarin/RoboticsDev/install/examples_rclpy_guard_conditions/lib/examples_rclpy_guard_conditions
[2.530s] writing list of installed files to '/home/nakarin/RoboticsDev/build/examples_rclpy_guard_conditions/install.log'
[3.120s] Invoked command in '/home/nakarin/RoboticsDev/src/examples/rclpy/guard_conditions' returned '0': PYTHONPATH=/home/nakarin/RoboticsDev/build/examples_rclpy_guard_conditions/prefix_override:/usr/lib/python3/dist-packages/colcon_core/task/python/colcon_distutils_commands:/home/nakarin/RoboticsDev/install/examples_rclpy_guard_conditions/lib/python3.10/site-packages:${PYTHONPATH} /usr/bin/python3 -W ignore:setup.py install is deprecated setup.py egg_info --egg-base ../../../../build/examples_rclpy_guard_conditions build --build-base /home/nakarin/RoboticsDev/build/examples_rclpy_guard_conditions/build install --record /home/nakarin/RoboticsDev/build/examples_rclpy_guard_conditions/install.log --single-version-externally-managed install_data
