[1.509s] Invoking command in '/home/nakarin/RoboticsDev/src/examples/rclpy/services/minimal_service': PYTHONPATH=/home/nakarin/RoboticsDev/build/examples_rclpy_minimal_service/prefix_override:/usr/lib/python3/dist-packages/colcon_core/task/python/colcon_distutils_commands:/home/nakarin/RoboticsDev/install/examples_rclpy_minimal_service/lib/python3.10/site-packages:${PYTHONPATH} /usr/bin/python3 -W ignore:setup.py install is deprecated setup.py egg_info --egg-base ../../../../../build/examples_rclpy_minimal_service build --build-base /home/nakarin/RoboticsDev/build/examples_rclpy_minimal_service/build install --record /home/nakarin/RoboticsDev/build/examples_rclpy_minimal_service/install.log --single-version-externally-managed install_data
[1.870s] running egg_info
[1.871s] writing ../../../../../build/examples_rclpy_minimal_service/examples_rclpy_minimal_service.egg-info/PKG-INFO
[1.871s] writing dependency_links to ../../../../../build/examples_rclpy_minimal_service/examples_rclpy_minimal_service.egg-info/dependency_links.txt
[1.871s] writing entry points to ../../../../../build/examples_rclpy_minimal_service/examples_rclpy_minimal_service.egg-info/entry_points.txt
[1.872s] writing requirements to ../../../../../build/examples_rclpy_minimal_service/examples_rclpy_minimal_service.egg-info/requires.txt
[1.872s] writing top-level names to ../../../../../build/examples_rclpy_minimal_service/examples_rclpy_minimal_service.egg-info/top_level.txt
[1.874s] reading manifest file '../../../../../build/examples_rclpy_minimal_service/examples_rclpy_minimal_service.egg-info/SOURCES.txt'
[1.876s] writing manifest file '../../../../../build/examples_rclpy_minimal_service/examples_rclpy_minimal_service.egg-info/SOURCES.txt'
[1.876s] running build
[1.876s] running build_py
[1.876s] running install
[1.877s] running install_lib
[1.879s] running install_data
[1.879s] running install_egg_info
[1.881s] removing '/home/nakarin/RoboticsDev/install/examples_rclpy_minimal_service/lib/python3.10/site-packages/examples_rclpy_minimal_service-0.15.2-py3.10.egg-info' (and everything under it)
[1.882s] Copying ../../../../../build/examples_rclpy_minimal_service/examples_rclpy_minimal_service.egg-info to /home/nakarin/RoboticsDev/install/examples_rclpy_minimal_service/lib/python3.10/site-packages/examples_rclpy_minimal_service-0.15.2-py3.10.egg-info
[1.883s] running install_scripts
[1.907s] Installing service script to /home/nakarin/RoboticsDev/install/examples_rclpy_minimal_service/lib/examples_rclpy_minimal_service
[1.908s] Installing service_member_function script to /home/nakarin/RoboticsDev/install/examples_rclpy_minimal_service/lib/examples_rclpy_minimal_service
[1.908s] writing list of installed files to '/home/nakarin/RoboticsDev/build/examples_rclpy_minimal_service/install.log'
[1.971s] Invoked command in '/home/nakarin/RoboticsDev/src/examples/rclpy/services/minimal_service' returned '0': PYTHONPATH=/home/nakarin/RoboticsDev/build/examples_rclpy_minimal_service/prefix_override:/usr/lib/python3/dist-packages/colcon_core/task/python/colcon_distutils_commands:/home/nakarin/RoboticsDev/install/examples_rclpy_minimal_service/lib/python3.10/site-packages:${PYTHONPATH} /usr/bin/python3 -W ignore:setup.py install is deprecated setup.py egg_info --egg-base ../../../../../build/examples_rclpy_minimal_service build --build-base /home/nakarin/RoboticsDev/build/examples_rclpy_minimal_service/build install --record /home/nakarin/RoboticsDev/build/examples_rclpy_minimal_service/install.log --single-version-externally-managed install_data
