[0.026s] Invoking command in '/home/nakarin/RoboticsDev/build/turtle_bringup': CMAKE_PREFIX_PATH=${CMAKE_PREFIX_PATH}:/home/nakarin/RoboticsDev/install/launch_testing_examples:/home/nakarin/RoboticsDev/install/examples_rclpy_pointcloud_publisher:/home/nakarin/RoboticsDev/install/examples_rclpy_minimal_subscriber:/home/nakarin/RoboticsDev/install/examples_rclpy_minimal_service:/home/nakarin/RoboticsDev/install/examples_rclpy_minimal_publisher:/home/nakarin/RoboticsDev/install/examples_rclpy_minimal_client:/home/nakarin/RoboticsDev/install/examples_rclpy_minimal_action_server:/home/nakarin/RoboticsDev/install/examples_rclpy_minimal_action_client:/home/nakarin/RoboticsDev/install/examples_rclpy_guard_conditions:/home/nakarin/RoboticsDev/install/examples_rclpy_executors:/opt/ros/humble /usr/bin/cmake --build /home/nakarin/RoboticsDev/build/turtle_bringup -- -j8 -l8
[0.112s] [100%] Built target cpp_node_test
[0.114s] [100%] Built target ament_cmake_python_copy_turtle_bringup
[0.608s] running egg_info
[0.610s] writing turtle_bringup.egg-info/PKG-INFO
[0.610s] writing dependency_links to turtle_bringup.egg-info/dependency_links.txt
[0.614s] writing top-level names to turtle_bringup.egg-info/top_level.txt
[0.615s] reading manifest file 'turtle_bringup.egg-info/SOURCES.txt'
[0.616s] writing manifest file 'turtle_bringup.egg-info/SOURCES.txt'
[0.687s] [100%] Built target ament_cmake_python_build_turtle_bringup_egg
[0.715s] Invoked command in '/home/nakarin/RoboticsDev/build/turtle_bringup' returned '0': CMAKE_PREFIX_PATH=${CMAKE_PREFIX_PATH}:/home/nakarin/RoboticsDev/install/launch_testing_examples:/home/nakarin/RoboticsDev/install/examples_rclpy_pointcloud_publisher:/home/nakarin/RoboticsDev/install/examples_rclpy_minimal_subscriber:/home/nakarin/RoboticsDev/install/examples_rclpy_minimal_service:/home/nakarin/RoboticsDev/install/examples_rclpy_minimal_publisher:/home/nakarin/RoboticsDev/install/examples_rclpy_minimal_client:/home/nakarin/RoboticsDev/install/examples_rclpy_minimal_action_server:/home/nakarin/RoboticsDev/install/examples_rclpy_minimal_action_client:/home/nakarin/RoboticsDev/install/examples_rclpy_guard_conditions:/home/nakarin/RoboticsDev/install/examples_rclpy_executors:/opt/ros/humble /usr/bin/cmake --build /home/nakarin/RoboticsDev/build/turtle_bringup -- -j8 -l8
[0.755s] Invoking command in '/home/nakarin/RoboticsDev/build/turtle_bringup': CMAKE_PREFIX_PATH=${CMAKE_PREFIX_PATH}:/home/nakarin/RoboticsDev/install/launch_testing_examples:/home/nakarin/RoboticsDev/install/examples_rclpy_pointcloud_publisher:/home/nakarin/RoboticsDev/install/examples_rclpy_minimal_subscriber:/home/nakarin/RoboticsDev/install/examples_rclpy_minimal_service:/home/nakarin/RoboticsDev/install/examples_rclpy_minimal_publisher:/home/nakarin/RoboticsDev/install/examples_rclpy_minimal_client:/home/nakarin/RoboticsDev/install/examples_rclpy_minimal_action_server:/home/nakarin/RoboticsDev/install/examples_rclpy_minimal_action_client:/home/nakarin/RoboticsDev/install/examples_rclpy_guard_conditions:/home/nakarin/RoboticsDev/install/examples_rclpy_executors:/opt/ros/humble /usr/bin/cmake --install /home/nakarin/RoboticsDev/build/turtle_bringup
[1.046s] -- Install configuration: ""
[1.047s] -- Up-to-date: /home/nakarin/RoboticsDev/install/turtle_bringup/share/turtle_bringup/environment/pythonpath.sh
[1.048s] -- Up-to-date: /home/nakarin/RoboticsDev/install/turtle_bringup/share/turtle_bringup/environment/pythonpath.dsv
[1.048s] -- Up-to-date: /home/nakarin/RoboticsDev/install/turtle_bringup/local/lib/python3.10/dist-packages/turtle_bringup-0.0.0-py3.10.egg-info
[1.048s] -- Installing: /home/nakarin/RoboticsDev/install/turtle_bringup/local/lib/python3.10/dist-packages/turtle_bringup-0.0.0-py3.10.egg-info/dependency_links.txt
[1.048s] -- Installing: /home/nakarin/RoboticsDev/install/turtle_bringup/local/lib/python3.10/dist-packages/turtle_bringup-0.0.0-py3.10.egg-info/SOURCES.txt
[1.048s] -- Installing: /home/nakarin/RoboticsDev/install/turtle_bringup/local/lib/python3.10/dist-packages/turtle_bringup-0.0.0-py3.10.egg-info/PKG-INFO
[1.049s] -- Installing: /home/nakarin/RoboticsDev/install/turtle_bringup/local/lib/python3.10/dist-packages/turtle_bringup-0.0.0-py3.10.egg-info/top_level.txt
[1.057s] -- Up-to-date: /home/nakarin/RoboticsDev/install/turtle_bringup/local/lib/python3.10/dist-packages/turtle_bringup
[1.057s] -- Up-to-date: /home/nakarin/RoboticsDev/install/turtle_bringup/local/lib/python3.10/dist-packages/turtle_bringup/__init__.py
[1.057s] -- Up-to-date: /home/nakarin/RoboticsDev/install/turtle_bringup/local/lib/python3.10/dist-packages/turtle_bringup/dummy_module.py
[1.057s] Listing '/home/nakarin/RoboticsDev/install/turtle_bringup/local/lib/python3.10/dist-packages/turtle_bringup'...
[1.058s] -- Up-to-date: /home/nakarin/RoboticsDev/install/turtle_bringup/lib/turtle_bringup/dummy_script.py
[1.058s] -- Up-to-date: /home/nakarin/RoboticsDev/install/turtle_bringup/lib/turtle_bringup/cpp_node_test
[1.058s] -- Up-to-date: /home/nakarin/RoboticsDev/install/turtle_bringup/share/turtle_bringup
[1.058s] -- Up-to-date: /home/nakarin/RoboticsDev/install/turtle_bringup/share/ament_index/resource_index/package_run_dependencies/turtle_bringup
[1.058s] -- Up-to-date: /home/nakarin/RoboticsDev/install/turtle_bringup/share/ament_index/resource_index/parent_prefix_path/turtle_bringup
[1.058s] -- Up-to-date: /home/nakarin/RoboticsDev/install/turtle_bringup/share/turtle_bringup/environment/ament_prefix_path.sh
[1.058s] -- Up-to-date: /home/nakarin/RoboticsDev/install/turtle_bringup/share/turtle_bringup/environment/ament_prefix_path.dsv
[1.058s] -- Up-to-date: /home/nakarin/RoboticsDev/install/turtle_bringup/share/turtle_bringup/environment/path.sh
[1.058s] -- Up-to-date: /home/nakarin/RoboticsDev/install/turtle_bringup/share/turtle_bringup/environment/path.dsv
[1.059s] -- Up-to-date: /home/nakarin/RoboticsDev/install/turtle_bringup/share/turtle_bringup/local_setup.bash
[1.059s] -- Up-to-date: /home/nakarin/RoboticsDev/install/turtle_bringup/share/turtle_bringup/local_setup.sh
[1.059s] -- Up-to-date: /home/nakarin/RoboticsDev/install/turtle_bringup/share/turtle_bringup/local_setup.zsh
[1.059s] -- Up-to-date: /home/nakarin/RoboticsDev/install/turtle_bringup/share/turtle_bringup/local_setup.dsv
[1.059s] -- Installing: /home/nakarin/RoboticsDev/install/turtle_bringup/share/turtle_bringup/package.dsv
[1.059s] -- Up-to-date: /home/nakarin/RoboticsDev/install/turtle_bringup/share/ament_index/resource_index/packages/turtle_bringup
[1.059s] -- Up-to-date: /home/nakarin/RoboticsDev/install/turtle_bringup/share/turtle_bringup/cmake/turtle_bringupConfig.cmake
[1.059s] -- Up-to-date: /home/nakarin/RoboticsDev/install/turtle_bringup/share/turtle_bringup/cmake/turtle_bringupConfig-version.cmake
[1.060s] -- Up-to-date: /home/nakarin/RoboticsDev/install/turtle_bringup/share/turtle_bringup/package.xml
[1.060s] Invoked command in '/home/nakarin/RoboticsDev/build/turtle_bringup' returned '0': CMAKE_PREFIX_PATH=${CMAKE_PREFIX_PATH}:/home/nakarin/RoboticsDev/install/launch_testing_examples:/home/nakarin/RoboticsDev/install/examples_rclpy_pointcloud_publisher:/home/nakarin/RoboticsDev/install/examples_rclpy_minimal_subscriber:/home/nakarin/RoboticsDev/install/examples_rclpy_minimal_service:/home/nakarin/RoboticsDev/install/examples_rclpy_minimal_publisher:/home/nakarin/RoboticsDev/install/examples_rclpy_minimal_client:/home/nakarin/RoboticsDev/install/examples_rclpy_minimal_action_server:/home/nakarin/RoboticsDev/install/examples_rclpy_minimal_action_client:/home/nakarin/RoboticsDev/install/examples_rclpy_guard_conditions:/home/nakarin/RoboticsDev/install/examples_rclpy_executors:/opt/ros/humble /usr/bin/cmake --install /home/nakarin/RoboticsDev/build/turtle_bringup
