[3.981s] Invoking command in '/home/nakarin/RoboticsDev/src/examples/rclpy/actions/minimal_action_client': PYTHONPATH=/home/nakarin/RoboticsDev/build/examples_rclpy_minimal_action_client/prefix_override:/usr/lib/python3/dist-packages/colcon_core/task/python/colcon_distutils_commands:/home/nakarin/RoboticsDev/install/examples_rclpy_minimal_action_client/lib/python3.10/site-packages:${PYTHONPATH} /usr/bin/python3 -W ignore:setup.py install is deprecated setup.py egg_info --egg-base ../../../../../build/examples_rclpy_minimal_action_client build --build-base /home/nakarin/RoboticsDev/build/examples_rclpy_minimal_action_client/build install --record /home/nakarin/RoboticsDev/build/examples_rclpy_minimal_action_client/install.log --single-version-externally-managed install_data
[4.401s] running egg_info
[4.403s] writing ../../../../../build/examples_rclpy_minimal_action_client/examples_rclpy_minimal_action_client.egg-info/PKG-INFO
[4.403s] writing dependency_links to ../../../../../build/examples_rclpy_minimal_action_client/examples_rclpy_minimal_action_client.egg-info/dependency_links.txt
[4.403s] writing entry points to ../../../../../build/examples_rclpy_minimal_action_client/examples_rclpy_minimal_action_client.egg-info/entry_points.txt
[4.403s] writing requirements to ../../../../../build/examples_rclpy_minimal_action_client/examples_rclpy_minimal_action_client.egg-info/requires.txt
[4.403s] writing top-level names to ../../../../../build/examples_rclpy_minimal_action_client/examples_rclpy_minimal_action_client.egg-info/top_level.txt
[4.406s] reading manifest file '../../../../../build/examples_rclpy_minimal_action_client/examples_rclpy_minimal_action_client.egg-info/SOURCES.txt'
[4.408s] writing manifest file '../../../../../build/examples_rclpy_minimal_action_client/examples_rclpy_minimal_action_client.egg-info/SOURCES.txt'
[4.408s] running build
[4.409s] running build_py
[4.409s] running install
[4.410s] running install_lib
[4.412s] running install_data
[4.412s] running install_egg_info
[4.414s] removing '/home/nakarin/RoboticsDev/install/examples_rclpy_minimal_action_client/lib/python3.10/site-packages/examples_rclpy_minimal_action_client-0.15.2-py3.10.egg-info' (and everything under it)
[4.414s] Copying ../../../../../build/examples_rclpy_minimal_action_client/examples_rclpy_minimal_action_client.egg-info to /home/nakarin/RoboticsDev/install/examples_rclpy_minimal_action_client/lib/python3.10/site-packages/examples_rclpy_minimal_action_client-0.15.2-py3.10.egg-info
[4.415s] running install_scripts
[4.465s] Installing client script to /home/nakarin/RoboticsDev/install/examples_rclpy_minimal_action_client/lib/examples_rclpy_minimal_action_client
[4.466s] Installing client_asyncio script to /home/nakarin/RoboticsDev/install/examples_rclpy_minimal_action_client/lib/examples_rclpy_minimal_action_client
[4.467s] Installing client_cancel script to /home/nakarin/RoboticsDev/install/examples_rclpy_minimal_action_client/lib/examples_rclpy_minimal_action_client
[4.467s] Installing client_not_composable script to /home/nakarin/RoboticsDev/install/examples_rclpy_minimal_action_client/lib/examples_rclpy_minimal_action_client
[4.467s] writing list of installed files to '/home/nakarin/RoboticsDev/build/examples_rclpy_minimal_action_client/install.log'
[5.469s] Invoked command in '/home/nakarin/RoboticsDev/src/examples/rclpy/actions/minimal_action_client' returned '0': PYTHONPATH=/home/nakarin/RoboticsDev/build/examples_rclpy_minimal_action_client/prefix_override:/usr/lib/python3/dist-packages/colcon_core/task/python/colcon_distutils_commands:/home/nakarin/RoboticsDev/install/examples_rclpy_minimal_action_client/lib/python3.10/site-packages:${PYTHONPATH} /usr/bin/python3 -W ignore:setup.py install is deprecated setup.py egg_info --egg-base ../../../../../build/examples_rclpy_minimal_action_client build --build-base /home/nakarin/RoboticsDev/build/examples_rclpy_minimal_action_client/build install --record /home/nakarin/RoboticsDev/build/examples_rclpy_minimal_action_client/install.log --single-version-externally-managed install_data
