[0.937s] Invoking command in '/home/nakarin/RoboticsDev/build/lab1': CMAKE_PREFIX_PATH=${CMAKE_PREFIX_PATH}:/home/nakarin/RoboticsDev/install/launch_testing_examples:/home/nakarin/RoboticsDev/install/examples_rclpy_pointcloud_publisher:/home/nakarin/RoboticsDev/install/examples_rclpy_minimal_subscriber:/home/nakarin/RoboticsDev/install/examples_rclpy_minimal_service:/home/nakarin/RoboticsDev/install/examples_rclpy_minimal_publisher:/home/nakarin/RoboticsDev/install/examples_rclpy_minimal_client:/home/nakarin/RoboticsDev/install/examples_rclpy_minimal_action_server:/home/nakarin/RoboticsDev/install/examples_rclpy_minimal_action_client:/home/nakarin/RoboticsDev/install/examples_rclpy_guard_conditions:/home/nakarin/RoboticsDev/install/examples_rclpy_executors:/opt/ros/humble /usr/bin/cmake --build /home/nakarin/RoboticsDev/build/lab1 -- -j8 -l8
[0.990s] [100%] Built target cpp_node_test
[1.001s] [100%] Built target ament_cmake_python_copy_lab1
[1.552s] running egg_info
[1.552s] writing lab1.egg-info/PKG-INFO
[1.552s] writing dependency_links to lab1.egg-info/dependency_links.txt
[1.552s] writing top-level names to lab1.egg-info/top_level.txt
[1.556s] reading manifest file 'lab1.egg-info/SOURCES.txt'
[1.557s] writing manifest file 'lab1.egg-info/SOURCES.txt'
[1.609s] [100%] Built target ament_cmake_python_build_lab1_egg
[1.634s] Invoked command in '/home/nakarin/RoboticsDev/build/lab1' returned '0': CMAKE_PREFIX_PATH=${CMAKE_PREFIX_PATH}:/home/nakarin/RoboticsDev/install/launch_testing_examples:/home/nakarin/RoboticsDev/install/examples_rclpy_pointcloud_publisher:/home/nakarin/RoboticsDev/install/examples_rclpy_minimal_subscriber:/home/nakarin/RoboticsDev/install/examples_rclpy_minimal_service:/home/nakarin/RoboticsDev/install/examples_rclpy_minimal_publisher:/home/nakarin/RoboticsDev/install/examples_rclpy_minimal_client:/home/nakarin/RoboticsDev/install/examples_rclpy_minimal_action_server:/home/nakarin/RoboticsDev/install/examples_rclpy_minimal_action_client:/home/nakarin/RoboticsDev/install/examples_rclpy_guard_conditions:/home/nakarin/RoboticsDev/install/examples_rclpy_executors:/opt/ros/humble /usr/bin/cmake --build /home/nakarin/RoboticsDev/build/lab1 -- -j8 -l8
[1.675s] Invoking command in '/home/nakarin/RoboticsDev/build/lab1': CMAKE_PREFIX_PATH=${CMAKE_PREFIX_PATH}:/home/nakarin/RoboticsDev/install/launch_testing_examples:/home/nakarin/RoboticsDev/install/examples_rclpy_pointcloud_publisher:/home/nakarin/RoboticsDev/install/examples_rclpy_minimal_subscriber:/home/nakarin/RoboticsDev/install/examples_rclpy_minimal_service:/home/nakarin/RoboticsDev/install/examples_rclpy_minimal_publisher:/home/nakarin/RoboticsDev/install/examples_rclpy_minimal_client:/home/nakarin/RoboticsDev/install/examples_rclpy_minimal_action_server:/home/nakarin/RoboticsDev/install/examples_rclpy_minimal_action_client:/home/nakarin/RoboticsDev/install/examples_rclpy_guard_conditions:/home/nakarin/RoboticsDev/install/examples_rclpy_executors:/opt/ros/humble /usr/bin/cmake --install /home/nakarin/RoboticsDev/build/lab1
[1.690s] -- Install configuration: ""
[1.690s] -- Up-to-date: /home/nakarin/RoboticsDev/install/lab1/share/lab1/environment/pythonpath.sh
[1.691s] -- Up-to-date: /home/nakarin/RoboticsDev/install/lab1/share/lab1/environment/pythonpath.dsv
[1.691s] -- Up-to-date: /home/nakarin/RoboticsDev/install/lab1/local/lib/python3.10/dist-packages/lab1-0.0.0-py3.10.egg-info
[1.691s] -- Installing: /home/nakarin/RoboticsDev/install/lab1/local/lib/python3.10/dist-packages/lab1-0.0.0-py3.10.egg-info/dependency_links.txt
[1.692s] -- Installing: /home/nakarin/RoboticsDev/install/lab1/local/lib/python3.10/dist-packages/lab1-0.0.0-py3.10.egg-info/SOURCES.txt
[1.692s] -- Installing: /home/nakarin/RoboticsDev/install/lab1/local/lib/python3.10/dist-packages/lab1-0.0.0-py3.10.egg-info/PKG-INFO
[1.698s] -- Installing: /home/nakarin/RoboticsDev/install/lab1/local/lib/python3.10/dist-packages/lab1-0.0.0-py3.10.egg-info/top_level.txt
[1.698s] -- Up-to-date: /home/nakarin/RoboticsDev/install/lab1/local/lib/python3.10/dist-packages/lab1
[1.698s] -- Up-to-date: /home/nakarin/RoboticsDev/install/lab1/local/lib/python3.10/dist-packages/lab1/__init__.py
[1.699s] -- Up-to-date: /home/nakarin/RoboticsDev/install/lab1/local/lib/python3.10/dist-packages/lab1/dummy_module.py
[1.757s] Listing '/home/nakarin/RoboticsDev/install/lab1/local/lib/python3.10/dist-packages/lab1'...
[1.765s] -- Up-to-date: /home/nakarin/RoboticsDev/install/lab1/lib/lab1/dummy_script.py
[1.765s] -- Up-to-date: /home/nakarin/RoboticsDev/install/lab1/lib/lab1/noise_generator_script.py
[1.765s] -- Up-to-date: /home/nakarin/RoboticsDev/install/lab1/lib/lab1/velocity_mux_script.py
[1.766s] -- Up-to-date: /home/nakarin/RoboticsDev/install/lab1/lib/lab1/cpp_node_test
[1.766s] -- Up-to-date: /home/nakarin/RoboticsDev/install/lab1/share/lab1/launch
[1.766s] -- Up-to-date: /home/nakarin/RoboticsDev/install/lab1/share/lab1/launch/simple-param.launch.py
[1.766s] -- Up-to-date: /home/nakarin/RoboticsDev/install/lab1/share/lab1/launch/lab1-execute-process.launch.py
[1.767s] -- Up-to-date: /home/nakarin/RoboticsDev/install/lab1/share/lab1/launch/lab1.launch.py
[1.767s] -- Up-to-date: /home/nakarin/RoboticsDev/install/lab1/share/lab1/launch/simple.launch.py
[1.767s] -- Up-to-date: /home/nakarin/RoboticsDev/install/lab1/share/ament_index/resource_index/package_run_dependencies/lab1
[1.768s] -- Up-to-date: /home/nakarin/RoboticsDev/install/lab1/share/ament_index/resource_index/parent_prefix_path/lab1
[1.768s] -- Up-to-date: /home/nakarin/RoboticsDev/install/lab1/share/lab1/environment/ament_prefix_path.sh
[1.768s] -- Up-to-date: /home/nakarin/RoboticsDev/install/lab1/share/lab1/environment/ament_prefix_path.dsv
[1.769s] -- Up-to-date: /home/nakarin/RoboticsDev/install/lab1/share/lab1/environment/path.sh
[1.769s] -- Up-to-date: /home/nakarin/RoboticsDev/install/lab1/share/lab1/environment/path.dsv
[1.769s] -- Up-to-date: /home/nakarin/RoboticsDev/install/lab1/share/lab1/local_setup.bash
[1.769s] -- Up-to-date: /home/nakarin/RoboticsDev/install/lab1/share/lab1/local_setup.sh
[1.770s] -- Up-to-date: /home/nakarin/RoboticsDev/install/lab1/share/lab1/local_setup.zsh
[1.770s] -- Up-to-date: /home/nakarin/RoboticsDev/install/lab1/share/lab1/local_setup.dsv
[1.770s] -- Installing: /home/nakarin/RoboticsDev/install/lab1/share/lab1/package.dsv
[1.771s] -- Up-to-date: /home/nakarin/RoboticsDev/install/lab1/share/ament_index/resource_index/packages/lab1
[1.771s] -- Up-to-date: /home/nakarin/RoboticsDev/install/lab1/share/lab1/cmake/lab1Config.cmake
[1.771s] -- Up-to-date: /home/nakarin/RoboticsDev/install/lab1/share/lab1/cmake/lab1Config-version.cmake
[1.772s] -- Up-to-date: /home/nakarin/RoboticsDev/install/lab1/share/lab1/package.xml
[1.775s] Invoked command in '/home/nakarin/RoboticsDev/build/lab1' returned '0': CMAKE_PREFIX_PATH=${CMAKE_PREFIX_PATH}:/home/nakarin/RoboticsDev/install/launch_testing_examples:/home/nakarin/RoboticsDev/install/examples_rclpy_pointcloud_publisher:/home/nakarin/RoboticsDev/install/examples_rclpy_minimal_subscriber:/home/nakarin/RoboticsDev/install/examples_rclpy_minimal_service:/home/nakarin/RoboticsDev/install/examples_rclpy_minimal_publisher:/home/nakarin/RoboticsDev/install/examples_rclpy_minimal_client:/home/nakarin/RoboticsDev/install/examples_rclpy_minimal_action_server:/home/nakarin/RoboticsDev/install/examples_rclpy_minimal_action_client:/home/nakarin/RoboticsDev/install/examples_rclpy_guard_conditions:/home/nakarin/RoboticsDev/install/examples_rclpy_executors:/opt/ros/humble /usr/bin/cmake --install /home/nakarin/RoboticsDev/build/lab1
