[0.027s] Invoking command in '/home/nakarin/RoboticsDev/build/lab1': CMAKE_PREFIX_PATH=${CMAKE_PREFIX_PATH}:/home/nakarin/RoboticsDev/install/launch_testing_examples:/home/nakarin/RoboticsDev/install/examples_rclpy_pointcloud_publisher:/home/nakarin/RoboticsDev/install/examples_rclpy_minimal_subscriber:/home/nakarin/RoboticsDev/install/examples_rclpy_minimal_service:/home/nakarin/RoboticsDev/install/examples_rclpy_minimal_publisher:/home/nakarin/RoboticsDev/install/examples_rclpy_minimal_client:/home/nakarin/RoboticsDev/install/examples_rclpy_minimal_action_server:/home/nakarin/RoboticsDev/install/examples_rclpy_minimal_action_client:/home/nakarin/RoboticsDev/install/examples_rclpy_guard_conditions:/home/nakarin/RoboticsDev/install/examples_rclpy_executors:/opt/ros/humble /usr/bin/cmake --build /home/nakarin/RoboticsDev/build/lab1 -- -j8 -l8
[0.627s] -- Found ament_cmake: 1.3.10 (/opt/ros/humble/share/ament_cmake/cmake)
[0.628s] -- Found rclcpp: 16.0.10 (/opt/ros/humble/share/rclcpp/cmake)
[0.629s] -- Found rosidl_generator_c: 3.1.5 (/opt/ros/humble/share/rosidl_generator_c/cmake)
[0.629s] -- Found rosidl_adapter: 3.1.5 (/opt/ros/humble/share/rosidl_adapter/cmake)
[0.629s] -- Found rosidl_generator_cpp: 3.1.5 (/opt/ros/humble/share/rosidl_generator_cpp/cmake)
[0.629s] -- Using all available rosidl_typesupport_c: rosidl_typesupport_fastrtps_c;rosidl_typesupport_introspection_c
[0.629s] -- Using all available rosidl_typesupport_cpp: rosidl_typesupport_fastrtps_cpp;rosidl_typesupport_introspection_cpp
[0.629s] -- Found rmw_implementation_cmake: 6.1.2 (/opt/ros/humble/share/rmw_implementation_cmake/cmake)
[0.629s] -- Found rmw_fastrtps_cpp: 6.2.7 (/opt/ros/humble/share/rmw_fastrtps_cpp/cmake)
[0.715s] -- Using RMW implementation 'rmw_fastrtps_cpp' as default
[0.806s] -- Found rclpy: 3.3.14 (/opt/ros/humble/share/rclpy/cmake)
[1.090s] -- Configuring done
[1.107s] -- Generating done
[1.110s] -- Build files have been written to: /home/nakarin/RoboticsDev/build/lab1
[1.164s] [35m[1mConsolidate compiler generated dependencies of target cpp_node_test[0m
[1.213s] [  0%] Built target ament_cmake_python_copy_lab1
[1.218s] [100%] Built target cpp_node_test
[1.630s] running egg_info
[1.630s] writing lab1.egg-info/PKG-INFO
[1.631s] writing dependency_links to lab1.egg-info/dependency_links.txt
[1.631s] writing top-level names to lab1.egg-info/top_level.txt
[1.633s] reading manifest file 'lab1.egg-info/SOURCES.txt'
[1.633s] writing manifest file 'lab1.egg-info/SOURCES.txt'
[1.658s] [100%] Built target ament_cmake_python_build_lab1_egg
[1.668s] Invoked command in '/home/nakarin/RoboticsDev/build/lab1' returned '0': CMAKE_PREFIX_PATH=${CMAKE_PREFIX_PATH}:/home/nakarin/RoboticsDev/install/launch_testing_examples:/home/nakarin/RoboticsDev/install/examples_rclpy_pointcloud_publisher:/home/nakarin/RoboticsDev/install/examples_rclpy_minimal_subscriber:/home/nakarin/RoboticsDev/install/examples_rclpy_minimal_service:/home/nakarin/RoboticsDev/install/examples_rclpy_minimal_publisher:/home/nakarin/RoboticsDev/install/examples_rclpy_minimal_client:/home/nakarin/RoboticsDev/install/examples_rclpy_minimal_action_server:/home/nakarin/RoboticsDev/install/examples_rclpy_minimal_action_client:/home/nakarin/RoboticsDev/install/examples_rclpy_guard_conditions:/home/nakarin/RoboticsDev/install/examples_rclpy_executors:/opt/ros/humble /usr/bin/cmake --build /home/nakarin/RoboticsDev/build/lab1 -- -j8 -l8
[1.690s] Invoking command in '/home/nakarin/RoboticsDev/build/lab1': CMAKE_PREFIX_PATH=${CMAKE_PREFIX_PATH}:/home/nakarin/RoboticsDev/install/launch_testing_examples:/home/nakarin/RoboticsDev/install/examples_rclpy_pointcloud_publisher:/home/nakarin/RoboticsDev/install/examples_rclpy_minimal_subscriber:/home/nakarin/RoboticsDev/install/examples_rclpy_minimal_service:/home/nakarin/RoboticsDev/install/examples_rclpy_minimal_publisher:/home/nakarin/RoboticsDev/install/examples_rclpy_minimal_client:/home/nakarin/RoboticsDev/install/examples_rclpy_minimal_action_server:/home/nakarin/RoboticsDev/install/examples_rclpy_minimal_action_client:/home/nakarin/RoboticsDev/install/examples_rclpy_guard_conditions:/home/nakarin/RoboticsDev/install/examples_rclpy_executors:/opt/ros/humble /usr/bin/cmake --install /home/nakarin/RoboticsDev/build/lab1
[1.697s] -- Install configuration: ""
[1.697s] -- Up-to-date: /home/nakarin/RoboticsDev/install/lab1/share/lab1/environment/pythonpath.sh
[1.697s] -- Installing: /home/nakarin/RoboticsDev/install/lab1/share/lab1/environment/pythonpath.dsv
[1.697s] -- Up-to-date: /home/nakarin/RoboticsDev/install/lab1/local/lib/python3.10/dist-packages/lab1-0.0.0-py3.10.egg-info
[1.698s] -- Installing: /home/nakarin/RoboticsDev/install/lab1/local/lib/python3.10/dist-packages/lab1-0.0.0-py3.10.egg-info/dependency_links.txt
[1.698s] -- Installing: /home/nakarin/RoboticsDev/install/lab1/local/lib/python3.10/dist-packages/lab1-0.0.0-py3.10.egg-info/SOURCES.txt
[1.698s] -- Installing: /home/nakarin/RoboticsDev/install/lab1/local/lib/python3.10/dist-packages/lab1-0.0.0-py3.10.egg-info/PKG-INFO
[1.698s] -- Installing: /home/nakarin/RoboticsDev/install/lab1/local/lib/python3.10/dist-packages/lab1-0.0.0-py3.10.egg-info/top_level.txt
[1.698s] -- Up-to-date: /home/nakarin/RoboticsDev/install/lab1/local/lib/python3.10/dist-packages/lab1
[1.698s] -- Up-to-date: /home/nakarin/RoboticsDev/install/lab1/local/lib/python3.10/dist-packages/lab1/__init__.py
[1.698s] -- Up-to-date: /home/nakarin/RoboticsDev/install/lab1/local/lib/python3.10/dist-packages/lab1/dummy_module.py
[1.746s] Listing '/home/nakarin/RoboticsDev/install/lab1/local/lib/python3.10/dist-packages/lab1'...
[1.751s] -- Up-to-date: /home/nakarin/RoboticsDev/install/lab1/lib/lab1/dummy_script.py
[1.751s] -- Up-to-date: /home/nakarin/RoboticsDev/install/lab1/lib/lab1/noise_generator_script.py
[1.752s] -- Installing: /home/nakarin/RoboticsDev/install/lab1/lib/lab1/velocity_mux_script.py
[1.752s] -- Up-to-date: /home/nakarin/RoboticsDev/install/lab1/lib/lab1/cpp_node_test
[1.752s] -- Up-to-date: /home/nakarin/RoboticsDev/install/lab1/share/lab1
[1.752s] -- Up-to-date: /home/nakarin/RoboticsDev/install/lab1/share/ament_index/resource_index/package_run_dependencies/lab1
[1.752s] -- Up-to-date: /home/nakarin/RoboticsDev/install/lab1/share/ament_index/resource_index/parent_prefix_path/lab1
[1.752s] -- Up-to-date: /home/nakarin/RoboticsDev/install/lab1/share/lab1/environment/ament_prefix_path.sh
[1.753s] -- Installing: /home/nakarin/RoboticsDev/install/lab1/share/lab1/environment/ament_prefix_path.dsv
[1.753s] -- Up-to-date: /home/nakarin/RoboticsDev/install/lab1/share/lab1/environment/path.sh
[1.753s] -- Installing: /home/nakarin/RoboticsDev/install/lab1/share/lab1/environment/path.dsv
[1.753s] -- Up-to-date: /home/nakarin/RoboticsDev/install/lab1/share/lab1/local_setup.bash
[1.753s] -- Up-to-date: /home/nakarin/RoboticsDev/install/lab1/share/lab1/local_setup.sh
[1.754s] -- Up-to-date: /home/nakarin/RoboticsDev/install/lab1/share/lab1/local_setup.zsh
[1.754s] -- Installing: /home/nakarin/RoboticsDev/install/lab1/share/lab1/local_setup.dsv
[1.754s] -- Installing: /home/nakarin/RoboticsDev/install/lab1/share/lab1/package.dsv
[1.755s] -- Up-to-date: /home/nakarin/RoboticsDev/install/lab1/share/ament_index/resource_index/packages/lab1
[1.755s] -- Up-to-date: /home/nakarin/RoboticsDev/install/lab1/share/lab1/cmake/lab1Config.cmake
[1.756s] -- Up-to-date: /home/nakarin/RoboticsDev/install/lab1/share/lab1/cmake/lab1Config-version.cmake
[1.756s] -- Up-to-date: /home/nakarin/RoboticsDev/install/lab1/share/lab1/package.xml
[1.763s] Invoked command in '/home/nakarin/RoboticsDev/build/lab1' returned '0': CMAKE_PREFIX_PATH=${CMAKE_PREFIX_PATH}:/home/nakarin/RoboticsDev/install/launch_testing_examples:/home/nakarin/RoboticsDev/install/examples_rclpy_pointcloud_publisher:/home/nakarin/RoboticsDev/install/examples_rclpy_minimal_subscriber:/home/nakarin/RoboticsDev/install/examples_rclpy_minimal_service:/home/nakarin/RoboticsDev/install/examples_rclpy_minimal_publisher:/home/nakarin/RoboticsDev/install/examples_rclpy_minimal_client:/home/nakarin/RoboticsDev/install/examples_rclpy_minimal_action_server:/home/nakarin/RoboticsDev/install/examples_rclpy_minimal_action_client:/home/nakarin/RoboticsDev/install/examples_rclpy_guard_conditions:/home/nakarin/RoboticsDev/install/examples_rclpy_executors:/opt/ros/humble /usr/bin/cmake --install /home/nakarin/RoboticsDev/build/lab1
