[0.075s] Invoking command in '/home/nakarin/RoboticsDev/build/turtlesim_plus': CMAKE_PREFIX_PATH=${CMAKE_PREFIX_PATH}:/home/nakarin/RoboticsDev/install/launch_testing_examples:/home/nakarin/RoboticsDev/install/examples_rclpy_pointcloud_publisher:/home/nakarin/RoboticsDev/install/examples_rclpy_minimal_subscriber:/home/nakarin/RoboticsDev/install/examples_rclpy_minimal_service:/home/nakarin/RoboticsDev/install/examples_rclpy_minimal_publisher:/home/nakarin/RoboticsDev/install/examples_rclpy_minimal_client:/home/nakarin/RoboticsDev/install/examples_rclpy_minimal_action_server:/home/nakarin/RoboticsDev/install/examples_rclpy_minimal_action_client:/home/nakarin/RoboticsDev/install/examples_rclpy_guard_conditions:/home/nakarin/RoboticsDev/install/examples_rclpy_executors:/opt/ros/humble /usr/bin/cmake --build /home/nakarin/RoboticsDev/build/turtlesim_plus -- -j8 -l8
[0.190s] Built target ament_cmake_python_copy_turtlesim_plus
[0.776s] running egg_info
[0.779s] writing turtlesim_plus.egg-info/PKG-INFO
[0.780s] writing dependency_links to turtlesim_plus.egg-info/dependency_links.txt
[0.780s] writing top-level names to turtlesim_plus.egg-info/top_level.txt
[0.786s] reading manifest file 'turtlesim_plus.egg-info/SOURCES.txt'
[0.788s] writing manifest file 'turtlesim_plus.egg-info/SOURCES.txt'
[0.859s] Built target ament_cmake_python_build_turtlesim_plus_egg
[0.890s] Invoked command in '/home/nakarin/RoboticsDev/build/turtlesim_plus' returned '0': CMAKE_PREFIX_PATH=${CMAKE_PREFIX_PATH}:/home/nakarin/RoboticsDev/install/launch_testing_examples:/home/nakarin/RoboticsDev/install/examples_rclpy_pointcloud_publisher:/home/nakarin/RoboticsDev/install/examples_rclpy_minimal_subscriber:/home/nakarin/RoboticsDev/install/examples_rclpy_minimal_service:/home/nakarin/RoboticsDev/install/examples_rclpy_minimal_publisher:/home/nakarin/RoboticsDev/install/examples_rclpy_minimal_client:/home/nakarin/RoboticsDev/install/examples_rclpy_minimal_action_server:/home/nakarin/RoboticsDev/install/examples_rclpy_minimal_action_client:/home/nakarin/RoboticsDev/install/examples_rclpy_guard_conditions:/home/nakarin/RoboticsDev/install/examples_rclpy_executors:/opt/ros/humble /usr/bin/cmake --build /home/nakarin/RoboticsDev/build/turtlesim_plus -- -j8 -l8
[0.969s] Invoking command in '/home/nakarin/RoboticsDev/build/turtlesim_plus': CMAKE_PREFIX_PATH=${CMAKE_PREFIX_PATH}:/home/nakarin/RoboticsDev/install/launch_testing_examples:/home/nakarin/RoboticsDev/install/examples_rclpy_pointcloud_publisher:/home/nakarin/RoboticsDev/install/examples_rclpy_minimal_subscriber:/home/nakarin/RoboticsDev/install/examples_rclpy_minimal_service:/home/nakarin/RoboticsDev/install/examples_rclpy_minimal_publisher:/home/nakarin/RoboticsDev/install/examples_rclpy_minimal_client:/home/nakarin/RoboticsDev/install/examples_rclpy_minimal_action_server:/home/nakarin/RoboticsDev/install/examples_rclpy_minimal_action_client:/home/nakarin/RoboticsDev/install/examples_rclpy_guard_conditions:/home/nakarin/RoboticsDev/install/examples_rclpy_executors:/opt/ros/humble /usr/bin/cmake --install /home/nakarin/RoboticsDev/build/turtlesim_plus
[0.979s] -- Install configuration: ""
[0.980s] -- Up-to-date: /home/nakarin/RoboticsDev/install/turtlesim_plus/share/turtlesim_plus/environment/pythonpath.sh
[0.980s] -- Up-to-date: /home/nakarin/RoboticsDev/install/turtlesim_plus/share/turtlesim_plus/environment/pythonpath.dsv
[0.980s] -- Up-to-date: /home/nakarin/RoboticsDev/install/turtlesim_plus/local/lib/python3.10/dist-packages/turtlesim_plus-1.0.0-py3.10.egg-info
[0.980s] -- Installing: /home/nakarin/RoboticsDev/install/turtlesim_plus/local/lib/python3.10/dist-packages/turtlesim_plus-1.0.0-py3.10.egg-info/dependency_links.txt
[0.981s] -- Installing: /home/nakarin/RoboticsDev/install/turtlesim_plus/local/lib/python3.10/dist-packages/turtlesim_plus-1.0.0-py3.10.egg-info/SOURCES.txt
[0.981s] -- Installing: /home/nakarin/RoboticsDev/install/turtlesim_plus/local/lib/python3.10/dist-packages/turtlesim_plus-1.0.0-py3.10.egg-info/PKG-INFO
[0.981s] -- Installing: /home/nakarin/RoboticsDev/install/turtlesim_plus/local/lib/python3.10/dist-packages/turtlesim_plus-1.0.0-py3.10.egg-info/top_level.txt
[0.981s] -- Up-to-date: /home/nakarin/RoboticsDev/install/turtlesim_plus/local/lib/python3.10/dist-packages/turtlesim_plus
[0.982s] -- Up-to-date: /home/nakarin/RoboticsDev/install/turtlesim_plus/local/lib/python3.10/dist-packages/turtlesim_plus/entity.py
[0.982s] -- Up-to-date: /home/nakarin/RoboticsDev/install/turtlesim_plus/local/lib/python3.10/dist-packages/turtlesim_plus/ros2_plugins.py
[0.983s] -- Up-to-date: /home/nakarin/RoboticsDev/install/turtlesim_plus/local/lib/python3.10/dist-packages/turtlesim_plus/__init__.py
[0.983s] -- Up-to-date: /home/nakarin/RoboticsDev/install/turtlesim_plus/local/lib/python3.10/dist-packages/turtlesim_plus/image
[0.983s] -- Up-to-date: /home/nakarin/RoboticsDev/install/turtlesim_plus/local/lib/python3.10/dist-packages/turtlesim_plus/image/turtle
[0.984s] -- Up-to-date: /home/nakarin/RoboticsDev/install/turtlesim_plus/local/lib/python3.10/dist-packages/turtlesim_plus/image/turtle/rolling.png
[0.984s] -- Up-to-date: /home/nakarin/RoboticsDev/install/turtlesim_plus/local/lib/python3.10/dist-packages/turtlesim_plus/image/turtle/dashing.png
[0.984s] -- Up-to-date: /home/nakarin/RoboticsDev/install/turtlesim_plus/local/lib/python3.10/dist-packages/turtlesim_plus/image/turtle/bouncy.png
[0.985s] -- Up-to-date: /home/nakarin/RoboticsDev/install/turtlesim_plus/local/lib/python3.10/dist-packages/turtlesim_plus/image/turtle/eloquent.png
[0.985s] -- Up-to-date: /home/nakarin/RoboticsDev/install/turtlesim_plus/local/lib/python3.10/dist-packages/turtlesim_plus/image/turtle/crystal.png
[0.985s] -- Up-to-date: /home/nakarin/RoboticsDev/install/turtlesim_plus/local/lib/python3.10/dist-packages/turtlesim_plus/image/turtle/galactic.png
[0.985s] -- Up-to-date: /home/nakarin/RoboticsDev/install/turtlesim_plus/local/lib/python3.10/dist-packages/turtlesim_plus/image/turtle/humble.png
[0.985s] -- Up-to-date: /home/nakarin/RoboticsDev/install/turtlesim_plus/local/lib/python3.10/dist-packages/turtlesim_plus/image/turtle/ardent.png
[0.985s] -- Up-to-date: /home/nakarin/RoboticsDev/install/turtlesim_plus/local/lib/python3.10/dist-packages/turtlesim_plus/image/turtle/otto.png
[0.986s] -- Up-to-date: /home/nakarin/RoboticsDev/install/turtlesim_plus/local/lib/python3.10/dist-packages/turtlesim_plus/image/turtle/foxy.png
[0.988s] -- Up-to-date: /home/nakarin/RoboticsDev/install/turtlesim_plus/local/lib/python3.10/dist-packages/turtlesim_plus/image/object
[0.988s] -- Up-to-date: /home/nakarin/RoboticsDev/install/turtlesim_plus/local/lib/python3.10/dist-packages/turtlesim_plus/image/object/pizza.png
[0.991s] -- Up-to-date: /home/nakarin/RoboticsDev/install/turtlesim_plus/local/lib/python3.10/dist-packages/turtlesim_plus/image/object/parcel.png
[0.991s] -- Up-to-date: /home/nakarin/RoboticsDev/install/turtlesim_plus/local/lib/python3.10/dist-packages/turtlesim_plus/image/map
[0.992s] -- Up-to-date: /home/nakarin/RoboticsDev/install/turtlesim_plus/local/lib/python3.10/dist-packages/turtlesim_plus/image/map/map.png
[1.037s] Listing '/home/nakarin/RoboticsDev/install/turtlesim_plus/local/lib/python3.10/dist-packages/turtlesim_plus'...
[1.037s] Listing '/home/nakarin/RoboticsDev/install/turtlesim_plus/local/lib/python3.10/dist-packages/turtlesim_plus/image'...
[1.037s] Listing '/home/nakarin/RoboticsDev/install/turtlesim_plus/local/lib/python3.10/dist-packages/turtlesim_plus/image/map'...
[1.037s] Listing '/home/nakarin/RoboticsDev/install/turtlesim_plus/local/lib/python3.10/dist-packages/turtlesim_plus/image/object'...
[1.037s] Listing '/home/nakarin/RoboticsDev/install/turtlesim_plus/local/lib/python3.10/dist-packages/turtlesim_plus/image/turtle'...
[1.046s] -- Up-to-date: /home/nakarin/RoboticsDev/install/turtlesim_plus/lib/turtlesim_plus/turtlesim_plus_node.py
[1.046s] -- Up-to-date: /home/nakarin/RoboticsDev/install/turtlesim_plus/lib/turtlesim_plus/pizza_on_click.py
[1.046s] -- Up-to-date: /home/nakarin/RoboticsDev/install/turtlesim_plus/share/turtlesim_plus
[1.046s] -- Up-to-date: /home/nakarin/RoboticsDev/install/turtlesim_plus/share/ament_index/resource_index/package_run_dependencies/turtlesim_plus
[1.046s] -- Up-to-date: /home/nakarin/RoboticsDev/install/turtlesim_plus/share/ament_index/resource_index/parent_prefix_path/turtlesim_plus
[1.047s] -- Up-to-date: /home/nakarin/RoboticsDev/install/turtlesim_plus/share/turtlesim_plus/environment/ament_prefix_path.sh
[1.047s] -- Up-to-date: /home/nakarin/RoboticsDev/install/turtlesim_plus/share/turtlesim_plus/environment/ament_prefix_path.dsv
[1.047s] -- Up-to-date: /home/nakarin/RoboticsDev/install/turtlesim_plus/share/turtlesim_plus/environment/path.sh
[1.047s] -- Up-to-date: /home/nakarin/RoboticsDev/install/turtlesim_plus/share/turtlesim_plus/environment/path.dsv
[1.047s] -- Up-to-date: /home/nakarin/RoboticsDev/install/turtlesim_plus/share/turtlesim_plus/local_setup.bash
[1.047s] -- Up-to-date: /home/nakarin/RoboticsDev/install/turtlesim_plus/share/turtlesim_plus/local_setup.sh
[1.047s] -- Up-to-date: /home/nakarin/RoboticsDev/install/turtlesim_plus/share/turtlesim_plus/local_setup.zsh
[1.047s] -- Up-to-date: /home/nakarin/RoboticsDev/install/turtlesim_plus/share/turtlesim_plus/local_setup.dsv
[1.047s] -- Installing: /home/nakarin/RoboticsDev/install/turtlesim_plus/share/turtlesim_plus/package.dsv
[1.047s] -- Up-to-date: /home/nakarin/RoboticsDev/install/turtlesim_plus/share/ament_index/resource_index/packages/turtlesim_plus
[1.048s] -- Up-to-date: /home/nakarin/RoboticsDev/install/turtlesim_plus/share/turtlesim_plus/cmake/turtlesim_plusConfig.cmake
[1.048s] -- Up-to-date: /home/nakarin/RoboticsDev/install/turtlesim_plus/share/turtlesim_plus/cmake/turtlesim_plusConfig-version.cmake
[1.048s] -- Up-to-date: /home/nakarin/RoboticsDev/install/turtlesim_plus/share/turtlesim_plus/package.xml
[1.049s] Invoked command in '/home/nakarin/RoboticsDev/build/turtlesim_plus' returned '0': CMAKE_PREFIX_PATH=${CMAKE_PREFIX_PATH}:/home/nakarin/RoboticsDev/install/launch_testing_examples:/home/nakarin/RoboticsDev/install/examples_rclpy_pointcloud_publisher:/home/nakarin/RoboticsDev/install/examples_rclpy_minimal_subscriber:/home/nakarin/RoboticsDev/install/examples_rclpy_minimal_service:/home/nakarin/RoboticsDev/install/examples_rclpy_minimal_publisher:/home/nakarin/RoboticsDev/install/examples_rclpy_minimal_client:/home/nakarin/RoboticsDev/install/examples_rclpy_minimal_action_server:/home/nakarin/RoboticsDev/install/examples_rclpy_minimal_action_client:/home/nakarin/RoboticsDev/install/examples_rclpy_guard_conditions:/home/nakarin/RoboticsDev/install/examples_rclpy_executors:/opt/ros/humble /usr/bin/cmake --install /home/nakarin/RoboticsDev/build/turtlesim_plus
