[0.099s] DEBUG:colcon:Command line arguments: ['/usr/bin/colcon', 'build']
[0.099s] DEBUG:colcon:Parsed command line arguments: Namespace(log_base=None, log_level=None, verb_name='build', build_base='build', install_base='install', merge_install=False, symlink_install=False, test_result_base=None, continue_on_error=False, executor='parallel', parallel_workers=8, event_handlers=None, ignore_user_meta=False, metas=['./colcon.meta'], base_paths=['.'], packages_ignore=None, packages_ignore_regex=None, paths=None, packages_up_to=None, packages_up_to_regex=None, packages_above=None, packages_above_and_dependencies=None, packages_above_depth=None, packages_select_by_dep=None, packages_skip_by_dep=None, packages_skip_up_to=None, packages_select_build_failed=False, packages_skip_build_finished=False, packages_select_test_failures=False, packages_skip_test_passed=False, packages_select=None, packages_skip=None, packages_select_regex=None, packages_skip_regex=None, packages_start=None, packages_end=None, allow_overriding=[], cmake_args=None, cmake_target=None, cmake_target_skip_unavailable=False, cmake_clean_cache=False, cmake_clean_first=False, cmake_force_configure=False, ament_cmake_args=None, catkin_cmake_args=None, catkin_skip_building_tests=False, mixin_files=None, mixin=None, verb_parser=<colcon_mixin.mixin.mixin_argument.MixinArgumentDecorator object at 0x715f88b32080>, verb_extension=<colcon_core.verb.build.BuildVerb object at 0x715f88b31ba0>, main=<bound method BuildVerb.main of <colcon_core.verb.build.BuildVerb object at 0x715f88b31ba0>>, mixin_verb=('build',))
[0.250s] Level 1:colcon.colcon_core.package_discovery:discover_packages(colcon_meta) check parameters
[0.250s] Level 1:colcon.colcon_core.package_discovery:discover_packages(recursive) check parameters
[0.250s] Level 1:colcon.colcon_core.package_discovery:discover_packages(ignore) check parameters
[0.250s] Level 1:colcon.colcon_core.package_discovery:discover_packages(path) check parameters
[0.250s] Level 1:colcon.colcon_core.package_discovery:discover_packages(colcon_meta) discover
[0.250s] Level 1:colcon.colcon_core.package_discovery:discover_packages(recursive) discover
[0.250s] INFO:colcon.colcon_core.package_discovery:Crawling recursively for packages in '/home/nakarin/RoboticsDev'
[0.250s] Level 1:colcon.colcon_core.package_identification:_identify(.) by extensions ['ignore', 'ignore_ament_install']
[0.250s] Level 1:colcon.colcon_core.package_identification:_identify(.) by extension 'ignore'
[0.250s] Level 1:colcon.colcon_core.package_identification:_identify(.) by extension 'ignore_ament_install'
[0.250s] Level 1:colcon.colcon_core.package_identification:_identify(.) by extensions ['colcon_pkg']
[0.250s] Level 1:colcon.colcon_core.package_identification:_identify(.) by extension 'colcon_pkg'
[0.250s] Level 1:colcon.colcon_core.package_identification:_identify(.) by extensions ['colcon_meta']
[0.250s] Level 1:colcon.colcon_core.package_identification:_identify(.) by extension 'colcon_meta'
[0.250s] Level 1:colcon.colcon_core.package_identification:_identify(.) by extensions ['ros']
[0.250s] Level 1:colcon.colcon_core.package_identification:_identify(.) by extension 'ros'
[0.260s] Level 1:colcon.colcon_core.package_identification:_identify(.) by extensions ['cmake', 'python']
[0.260s] Level 1:colcon.colcon_core.package_identification:_identify(.) by extension 'cmake'
[0.260s] Level 1:colcon.colcon_core.package_identification:_identify(.) by extension 'python'
[0.261s] Level 1:colcon.colcon_core.package_identification:_identify(.) by extensions ['python_setup_py']
[0.261s] Level 1:colcon.colcon_core.package_identification:_identify(.) by extension 'python_setup_py'
[0.261s] Level 1:colcon.colcon_core.package_identification:_identify(build) by extensions ['ignore', 'ignore_ament_install']
[0.261s] Level 1:colcon.colcon_core.package_identification:_identify(build) by extension 'ignore'
[0.261s] Level 1:colcon.colcon_core.package_identification:_identify(build) ignored
[0.261s] Level 1:colcon.colcon_core.package_identification:_identify(install) by extensions ['ignore', 'ignore_ament_install']
[0.261s] Level 1:colcon.colcon_core.package_identification:_identify(install) by extension 'ignore'
[0.261s] Level 1:colcon.colcon_core.package_identification:_identify(install) ignored
[0.261s] Level 1:colcon.colcon_core.package_identification:_identify(log) by extensions ['ignore', 'ignore_ament_install']
[0.261s] Level 1:colcon.colcon_core.package_identification:_identify(log) by extension 'ignore'
[0.261s] Level 1:colcon.colcon_core.package_identification:_identify(log) ignored
[0.261s] Level 1:colcon.colcon_core.package_identification:_identify(src) by extensions ['ignore', 'ignore_ament_install']
[0.261s] Level 1:colcon.colcon_core.package_identification:_identify(src) by extension 'ignore'
[0.261s] Level 1:colcon.colcon_core.package_identification:_identify(src) by extension 'ignore_ament_install'
[0.261s] Level 1:colcon.colcon_core.package_identification:_identify(src) by extensions ['colcon_pkg']
[0.262s] Level 1:colcon.colcon_core.package_identification:_identify(src) by extension 'colcon_pkg'
[0.262s] Level 1:colcon.colcon_core.package_identification:_identify(src) by extensions ['colcon_meta']
[0.262s] Level 1:colcon.colcon_core.package_identification:_identify(src) by extension 'colcon_meta'
[0.262s] Level 1:colcon.colcon_core.package_identification:_identify(src) by extensions ['ros']
[0.262s] Level 1:colcon.colcon_core.package_identification:_identify(src) by extension 'ros'
[0.262s] Level 1:colcon.colcon_core.package_identification:_identify(src) by extensions ['cmake', 'python']
[0.262s] Level 1:colcon.colcon_core.package_identification:_identify(src) by extension 'cmake'
[0.262s] Level 1:colcon.colcon_core.package_identification:_identify(src) by extension 'python'
[0.262s] Level 1:colcon.colcon_core.package_identification:_identify(src) by extensions ['python_setup_py']
[0.262s] Level 1:colcon.colcon_core.package_identification:_identify(src) by extension 'python_setup_py'
[0.262s] Level 1:colcon.colcon_core.package_identification:_identify(src/turtle_bringup) by extensions ['ignore', 'ignore_ament_install']
[0.262s] Level 1:colcon.colcon_core.package_identification:_identify(src/turtle_bringup) by extension 'ignore'
[0.262s] Level 1:colcon.colcon_core.package_identification:_identify(src/turtle_bringup) by extension 'ignore_ament_install'
[0.262s] Level 1:colcon.colcon_core.package_identification:_identify(src/turtle_bringup) by extensions ['colcon_pkg']
[0.262s] Level 1:colcon.colcon_core.package_identification:_identify(src/turtle_bringup) by extension 'colcon_pkg'
[0.262s] Level 1:colcon.colcon_core.package_identification:_identify(src/turtle_bringup) by extensions ['colcon_meta']
[0.262s] Level 1:colcon.colcon_core.package_identification:_identify(src/turtle_bringup) by extension 'colcon_meta'
[0.262s] Level 1:colcon.colcon_core.package_identification:_identify(src/turtle_bringup) by extensions ['ros']
[0.262s] Level 1:colcon.colcon_core.package_identification:_identify(src/turtle_bringup) by extension 'ros'
[0.265s] DEBUG:colcon.colcon_core.package_identification:Package 'src/turtle_bringup' with type 'ros.ament_cmake' and name 'turtle_bringup'
[0.265s] Level 1:colcon.colcon_core.package_identification:_identify(src/turtlesim_plus) by extensions ['ignore', 'ignore_ament_install']
[0.265s] Level 1:colcon.colcon_core.package_identification:_identify(src/turtlesim_plus) by extension 'ignore'
[0.265s] Level 1:colcon.colcon_core.package_identification:_identify(src/turtlesim_plus) by extension 'ignore_ament_install'
[0.265s] Level 1:colcon.colcon_core.package_identification:_identify(src/turtlesim_plus) by extensions ['colcon_pkg']
[0.265s] Level 1:colcon.colcon_core.package_identification:_identify(src/turtlesim_plus) by extension 'colcon_pkg'
[0.265s] Level 1:colcon.colcon_core.package_identification:_identify(src/turtlesim_plus) by extensions ['colcon_meta']
[0.265s] Level 1:colcon.colcon_core.package_identification:_identify(src/turtlesim_plus) by extension 'colcon_meta'
[0.265s] Level 1:colcon.colcon_core.package_identification:_identify(src/turtlesim_plus) by extensions ['ros']
[0.265s] Level 1:colcon.colcon_core.package_identification:_identify(src/turtlesim_plus) by extension 'ros'
[0.265s] Level 1:colcon.colcon_core.package_identification:_identify(src/turtlesim_plus) by extensions ['cmake', 'python']
[0.265s] Level 1:colcon.colcon_core.package_identification:_identify(src/turtlesim_plus) by extension 'cmake'
[0.265s] Level 1:colcon.colcon_core.package_identification:_identify(src/turtlesim_plus) by extension 'python'
[0.265s] Level 1:colcon.colcon_core.package_identification:_identify(src/turtlesim_plus) by extensions ['python_setup_py']
[0.265s] Level 1:colcon.colcon_core.package_identification:_identify(src/turtlesim_plus) by extension 'python_setup_py'
[0.265s] Level 1:colcon.colcon_core.package_identification:_identify(src/turtlesim_plus/turtlesim_plus) by extensions ['ignore', 'ignore_ament_install']
[0.265s] Level 1:colcon.colcon_core.package_identification:_identify(src/turtlesim_plus/turtlesim_plus) by extension 'ignore'
[0.265s] Level 1:colcon.colcon_core.package_identification:_identify(src/turtlesim_plus/turtlesim_plus) by extension 'ignore_ament_install'
[0.266s] Level 1:colcon.colcon_core.package_identification:_identify(src/turtlesim_plus/turtlesim_plus) by extensions ['colcon_pkg']
[0.266s] Level 1:colcon.colcon_core.package_identification:_identify(src/turtlesim_plus/turtlesim_plus) by extension 'colcon_pkg'
[0.266s] Level 1:colcon.colcon_core.package_identification:_identify(src/turtlesim_plus/turtlesim_plus) by extensions ['colcon_meta']
[0.266s] Level 1:colcon.colcon_core.package_identification:_identify(src/turtlesim_plus/turtlesim_plus) by extension 'colcon_meta'
[0.266s] Level 1:colcon.colcon_core.package_identification:_identify(src/turtlesim_plus/turtlesim_plus) by extensions ['ros']
[0.266s] Level 1:colcon.colcon_core.package_identification:_identify(src/turtlesim_plus/turtlesim_plus) by extension 'ros'
[0.267s] DEBUG:colcon.colcon_core.package_identification:Package 'src/turtlesim_plus/turtlesim_plus' with type 'ros.ament_cmake' and name 'turtlesim_plus'
[0.267s] Level 1:colcon.colcon_core.package_identification:_identify(src/turtlesim_plus/turtlesim_plus_interfaces) by extensions ['ignore', 'ignore_ament_install']
[0.267s] Level 1:colcon.colcon_core.package_identification:_identify(src/turtlesim_plus/turtlesim_plus_interfaces) by extension 'ignore'
[0.267s] Level 1:colcon.colcon_core.package_identification:_identify(src/turtlesim_plus/turtlesim_plus_interfaces) by extension 'ignore_ament_install'
[0.267s] Level 1:colcon.colcon_core.package_identification:_identify(src/turtlesim_plus/turtlesim_plus_interfaces) by extensions ['colcon_pkg']
[0.267s] Level 1:colcon.colcon_core.package_identification:_identify(src/turtlesim_plus/turtlesim_plus_interfaces) by extension 'colcon_pkg'
[0.267s] Level 1:colcon.colcon_core.package_identification:_identify(src/turtlesim_plus/turtlesim_plus_interfaces) by extensions ['colcon_meta']
[0.267s] Level 1:colcon.colcon_core.package_identification:_identify(src/turtlesim_plus/turtlesim_plus_interfaces) by extension 'colcon_meta'
[0.267s] Level 1:colcon.colcon_core.package_identification:_identify(src/turtlesim_plus/turtlesim_plus_interfaces) by extensions ['ros']
[0.267s] Level 1:colcon.colcon_core.package_identification:_identify(src/turtlesim_plus/turtlesim_plus_interfaces) by extension 'ros'
[0.268s] DEBUG:colcon.colcon_core.package_identification:Package 'src/turtlesim_plus/turtlesim_plus_interfaces' with type 'ros.ament_cmake' and name 'turtlesim_plus_interfaces'
[0.268s] Level 1:colcon.colcon_core.package_discovery:discover_packages(recursive) using defaults
[0.268s] Level 1:colcon.colcon_core.package_discovery:discover_packages(ignore) discover
[0.268s] Level 1:colcon.colcon_core.package_discovery:discover_packages(ignore) using defaults
[0.268s] Level 1:colcon.colcon_core.package_discovery:discover_packages(path) discover
[0.268s] Level 1:colcon.colcon_core.package_discovery:discover_packages(path) using defaults
[0.285s] Level 1:colcon.colcon_core.package_discovery:discover_packages(prefix_path) check parameters
[0.285s] Level 1:colcon.colcon_core.package_discovery:discover_packages(prefix_path) discover
[0.287s] DEBUG:colcon.colcon_installed_package_information.package_discovery:Found 1 installed packages in /home/nakarin/RoboticsDev/install
[0.288s] DEBUG:colcon.colcon_installed_package_information.package_discovery:Found 293 installed packages in /opt/ros/humble
[0.297s] Level 1:colcon.colcon_core.package_discovery:discover_packages(prefix_path) using defaults
[0.335s] Level 5:colcon.colcon_core.verb:set package 'turtle_bringup' build argument 'cmake_args' from command line to 'None'
[0.335s] Level 5:colcon.colcon_core.verb:set package 'turtle_bringup' build argument 'cmake_target' from command line to 'None'
[0.335s] Level 5:colcon.colcon_core.verb:set package 'turtle_bringup' build argument 'cmake_target_skip_unavailable' from command line to 'False'
[0.335s] Level 5:colcon.colcon_core.verb:set package 'turtle_bringup' build argument 'cmake_clean_cache' from command line to 'False'
[0.335s] Level 5:colcon.colcon_core.verb:set package 'turtle_bringup' build argument 'cmake_clean_first' from command line to 'False'
[0.335s] Level 5:colcon.colcon_core.verb:set package 'turtle_bringup' build argument 'cmake_force_configure' from command line to 'False'
[0.335s] Level 5:colcon.colcon_core.verb:set package 'turtle_bringup' build argument 'ament_cmake_args' from command line to 'None'
[0.335s] Level 5:colcon.colcon_core.verb:set package 'turtle_bringup' build argument 'catkin_cmake_args' from command line to 'None'
[0.335s] Level 5:colcon.colcon_core.verb:set package 'turtle_bringup' build argument 'catkin_skip_building_tests' from command line to 'False'
[0.335s] DEBUG:colcon.colcon_core.verb:Building package 'turtle_bringup' with the following arguments: {'ament_cmake_args': None, 'build_base': '/home/nakarin/RoboticsDev/build/turtle_bringup', 'catkin_cmake_args': None, 'catkin_skip_building_tests': False, 'cmake_args': None, 'cmake_clean_cache': False, 'cmake_clean_first': False, 'cmake_force_configure': False, 'cmake_target': None, 'cmake_target_skip_unavailable': False, 'install_base': '/home/nakarin/RoboticsDev/install/turtle_bringup', 'merge_install': False, 'path': '/home/nakarin/RoboticsDev/src/turtle_bringup', 'symlink_install': False, 'test_result_base': None}
[0.335s] Level 5:colcon.colcon_core.verb:set package 'turtlesim_plus' build argument 'cmake_args' from command line to 'None'
[0.335s] Level 5:colcon.colcon_core.verb:set package 'turtlesim_plus' build argument 'cmake_target' from command line to 'None'
[0.335s] Level 5:colcon.colcon_core.verb:set package 'turtlesim_plus' build argument 'cmake_target_skip_unavailable' from command line to 'False'
[0.335s] Level 5:colcon.colcon_core.verb:set package 'turtlesim_plus' build argument 'cmake_clean_cache' from command line to 'False'
[0.335s] Level 5:colcon.colcon_core.verb:set package 'turtlesim_plus' build argument 'cmake_clean_first' from command line to 'False'
[0.335s] Level 5:colcon.colcon_core.verb:set package 'turtlesim_plus' build argument 'cmake_force_configure' from command line to 'False'
[0.335s] Level 5:colcon.colcon_core.verb:set package 'turtlesim_plus' build argument 'ament_cmake_args' from command line to 'None'
[0.335s] Level 5:colcon.colcon_core.verb:set package 'turtlesim_plus' build argument 'catkin_cmake_args' from command line to 'None'
[0.335s] Level 5:colcon.colcon_core.verb:set package 'turtlesim_plus' build argument 'catkin_skip_building_tests' from command line to 'False'
[0.336s] DEBUG:colcon.colcon_core.verb:Building package 'turtlesim_plus' with the following arguments: {'ament_cmake_args': None, 'build_base': '/home/nakarin/RoboticsDev/build/turtlesim_plus', 'catkin_cmake_args': None, 'catkin_skip_building_tests': False, 'cmake_args': None, 'cmake_clean_cache': False, 'cmake_clean_first': False, 'cmake_force_configure': False, 'cmake_target': None, 'cmake_target_skip_unavailable': False, 'install_base': '/home/nakarin/RoboticsDev/install/turtlesim_plus', 'merge_install': False, 'path': '/home/nakarin/RoboticsDev/src/turtlesim_plus/turtlesim_plus', 'symlink_install': False, 'test_result_base': None}
[0.336s] Level 5:colcon.colcon_core.verb:set package 'turtlesim_plus_interfaces' build argument 'cmake_args' from command line to 'None'
[0.336s] Level 5:colcon.colcon_core.verb:set package 'turtlesim_plus_interfaces' build argument 'cmake_target' from command line to 'None'
[0.336s] Level 5:colcon.colcon_core.verb:set package 'turtlesim_plus_interfaces' build argument 'cmake_target_skip_unavailable' from command line to 'False'
[0.336s] Level 5:colcon.colcon_core.verb:set package 'turtlesim_plus_interfaces' build argument 'cmake_clean_cache' from command line to 'False'
[0.336s] Level 5:colcon.colcon_core.verb:set package 'turtlesim_plus_interfaces' build argument 'cmake_clean_first' from command line to 'False'
[0.336s] Level 5:colcon.colcon_core.verb:set package 'turtlesim_plus_interfaces' build argument 'cmake_force_configure' from command line to 'False'
[0.336s] Level 5:colcon.colcon_core.verb:set package 'turtlesim_plus_interfaces' build argument 'ament_cmake_args' from command line to 'None'
[0.336s] Level 5:colcon.colcon_core.verb:set package 'turtlesim_plus_interfaces' build argument 'catkin_cmake_args' from command line to 'None'
[0.336s] Level 5:colcon.colcon_core.verb:set package 'turtlesim_plus_interfaces' build argument 'catkin_skip_building_tests' from command line to 'False'
[0.336s] DEBUG:colcon.colcon_core.verb:Building package 'turtlesim_plus_interfaces' with the following arguments: {'ament_cmake_args': None, 'build_base': '/home/nakarin/RoboticsDev/build/turtlesim_plus_interfaces', 'catkin_cmake_args': None, 'catkin_skip_building_tests': False, 'cmake_args': None, 'cmake_clean_cache': False, 'cmake_clean_first': False, 'cmake_force_configure': False, 'cmake_target': None, 'cmake_target_skip_unavailable': False, 'install_base': '/home/nakarin/RoboticsDev/install/turtlesim_plus_interfaces', 'merge_install': False, 'path': '/home/nakarin/RoboticsDev/src/turtlesim_plus/turtlesim_plus_interfaces', 'symlink_install': False, 'test_result_base': None}
[0.336s] INFO:colcon.colcon_core.executor:Executing jobs using 'parallel' executor
[0.337s] DEBUG:colcon.colcon_parallel_executor.executor.parallel:run_until_complete
[0.337s] INFO:colcon.colcon_ros.task.ament_cmake.build:Building ROS package in '/home/nakarin/RoboticsDev/src/turtle_bringup' with build type 'ament_cmake'
[0.337s] INFO:colcon.colcon_cmake.task.cmake.build:Building CMake package in '/home/nakarin/RoboticsDev/src/turtle_bringup'
[0.339s] INFO:colcon.colcon_core.plugin_system:Skipping extension 'colcon_core.shell.bat': Not used on non-Windows systems
[0.339s] INFO:colcon.colcon_core.shell:Skip shell extension 'powershell' for command environment: Not usable outside of PowerShell
[0.339s] DEBUG:colcon.colcon_core.shell:Skip shell extension 'dsv' for command environment
[0.342s] INFO:colcon.colcon_ros.task.ament_cmake.build:Building ROS package in '/home/nakarin/RoboticsDev/src/turtlesim_plus/turtlesim_plus' with build type 'ament_cmake'
[0.342s] INFO:colcon.colcon_cmake.task.cmake.build:Building CMake package in '/home/nakarin/RoboticsDev/src/turtlesim_plus/turtlesim_plus'
[0.342s] INFO:colcon.colcon_core.shell:Skip shell extension 'powershell' for command environment: Not usable outside of PowerShell
[0.342s] DEBUG:colcon.colcon_core.shell:Skip shell extension 'dsv' for command environment
[0.345s] INFO:colcon.colcon_ros.task.ament_cmake.build:Building ROS package in '/home/nakarin/RoboticsDev/src/turtlesim_plus/turtlesim_plus_interfaces' with build type 'ament_cmake'
[0.345s] INFO:colcon.colcon_cmake.task.cmake.build:Building CMake package in '/home/nakarin/RoboticsDev/src/turtlesim_plus/turtlesim_plus_interfaces'
[0.345s] INFO:colcon.colcon_core.shell:Skip shell extension 'powershell' for command environment: Not usable outside of PowerShell
[0.345s] DEBUG:colcon.colcon_core.shell:Skip shell extension 'dsv' for command environment
[0.379s] DEBUG:colcon.colcon_core.event_handler.log_command:Invoking command in '/home/nakarin/RoboticsDev/build/turtle_bringup': CMAKE_PREFIX_PATH=${CMAKE_PREFIX_PATH}:/opt/ros/humble /usr/bin/cmake --build /home/nakarin/RoboticsDev/build/turtle_bringup -- -j8 -l8
[0.382s] DEBUG:colcon.colcon_core.event_handler.log_command:Invoking command in '/home/nakarin/RoboticsDev/build/turtlesim_plus': CMAKE_PREFIX_PATH=${CMAKE_PREFIX_PATH}:/opt/ros/humble /usr/bin/cmake /home/nakarin/RoboticsDev/src/turtlesim_plus/turtlesim_plus -DCMAKE_INSTALL_PREFIX=/home/nakarin/RoboticsDev/install/turtlesim_plus
[0.384s] DEBUG:colcon.colcon_core.event_handler.log_command:Invoking command in '/home/nakarin/RoboticsDev/build/turtlesim_plus_interfaces': CMAKE_PREFIX_PATH=${CMAKE_PREFIX_PATH}:/opt/ros/humble /usr/bin/cmake /home/nakarin/RoboticsDev/src/turtlesim_plus/turtlesim_plus_interfaces -DCMAKE_INSTALL_PREFIX=/home/nakarin/RoboticsDev/install/turtlesim_plus_interfaces
[0.722s] DEBUG:colcon.colcon_core.event_handler.log_command:Invoked command in '/home/nakarin/RoboticsDev/build/turtle_bringup' returned '0': CMAKE_PREFIX_PATH=${CMAKE_PREFIX_PATH}:/opt/ros/humble /usr/bin/cmake --build /home/nakarin/RoboticsDev/build/turtle_bringup -- -j8 -l8
[0.749s] DEBUG:colcon.colcon_core.event_handler.log_command:Invoking command in '/home/nakarin/RoboticsDev/build/turtle_bringup': CMAKE_PREFIX_PATH=${CMAKE_PREFIX_PATH}:/opt/ros/humble /usr/bin/cmake --install /home/nakarin/RoboticsDev/build/turtle_bringup
[0.792s] Level 1:colcon.colcon_core.environment:create_environment_scripts_only(turtle_bringup)
[0.792s] DEBUG:colcon.colcon_core.event_handler.log_command:Invoked command in '/home/nakarin/RoboticsDev/build/turtle_bringup' returned '0': CMAKE_PREFIX_PATH=${CMAKE_PREFIX_PATH}:/opt/ros/humble /usr/bin/cmake --install /home/nakarin/RoboticsDev/build/turtle_bringup
[0.794s] Level 1:colcon.colcon_core.environment:checking '/home/nakarin/RoboticsDev/install/turtle_bringup' for CMake module files
[0.795s] Level 1:colcon.colcon_core.environment:checking '/home/nakarin/RoboticsDev/install/turtle_bringup' for CMake config files
[0.795s] Level 1:colcon.colcon_core.shell:create_environment_hook('turtle_bringup', 'cmake_prefix_path')
[0.795s] INFO:colcon.colcon_core.shell:Creating environment hook '/home/nakarin/RoboticsDev/install/turtle_bringup/share/turtle_bringup/hook/cmake_prefix_path.ps1'
[0.796s] INFO:colcon.colcon_core.shell:Creating environment descriptor '/home/nakarin/RoboticsDev/install/turtle_bringup/share/turtle_bringup/hook/cmake_prefix_path.dsv'
[0.796s] INFO:colcon.colcon_core.shell:Creating environment hook '/home/nakarin/RoboticsDev/install/turtle_bringup/share/turtle_bringup/hook/cmake_prefix_path.sh'
[0.797s] Level 1:colcon.colcon_core.environment:checking '/home/nakarin/RoboticsDev/install/turtle_bringup/lib'
[0.797s] Level 1:colcon.colcon_core.environment:checking '/home/nakarin/RoboticsDev/install/turtle_bringup/bin'
[0.797s] Level 1:colcon.colcon_core.environment:checking '/home/nakarin/RoboticsDev/install/turtle_bringup/lib/pkgconfig/turtle_bringup.pc'
[0.797s] Level 1:colcon.colcon_core.environment:checking '/home/nakarin/RoboticsDev/install/turtle_bringup/lib/python3.10/site-packages'
[0.797s] Level 1:colcon.colcon_core.environment:checking '/home/nakarin/RoboticsDev/install/turtle_bringup/bin'
[0.798s] INFO:colcon.colcon_core.shell:Creating package script '/home/nakarin/RoboticsDev/install/turtle_bringup/share/turtle_bringup/package.ps1'
[0.798s] INFO:colcon.colcon_core.shell:Creating package descriptor '/home/nakarin/RoboticsDev/install/turtle_bringup/share/turtle_bringup/package.dsv'
[0.799s] INFO:colcon.colcon_core.shell:Creating package script '/home/nakarin/RoboticsDev/install/turtle_bringup/share/turtle_bringup/package.sh'
[0.799s] INFO:colcon.colcon_core.shell:Creating package script '/home/nakarin/RoboticsDev/install/turtle_bringup/share/turtle_bringup/package.bash'
[0.800s] INFO:colcon.colcon_core.shell:Creating package script '/home/nakarin/RoboticsDev/install/turtle_bringup/share/turtle_bringup/package.zsh'
[0.801s] Level 1:colcon.colcon_core.environment:create_file_with_runtime_dependencies(/home/nakarin/RoboticsDev/install/turtle_bringup/share/colcon-core/packages/turtle_bringup)
[0.819s] Level 1:colcon.colcon_core.environment:create_environment_scripts_only(turtle_bringup)
[0.820s] Level 1:colcon.colcon_core.environment:checking '/home/nakarin/RoboticsDev/install/turtle_bringup' for CMake module files
[0.820s] Level 1:colcon.colcon_core.environment:checking '/home/nakarin/RoboticsDev/install/turtle_bringup' for CMake config files
[0.821s] Level 1:colcon.colcon_core.shell:create_environment_hook('turtle_bringup', 'cmake_prefix_path')
[0.821s] INFO:colcon.colcon_core.shell:Creating environment hook '/home/nakarin/RoboticsDev/install/turtle_bringup/share/turtle_bringup/hook/cmake_prefix_path.ps1'
[0.822s] INFO:colcon.colcon_core.shell:Creating environment descriptor '/home/nakarin/RoboticsDev/install/turtle_bringup/share/turtle_bringup/hook/cmake_prefix_path.dsv'
[0.822s] INFO:colcon.colcon_core.shell:Creating environment hook '/home/nakarin/RoboticsDev/install/turtle_bringup/share/turtle_bringup/hook/cmake_prefix_path.sh'
[0.823s] Level 1:colcon.colcon_core.environment:checking '/home/nakarin/RoboticsDev/install/turtle_bringup/lib'
[0.823s] Level 1:colcon.colcon_core.environment:checking '/home/nakarin/RoboticsDev/install/turtle_bringup/bin'
[0.823s] Level 1:colcon.colcon_core.environment:checking '/home/nakarin/RoboticsDev/install/turtle_bringup/lib/pkgconfig/turtle_bringup.pc'
[0.823s] Level 1:colcon.colcon_core.environment:checking '/home/nakarin/RoboticsDev/install/turtle_bringup/lib/python3.10/site-packages'
[0.823s] Level 1:colcon.colcon_core.environment:checking '/home/nakarin/RoboticsDev/install/turtle_bringup/bin'
[0.824s] INFO:colcon.colcon_core.shell:Creating package script '/home/nakarin/RoboticsDev/install/turtle_bringup/share/turtle_bringup/package.ps1'
[0.825s] INFO:colcon.colcon_core.shell:Creating package descriptor '/home/nakarin/RoboticsDev/install/turtle_bringup/share/turtle_bringup/package.dsv'
[0.826s] INFO:colcon.colcon_core.shell:Creating package script '/home/nakarin/RoboticsDev/install/turtle_bringup/share/turtle_bringup/package.sh'
[0.826s] INFO:colcon.colcon_core.shell:Creating package script '/home/nakarin/RoboticsDev/install/turtle_bringup/share/turtle_bringup/package.bash'
[0.827s] INFO:colcon.colcon_core.shell:Creating package script '/home/nakarin/RoboticsDev/install/turtle_bringup/share/turtle_bringup/package.zsh'
[0.827s] Level 1:colcon.colcon_core.environment:create_file_with_runtime_dependencies(/home/nakarin/RoboticsDev/install/turtle_bringup/share/colcon-core/packages/turtle_bringup)
[1.430s] DEBUG:colcon.colcon_core.event_handler.log_command:Invoked command in '/home/nakarin/RoboticsDev/build/turtlesim_plus' returned '0': CMAKE_PREFIX_PATH=${CMAKE_PREFIX_PATH}:/opt/ros/humble /usr/bin/cmake /home/nakarin/RoboticsDev/src/turtlesim_plus/turtlesim_plus -DCMAKE_INSTALL_PREFIX=/home/nakarin/RoboticsDev/install/turtlesim_plus
[1.431s] DEBUG:colcon.colcon_core.event_handler.log_command:Invoking command in '/home/nakarin/RoboticsDev/build/turtlesim_plus': CMAKE_PREFIX_PATH=${CMAKE_PREFIX_PATH}:/opt/ros/humble /usr/bin/cmake --build /home/nakarin/RoboticsDev/build/turtlesim_plus -- -j8 -l8
[1.734s] DEBUG:colcon.colcon_core.event_handler.log_command:Invoked command in '/home/nakarin/RoboticsDev/build/turtlesim_plus' returned '0': CMAKE_PREFIX_PATH=${CMAKE_PREFIX_PATH}:/opt/ros/humble /usr/bin/cmake --build /home/nakarin/RoboticsDev/build/turtlesim_plus -- -j8 -l8
[1.752s] DEBUG:colcon.colcon_core.event_handler.log_command:Invoking command in '/home/nakarin/RoboticsDev/build/turtlesim_plus': CMAKE_PREFIX_PATH=${CMAKE_PREFIX_PATH}:/opt/ros/humble /usr/bin/cmake --install /home/nakarin/RoboticsDev/build/turtlesim_plus
[1.792s] DEBUG:colcon.colcon_core.event_handler.log_command:Invoked command in '/home/nakarin/RoboticsDev/build/turtlesim_plus_interfaces' returned '0': CMAKE_PREFIX_PATH=${CMAKE_PREFIX_PATH}:/opt/ros/humble /usr/bin/cmake /home/nakarin/RoboticsDev/src/turtlesim_plus/turtlesim_plus_interfaces -DCMAKE_INSTALL_PREFIX=/home/nakarin/RoboticsDev/install/turtlesim_plus_interfaces
[1.795s] DEBUG:colcon.colcon_core.event_handler.log_command:Invoking command in '/home/nakarin/RoboticsDev/build/turtlesim_plus_interfaces': CMAKE_PREFIX_PATH=${CMAKE_PREFIX_PATH}:/opt/ros/humble /usr/bin/cmake --build /home/nakarin/RoboticsDev/build/turtlesim_plus_interfaces -- -j8 -l8
[1.800s] Level 1:colcon.colcon_core.environment:create_environment_scripts_only(turtlesim_plus)
[1.801s] Level 1:colcon.colcon_core.environment:checking '/home/nakarin/RoboticsDev/install/turtlesim_plus' for CMake module files
[1.801s] DEBUG:colcon.colcon_core.event_handler.log_command:Invoked command in '/home/nakarin/RoboticsDev/build/turtlesim_plus' returned '0': CMAKE_PREFIX_PATH=${CMAKE_PREFIX_PATH}:/opt/ros/humble /usr/bin/cmake --install /home/nakarin/RoboticsDev/build/turtlesim_plus
[1.801s] Level 1:colcon.colcon_core.environment:checking '/home/nakarin/RoboticsDev/install/turtlesim_plus' for CMake config files
[1.802s] Level 1:colcon.colcon_core.shell:create_environment_hook('turtlesim_plus', 'cmake_prefix_path')
[1.802s] INFO:colcon.colcon_core.shell:Creating environment hook '/home/nakarin/RoboticsDev/install/turtlesim_plus/share/turtlesim_plus/hook/cmake_prefix_path.ps1'
[1.802s] INFO:colcon.colcon_core.shell:Creating environment descriptor '/home/nakarin/RoboticsDev/install/turtlesim_plus/share/turtlesim_plus/hook/cmake_prefix_path.dsv'
[1.802s] INFO:colcon.colcon_core.shell:Creating environment hook '/home/nakarin/RoboticsDev/install/turtlesim_plus/share/turtlesim_plus/hook/cmake_prefix_path.sh'
[1.803s] Level 1:colcon.colcon_core.environment:checking '/home/nakarin/RoboticsDev/install/turtlesim_plus/lib'
[1.803s] Level 1:colcon.colcon_core.environment:checking '/home/nakarin/RoboticsDev/install/turtlesim_plus/bin'
[1.803s] Level 1:colcon.colcon_core.environment:checking '/home/nakarin/RoboticsDev/install/turtlesim_plus/lib/pkgconfig/turtlesim_plus.pc'
[1.803s] Level 1:colcon.colcon_core.environment:checking '/home/nakarin/RoboticsDev/install/turtlesim_plus/lib/python3.10/site-packages'
[1.803s] Level 1:colcon.colcon_core.environment:checking '/home/nakarin/RoboticsDev/install/turtlesim_plus/bin'
[1.804s] INFO:colcon.colcon_core.shell:Creating package script '/home/nakarin/RoboticsDev/install/turtlesim_plus/share/turtlesim_plus/package.ps1'
[1.804s] INFO:colcon.colcon_core.shell:Creating package descriptor '/home/nakarin/RoboticsDev/install/turtlesim_plus/share/turtlesim_plus/package.dsv'
[1.804s] INFO:colcon.colcon_core.shell:Creating package script '/home/nakarin/RoboticsDev/install/turtlesim_plus/share/turtlesim_plus/package.sh'
[1.805s] INFO:colcon.colcon_core.shell:Creating package script '/home/nakarin/RoboticsDev/install/turtlesim_plus/share/turtlesim_plus/package.bash'
[1.805s] INFO:colcon.colcon_core.shell:Creating package script '/home/nakarin/RoboticsDev/install/turtlesim_plus/share/turtlesim_plus/package.zsh'
[1.805s] Level 1:colcon.colcon_core.environment:create_file_with_runtime_dependencies(/home/nakarin/RoboticsDev/install/turtlesim_plus/share/colcon-core/packages/turtlesim_plus)
[1.822s] Level 1:colcon.colcon_core.environment:create_environment_scripts_only(turtlesim_plus)
[1.822s] Level 1:colcon.colcon_core.environment:checking '/home/nakarin/RoboticsDev/install/turtlesim_plus' for CMake module files
[1.823s] Level 1:colcon.colcon_core.environment:checking '/home/nakarin/RoboticsDev/install/turtlesim_plus' for CMake config files
[1.823s] Level 1:colcon.colcon_core.shell:create_environment_hook('turtlesim_plus', 'cmake_prefix_path')
[1.823s] INFO:colcon.colcon_core.shell:Creating environment hook '/home/nakarin/RoboticsDev/install/turtlesim_plus/share/turtlesim_plus/hook/cmake_prefix_path.ps1'
[1.824s] INFO:colcon.colcon_core.shell:Creating environment descriptor '/home/nakarin/RoboticsDev/install/turtlesim_plus/share/turtlesim_plus/hook/cmake_prefix_path.dsv'
[1.824s] INFO:colcon.colcon_core.shell:Creating environment hook '/home/nakarin/RoboticsDev/install/turtlesim_plus/share/turtlesim_plus/hook/cmake_prefix_path.sh'
[1.825s] Level 1:colcon.colcon_core.environment:checking '/home/nakarin/RoboticsDev/install/turtlesim_plus/lib'
[1.825s] Level 1:colcon.colcon_core.environment:checking '/home/nakarin/RoboticsDev/install/turtlesim_plus/bin'
[1.826s] Level 1:colcon.colcon_core.environment:checking '/home/nakarin/RoboticsDev/install/turtlesim_plus/lib/pkgconfig/turtlesim_plus.pc'
[1.826s] Level 1:colcon.colcon_core.environment:checking '/home/nakarin/RoboticsDev/install/turtlesim_plus/lib/python3.10/site-packages'
[1.826s] Level 1:colcon.colcon_core.environment:checking '/home/nakarin/RoboticsDev/install/turtlesim_plus/bin'
[1.827s] INFO:colcon.colcon_core.shell:Creating package script '/home/nakarin/RoboticsDev/install/turtlesim_plus/share/turtlesim_plus/package.ps1'
[1.827s] INFO:colcon.colcon_core.shell:Creating package descriptor '/home/nakarin/RoboticsDev/install/turtlesim_plus/share/turtlesim_plus/package.dsv'
[1.828s] INFO:colcon.colcon_core.shell:Creating package script '/home/nakarin/RoboticsDev/install/turtlesim_plus/share/turtlesim_plus/package.sh'
[1.828s] INFO:colcon.colcon_core.shell:Creating package script '/home/nakarin/RoboticsDev/install/turtlesim_plus/share/turtlesim_plus/package.bash'
[1.829s] INFO:colcon.colcon_core.shell:Creating package script '/home/nakarin/RoboticsDev/install/turtlesim_plus/share/turtlesim_plus/package.zsh'
[1.829s] Level 1:colcon.colcon_core.environment:create_file_with_runtime_dependencies(/home/nakarin/RoboticsDev/install/turtlesim_plus/share/colcon-core/packages/turtlesim_plus)
[6.182s] DEBUG:colcon.colcon_core.event_handler.log_command:Invoked command in '/home/nakarin/RoboticsDev/build/turtlesim_plus_interfaces' returned '0': CMAKE_PREFIX_PATH=${CMAKE_PREFIX_PATH}:/opt/ros/humble /usr/bin/cmake --build /home/nakarin/RoboticsDev/build/turtlesim_plus_interfaces -- -j8 -l8
[6.255s] DEBUG:colcon.colcon_core.event_handler.log_command:Invoking command in '/home/nakarin/RoboticsDev/build/turtlesim_plus_interfaces': CMAKE_PREFIX_PATH=${CMAKE_PREFIX_PATH}:/opt/ros/humble /usr/bin/cmake --install /home/nakarin/RoboticsDev/build/turtlesim_plus_interfaces
[6.322s] Level 1:colcon.colcon_core.environment:create_environment_scripts_only(turtlesim_plus_interfaces)
[6.322s] Level 1:colcon.colcon_core.environment:checking '/home/nakarin/RoboticsDev/install/turtlesim_plus_interfaces' for CMake module files
[6.322s] DEBUG:colcon.colcon_core.event_handler.log_command:Invoked command in '/home/nakarin/RoboticsDev/build/turtlesim_plus_interfaces' returned '0': CMAKE_PREFIX_PATH=${CMAKE_PREFIX_PATH}:/opt/ros/humble /usr/bin/cmake --install /home/nakarin/RoboticsDev/build/turtlesim_plus_interfaces
[6.323s] Level 1:colcon.colcon_core.environment:checking '/home/nakarin/RoboticsDev/install/turtlesim_plus_interfaces' for CMake config files
[6.323s] Level 1:colcon.colcon_core.shell:create_environment_hook('turtlesim_plus_interfaces', 'cmake_prefix_path')
[6.323s] INFO:colcon.colcon_core.shell:Creating environment hook '/home/nakarin/RoboticsDev/install/turtlesim_plus_interfaces/share/turtlesim_plus_interfaces/hook/cmake_prefix_path.ps1'
[6.324s] INFO:colcon.colcon_core.shell:Creating environment descriptor '/home/nakarin/RoboticsDev/install/turtlesim_plus_interfaces/share/turtlesim_plus_interfaces/hook/cmake_prefix_path.dsv'
[6.324s] INFO:colcon.colcon_core.shell:Creating environment hook '/home/nakarin/RoboticsDev/install/turtlesim_plus_interfaces/share/turtlesim_plus_interfaces/hook/cmake_prefix_path.sh'
[6.324s] Level 1:colcon.colcon_core.environment:checking '/home/nakarin/RoboticsDev/install/turtlesim_plus_interfaces/lib'
[6.324s] Level 1:colcon.colcon_core.shell:create_environment_hook('turtlesim_plus_interfaces', 'ld_library_path_lib')
[6.325s] INFO:colcon.colcon_core.shell:Creating environment hook '/home/nakarin/RoboticsDev/install/turtlesim_plus_interfaces/share/turtlesim_plus_interfaces/hook/ld_library_path_lib.ps1'
[6.325s] INFO:colcon.colcon_core.shell:Creating environment descriptor '/home/nakarin/RoboticsDev/install/turtlesim_plus_interfaces/share/turtlesim_plus_interfaces/hook/ld_library_path_lib.dsv'
[6.325s] INFO:colcon.colcon_core.shell:Creating environment hook '/home/nakarin/RoboticsDev/install/turtlesim_plus_interfaces/share/turtlesim_plus_interfaces/hook/ld_library_path_lib.sh'
[6.325s] Level 1:colcon.colcon_core.environment:checking '/home/nakarin/RoboticsDev/install/turtlesim_plus_interfaces/bin'
[6.325s] Level 1:colcon.colcon_core.environment:checking '/home/nakarin/RoboticsDev/install/turtlesim_plus_interfaces/lib/pkgconfig/turtlesim_plus_interfaces.pc'
[6.326s] Level 1:colcon.colcon_core.environment:checking '/home/nakarin/RoboticsDev/install/turtlesim_plus_interfaces/lib/python3.10/site-packages'
[6.326s] Level 1:colcon.colcon_core.environment:checking '/home/nakarin/RoboticsDev/install/turtlesim_plus_interfaces/bin'
[6.326s] INFO:colcon.colcon_core.shell:Creating package script '/home/nakarin/RoboticsDev/install/turtlesim_plus_interfaces/share/turtlesim_plus_interfaces/package.ps1'
[6.326s] INFO:colcon.colcon_core.shell:Creating package descriptor '/home/nakarin/RoboticsDev/install/turtlesim_plus_interfaces/share/turtlesim_plus_interfaces/package.dsv'
[6.327s] INFO:colcon.colcon_core.shell:Creating package script '/home/nakarin/RoboticsDev/install/turtlesim_plus_interfaces/share/turtlesim_plus_interfaces/package.sh'
[6.327s] INFO:colcon.colcon_core.shell:Creating package script '/home/nakarin/RoboticsDev/install/turtlesim_plus_interfaces/share/turtlesim_plus_interfaces/package.bash'
[6.327s] INFO:colcon.colcon_core.shell:Creating package script '/home/nakarin/RoboticsDev/install/turtlesim_plus_interfaces/share/turtlesim_plus_interfaces/package.zsh'
[6.328s] Level 1:colcon.colcon_core.environment:create_file_with_runtime_dependencies(/home/nakarin/RoboticsDev/install/turtlesim_plus_interfaces/share/colcon-core/packages/turtlesim_plus_interfaces)
[6.400s] Level 1:colcon.colcon_core.environment:create_environment_scripts_only(turtlesim_plus_interfaces)
[6.400s] Level 1:colcon.colcon_core.environment:checking '/home/nakarin/RoboticsDev/install/turtlesim_plus_interfaces' for CMake module files
[6.401s] Level 1:colcon.colcon_core.environment:checking '/home/nakarin/RoboticsDev/install/turtlesim_plus_interfaces' for CMake config files
[6.401s] Level 1:colcon.colcon_core.shell:create_environment_hook('turtlesim_plus_interfaces', 'cmake_prefix_path')
[6.401s] INFO:colcon.colcon_core.shell:Creating environment hook '/home/nakarin/RoboticsDev/install/turtlesim_plus_interfaces/share/turtlesim_plus_interfaces/hook/cmake_prefix_path.ps1'
[6.402s] INFO:colcon.colcon_core.shell:Creating environment descriptor '/home/nakarin/RoboticsDev/install/turtlesim_plus_interfaces/share/turtlesim_plus_interfaces/hook/cmake_prefix_path.dsv'
[6.402s] INFO:colcon.colcon_core.shell:Creating environment hook '/home/nakarin/RoboticsDev/install/turtlesim_plus_interfaces/share/turtlesim_plus_interfaces/hook/cmake_prefix_path.sh'
[6.402s] Level 1:colcon.colcon_core.environment:checking '/home/nakarin/RoboticsDev/install/turtlesim_plus_interfaces/lib'
[6.402s] Level 1:colcon.colcon_core.shell:create_environment_hook('turtlesim_plus_interfaces', 'ld_library_path_lib')
[6.403s] INFO:colcon.colcon_core.shell:Creating environment hook '/home/nakarin/RoboticsDev/install/turtlesim_plus_interfaces/share/turtlesim_plus_interfaces/hook/ld_library_path_lib.ps1'
[6.403s] INFO:colcon.colcon_core.shell:Creating environment descriptor '/home/nakarin/RoboticsDev/install/turtlesim_plus_interfaces/share/turtlesim_plus_interfaces/hook/ld_library_path_lib.dsv'
[6.403s] INFO:colcon.colcon_core.shell:Creating environment hook '/home/nakarin/RoboticsDev/install/turtlesim_plus_interfaces/share/turtlesim_plus_interfaces/hook/ld_library_path_lib.sh'
[6.403s] Level 1:colcon.colcon_core.environment:checking '/home/nakarin/RoboticsDev/install/turtlesim_plus_interfaces/bin'
[6.403s] Level 1:colcon.colcon_core.environment:checking '/home/nakarin/RoboticsDev/install/turtlesim_plus_interfaces/lib/pkgconfig/turtlesim_plus_interfaces.pc'
[6.404s] Level 1:colcon.colcon_core.environment:checking '/home/nakarin/RoboticsDev/install/turtlesim_plus_interfaces/lib/python3.10/site-packages'
[6.404s] Level 1:colcon.colcon_core.environment:checking '/home/nakarin/RoboticsDev/install/turtlesim_plus_interfaces/bin'
[6.404s] INFO:colcon.colcon_core.shell:Creating package script '/home/nakarin/RoboticsDev/install/turtlesim_plus_interfaces/share/turtlesim_plus_interfaces/package.ps1'
[6.405s] INFO:colcon.colcon_core.shell:Creating package descriptor '/home/nakarin/RoboticsDev/install/turtlesim_plus_interfaces/share/turtlesim_plus_interfaces/package.dsv'
[6.405s] INFO:colcon.colcon_core.shell:Creating package script '/home/nakarin/RoboticsDev/install/turtlesim_plus_interfaces/share/turtlesim_plus_interfaces/package.sh'
[6.405s] INFO:colcon.colcon_core.shell:Creating package script '/home/nakarin/RoboticsDev/install/turtlesim_plus_interfaces/share/turtlesim_plus_interfaces/package.bash'
[6.406s] INFO:colcon.colcon_core.shell:Creating package script '/home/nakarin/RoboticsDev/install/turtlesim_plus_interfaces/share/turtlesim_plus_interfaces/package.zsh'
[6.406s] Level 1:colcon.colcon_core.environment:create_file_with_runtime_dependencies(/home/nakarin/RoboticsDev/install/turtlesim_plus_interfaces/share/colcon-core/packages/turtlesim_plus_interfaces)
[6.406s] DEBUG:colcon.colcon_parallel_executor.executor.parallel:closing loop
[6.407s] DEBUG:colcon.colcon_parallel_executor.executor.parallel:loop closed
[6.407s] DEBUG:colcon.colcon_parallel_executor.executor.parallel:run_until_complete finished with '0'
[6.407s] DEBUG:colcon.colcon_core.event_reactor:joining thread
[6.411s] INFO:colcon.colcon_core.plugin_system:Skipping extension 'colcon_notification.desktop_notification.terminal_notifier': Not used on non-Darwin systems
[6.411s] INFO:colcon.colcon_core.plugin_system:Skipping extension 'colcon_notification.desktop_notification.win32': Not used on non-Windows systems
[6.411s] INFO:colcon.colcon_notification.desktop_notification:Sending desktop notification using 'notify2'
[6.420s] DEBUG:colcon.colcon_core.event_reactor:joined thread
[6.420s] INFO:colcon.colcon_core.shell:Creating prefix script '/home/nakarin/RoboticsDev/install/local_setup.ps1'
[6.421s] INFO:colcon.colcon_core.shell:Creating prefix util module '/home/nakarin/RoboticsDev/install/_local_setup_util_ps1.py'
[6.422s] INFO:colcon.colcon_core.shell:Creating prefix chain script '/home/nakarin/RoboticsDev/install/setup.ps1'
[6.423s] INFO:colcon.colcon_core.shell:Creating prefix script '/home/nakarin/RoboticsDev/install/local_setup.sh'
[6.424s] INFO:colcon.colcon_core.shell:Creating prefix util module '/home/nakarin/RoboticsDev/install/_local_setup_util_sh.py'
[6.424s] INFO:colcon.colcon_core.shell:Creating prefix chain script '/home/nakarin/RoboticsDev/install/setup.sh'
[6.425s] INFO:colcon.colcon_core.shell:Creating prefix script '/home/nakarin/RoboticsDev/install/local_setup.bash'
[6.426s] INFO:colcon.colcon_core.shell:Creating prefix chain script '/home/nakarin/RoboticsDev/install/setup.bash'
[6.427s] INFO:colcon.colcon_core.shell:Creating prefix script '/home/nakarin/RoboticsDev/install/local_setup.zsh'
[6.427s] INFO:colcon.colcon_core.shell:Creating prefix chain script '/home/nakarin/RoboticsDev/install/setup.zsh'
