[1.693s] Invoking command in '/home/nakarin/RoboticsDev/src/examples/rclpy/services/minimal_client': PYTHONPATH=/home/nakarin/RoboticsDev/build/examples_rclpy_minimal_client/prefix_override:/usr/lib/python3/dist-packages/colcon_core/task/python/colcon_distutils_commands:/home/nakarin/RoboticsDev/install/examples_rclpy_minimal_client/lib/python3.10/site-packages:${PYTHONPATH} /usr/bin/python3 -W ignore:setup.py install is deprecated setup.py egg_info --egg-base ../../../../../build/examples_rclpy_minimal_client build --build-base /home/nakarin/RoboticsDev/build/examples_rclpy_minimal_client/build install --record /home/nakarin/RoboticsDev/build/examples_rclpy_minimal_client/install.log --single-version-externally-managed install_data
[2.247s] running egg_info
[2.247s] writing ../../../../../build/examples_rclpy_minimal_client/examples_rclpy_minimal_client.egg-info/PKG-INFO
[2.247s] writing dependency_links to ../../../../../build/examples_rclpy_minimal_client/examples_rclpy_minimal_client.egg-info/dependency_links.txt
[2.248s] writing entry points to ../../../../../build/examples_rclpy_minimal_client/examples_rclpy_minimal_client.egg-info/entry_points.txt
[2.248s] writing requirements to ../../../../../build/examples_rclpy_minimal_client/examples_rclpy_minimal_client.egg-info/requires.txt
[2.249s] writing top-level names to ../../../../../build/examples_rclpy_minimal_client/examples_rclpy_minimal_client.egg-info/top_level.txt
[2.251s] reading manifest file '../../../../../build/examples_rclpy_minimal_client/examples_rclpy_minimal_client.egg-info/SOURCES.txt'
[2.255s] writing manifest file '../../../../../build/examples_rclpy_minimal_client/examples_rclpy_minimal_client.egg-info/SOURCES.txt'
[2.255s] running build
[2.255s] running build_py
[2.255s] running install
[2.256s] running install_lib
[2.257s] running install_data
[2.266s] running install_egg_info
[2.266s] removing '/home/nakarin/RoboticsDev/install/examples_rclpy_minimal_client/lib/python3.10/site-packages/examples_rclpy_minimal_client-0.15.2-py3.10.egg-info' (and everything under it)
[2.266s] Copying ../../../../../build/examples_rclpy_minimal_client/examples_rclpy_minimal_client.egg-info to /home/nakarin/RoboticsDev/install/examples_rclpy_minimal_client/lib/python3.10/site-packages/examples_rclpy_minimal_client-0.15.2-py3.10.egg-info
[2.267s] running install_scripts
[2.305s] Installing client script to /home/nakarin/RoboticsDev/install/examples_rclpy_minimal_client/lib/examples_rclpy_minimal_client
[2.305s] Installing client_async script to /home/nakarin/RoboticsDev/install/examples_rclpy_minimal_client/lib/examples_rclpy_minimal_client
[2.306s] Installing client_async_callback script to /home/nakarin/RoboticsDev/install/examples_rclpy_minimal_client/lib/examples_rclpy_minimal_client
[2.306s] Installing client_async_member_function script to /home/nakarin/RoboticsDev/install/examples_rclpy_minimal_client/lib/examples_rclpy_minimal_client
[2.308s] writing list of installed files to '/home/nakarin/RoboticsDev/build/examples_rclpy_minimal_client/install.log'
[2.377s] Invoked command in '/home/nakarin/RoboticsDev/src/examples/rclpy/services/minimal_client' returned '0': PYTHONPATH=/home/nakarin/RoboticsDev/build/examples_rclpy_minimal_client/prefix_override:/usr/lib/python3/dist-packages/colcon_core/task/python/colcon_distutils_commands:/home/nakarin/RoboticsDev/install/examples_rclpy_minimal_client/lib/python3.10/site-packages:${PYTHONPATH} /usr/bin/python3 -W ignore:setup.py install is deprecated setup.py egg_info --egg-base ../../../../../build/examples_rclpy_minimal_client build --build-base /home/nakarin/RoboticsDev/build/examples_rclpy_minimal_client/build install --record /home/nakarin/RoboticsDev/build/examples_rclpy_minimal_client/install.log --single-version-externally-managed install_data
