[1.302s] Invoking command in '/home/nakarin/RoboticsDev/src/examples/rclpy/guard_conditions': PYTHONPATH=/home/nakarin/RoboticsDev/build/examples_rclpy_guard_conditions/prefix_override:/usr/lib/python3/dist-packages/colcon_core/task/python/colcon_distutils_commands:/home/nakarin/RoboticsDev/install/examples_rclpy_guard_conditions/lib/python3.10/site-packages:${PYTHONPATH} /usr/bin/python3 -W ignore:setup.py install is deprecated setup.py egg_info --egg-base ../../../../build/examples_rclpy_guard_conditions build --build-base /home/nakarin/RoboticsDev/build/examples_rclpy_guard_conditions/build install --record /home/nakarin/RoboticsDev/build/examples_rclpy_guard_conditions/install.log --single-version-externally-managed install_data
[1.736s] running egg_info
[1.737s] writing ../../../../build/examples_rclpy_guard_conditions/examples_rclpy_guard_conditions.egg-info/PKG-INFO
[1.737s] writing dependency_links to ../../../../build/examples_rclpy_guard_conditions/examples_rclpy_guard_conditions.egg-info/dependency_links.txt
[1.737s] writing entry points to ../../../../build/examples_rclpy_guard_conditions/examples_rclpy_guard_conditions.egg-info/entry_points.txt
[1.738s] writing requirements to ../../../../build/examples_rclpy_guard_conditions/examples_rclpy_guard_conditions.egg-info/requires.txt
[1.738s] writing top-level names to ../../../../build/examples_rclpy_guard_conditions/examples_rclpy_guard_conditions.egg-info/top_level.txt
[1.741s] reading manifest file '../../../../build/examples_rclpy_guard_conditions/examples_rclpy_guard_conditions.egg-info/SOURCES.txt'
[1.742s] writing manifest file '../../../../build/examples_rclpy_guard_conditions/examples_rclpy_guard_conditions.egg-info/SOURCES.txt'
[1.743s] running build
[1.743s] running build_py
[1.743s] running install
[1.744s] running install_lib
[1.746s] running install_data
[1.746s] running install_egg_info
[1.749s] removing '/home/nakarin/RoboticsDev/install/examples_rclpy_guard_conditions/lib/python3.10/site-packages/examples_rclpy_guard_conditions-0.15.2-py3.10.egg-info' (and everything under it)
[1.749s] Copying ../../../../build/examples_rclpy_guard_conditions/examples_rclpy_guard_conditions.egg-info to /home/nakarin/RoboticsDev/install/examples_rclpy_guard_conditions/lib/python3.10/site-packages/examples_rclpy_guard_conditions-0.15.2-py3.10.egg-info
[1.751s] running install_scripts
[1.786s] Installing trigger_guard_condition script to /home/nakarin/RoboticsDev/install/examples_rclpy_guard_conditions/lib/examples_rclpy_guard_conditions
[1.786s] writing list of installed files to '/home/nakarin/RoboticsDev/build/examples_rclpy_guard_conditions/install.log'
[2.112s] Invoked command in '/home/nakarin/RoboticsDev/src/examples/rclpy/guard_conditions' returned '0': PYTHONPATH=/home/nakarin/RoboticsDev/build/examples_rclpy_guard_conditions/prefix_override:/usr/lib/python3/dist-packages/colcon_core/task/python/colcon_distutils_commands:/home/nakarin/RoboticsDev/install/examples_rclpy_guard_conditions/lib/python3.10/site-packages:${PYTHONPATH} /usr/bin/python3 -W ignore:setup.py install is deprecated setup.py egg_info --egg-base ../../../../build/examples_rclpy_guard_conditions build --build-base /home/nakarin/RoboticsDev/build/examples_rclpy_guard_conditions/build install --record /home/nakarin/RoboticsDev/build/examples_rclpy_guard_conditions/install.log --single-version-externally-managed install_data
