[1.629s] Invoking command in '/home/nakarin/RoboticsDev/src/examples/rclpy/services/minimal_service': PYTHONPATH=/home/nakarin/RoboticsDev/build/examples_rclpy_minimal_service/prefix_override:/usr/lib/python3/dist-packages/colcon_core/task/python/colcon_distutils_commands:/home/nakarin/RoboticsDev/install/examples_rclpy_minimal_service/lib/python3.10/site-packages:${PYTHONPATH} /usr/bin/python3 -W ignore:setup.py install is deprecated setup.py egg_info --egg-base ../../../../../build/examples_rclpy_minimal_service build --build-base /home/nakarin/RoboticsDev/build/examples_rclpy_minimal_service/build install --record /home/nakarin/RoboticsDev/build/examples_rclpy_minimal_service/install.log --single-version-externally-managed install_data
[2.171s] running egg_info
[2.173s] writing ../../../../../build/examples_rclpy_minimal_service/examples_rclpy_minimal_service.egg-info/PKG-INFO
[2.174s] writing dependency_links to ../../../../../build/examples_rclpy_minimal_service/examples_rclpy_minimal_service.egg-info/dependency_links.txt
[2.175s] writing entry points to ../../../../../build/examples_rclpy_minimal_service/examples_rclpy_minimal_service.egg-info/entry_points.txt
[2.175s] writing requirements to ../../../../../build/examples_rclpy_minimal_service/examples_rclpy_minimal_service.egg-info/requires.txt
[2.176s] writing top-level names to ../../../../../build/examples_rclpy_minimal_service/examples_rclpy_minimal_service.egg-info/top_level.txt
[2.181s] reading manifest file '../../../../../build/examples_rclpy_minimal_service/examples_rclpy_minimal_service.egg-info/SOURCES.txt'
[2.181s] writing manifest file '../../../../../build/examples_rclpy_minimal_service/examples_rclpy_minimal_service.egg-info/SOURCES.txt'
[2.181s] running build
[2.182s] running build_py
[2.183s] running install
[2.184s] running install_lib
[2.187s] running install_data
[2.189s] running install_egg_info
[2.191s] removing '/home/nakarin/RoboticsDev/install/examples_rclpy_minimal_service/lib/python3.10/site-packages/examples_rclpy_minimal_service-0.15.2-py3.10.egg-info' (and everything under it)
[2.192s] Copying ../../../../../build/examples_rclpy_minimal_service/examples_rclpy_minimal_service.egg-info to /home/nakarin/RoboticsDev/install/examples_rclpy_minimal_service/lib/python3.10/site-packages/examples_rclpy_minimal_service-0.15.2-py3.10.egg-info
[2.196s] running install_scripts
[2.238s] Installing service script to /home/nakarin/RoboticsDev/install/examples_rclpy_minimal_service/lib/examples_rclpy_minimal_service
[2.239s] Installing service_member_function script to /home/nakarin/RoboticsDev/install/examples_rclpy_minimal_service/lib/examples_rclpy_minimal_service
[2.239s] writing list of installed files to '/home/nakarin/RoboticsDev/build/examples_rclpy_minimal_service/install.log'
[2.281s] Invoked command in '/home/nakarin/RoboticsDev/src/examples/rclpy/services/minimal_service' returned '0': PYTHONPATH=/home/nakarin/RoboticsDev/build/examples_rclpy_minimal_service/prefix_override:/usr/lib/python3/dist-packages/colcon_core/task/python/colcon_distutils_commands:/home/nakarin/RoboticsDev/install/examples_rclpy_minimal_service/lib/python3.10/site-packages:${PYTHONPATH} /usr/bin/python3 -W ignore:setup.py install is deprecated setup.py egg_info --egg-base ../../../../../build/examples_rclpy_minimal_service build --build-base /home/nakarin/RoboticsDev/build/examples_rclpy_minimal_service/build install --record /home/nakarin/RoboticsDev/build/examples_rclpy_minimal_service/install.log --single-version-externally-managed install_data
