[0.291s] Invoking command in '/home/nakarin/RoboticsDev/build/lab1_interfaces': CMAKE_PREFIX_PATH=${CMAKE_PREFIX_PATH}:/home/nakarin/RoboticsDev/install/launch_testing_examples:/home/nakarin/RoboticsDev/install/examples_rclpy_pointcloud_publisher:/home/nakarin/RoboticsDev/install/examples_rclpy_minimal_subscriber:/home/nakarin/RoboticsDev/install/examples_rclpy_minimal_service:/home/nakarin/RoboticsDev/install/examples_rclpy_minimal_publisher:/home/nakarin/RoboticsDev/install/examples_rclpy_minimal_client:/home/nakarin/RoboticsDev/install/examples_rclpy_minimal_action_server:/home/nakarin/RoboticsDev/install/examples_rclpy_minimal_action_client:/home/nakarin/RoboticsDev/install/examples_rclpy_guard_conditions:/home/nakarin/RoboticsDev/install/examples_rclpy_executors:/opt/ros/humble /usr/bin/cmake --build /home/nakarin/RoboticsDev/build/lab1_interfaces -- -j8 -l8
[0.760s] [  9%] Built target lab1_interfaces__rosidl_generator_c
[0.760s] [ 12%] Built target lab1_interfaces__cpp
[0.760s] [ 12%] Built target ament_cmake_python_copy_lab1_interfaces
[0.760s] [ 22%] Built target lab1_interfaces__rosidl_typesupport_c
[0.761s] [ 32%] Built target lab1_interfaces__rosidl_typesupport_cpp
[0.761s] [ 41%] Built target lab1_interfaces__rosidl_typesupport_fastrtps_c
[0.761s] [ 51%] Built target lab1_interfaces__rosidl_typesupport_introspection_c
[0.761s] [ 61%] Built target lab1_interfaces__rosidl_typesupport_introspection_cpp
[0.761s] [ 70%] Built target lab1_interfaces__rosidl_typesupport_fastrtps_cpp
[0.761s] [ 70%] Built target lab1_interfaces
[0.761s] [ 74%] Built target lab1_interfaces__py
[0.761s] [ 80%] Built target lab1_interfaces__rosidl_generator_py
[0.761s] [ 87%] Built target lab1_interfaces__rosidl_typesupport_c__pyext
[0.762s] [ 93%] Built target lab1_interfaces__rosidl_typesupport_fastrtps_c__pyext
[0.762s] [100%] Built target lab1_interfaces__rosidl_typesupport_introspection_c__pyext
[0.762s] running egg_info
[0.764s] writing lab1_interfaces.egg-info/PKG-INFO
[0.765s] writing dependency_links to lab1_interfaces.egg-info/dependency_links.txt
[0.765s] writing top-level names to lab1_interfaces.egg-info/top_level.txt
[0.765s] reading manifest file 'lab1_interfaces.egg-info/SOURCES.txt'
[0.765s] writing manifest file 'lab1_interfaces.egg-info/SOURCES.txt'
[0.771s] [100%] Built target ament_cmake_python_build_lab1_interfaces_egg
[0.810s] Invoked command in '/home/nakarin/RoboticsDev/build/lab1_interfaces' returned '0': CMAKE_PREFIX_PATH=${CMAKE_PREFIX_PATH}:/home/nakarin/RoboticsDev/install/launch_testing_examples:/home/nakarin/RoboticsDev/install/examples_rclpy_pointcloud_publisher:/home/nakarin/RoboticsDev/install/examples_rclpy_minimal_subscriber:/home/nakarin/RoboticsDev/install/examples_rclpy_minimal_service:/home/nakarin/RoboticsDev/install/examples_rclpy_minimal_publisher:/home/nakarin/RoboticsDev/install/examples_rclpy_minimal_client:/home/nakarin/RoboticsDev/install/examples_rclpy_minimal_action_server:/home/nakarin/RoboticsDev/install/examples_rclpy_minimal_action_client:/home/nakarin/RoboticsDev/install/examples_rclpy_guard_conditions:/home/nakarin/RoboticsDev/install/examples_rclpy_executors:/opt/ros/humble /usr/bin/cmake --build /home/nakarin/RoboticsDev/build/lab1_interfaces -- -j8 -l8
[0.926s] Invoking command in '/home/nakarin/RoboticsDev/build/lab1_interfaces': CMAKE_PREFIX_PATH=${CMAKE_PREFIX_PATH}:/home/nakarin/RoboticsDev/install/launch_testing_examples:/home/nakarin/RoboticsDev/install/examples_rclpy_pointcloud_publisher:/home/nakarin/RoboticsDev/install/examples_rclpy_minimal_subscriber:/home/nakarin/RoboticsDev/install/examples_rclpy_minimal_service:/home/nakarin/RoboticsDev/install/examples_rclpy_minimal_publisher:/home/nakarin/RoboticsDev/install/examples_rclpy_minimal_client:/home/nakarin/RoboticsDev/install/examples_rclpy_minimal_action_server:/home/nakarin/RoboticsDev/install/examples_rclpy_minimal_action_client:/home/nakarin/RoboticsDev/install/examples_rclpy_guard_conditions:/home/nakarin/RoboticsDev/install/examples_rclpy_executors:/opt/ros/humble /usr/bin/cmake --install /home/nakarin/RoboticsDev/build/lab1_interfaces
[0.939s] -- Install configuration: ""
[0.939s] -- Up-to-date: /home/nakarin/RoboticsDev/install/lab1_interfaces/share/ament_index/resource_index/rosidl_interfaces/lab1_interfaces
[0.942s] -- Up-to-date: /home/nakarin/RoboticsDev/install/lab1_interfaces/include/lab1_interfaces/lab1_interfaces
[0.942s] -- Up-to-date: /home/nakarin/RoboticsDev/install/lab1_interfaces/include/lab1_interfaces/lab1_interfaces/msg
[0.942s] -- Up-to-date: /home/nakarin/RoboticsDev/install/lab1_interfaces/include/lab1_interfaces/lab1_interfaces/msg/rosidl_generator_c__visibility_control.h
[0.943s] -- Up-to-date: /home/nakarin/RoboticsDev/install/lab1_interfaces/include/lab1_interfaces/lab1_interfaces/srv
[0.943s] -- Up-to-date: /home/nakarin/RoboticsDev/install/lab1_interfaces/include/lab1_interfaces/lab1_interfaces/srv/detail
[0.943s] -- Up-to-date: /home/nakarin/RoboticsDev/install/lab1_interfaces/include/lab1_interfaces/lab1_interfaces/srv/detail/set_noise__functions.c
[0.943s] -- Up-to-date: /home/nakarin/RoboticsDev/install/lab1_interfaces/include/lab1_interfaces/lab1_interfaces/srv/detail/set_noise__functions.h
[0.943s] -- Up-to-date: /home/nakarin/RoboticsDev/install/lab1_interfaces/include/lab1_interfaces/lab1_interfaces/srv/detail/set_noise__struct.h
[0.943s] -- Up-to-date: /home/nakarin/RoboticsDev/install/lab1_interfaces/include/lab1_interfaces/lab1_interfaces/srv/detail/set_noise__type_support.h
[0.943s] -- Up-to-date: /home/nakarin/RoboticsDev/install/lab1_interfaces/include/lab1_interfaces/lab1_interfaces/srv/set_noise.h
[0.944s] -- Up-to-date: /home/nakarin/RoboticsDev/install/lab1_interfaces/share/lab1_interfaces/environment/library_path.sh
[0.944s] -- Up-to-date: /home/nakarin/RoboticsDev/install/lab1_interfaces/share/lab1_interfaces/environment/library_path.dsv
[0.944s] -- Up-to-date: /home/nakarin/RoboticsDev/install/lab1_interfaces/lib/liblab1_interfaces__rosidl_generator_c.so
[0.944s] -- Up-to-date: /home/nakarin/RoboticsDev/install/lab1_interfaces/include/lab1_interfaces/lab1_interfaces
[0.944s] -- Up-to-date: /home/nakarin/RoboticsDev/install/lab1_interfaces/include/lab1_interfaces/lab1_interfaces/msg
[0.944s] -- Up-to-date: /home/nakarin/RoboticsDev/install/lab1_interfaces/include/lab1_interfaces/lab1_interfaces/msg/rosidl_typesupport_fastrtps_c__visibility_control.h
[0.944s] -- Up-to-date: /home/nakarin/RoboticsDev/install/lab1_interfaces/include/lab1_interfaces/lab1_interfaces/srv
[0.944s] -- Up-to-date: /home/nakarin/RoboticsDev/install/lab1_interfaces/include/lab1_interfaces/lab1_interfaces/srv/detail
[0.944s] -- Up-to-date: /home/nakarin/RoboticsDev/install/lab1_interfaces/include/lab1_interfaces/lab1_interfaces/srv/detail/set_noise__rosidl_typesupport_fastrtps_c.h
[0.945s] -- Up-to-date: /home/nakarin/RoboticsDev/install/lab1_interfaces/lib/liblab1_interfaces__rosidl_typesupport_fastrtps_c.so
[0.945s] -- Up-to-date: /home/nakarin/RoboticsDev/install/lab1_interfaces/include/lab1_interfaces/lab1_interfaces
[0.945s] -- Up-to-date: /home/nakarin/RoboticsDev/install/lab1_interfaces/include/lab1_interfaces/lab1_interfaces/srv
[0.945s] -- Up-to-date: /home/nakarin/RoboticsDev/install/lab1_interfaces/include/lab1_interfaces/lab1_interfaces/srv/detail
[0.945s] -- Up-to-date: /home/nakarin/RoboticsDev/install/lab1_interfaces/include/lab1_interfaces/lab1_interfaces/srv/detail/set_noise__builder.hpp
[0.945s] -- Up-to-date: /home/nakarin/RoboticsDev/install/lab1_interfaces/include/lab1_interfaces/lab1_interfaces/srv/detail/set_noise__traits.hpp
[0.945s] -- Up-to-date: /home/nakarin/RoboticsDev/install/lab1_interfaces/include/lab1_interfaces/lab1_interfaces/srv/detail/set_noise__struct.hpp
[0.945s] -- Up-to-date: /home/nakarin/RoboticsDev/install/lab1_interfaces/include/lab1_interfaces/lab1_interfaces/srv/set_noise.hpp
[0.946s] -- Up-to-date: /home/nakarin/RoboticsDev/install/lab1_interfaces/include/lab1_interfaces/lab1_interfaces
[0.946s] -- Up-to-date: /home/nakarin/RoboticsDev/install/lab1_interfaces/include/lab1_interfaces/lab1_interfaces/msg
[0.946s] -- Up-to-date: /home/nakarin/RoboticsDev/install/lab1_interfaces/include/lab1_interfaces/lab1_interfaces/msg/rosidl_typesupport_fastrtps_cpp__visibility_control.h
[0.946s] -- Up-to-date: /home/nakarin/RoboticsDev/install/lab1_interfaces/include/lab1_interfaces/lab1_interfaces/srv
[0.946s] -- Up-to-date: /home/nakarin/RoboticsDev/install/lab1_interfaces/include/lab1_interfaces/lab1_interfaces/srv/detail
[0.946s] -- Up-to-date: /home/nakarin/RoboticsDev/install/lab1_interfaces/include/lab1_interfaces/lab1_interfaces/srv/detail/set_noise__rosidl_typesupport_fastrtps_cpp.hpp
[0.946s] -- Up-to-date: /home/nakarin/RoboticsDev/install/lab1_interfaces/include/lab1_interfaces/lab1_interfaces/srv/detail/dds_fastrtps
[0.946s] -- Up-to-date: /home/nakarin/RoboticsDev/install/lab1_interfaces/lib/liblab1_interfaces__rosidl_typesupport_fastrtps_cpp.so
[0.946s] -- Up-to-date: /home/nakarin/RoboticsDev/install/lab1_interfaces/include/lab1_interfaces/lab1_interfaces
[0.947s] -- Up-to-date: /home/nakarin/RoboticsDev/install/lab1_interfaces/include/lab1_interfaces/lab1_interfaces/msg
[0.947s] -- Up-to-date: /home/nakarin/RoboticsDev/install/lab1_interfaces/include/lab1_interfaces/lab1_interfaces/msg/rosidl_typesupport_introspection_c__visibility_control.h
[0.947s] -- Up-to-date: /home/nakarin/RoboticsDev/install/lab1_interfaces/include/lab1_interfaces/lab1_interfaces/srv
[0.947s] -- Up-to-date: /home/nakarin/RoboticsDev/install/lab1_interfaces/include/lab1_interfaces/lab1_interfaces/srv/detail
[0.947s] -- Up-to-date: /home/nakarin/RoboticsDev/install/lab1_interfaces/include/lab1_interfaces/lab1_interfaces/srv/detail/set_noise__type_support.c
[0.948s] -- Up-to-date: /home/nakarin/RoboticsDev/install/lab1_interfaces/include/lab1_interfaces/lab1_interfaces/srv/detail/set_noise__rosidl_typesupport_introspection_c.h
[0.948s] -- Up-to-date: /home/nakarin/RoboticsDev/install/lab1_interfaces/lib/liblab1_interfaces__rosidl_typesupport_introspection_c.so
[0.948s] -- Up-to-date: /home/nakarin/RoboticsDev/install/lab1_interfaces/lib/liblab1_interfaces__rosidl_typesupport_c.so
[0.948s] -- Up-to-date: /home/nakarin/RoboticsDev/install/lab1_interfaces/include/lab1_interfaces/lab1_interfaces
[0.948s] -- Up-to-date: /home/nakarin/RoboticsDev/install/lab1_interfaces/include/lab1_interfaces/lab1_interfaces/srv
[0.948s] -- Up-to-date: /home/nakarin/RoboticsDev/install/lab1_interfaces/include/lab1_interfaces/lab1_interfaces/srv/detail
[0.948s] -- Up-to-date: /home/nakarin/RoboticsDev/install/lab1_interfaces/include/lab1_interfaces/lab1_interfaces/srv/detail/set_noise__rosidl_typesupport_introspection_cpp.hpp
[0.948s] -- Up-to-date: /home/nakarin/RoboticsDev/install/lab1_interfaces/include/lab1_interfaces/lab1_interfaces/srv/detail/set_noise__type_support.cpp
[0.949s] -- Up-to-date: /home/nakarin/RoboticsDev/install/lab1_interfaces/lib/liblab1_interfaces__rosidl_typesupport_introspection_cpp.so
[0.949s] -- Up-to-date: /home/nakarin/RoboticsDev/install/lab1_interfaces/lib/liblab1_interfaces__rosidl_typesupport_cpp.so
[0.949s] -- Up-to-date: /home/nakarin/RoboticsDev/install/lab1_interfaces/share/lab1_interfaces/environment/pythonpath.sh
[0.949s] -- Up-to-date: /home/nakarin/RoboticsDev/install/lab1_interfaces/share/lab1_interfaces/environment/pythonpath.dsv
[0.949s] -- Up-to-date: /home/nakarin/RoboticsDev/install/lab1_interfaces/local/lib/python3.10/dist-packages/lab1_interfaces-0.0.0-py3.10.egg-info
[0.949s] -- Installing: /home/nakarin/RoboticsDev/install/lab1_interfaces/local/lib/python3.10/dist-packages/lab1_interfaces-0.0.0-py3.10.egg-info/dependency_links.txt
[0.949s] -- Installing: /home/nakarin/RoboticsDev/install/lab1_interfaces/local/lib/python3.10/dist-packages/lab1_interfaces-0.0.0-py3.10.egg-info/SOURCES.txt
[0.949s] -- Installing: /home/nakarin/RoboticsDev/install/lab1_interfaces/local/lib/python3.10/dist-packages/lab1_interfaces-0.0.0-py3.10.egg-info/PKG-INFO
[0.949s] -- Installing: /home/nakarin/RoboticsDev/install/lab1_interfaces/local/lib/python3.10/dist-packages/lab1_interfaces-0.0.0-py3.10.egg-info/top_level.txt
[0.950s] -- Up-to-date: /home/nakarin/RoboticsDev/install/lab1_interfaces/local/lib/python3.10/dist-packages/lab1_interfaces
[0.950s] -- Up-to-date: /home/nakarin/RoboticsDev/install/lab1_interfaces/local/lib/python3.10/dist-packages/lab1_interfaces/_lab1_interfaces_s.ep.rosidl_typesupport_c.c
[0.950s] -- Up-to-date: /home/nakarin/RoboticsDev/install/lab1_interfaces/local/lib/python3.10/dist-packages/lab1_interfaces/__init__.py
[0.950s] -- Up-to-date: /home/nakarin/RoboticsDev/install/lab1_interfaces/local/lib/python3.10/dist-packages/lab1_interfaces/liblab1_interfaces__rosidl_generator_py.so
[0.950s] -- Up-to-date: /home/nakarin/RoboticsDev/install/lab1_interfaces/local/lib/python3.10/dist-packages/lab1_interfaces/lab1_interfaces_s__rosidl_typesupport_fastrtps_c.cpython-310-x86_64-linux-gnu.so
[0.950s] -- Up-to-date: /home/nakarin/RoboticsDev/install/lab1_interfaces/local/lib/python3.10/dist-packages/lab1_interfaces/_lab1_interfaces_s.ep.rosidl_typesupport_fastrtps_c.c
[0.950s] -- Up-to-date: /home/nakarin/RoboticsDev/install/lab1_interfaces/local/lib/python3.10/dist-packages/lab1_interfaces/srv
[0.950s] -- Up-to-date: /home/nakarin/RoboticsDev/install/lab1_interfaces/local/lib/python3.10/dist-packages/lab1_interfaces/srv/_set_noise.py
[0.951s] -- Up-to-date: /home/nakarin/RoboticsDev/install/lab1_interfaces/local/lib/python3.10/dist-packages/lab1_interfaces/srv/_set_noise_s.c
[0.951s] -- Up-to-date: /home/nakarin/RoboticsDev/install/lab1_interfaces/local/lib/python3.10/dist-packages/lab1_interfaces/srv/__init__.py
[0.951s] -- Up-to-date: /home/nakarin/RoboticsDev/install/lab1_interfaces/local/lib/python3.10/dist-packages/lab1_interfaces/lab1_interfaces_s__rosidl_typesupport_introspection_c.cpython-310-x86_64-linux-gnu.so
[0.951s] -- Up-to-date: /home/nakarin/RoboticsDev/install/lab1_interfaces/local/lib/python3.10/dist-packages/lab1_interfaces/_lab1_interfaces_s.ep.rosidl_typesupport_introspection_c.c
[0.953s] -- Up-to-date: /home/nakarin/RoboticsDev/install/lab1_interfaces/local/lib/python3.10/dist-packages/lab1_interfaces/lab1_interfaces_s__rosidl_typesupport_c.cpython-310-x86_64-linux-gnu.so
[1.013s] Listing '/home/nakarin/RoboticsDev/install/lab1_interfaces/local/lib/python3.10/dist-packages/lab1_interfaces'...
[1.013s] Listing '/home/nakarin/RoboticsDev/install/lab1_interfaces/local/lib/python3.10/dist-packages/lab1_interfaces/srv'...
[1.021s] -- Up-to-date: /home/nakarin/RoboticsDev/install/lab1_interfaces/local/lib/python3.10/dist-packages/lab1_interfaces/lab1_interfaces_s__rosidl_typesupport_fastrtps_c.cpython-310-x86_64-linux-gnu.so
[1.022s] -- Up-to-date: /home/nakarin/RoboticsDev/install/lab1_interfaces/local/lib/python3.10/dist-packages/lab1_interfaces/lab1_interfaces_s__rosidl_typesupport_introspection_c.cpython-310-x86_64-linux-gnu.so
[1.023s] -- Up-to-date: /home/nakarin/RoboticsDev/install/lab1_interfaces/local/lib/python3.10/dist-packages/lab1_interfaces/lab1_interfaces_s__rosidl_typesupport_c.cpython-310-x86_64-linux-gnu.so
[1.023s] -- Up-to-date: /home/nakarin/RoboticsDev/install/lab1_interfaces/lib/liblab1_interfaces__rosidl_generator_py.so
[1.024s] -- Up-to-date: /home/nakarin/RoboticsDev/install/lab1_interfaces/share/lab1_interfaces/srv/SetNoise.idl
[1.024s] -- Up-to-date: /home/nakarin/RoboticsDev/install/lab1_interfaces/share/lab1_interfaces/srv/SetNoise.srv
[1.024s] -- Up-to-date: /home/nakarin/RoboticsDev/install/lab1_interfaces/share/lab1_interfaces/srv/SetNoise_Request.msg
[1.025s] -- Up-to-date: /home/nakarin/RoboticsDev/install/lab1_interfaces/share/lab1_interfaces/srv/SetNoise_Response.msg
[1.025s] -- Up-to-date: /home/nakarin/RoboticsDev/install/lab1_interfaces/share/ament_index/resource_index/package_run_dependencies/lab1_interfaces
[1.025s] -- Up-to-date: /home/nakarin/RoboticsDev/install/lab1_interfaces/share/ament_index/resource_index/parent_prefix_path/lab1_interfaces
[1.026s] -- Up-to-date: /home/nakarin/RoboticsDev/install/lab1_interfaces/share/lab1_interfaces/environment/ament_prefix_path.sh
[1.026s] -- Up-to-date: /home/nakarin/RoboticsDev/install/lab1_interfaces/share/lab1_interfaces/environment/ament_prefix_path.dsv
[1.026s] -- Up-to-date: /home/nakarin/RoboticsDev/install/lab1_interfaces/share/lab1_interfaces/environment/path.sh
[1.028s] -- Up-to-date: /home/nakarin/RoboticsDev/install/lab1_interfaces/share/lab1_interfaces/environment/path.dsv
[1.028s] -- Up-to-date: /home/nakarin/RoboticsDev/install/lab1_interfaces/share/lab1_interfaces/local_setup.bash
[1.028s] -- Up-to-date: /home/nakarin/RoboticsDev/install/lab1_interfaces/share/lab1_interfaces/local_setup.sh
[1.028s] -- Up-to-date: /home/nakarin/RoboticsDev/install/lab1_interfaces/share/lab1_interfaces/local_setup.zsh
[1.029s] -- Up-to-date: /home/nakarin/RoboticsDev/install/lab1_interfaces/share/lab1_interfaces/local_setup.dsv
[1.029s] -- Installing: /home/nakarin/RoboticsDev/install/lab1_interfaces/share/lab1_interfaces/package.dsv
[1.029s] -- Up-to-date: /home/nakarin/RoboticsDev/install/lab1_interfaces/share/ament_index/resource_index/packages/lab1_interfaces
[1.030s] -- Up-to-date: /home/nakarin/RoboticsDev/install/lab1_interfaces/share/lab1_interfaces/cmake/export_lab1_interfaces__rosidl_generator_cExport.cmake
[1.030s] -- Up-to-date: /home/nakarin/RoboticsDev/install/lab1_interfaces/share/lab1_interfaces/cmake/export_lab1_interfaces__rosidl_generator_cExport-noconfig.cmake
[1.030s] -- Up-to-date: /home/nakarin/RoboticsDev/install/lab1_interfaces/share/lab1_interfaces/cmake/export_lab1_interfaces__rosidl_typesupport_fastrtps_cExport.cmake
[1.031s] -- Up-to-date: /home/nakarin/RoboticsDev/install/lab1_interfaces/share/lab1_interfaces/cmake/export_lab1_interfaces__rosidl_typesupport_fastrtps_cExport-noconfig.cmake
[1.031s] -- Up-to-date: /home/nakarin/RoboticsDev/install/lab1_interfaces/share/lab1_interfaces/cmake/export_lab1_interfaces__rosidl_generator_cppExport.cmake
[1.031s] -- Up-to-date: /home/nakarin/RoboticsDev/install/lab1_interfaces/share/lab1_interfaces/cmake/export_lab1_interfaces__rosidl_typesupport_fastrtps_cppExport.cmake
[1.033s] -- Up-to-date: /home/nakarin/RoboticsDev/install/lab1_interfaces/share/lab1_interfaces/cmake/export_lab1_interfaces__rosidl_typesupport_fastrtps_cppExport-noconfig.cmake
[1.033s] -- Up-to-date: /home/nakarin/RoboticsDev/install/lab1_interfaces/share/lab1_interfaces/cmake/lab1_interfaces__rosidl_typesupport_introspection_cExport.cmake
[1.033s] -- Up-to-date: /home/nakarin/RoboticsDev/install/lab1_interfaces/share/lab1_interfaces/cmake/lab1_interfaces__rosidl_typesupport_introspection_cExport-noconfig.cmake
[1.033s] -- Up-to-date: /home/nakarin/RoboticsDev/install/lab1_interfaces/share/lab1_interfaces/cmake/lab1_interfaces__rosidl_typesupport_cExport.cmake
[1.034s] -- Up-to-date: /home/nakarin/RoboticsDev/install/lab1_interfaces/share/lab1_interfaces/cmake/lab1_interfaces__rosidl_typesupport_cExport-noconfig.cmake
[1.034s] -- Up-to-date: /home/nakarin/RoboticsDev/install/lab1_interfaces/share/lab1_interfaces/cmake/lab1_interfaces__rosidl_typesupport_introspection_cppExport.cmake
[1.034s] -- Up-to-date: /home/nakarin/RoboticsDev/install/lab1_interfaces/share/lab1_interfaces/cmake/lab1_interfaces__rosidl_typesupport_introspection_cppExport-noconfig.cmake
[1.034s] -- Up-to-date: /home/nakarin/RoboticsDev/install/lab1_interfaces/share/lab1_interfaces/cmake/lab1_interfaces__rosidl_typesupport_cppExport.cmake
[1.039s] -- Up-to-date: /home/nakarin/RoboticsDev/install/lab1_interfaces/share/lab1_interfaces/cmake/lab1_interfaces__rosidl_typesupport_cppExport-noconfig.cmake
[1.046s] -- Up-to-date: /home/nakarin/RoboticsDev/install/lab1_interfaces/share/lab1_interfaces/cmake/export_lab1_interfaces__rosidl_generator_pyExport.cmake
[1.046s] -- Up-to-date: /home/nakarin/RoboticsDev/install/lab1_interfaces/share/lab1_interfaces/cmake/export_lab1_interfaces__rosidl_generator_pyExport-noconfig.cmake
[1.046s] -- Up-to-date: /home/nakarin/RoboticsDev/install/lab1_interfaces/share/lab1_interfaces/cmake/rosidl_cmake-extras.cmake
[1.046s] -- Up-to-date: /home/nakarin/RoboticsDev/install/lab1_interfaces/share/lab1_interfaces/cmake/ament_cmake_export_dependencies-extras.cmake
[1.047s] -- Up-to-date: /home/nakarin/RoboticsDev/install/lab1_interfaces/share/lab1_interfaces/cmake/ament_cmake_export_include_directories-extras.cmake
[1.047s] -- Up-to-date: /home/nakarin/RoboticsDev/install/lab1_interfaces/share/lab1_interfaces/cmake/ament_cmake_export_libraries-extras.cmake
[1.047s] -- Up-to-date: /home/nakarin/RoboticsDev/install/lab1_interfaces/share/lab1_interfaces/cmake/ament_cmake_export_targets-extras.cmake
[1.047s] -- Up-to-date: /home/nakarin/RoboticsDev/install/lab1_interfaces/share/lab1_interfaces/cmake/rosidl_cmake_export_typesupport_targets-extras.cmake
[1.047s] -- Up-to-date: /home/nakarin/RoboticsDev/install/lab1_interfaces/share/lab1_interfaces/cmake/rosidl_cmake_export_typesupport_libraries-extras.cmake
[1.047s] -- Up-to-date: /home/nakarin/RoboticsDev/install/lab1_interfaces/share/lab1_interfaces/cmake/lab1_interfacesConfig.cmake
[1.047s] -- Up-to-date: /home/nakarin/RoboticsDev/install/lab1_interfaces/share/lab1_interfaces/cmake/lab1_interfacesConfig-version.cmake
[1.047s] -- Up-to-date: /home/nakarin/RoboticsDev/install/lab1_interfaces/share/lab1_interfaces/package.xml
[1.048s] Invoked command in '/home/nakarin/RoboticsDev/build/lab1_interfaces' returned '0': CMAKE_PREFIX_PATH=${CMAKE_PREFIX_PATH}:/home/nakarin/RoboticsDev/install/launch_testing_examples:/home/nakarin/RoboticsDev/install/examples_rclpy_pointcloud_publisher:/home/nakarin/RoboticsDev/install/examples_rclpy_minimal_subscriber:/home/nakarin/RoboticsDev/install/examples_rclpy_minimal_service:/home/nakarin/RoboticsDev/install/examples_rclpy_minimal_publisher:/home/nakarin/RoboticsDev/install/examples_rclpy_minimal_client:/home/nakarin/RoboticsDev/install/examples_rclpy_minimal_action_server:/home/nakarin/RoboticsDev/install/examples_rclpy_minimal_action_client:/home/nakarin/RoboticsDev/install/examples_rclpy_guard_conditions:/home/nakarin/RoboticsDev/install/examples_rclpy_executors:/opt/ros/humble /usr/bin/cmake --install /home/nakarin/RoboticsDev/build/lab1_interfaces
