[0.025s] Invoking command in '/home/nakarin/RoboticsDev/build/lab1_interfaces': CMAKE_PREFIX_PATH=${CMAKE_PREFIX_PATH}:/home/nakarin/RoboticsDev/install/launch_testing_examples:/home/nakarin/RoboticsDev/install/examples_rclpy_pointcloud_publisher:/home/nakarin/RoboticsDev/install/examples_rclpy_minimal_subscriber:/home/nakarin/RoboticsDev/install/examples_rclpy_minimal_service:/home/nakarin/RoboticsDev/install/examples_rclpy_minimal_publisher:/home/nakarin/RoboticsDev/install/examples_rclpy_minimal_client:/home/nakarin/RoboticsDev/install/examples_rclpy_minimal_action_server:/home/nakarin/RoboticsDev/install/examples_rclpy_minimal_action_client:/home/nakarin/RoboticsDev/install/examples_rclpy_guard_conditions:/home/nakarin/RoboticsDev/install/examples_rclpy_executors:/opt/ros/humble /usr/bin/cmake --build /home/nakarin/RoboticsDev/build/lab1_interfaces -- -j8 -l8
[0.604s] [  9%] Built target lab1_interfaces__cpp
[0.604s] [ 12%] Built target lab1_interfaces__rosidl_generator_c
[0.604s] [ 12%] Built target ament_cmake_python_copy_lab1_interfaces
[0.605s] [ 22%] Built target lab1_interfaces__rosidl_typesupport_introspection_c
[0.606s] [ 32%] Built target lab1_interfaces__rosidl_typesupport_cpp
[0.606s] [ 41%] Built target lab1_interfaces__rosidl_typesupport_fastrtps_cpp
[0.606s] [ 51%] Built target lab1_interfaces__rosidl_typesupport_c
[0.606s] [ 61%] Built target lab1_interfaces__rosidl_typesupport_introspection_cpp
[0.606s] [ 70%] Built target lab1_interfaces__rosidl_typesupport_fastrtps_c
[0.607s] [ 70%] Built target lab1_interfaces
[0.607s] [ 74%] Built target lab1_interfaces__py
[0.607s] [ 80%] Built target lab1_interfaces__rosidl_generator_py
[0.607s] [ 87%] Built target lab1_interfaces__rosidl_typesupport_fastrtps_c__pyext
[0.607s] [ 93%] Built target lab1_interfaces__rosidl_typesupport_introspection_c__pyext
[0.607s] [100%] Built target lab1_interfaces__rosidl_typesupport_c__pyext
[0.704s] running egg_info
[0.704s] writing lab1_interfaces.egg-info/PKG-INFO
[0.704s] writing dependency_links to lab1_interfaces.egg-info/dependency_links.txt
[0.706s] writing top-level names to lab1_interfaces.egg-info/top_level.txt
[0.708s] reading manifest file 'lab1_interfaces.egg-info/SOURCES.txt'
[0.709s] writing manifest file 'lab1_interfaces.egg-info/SOURCES.txt'
[0.770s] [100%] Built target ament_cmake_python_build_lab1_interfaces_egg
[0.787s] Invoked command in '/home/nakarin/RoboticsDev/build/lab1_interfaces' returned '0': CMAKE_PREFIX_PATH=${CMAKE_PREFIX_PATH}:/home/nakarin/RoboticsDev/install/launch_testing_examples:/home/nakarin/RoboticsDev/install/examples_rclpy_pointcloud_publisher:/home/nakarin/RoboticsDev/install/examples_rclpy_minimal_subscriber:/home/nakarin/RoboticsDev/install/examples_rclpy_minimal_service:/home/nakarin/RoboticsDev/install/examples_rclpy_minimal_publisher:/home/nakarin/RoboticsDev/install/examples_rclpy_minimal_client:/home/nakarin/RoboticsDev/install/examples_rclpy_minimal_action_server:/home/nakarin/RoboticsDev/install/examples_rclpy_minimal_action_client:/home/nakarin/RoboticsDev/install/examples_rclpy_guard_conditions:/home/nakarin/RoboticsDev/install/examples_rclpy_executors:/opt/ros/humble /usr/bin/cmake --build /home/nakarin/RoboticsDev/build/lab1_interfaces -- -j8 -l8
[0.884s] Invoking command in '/home/nakarin/RoboticsDev/build/lab1_interfaces': CMAKE_PREFIX_PATH=${CMAKE_PREFIX_PATH}:/home/nakarin/RoboticsDev/install/launch_testing_examples:/home/nakarin/RoboticsDev/install/examples_rclpy_pointcloud_publisher:/home/nakarin/RoboticsDev/install/examples_rclpy_minimal_subscriber:/home/nakarin/RoboticsDev/install/examples_rclpy_minimal_service:/home/nakarin/RoboticsDev/install/examples_rclpy_minimal_publisher:/home/nakarin/RoboticsDev/install/examples_rclpy_minimal_client:/home/nakarin/RoboticsDev/install/examples_rclpy_minimal_action_server:/home/nakarin/RoboticsDev/install/examples_rclpy_minimal_action_client:/home/nakarin/RoboticsDev/install/examples_rclpy_guard_conditions:/home/nakarin/RoboticsDev/install/examples_rclpy_executors:/opt/ros/humble /usr/bin/cmake --install /home/nakarin/RoboticsDev/build/lab1_interfaces
[1.227s] -- Install configuration: ""
[1.228s] -- Up-to-date: /home/nakarin/RoboticsDev/install/lab1_interfaces/share/ament_index/resource_index/rosidl_interfaces/lab1_interfaces
[1.228s] -- Up-to-date: /home/nakarin/RoboticsDev/install/lab1_interfaces/include/lab1_interfaces/lab1_interfaces
[1.228s] -- Up-to-date: /home/nakarin/RoboticsDev/install/lab1_interfaces/include/lab1_interfaces/lab1_interfaces/msg
[1.228s] -- Up-to-date: /home/nakarin/RoboticsDev/install/lab1_interfaces/include/lab1_interfaces/lab1_interfaces/msg/rosidl_generator_c__visibility_control.h
[1.228s] -- Up-to-date: /home/nakarin/RoboticsDev/install/lab1_interfaces/include/lab1_interfaces/lab1_interfaces/srv
[1.228s] -- Up-to-date: /home/nakarin/RoboticsDev/install/lab1_interfaces/include/lab1_interfaces/lab1_interfaces/srv/detail
[1.229s] -- Up-to-date: /home/nakarin/RoboticsDev/install/lab1_interfaces/include/lab1_interfaces/lab1_interfaces/srv/detail/set_noise__functions.c
[1.229s] -- Up-to-date: /home/nakarin/RoboticsDev/install/lab1_interfaces/include/lab1_interfaces/lab1_interfaces/srv/detail/set_noise__functions.h
[1.229s] -- Up-to-date: /home/nakarin/RoboticsDev/install/lab1_interfaces/include/lab1_interfaces/lab1_interfaces/srv/detail/set_noise__struct.h
[1.229s] -- Up-to-date: /home/nakarin/RoboticsDev/install/lab1_interfaces/include/lab1_interfaces/lab1_interfaces/srv/detail/set_noise__type_support.h
[1.229s] -- Up-to-date: /home/nakarin/RoboticsDev/install/lab1_interfaces/include/lab1_interfaces/lab1_interfaces/srv/set_noise.h
[1.229s] -- Up-to-date: /home/nakarin/RoboticsDev/install/lab1_interfaces/share/lab1_interfaces/environment/library_path.sh
[1.229s] -- Up-to-date: /home/nakarin/RoboticsDev/install/lab1_interfaces/share/lab1_interfaces/environment/library_path.dsv
[1.229s] -- Up-to-date: /home/nakarin/RoboticsDev/install/lab1_interfaces/lib/liblab1_interfaces__rosidl_generator_c.so
[1.230s] -- Up-to-date: /home/nakarin/RoboticsDev/install/lab1_interfaces/include/lab1_interfaces/lab1_interfaces
[1.230s] -- Up-to-date: /home/nakarin/RoboticsDev/install/lab1_interfaces/include/lab1_interfaces/lab1_interfaces/msg
[1.230s] -- Up-to-date: /home/nakarin/RoboticsDev/install/lab1_interfaces/include/lab1_interfaces/lab1_interfaces/msg/rosidl_typesupport_fastrtps_c__visibility_control.h
[1.230s] -- Up-to-date: /home/nakarin/RoboticsDev/install/lab1_interfaces/include/lab1_interfaces/lab1_interfaces/srv
[1.230s] -- Up-to-date: /home/nakarin/RoboticsDev/install/lab1_interfaces/include/lab1_interfaces/lab1_interfaces/srv/detail
[1.230s] -- Up-to-date: /home/nakarin/RoboticsDev/install/lab1_interfaces/include/lab1_interfaces/lab1_interfaces/srv/detail/set_noise__rosidl_typesupport_fastrtps_c.h
[1.230s] -- Up-to-date: /home/nakarin/RoboticsDev/install/lab1_interfaces/lib/liblab1_interfaces__rosidl_typesupport_fastrtps_c.so
[1.230s] -- Up-to-date: /home/nakarin/RoboticsDev/install/lab1_interfaces/include/lab1_interfaces/lab1_interfaces
[1.231s] -- Up-to-date: /home/nakarin/RoboticsDev/install/lab1_interfaces/include/lab1_interfaces/lab1_interfaces/srv
[1.231s] -- Up-to-date: /home/nakarin/RoboticsDev/install/lab1_interfaces/include/lab1_interfaces/lab1_interfaces/srv/detail
[1.231s] -- Up-to-date: /home/nakarin/RoboticsDev/install/lab1_interfaces/include/lab1_interfaces/lab1_interfaces/srv/detail/set_noise__builder.hpp
[1.231s] -- Up-to-date: /home/nakarin/RoboticsDev/install/lab1_interfaces/include/lab1_interfaces/lab1_interfaces/srv/detail/set_noise__traits.hpp
[1.231s] -- Up-to-date: /home/nakarin/RoboticsDev/install/lab1_interfaces/include/lab1_interfaces/lab1_interfaces/srv/detail/set_noise__struct.hpp
[1.231s] -- Up-to-date: /home/nakarin/RoboticsDev/install/lab1_interfaces/include/lab1_interfaces/lab1_interfaces/srv/set_noise.hpp
[1.231s] -- Up-to-date: /home/nakarin/RoboticsDev/install/lab1_interfaces/include/lab1_interfaces/lab1_interfaces
[1.231s] -- Up-to-date: /home/nakarin/RoboticsDev/install/lab1_interfaces/include/lab1_interfaces/lab1_interfaces/msg
[1.232s] -- Up-to-date: /home/nakarin/RoboticsDev/install/lab1_interfaces/include/lab1_interfaces/lab1_interfaces/msg/rosidl_typesupport_fastrtps_cpp__visibility_control.h
[1.232s] -- Up-to-date: /home/nakarin/RoboticsDev/install/lab1_interfaces/include/lab1_interfaces/lab1_interfaces/srv
[1.232s] -- Up-to-date: /home/nakarin/RoboticsDev/install/lab1_interfaces/include/lab1_interfaces/lab1_interfaces/srv/detail
[1.232s] -- Up-to-date: /home/nakarin/RoboticsDev/install/lab1_interfaces/include/lab1_interfaces/lab1_interfaces/srv/detail/set_noise__rosidl_typesupport_fastrtps_cpp.hpp
[1.233s] -- Up-to-date: /home/nakarin/RoboticsDev/install/lab1_interfaces/include/lab1_interfaces/lab1_interfaces/srv/detail/dds_fastrtps
[1.233s] -- Up-to-date: /home/nakarin/RoboticsDev/install/lab1_interfaces/lib/liblab1_interfaces__rosidl_typesupport_fastrtps_cpp.so
[1.233s] -- Up-to-date: /home/nakarin/RoboticsDev/install/lab1_interfaces/include/lab1_interfaces/lab1_interfaces
[1.233s] -- Up-to-date: /home/nakarin/RoboticsDev/install/lab1_interfaces/include/lab1_interfaces/lab1_interfaces/msg
[1.233s] -- Up-to-date: /home/nakarin/RoboticsDev/install/lab1_interfaces/include/lab1_interfaces/lab1_interfaces/msg/rosidl_typesupport_introspection_c__visibility_control.h
[1.233s] -- Up-to-date: /home/nakarin/RoboticsDev/install/lab1_interfaces/include/lab1_interfaces/lab1_interfaces/srv
[1.234s] -- Up-to-date: /home/nakarin/RoboticsDev/install/lab1_interfaces/include/lab1_interfaces/lab1_interfaces/srv/detail
[1.234s] -- Up-to-date: /home/nakarin/RoboticsDev/install/lab1_interfaces/include/lab1_interfaces/lab1_interfaces/srv/detail/set_noise__type_support.c
[1.234s] -- Up-to-date: /home/nakarin/RoboticsDev/install/lab1_interfaces/include/lab1_interfaces/lab1_interfaces/srv/detail/set_noise__rosidl_typesupport_introspection_c.h
[1.234s] -- Up-to-date: /home/nakarin/RoboticsDev/install/lab1_interfaces/lib/liblab1_interfaces__rosidl_typesupport_introspection_c.so
[1.234s] -- Up-to-date: /home/nakarin/RoboticsDev/install/lab1_interfaces/lib/liblab1_interfaces__rosidl_typesupport_c.so
[1.234s] -- Up-to-date: /home/nakarin/RoboticsDev/install/lab1_interfaces/include/lab1_interfaces/lab1_interfaces
[1.234s] -- Up-to-date: /home/nakarin/RoboticsDev/install/lab1_interfaces/include/lab1_interfaces/lab1_interfaces/srv
[1.234s] -- Up-to-date: /home/nakarin/RoboticsDev/install/lab1_interfaces/include/lab1_interfaces/lab1_interfaces/srv/detail
[1.235s] -- Up-to-date: /home/nakarin/RoboticsDev/install/lab1_interfaces/include/lab1_interfaces/lab1_interfaces/srv/detail/set_noise__rosidl_typesupport_introspection_cpp.hpp
[1.236s] -- Up-to-date: /home/nakarin/RoboticsDev/install/lab1_interfaces/include/lab1_interfaces/lab1_interfaces/srv/detail/set_noise__type_support.cpp
[1.237s] -- Up-to-date: /home/nakarin/RoboticsDev/install/lab1_interfaces/lib/liblab1_interfaces__rosidl_typesupport_introspection_cpp.so
[1.237s] -- Up-to-date: /home/nakarin/RoboticsDev/install/lab1_interfaces/lib/liblab1_interfaces__rosidl_typesupport_cpp.so
[1.237s] -- Up-to-date: /home/nakarin/RoboticsDev/install/lab1_interfaces/share/lab1_interfaces/environment/pythonpath.sh
[1.237s] -- Up-to-date: /home/nakarin/RoboticsDev/install/lab1_interfaces/share/lab1_interfaces/environment/pythonpath.dsv
[1.237s] -- Up-to-date: /home/nakarin/RoboticsDev/install/lab1_interfaces/local/lib/python3.10/dist-packages/lab1_interfaces-0.0.0-py3.10.egg-info
[1.237s] -- Installing: /home/nakarin/RoboticsDev/install/lab1_interfaces/local/lib/python3.10/dist-packages/lab1_interfaces-0.0.0-py3.10.egg-info/dependency_links.txt
[1.237s] -- Installing: /home/nakarin/RoboticsDev/install/lab1_interfaces/local/lib/python3.10/dist-packages/lab1_interfaces-0.0.0-py3.10.egg-info/SOURCES.txt
[1.237s] -- Installing: /home/nakarin/RoboticsDev/install/lab1_interfaces/local/lib/python3.10/dist-packages/lab1_interfaces-0.0.0-py3.10.egg-info/PKG-INFO
[1.238s] -- Installing: /home/nakarin/RoboticsDev/install/lab1_interfaces/local/lib/python3.10/dist-packages/lab1_interfaces-0.0.0-py3.10.egg-info/top_level.txt
[1.238s] -- Up-to-date: /home/nakarin/RoboticsDev/install/lab1_interfaces/local/lib/python3.10/dist-packages/lab1_interfaces
[1.238s] -- Up-to-date: /home/nakarin/RoboticsDev/install/lab1_interfaces/local/lib/python3.10/dist-packages/lab1_interfaces/_lab1_interfaces_s.ep.rosidl_typesupport_c.c
[1.238s] -- Up-to-date: /home/nakarin/RoboticsDev/install/lab1_interfaces/local/lib/python3.10/dist-packages/lab1_interfaces/__init__.py
[1.238s] -- Up-to-date: /home/nakarin/RoboticsDev/install/lab1_interfaces/local/lib/python3.10/dist-packages/lab1_interfaces/liblab1_interfaces__rosidl_generator_py.so
[1.238s] -- Up-to-date: /home/nakarin/RoboticsDev/install/lab1_interfaces/local/lib/python3.10/dist-packages/lab1_interfaces/lab1_interfaces_s__rosidl_typesupport_fastrtps_c.cpython-310-x86_64-linux-gnu.so
[1.238s] -- Up-to-date: /home/nakarin/RoboticsDev/install/lab1_interfaces/local/lib/python3.10/dist-packages/lab1_interfaces/_lab1_interfaces_s.ep.rosidl_typesupport_fastrtps_c.c
[1.238s] -- Up-to-date: /home/nakarin/RoboticsDev/install/lab1_interfaces/local/lib/python3.10/dist-packages/lab1_interfaces/srv
[1.238s] -- Up-to-date: /home/nakarin/RoboticsDev/install/lab1_interfaces/local/lib/python3.10/dist-packages/lab1_interfaces/srv/_set_noise.py
[1.239s] -- Up-to-date: /home/nakarin/RoboticsDev/install/lab1_interfaces/local/lib/python3.10/dist-packages/lab1_interfaces/srv/_set_noise_s.c
[1.239s] -- Up-to-date: /home/nakarin/RoboticsDev/install/lab1_interfaces/local/lib/python3.10/dist-packages/lab1_interfaces/srv/__init__.py
[1.239s] -- Up-to-date: /home/nakarin/RoboticsDev/install/lab1_interfaces/local/lib/python3.10/dist-packages/lab1_interfaces/lab1_interfaces_s__rosidl_typesupport_introspection_c.cpython-310-x86_64-linux-gnu.so
[1.239s] -- Up-to-date: /home/nakarin/RoboticsDev/install/lab1_interfaces/local/lib/python3.10/dist-packages/lab1_interfaces/_lab1_interfaces_s.ep.rosidl_typesupport_introspection_c.c
[1.239s] -- Up-to-date: /home/nakarin/RoboticsDev/install/lab1_interfaces/local/lib/python3.10/dist-packages/lab1_interfaces/lab1_interfaces_s__rosidl_typesupport_c.cpython-310-x86_64-linux-gnu.so
[1.239s] Listing '/home/nakarin/RoboticsDev/install/lab1_interfaces/local/lib/python3.10/dist-packages/lab1_interfaces'...
[1.239s] Listing '/home/nakarin/RoboticsDev/install/lab1_interfaces/local/lib/python3.10/dist-packages/lab1_interfaces/srv'...
[1.239s] -- Up-to-date: /home/nakarin/RoboticsDev/install/lab1_interfaces/local/lib/python3.10/dist-packages/lab1_interfaces/lab1_interfaces_s__rosidl_typesupport_fastrtps_c.cpython-310-x86_64-linux-gnu.so
[1.240s] -- Up-to-date: /home/nakarin/RoboticsDev/install/lab1_interfaces/local/lib/python3.10/dist-packages/lab1_interfaces/lab1_interfaces_s__rosidl_typesupport_introspection_c.cpython-310-x86_64-linux-gnu.so
[1.240s] -- Up-to-date: /home/nakarin/RoboticsDev/install/lab1_interfaces/local/lib/python3.10/dist-packages/lab1_interfaces/lab1_interfaces_s__rosidl_typesupport_c.cpython-310-x86_64-linux-gnu.so
[1.240s] -- Up-to-date: /home/nakarin/RoboticsDev/install/lab1_interfaces/lib/liblab1_interfaces__rosidl_generator_py.so
[1.240s] -- Up-to-date: /home/nakarin/RoboticsDev/install/lab1_interfaces/share/lab1_interfaces/srv/SetNoise.idl
[1.240s] -- Up-to-date: /home/nakarin/RoboticsDev/install/lab1_interfaces/share/lab1_interfaces/srv/SetNoise.srv
[1.241s] -- Up-to-date: /home/nakarin/RoboticsDev/install/lab1_interfaces/share/lab1_interfaces/srv/SetNoise_Request.msg
[1.241s] -- Up-to-date: /home/nakarin/RoboticsDev/install/lab1_interfaces/share/lab1_interfaces/srv/SetNoise_Response.msg
[1.241s] -- Up-to-date: /home/nakarin/RoboticsDev/install/lab1_interfaces/share/ament_index/resource_index/package_run_dependencies/lab1_interfaces
[1.241s] -- Up-to-date: /home/nakarin/RoboticsDev/install/lab1_interfaces/share/ament_index/resource_index/parent_prefix_path/lab1_interfaces
[1.242s] -- Up-to-date: /home/nakarin/RoboticsDev/install/lab1_interfaces/share/lab1_interfaces/environment/ament_prefix_path.sh
[1.242s] -- Up-to-date: /home/nakarin/RoboticsDev/install/lab1_interfaces/share/lab1_interfaces/environment/ament_prefix_path.dsv
[1.242s] -- Up-to-date: /home/nakarin/RoboticsDev/install/lab1_interfaces/share/lab1_interfaces/environment/path.sh
[1.242s] -- Up-to-date: /home/nakarin/RoboticsDev/install/lab1_interfaces/share/lab1_interfaces/environment/path.dsv
[1.242s] -- Up-to-date: /home/nakarin/RoboticsDev/install/lab1_interfaces/share/lab1_interfaces/local_setup.bash
[1.243s] -- Up-to-date: /home/nakarin/RoboticsDev/install/lab1_interfaces/share/lab1_interfaces/local_setup.sh
[1.243s] -- Up-to-date: /home/nakarin/RoboticsDev/install/lab1_interfaces/share/lab1_interfaces/local_setup.zsh
[1.243s] -- Up-to-date: /home/nakarin/RoboticsDev/install/lab1_interfaces/share/lab1_interfaces/local_setup.dsv
[1.243s] -- Installing: /home/nakarin/RoboticsDev/install/lab1_interfaces/share/lab1_interfaces/package.dsv
[1.243s] -- Up-to-date: /home/nakarin/RoboticsDev/install/lab1_interfaces/share/ament_index/resource_index/packages/lab1_interfaces
[1.244s] -- Up-to-date: /home/nakarin/RoboticsDev/install/lab1_interfaces/share/lab1_interfaces/cmake/export_lab1_interfaces__rosidl_generator_cExport.cmake
[1.244s] -- Up-to-date: /home/nakarin/RoboticsDev/install/lab1_interfaces/share/lab1_interfaces/cmake/export_lab1_interfaces__rosidl_generator_cExport-noconfig.cmake
[1.244s] -- Up-to-date: /home/nakarin/RoboticsDev/install/lab1_interfaces/share/lab1_interfaces/cmake/export_lab1_interfaces__rosidl_typesupport_fastrtps_cExport.cmake
[1.244s] -- Up-to-date: /home/nakarin/RoboticsDev/install/lab1_interfaces/share/lab1_interfaces/cmake/export_lab1_interfaces__rosidl_typesupport_fastrtps_cExport-noconfig.cmake
[1.245s] -- Up-to-date: /home/nakarin/RoboticsDev/install/lab1_interfaces/share/lab1_interfaces/cmake/export_lab1_interfaces__rosidl_generator_cppExport.cmake
[1.245s] -- Up-to-date: /home/nakarin/RoboticsDev/install/lab1_interfaces/share/lab1_interfaces/cmake/export_lab1_interfaces__rosidl_typesupport_fastrtps_cppExport.cmake
[1.245s] -- Up-to-date: /home/nakarin/RoboticsDev/install/lab1_interfaces/share/lab1_interfaces/cmake/export_lab1_interfaces__rosidl_typesupport_fastrtps_cppExport-noconfig.cmake
[1.245s] -- Up-to-date: /home/nakarin/RoboticsDev/install/lab1_interfaces/share/lab1_interfaces/cmake/lab1_interfaces__rosidl_typesupport_introspection_cExport.cmake
[1.245s] -- Up-to-date: /home/nakarin/RoboticsDev/install/lab1_interfaces/share/lab1_interfaces/cmake/lab1_interfaces__rosidl_typesupport_introspection_cExport-noconfig.cmake
[1.245s] -- Up-to-date: /home/nakarin/RoboticsDev/install/lab1_interfaces/share/lab1_interfaces/cmake/lab1_interfaces__rosidl_typesupport_cExport.cmake
[1.245s] -- Up-to-date: /home/nakarin/RoboticsDev/install/lab1_interfaces/share/lab1_interfaces/cmake/lab1_interfaces__rosidl_typesupport_cExport-noconfig.cmake
[1.246s] -- Up-to-date: /home/nakarin/RoboticsDev/install/lab1_interfaces/share/lab1_interfaces/cmake/lab1_interfaces__rosidl_typesupport_introspection_cppExport.cmake
[1.246s] -- Up-to-date: /home/nakarin/RoboticsDev/install/lab1_interfaces/share/lab1_interfaces/cmake/lab1_interfaces__rosidl_typesupport_introspection_cppExport-noconfig.cmake
[1.246s] -- Up-to-date: /home/nakarin/RoboticsDev/install/lab1_interfaces/share/lab1_interfaces/cmake/lab1_interfaces__rosidl_typesupport_cppExport.cmake
[1.246s] -- Up-to-date: /home/nakarin/RoboticsDev/install/lab1_interfaces/share/lab1_interfaces/cmake/lab1_interfaces__rosidl_typesupport_cppExport-noconfig.cmake
[1.246s] -- Up-to-date: /home/nakarin/RoboticsDev/install/lab1_interfaces/share/lab1_interfaces/cmake/export_lab1_interfaces__rosidl_generator_pyExport.cmake
[1.246s] -- Up-to-date: /home/nakarin/RoboticsDev/install/lab1_interfaces/share/lab1_interfaces/cmake/export_lab1_interfaces__rosidl_generator_pyExport-noconfig.cmake
[1.246s] -- Up-to-date: /home/nakarin/RoboticsDev/install/lab1_interfaces/share/lab1_interfaces/cmake/rosidl_cmake-extras.cmake
[1.246s] -- Up-to-date: /home/nakarin/RoboticsDev/install/lab1_interfaces/share/lab1_interfaces/cmake/ament_cmake_export_dependencies-extras.cmake
[1.247s] -- Up-to-date: /home/nakarin/RoboticsDev/install/lab1_interfaces/share/lab1_interfaces/cmake/ament_cmake_export_include_directories-extras.cmake
[1.247s] -- Up-to-date: /home/nakarin/RoboticsDev/install/lab1_interfaces/share/lab1_interfaces/cmake/ament_cmake_export_libraries-extras.cmake
[1.247s] -- Up-to-date: /home/nakarin/RoboticsDev/install/lab1_interfaces/share/lab1_interfaces/cmake/ament_cmake_export_targets-extras.cmake
[1.247s] -- Up-to-date: /home/nakarin/RoboticsDev/install/lab1_interfaces/share/lab1_interfaces/cmake/rosidl_cmake_export_typesupport_targets-extras.cmake
[1.247s] -- Up-to-date: /home/nakarin/RoboticsDev/install/lab1_interfaces/share/lab1_interfaces/cmake/rosidl_cmake_export_typesupport_libraries-extras.cmake
[1.247s] -- Up-to-date: /home/nakarin/RoboticsDev/install/lab1_interfaces/share/lab1_interfaces/cmake/lab1_interfacesConfig.cmake
[1.248s] -- Up-to-date: /home/nakarin/RoboticsDev/install/lab1_interfaces/share/lab1_interfaces/cmake/lab1_interfacesConfig-version.cmake
[1.248s] -- Up-to-date: /home/nakarin/RoboticsDev/install/lab1_interfaces/share/lab1_interfaces/package.xml
[1.261s] Invoked command in '/home/nakarin/RoboticsDev/build/lab1_interfaces' returned '0': CMAKE_PREFIX_PATH=${CMAKE_PREFIX_PATH}:/home/nakarin/RoboticsDev/install/launch_testing_examples:/home/nakarin/RoboticsDev/install/examples_rclpy_pointcloud_publisher:/home/nakarin/RoboticsDev/install/examples_rclpy_minimal_subscriber:/home/nakarin/RoboticsDev/install/examples_rclpy_minimal_service:/home/nakarin/RoboticsDev/install/examples_rclpy_minimal_publisher:/home/nakarin/RoboticsDev/install/examples_rclpy_minimal_client:/home/nakarin/RoboticsDev/install/examples_rclpy_minimal_action_server:/home/nakarin/RoboticsDev/install/examples_rclpy_minimal_action_client:/home/nakarin/RoboticsDev/install/examples_rclpy_guard_conditions:/home/nakarin/RoboticsDev/install/examples_rclpy_executors:/opt/ros/humble /usr/bin/cmake --install /home/nakarin/RoboticsDev/build/lab1_interfaces
