[1.719s] Invoking command in '/home/nakarin/RoboticsDev/build/lab1': CMAKE_PREFIX_PATH=${CMAKE_PREFIX_PATH}:/home/nakarin/RoboticsDev/install/launch_testing_examples:/home/nakarin/RoboticsDev/install/examples_rclpy_pointcloud_publisher:/home/nakarin/RoboticsDev/install/examples_rclpy_minimal_subscriber:/home/nakarin/RoboticsDev/install/examples_rclpy_minimal_service:/home/nakarin/RoboticsDev/install/examples_rclpy_minimal_publisher:/home/nakarin/RoboticsDev/install/examples_rclpy_minimal_client:/home/nakarin/RoboticsDev/install/examples_rclpy_minimal_action_server:/home/nakarin/RoboticsDev/install/examples_rclpy_minimal_action_client:/home/nakarin/RoboticsDev/install/examples_rclpy_guard_conditions:/home/nakarin/RoboticsDev/install/examples_rclpy_executors:/opt/ros/humble /usr/bin/cmake --build /home/nakarin/RoboticsDev/build/lab1 -- -j8 -l8
[1.818s] [  0%] Built target ament_cmake_python_copy_lab1
[1.824s] [100%] Built target cpp_node_test
[2.590s] running egg_info
[2.593s] writing lab1.egg-info/PKG-INFO
[2.593s] writing dependency_links to lab1.egg-info/dependency_links.txt
[2.593s] writing top-level names to lab1.egg-info/top_level.txt
[2.601s] reading manifest file 'lab1.egg-info/SOURCES.txt'
[2.601s] writing manifest file 'lab1.egg-info/SOURCES.txt'
[2.709s] [100%] Built target ament_cmake_python_build_lab1_egg
[2.783s] Invoked command in '/home/nakarin/RoboticsDev/build/lab1' returned '0': CMAKE_PREFIX_PATH=${CMAKE_PREFIX_PATH}:/home/nakarin/RoboticsDev/install/launch_testing_examples:/home/nakarin/RoboticsDev/install/examples_rclpy_pointcloud_publisher:/home/nakarin/RoboticsDev/install/examples_rclpy_minimal_subscriber:/home/nakarin/RoboticsDev/install/examples_rclpy_minimal_service:/home/nakarin/RoboticsDev/install/examples_rclpy_minimal_publisher:/home/nakarin/RoboticsDev/install/examples_rclpy_minimal_client:/home/nakarin/RoboticsDev/install/examples_rclpy_minimal_action_server:/home/nakarin/RoboticsDev/install/examples_rclpy_minimal_action_client:/home/nakarin/RoboticsDev/install/examples_rclpy_guard_conditions:/home/nakarin/RoboticsDev/install/examples_rclpy_executors:/opt/ros/humble /usr/bin/cmake --build /home/nakarin/RoboticsDev/build/lab1 -- -j8 -l8
[2.928s] Invoking command in '/home/nakarin/RoboticsDev/build/lab1': CMAKE_PREFIX_PATH=${CMAKE_PREFIX_PATH}:/home/nakarin/RoboticsDev/install/launch_testing_examples:/home/nakarin/RoboticsDev/install/examples_rclpy_pointcloud_publisher:/home/nakarin/RoboticsDev/install/examples_rclpy_minimal_subscriber:/home/nakarin/RoboticsDev/install/examples_rclpy_minimal_service:/home/nakarin/RoboticsDev/install/examples_rclpy_minimal_publisher:/home/nakarin/RoboticsDev/install/examples_rclpy_minimal_client:/home/nakarin/RoboticsDev/install/examples_rclpy_minimal_action_server:/home/nakarin/RoboticsDev/install/examples_rclpy_minimal_action_client:/home/nakarin/RoboticsDev/install/examples_rclpy_guard_conditions:/home/nakarin/RoboticsDev/install/examples_rclpy_executors:/opt/ros/humble /usr/bin/cmake --install /home/nakarin/RoboticsDev/build/lab1
[2.955s] -- Install configuration: ""
[2.955s] -- Up-to-date: /home/nakarin/RoboticsDev/install/lab1/share/lab1/environment/pythonpath.sh
[2.958s] -- Up-to-date: /home/nakarin/RoboticsDev/install/lab1/share/lab1/environment/pythonpath.dsv
[2.958s] -- Up-to-date: /home/nakarin/RoboticsDev/install/lab1/local/lib/python3.10/dist-packages/lab1-0.0.0-py3.10.egg-info
[2.958s] -- Installing: /home/nakarin/RoboticsDev/install/lab1/local/lib/python3.10/dist-packages/lab1-0.0.0-py3.10.egg-info/dependency_links.txt
[2.959s] -- Installing: /home/nakarin/RoboticsDev/install/lab1/local/lib/python3.10/dist-packages/lab1-0.0.0-py3.10.egg-info/SOURCES.txt
[2.959s] -- Installing: /home/nakarin/RoboticsDev/install/lab1/local/lib/python3.10/dist-packages/lab1-0.0.0-py3.10.egg-info/PKG-INFO
[2.959s] -- Installing: /home/nakarin/RoboticsDev/install/lab1/local/lib/python3.10/dist-packages/lab1-0.0.0-py3.10.egg-info/top_level.txt
[2.959s] -- Up-to-date: /home/nakarin/RoboticsDev/install/lab1/local/lib/python3.10/dist-packages/lab1
[2.959s] -- Up-to-date: /home/nakarin/RoboticsDev/install/lab1/local/lib/python3.10/dist-packages/lab1/__init__.py
[2.960s] -- Up-to-date: /home/nakarin/RoboticsDev/install/lab1/local/lib/python3.10/dist-packages/lab1/dummy_module.py
[3.096s] Listing '/home/nakarin/RoboticsDev/install/lab1/local/lib/python3.10/dist-packages/lab1'...
[3.121s] -- Up-to-date: /home/nakarin/RoboticsDev/install/lab1/lib/lab1/dummy_script.py
[3.130s] -- Up-to-date: /home/nakarin/RoboticsDev/install/lab1/lib/lab1/noise_generator_script.py
[3.131s] -- Up-to-date: /home/nakarin/RoboticsDev/install/lab1/lib/lab1/velocity_mux_script.py
[3.131s] -- Up-to-date: /home/nakarin/RoboticsDev/install/lab1/lib/lab1/cpp_node_test
[3.139s] -- Up-to-date: /home/nakarin/RoboticsDev/install/lab1/share/lab1/launch
[3.139s] -- Up-to-date: /home/nakarin/RoboticsDev/install/lab1/share/lab1/launch/simple-param.launch.py
[3.141s] -- Installing: /home/nakarin/RoboticsDev/install/lab1/share/lab1/launch/lab1.launch.py
[3.141s] -- Up-to-date: /home/nakarin/RoboticsDev/install/lab1/share/lab1/launch/simple.launch.py
[3.141s] -- Up-to-date: /home/nakarin/RoboticsDev/install/lab1/share/ament_index/resource_index/package_run_dependencies/lab1
[3.141s] -- Up-to-date: /home/nakarin/RoboticsDev/install/lab1/share/ament_index/resource_index/parent_prefix_path/lab1
[3.142s] -- Up-to-date: /home/nakarin/RoboticsDev/install/lab1/share/lab1/environment/ament_prefix_path.sh
[3.142s] -- Up-to-date: /home/nakarin/RoboticsDev/install/lab1/share/lab1/environment/ament_prefix_path.dsv
[3.147s] -- Up-to-date: /home/nakarin/RoboticsDev/install/lab1/share/lab1/environment/path.sh
[3.157s] -- Up-to-date: /home/nakarin/RoboticsDev/install/lab1/share/lab1/environment/path.dsv
[3.158s] -- Up-to-date: /home/nakarin/RoboticsDev/install/lab1/share/lab1/local_setup.bash
[3.158s] -- Up-to-date: /home/nakarin/RoboticsDev/install/lab1/share/lab1/local_setup.sh
[3.158s] -- Up-to-date: /home/nakarin/RoboticsDev/install/lab1/share/lab1/local_setup.zsh
[3.158s] -- Up-to-date: /home/nakarin/RoboticsDev/install/lab1/share/lab1/local_setup.dsv
[3.158s] -- Installing: /home/nakarin/RoboticsDev/install/lab1/share/lab1/package.dsv
[3.158s] -- Up-to-date: /home/nakarin/RoboticsDev/install/lab1/share/ament_index/resource_index/packages/lab1
[3.159s] -- Up-to-date: /home/nakarin/RoboticsDev/install/lab1/share/lab1/cmake/lab1Config.cmake
[3.159s] -- Up-to-date: /home/nakarin/RoboticsDev/install/lab1/share/lab1/cmake/lab1Config-version.cmake
[3.170s] -- Up-to-date: /home/nakarin/RoboticsDev/install/lab1/share/lab1/package.xml
[3.255s] Invoked command in '/home/nakarin/RoboticsDev/build/lab1' returned '0': CMAKE_PREFIX_PATH=${CMAKE_PREFIX_PATH}:/home/nakarin/RoboticsDev/install/launch_testing_examples:/home/nakarin/RoboticsDev/install/examples_rclpy_pointcloud_publisher:/home/nakarin/RoboticsDev/install/examples_rclpy_minimal_subscriber:/home/nakarin/RoboticsDev/install/examples_rclpy_minimal_service:/home/nakarin/RoboticsDev/install/examples_rclpy_minimal_publisher:/home/nakarin/RoboticsDev/install/examples_rclpy_minimal_client:/home/nakarin/RoboticsDev/install/examples_rclpy_minimal_action_server:/home/nakarin/RoboticsDev/install/examples_rclpy_minimal_action_client:/home/nakarin/RoboticsDev/install/examples_rclpy_guard_conditions:/home/nakarin/RoboticsDev/install/examples_rclpy_executors:/opt/ros/humble /usr/bin/cmake --install /home/nakarin/RoboticsDev/build/lab1
