[0.016s] Invoking command in '/home/nakarin/RoboticsDev/build/lab1': CMAKE_PREFIX_PATH=${CMAKE_PREFIX_PATH}:/home/nakarin/RoboticsDev/install/launch_testing_examples:/home/nakarin/RoboticsDev/install/examples_rclpy_pointcloud_publisher:/home/nakarin/RoboticsDev/install/examples_rclpy_minimal_subscriber:/home/nakarin/RoboticsDev/install/examples_rclpy_minimal_service:/home/nakarin/RoboticsDev/install/examples_rclpy_minimal_publisher:/home/nakarin/RoboticsDev/install/examples_rclpy_minimal_client:/home/nakarin/RoboticsDev/install/examples_rclpy_minimal_action_server:/home/nakarin/RoboticsDev/install/examples_rclpy_minimal_action_client:/home/nakarin/RoboticsDev/install/examples_rclpy_guard_conditions:/home/nakarin/RoboticsDev/install/examples_rclpy_executors:/opt/ros/humble /usr/bin/cmake /home/nakarin/RoboticsDev/src/lab1 -DCMAKE_INSTALL_PREFIX=/home/nakarin/RoboticsDev/install/lab1
[0.090s] -- The C compiler identification is GNU 11.4.0
[0.166s] -- The CXX compiler identification is GNU 11.4.0
[0.175s] -- Detecting C compiler ABI info
[0.265s] -- Detecting C compiler ABI info - done
[0.279s] -- Check for working C compiler: /usr/bin/cc - skipped
[0.279s] -- Detecting C compile features
[0.280s] -- Detecting C compile features - done
[0.283s] -- Detecting CXX compiler ABI info
[0.400s] -- Detecting CXX compiler ABI info - done
[0.413s] -- Check for working CXX compiler: /usr/bin/c++ - skipped
[0.413s] -- Detecting CXX compile features
[0.414s] -- Detecting CXX compile features - done
[0.419s] -- Found ament_cmake: 1.3.10 (/opt/ros/humble/share/ament_cmake/cmake)
[0.698s] -- Found Python3: /usr/bin/python3 (found version "3.10.12") found components: Interpreter 
[0.893s] -- Found rclcpp: 16.0.10 (/opt/ros/humble/share/rclcpp/cmake)
[0.996s] -- Found rosidl_generator_c: 3.1.5 (/opt/ros/humble/share/rosidl_generator_c/cmake)
[1.006s] -- Found rosidl_adapter: 3.1.5 (/opt/ros/humble/share/rosidl_adapter/cmake)
[1.020s] -- Found rosidl_generator_cpp: 3.1.5 (/opt/ros/humble/share/rosidl_generator_cpp/cmake)
[1.043s] -- Using all available rosidl_typesupport_c: rosidl_typesupport_fastrtps_c;rosidl_typesupport_introspection_c
[1.075s] -- Using all available rosidl_typesupport_cpp: rosidl_typesupport_fastrtps_cpp;rosidl_typesupport_introspection_cpp
[1.177s] -- Found rmw_implementation_cmake: 6.1.2 (/opt/ros/humble/share/rmw_implementation_cmake/cmake)
[1.186s] -- Found rmw_fastrtps_cpp: 6.2.7 (/opt/ros/humble/share/rmw_fastrtps_cpp/cmake)
[1.339s] -- Found OpenSSL: /usr/lib/x86_64-linux-gnu/libcrypto.so (found version "3.0.2")  
[1.383s] -- Found FastRTPS: /opt/ros/humble/include  
[1.442s] -- Using RMW implementation 'rmw_fastrtps_cpp' as default
[1.469s] -- Looking for pthread.h
[1.586s] -- Looking for pthread.h - found
[1.587s] -- Performing Test CMAKE_HAVE_LIBC_PTHREAD
[1.682s] -- Performing Test CMAKE_HAVE_LIBC_PTHREAD - Success
[1.683s] -- Found Threads: TRUE  
[1.762s] -- Found rclpy: 3.3.14 (/opt/ros/humble/share/rclpy/cmake)
[1.965s] -- Configuring done
[1.978s] -- Generating done
[1.980s] -- Build files have been written to: /home/nakarin/RoboticsDev/build/lab1
[1.994s] Invoked command in '/home/nakarin/RoboticsDev/build/lab1' returned '0': CMAKE_PREFIX_PATH=${CMAKE_PREFIX_PATH}:/home/nakarin/RoboticsDev/install/launch_testing_examples:/home/nakarin/RoboticsDev/install/examples_rclpy_pointcloud_publisher:/home/nakarin/RoboticsDev/install/examples_rclpy_minimal_subscriber:/home/nakarin/RoboticsDev/install/examples_rclpy_minimal_service:/home/nakarin/RoboticsDev/install/examples_rclpy_minimal_publisher:/home/nakarin/RoboticsDev/install/examples_rclpy_minimal_client:/home/nakarin/RoboticsDev/install/examples_rclpy_minimal_action_server:/home/nakarin/RoboticsDev/install/examples_rclpy_minimal_action_client:/home/nakarin/RoboticsDev/install/examples_rclpy_guard_conditions:/home/nakarin/RoboticsDev/install/examples_rclpy_executors:/opt/ros/humble /usr/bin/cmake /home/nakarin/RoboticsDev/src/lab1 -DCMAKE_INSTALL_PREFIX=/home/nakarin/RoboticsDev/install/lab1
[1.996s] Invoking command in '/home/nakarin/RoboticsDev/build/lab1': CMAKE_PREFIX_PATH=${CMAKE_PREFIX_PATH}:/home/nakarin/RoboticsDev/install/launch_testing_examples:/home/nakarin/RoboticsDev/install/examples_rclpy_pointcloud_publisher:/home/nakarin/RoboticsDev/install/examples_rclpy_minimal_subscriber:/home/nakarin/RoboticsDev/install/examples_rclpy_minimal_service:/home/nakarin/RoboticsDev/install/examples_rclpy_minimal_publisher:/home/nakarin/RoboticsDev/install/examples_rclpy_minimal_client:/home/nakarin/RoboticsDev/install/examples_rclpy_minimal_action_server:/home/nakarin/RoboticsDev/install/examples_rclpy_minimal_action_client:/home/nakarin/RoboticsDev/install/examples_rclpy_guard_conditions:/home/nakarin/RoboticsDev/install/examples_rclpy_executors:/opt/ros/humble /usr/bin/cmake --build /home/nakarin/RoboticsDev/build/lab1 -- -j8 -l8
[2.053s] [ 50%] [32mBuilding CXX object CMakeFiles/cpp_node_test.dir/src/cpp_node.cpp.o[0m
[2.065s] [ 50%] Built target ament_cmake_python_copy_lab1
[2.412s] running egg_info
[2.413s] creating lab1.egg-info
[2.413s] writing lab1.egg-info/PKG-INFO
[2.413s] writing dependency_links to lab1.egg-info/dependency_links.txt
[2.414s] writing top-level names to lab1.egg-info/top_level.txt
[2.414s] writing manifest file 'lab1.egg-info/SOURCES.txt'
[2.416s] [100%] [32m[1mLinking CXX executable cpp_node_test[0m
[2.417s] reading manifest file 'lab1.egg-info/SOURCES.txt'
[2.417s] writing manifest file 'lab1.egg-info/SOURCES.txt'
[2.462s] [100%] Built target ament_cmake_python_build_lab1_egg
[2.556s] [100%] Built target cpp_node_test
[2.570s] Invoked command in '/home/nakarin/RoboticsDev/build/lab1' returned '0': CMAKE_PREFIX_PATH=${CMAKE_PREFIX_PATH}:/home/nakarin/RoboticsDev/install/launch_testing_examples:/home/nakarin/RoboticsDev/install/examples_rclpy_pointcloud_publisher:/home/nakarin/RoboticsDev/install/examples_rclpy_minimal_subscriber:/home/nakarin/RoboticsDev/install/examples_rclpy_minimal_service:/home/nakarin/RoboticsDev/install/examples_rclpy_minimal_publisher:/home/nakarin/RoboticsDev/install/examples_rclpy_minimal_client:/home/nakarin/RoboticsDev/install/examples_rclpy_minimal_action_server:/home/nakarin/RoboticsDev/install/examples_rclpy_minimal_action_client:/home/nakarin/RoboticsDev/install/examples_rclpy_guard_conditions:/home/nakarin/RoboticsDev/install/examples_rclpy_executors:/opt/ros/humble /usr/bin/cmake --build /home/nakarin/RoboticsDev/build/lab1 -- -j8 -l8
[2.612s] Invoking command in '/home/nakarin/RoboticsDev/build/lab1': CMAKE_PREFIX_PATH=${CMAKE_PREFIX_PATH}:/home/nakarin/RoboticsDev/install/launch_testing_examples:/home/nakarin/RoboticsDev/install/examples_rclpy_pointcloud_publisher:/home/nakarin/RoboticsDev/install/examples_rclpy_minimal_subscriber:/home/nakarin/RoboticsDev/install/examples_rclpy_minimal_service:/home/nakarin/RoboticsDev/install/examples_rclpy_minimal_publisher:/home/nakarin/RoboticsDev/install/examples_rclpy_minimal_client:/home/nakarin/RoboticsDev/install/examples_rclpy_minimal_action_server:/home/nakarin/RoboticsDev/install/examples_rclpy_minimal_action_client:/home/nakarin/RoboticsDev/install/examples_rclpy_guard_conditions:/home/nakarin/RoboticsDev/install/examples_rclpy_executors:/opt/ros/humble /usr/bin/cmake --install /home/nakarin/RoboticsDev/build/lab1
[2.621s] -- Install configuration: ""
[2.621s] -- Installing: /home/nakarin/RoboticsDev/install/lab1/share/lab1/environment/pythonpath.sh
[2.621s] -- Installing: /home/nakarin/RoboticsDev/install/lab1/share/lab1/environment/pythonpath.dsv
[2.621s] -- Installing: /home/nakarin/RoboticsDev/install/lab1/local/lib/python3.10/dist-packages/lab1-0.0.0-py3.10.egg-info
[2.621s] -- Installing: /home/nakarin/RoboticsDev/install/lab1/local/lib/python3.10/dist-packages/lab1-0.0.0-py3.10.egg-info/dependency_links.txt
[2.622s] -- Installing: /home/nakarin/RoboticsDev/install/lab1/local/lib/python3.10/dist-packages/lab1-0.0.0-py3.10.egg-info/SOURCES.txt
[2.622s] -- Installing: /home/nakarin/RoboticsDev/install/lab1/local/lib/python3.10/dist-packages/lab1-0.0.0-py3.10.egg-info/PKG-INFO
[2.622s] -- Installing: /home/nakarin/RoboticsDev/install/lab1/local/lib/python3.10/dist-packages/lab1-0.0.0-py3.10.egg-info/top_level.txt
[2.622s] -- Installing: /home/nakarin/RoboticsDev/install/lab1/local/lib/python3.10/dist-packages/lab1
[2.622s] -- Installing: /home/nakarin/RoboticsDev/install/lab1/local/lib/python3.10/dist-packages/lab1/__init__.py
[2.622s] -- Installing: /home/nakarin/RoboticsDev/install/lab1/local/lib/python3.10/dist-packages/lab1/dummy_module.py
[2.675s] Listing '/home/nakarin/RoboticsDev/install/lab1/local/lib/python3.10/dist-packages/lab1'...
[2.675s] Compiling '/home/nakarin/RoboticsDev/install/lab1/local/lib/python3.10/dist-packages/lab1/__init__.py'...
[2.675s] Compiling '/home/nakarin/RoboticsDev/install/lab1/local/lib/python3.10/dist-packages/lab1/dummy_module.py'...
[2.680s] -- Installing: /home/nakarin/RoboticsDev/install/lab1/lib/lab1/dummy_script.py
[2.680s] -- Installing: /home/nakarin/RoboticsDev/install/lab1/lib/lab1/cpp_node_test
[2.681s] -- Set runtime path of "/home/nakarin/RoboticsDev/install/lab1/lib/lab1/cpp_node_test" to ""
[2.681s] -- Up-to-date: /home/nakarin/RoboticsDev/install/lab1/share/lab1
[2.681s] -- Installing: /home/nakarin/RoboticsDev/install/lab1/share/ament_index/resource_index/package_run_dependencies/lab1
[2.681s] -- Installing: /home/nakarin/RoboticsDev/install/lab1/share/ament_index/resource_index/parent_prefix_path/lab1
[2.682s] -- Installing: /home/nakarin/RoboticsDev/install/lab1/share/lab1/environment/ament_prefix_path.sh
[2.682s] -- Installing: /home/nakarin/RoboticsDev/install/lab1/share/lab1/environment/ament_prefix_path.dsv
[2.682s] -- Installing: /home/nakarin/RoboticsDev/install/lab1/share/lab1/environment/path.sh
[2.682s] -- Installing: /home/nakarin/RoboticsDev/install/lab1/share/lab1/environment/path.dsv
[2.682s] -- Installing: /home/nakarin/RoboticsDev/install/lab1/share/lab1/local_setup.bash
[2.682s] -- Installing: /home/nakarin/RoboticsDev/install/lab1/share/lab1/local_setup.sh
[2.682s] -- Installing: /home/nakarin/RoboticsDev/install/lab1/share/lab1/local_setup.zsh
[2.683s] -- Installing: /home/nakarin/RoboticsDev/install/lab1/share/lab1/local_setup.dsv
[2.683s] -- Installing: /home/nakarin/RoboticsDev/install/lab1/share/lab1/package.dsv
[2.683s] -- Installing: /home/nakarin/RoboticsDev/install/lab1/share/ament_index/resource_index/packages/lab1
[2.683s] -- Installing: /home/nakarin/RoboticsDev/install/lab1/share/lab1/cmake/lab1Config.cmake
[2.683s] -- Installing: /home/nakarin/RoboticsDev/install/lab1/share/lab1/cmake/lab1Config-version.cmake
[2.683s] -- Installing: /home/nakarin/RoboticsDev/install/lab1/share/lab1/package.xml
[2.687s] Invoked command in '/home/nakarin/RoboticsDev/build/lab1' returned '0': CMAKE_PREFIX_PATH=${CMAKE_PREFIX_PATH}:/home/nakarin/RoboticsDev/install/launch_testing_examples:/home/nakarin/RoboticsDev/install/examples_rclpy_pointcloud_publisher:/home/nakarin/RoboticsDev/install/examples_rclpy_minimal_subscriber:/home/nakarin/RoboticsDev/install/examples_rclpy_minimal_service:/home/nakarin/RoboticsDev/install/examples_rclpy_minimal_publisher:/home/nakarin/RoboticsDev/install/examples_rclpy_minimal_client:/home/nakarin/RoboticsDev/install/examples_rclpy_minimal_action_server:/home/nakarin/RoboticsDev/install/examples_rclpy_minimal_action_client:/home/nakarin/RoboticsDev/install/examples_rclpy_guard_conditions:/home/nakarin/RoboticsDev/install/examples_rclpy_executors:/opt/ros/humble /usr/bin/cmake --install /home/nakarin/RoboticsDev/build/lab1
