[0.040s] Invoking command in '/home/nakarin/RoboticsDev/build/examples_rclcpp_async_client': CMAKE_PREFIX_PATH=${CMAKE_PREFIX_PATH}:/home/nakarin/RoboticsDev/install/launch_testing_examples:/home/nakarin/RoboticsDev/install/examples_rclpy_pointcloud_publisher:/home/nakarin/RoboticsDev/install/examples_rclpy_minimal_subscriber:/home/nakarin/RoboticsDev/install/examples_rclpy_minimal_service:/home/nakarin/RoboticsDev/install/examples_rclpy_minimal_publisher:/home/nakarin/RoboticsDev/install/examples_rclpy_minimal_client:/home/nakarin/RoboticsDev/install/examples_rclpy_minimal_action_server:/home/nakarin/RoboticsDev/install/examples_rclpy_minimal_action_client:/home/nakarin/RoboticsDev/install/examples_rclpy_guard_conditions:/home/nakarin/RoboticsDev/install/examples_rclpy_executors:/opt/ros/humble /usr/bin/cmake --build /home/nakarin/RoboticsDev/build/examples_rclcpp_async_client -- -j8 -l8
[0.120s] [100%] Built target client_main
[0.143s] Invoked command in '/home/nakarin/RoboticsDev/build/examples_rclcpp_async_client' returned '0': CMAKE_PREFIX_PATH=${CMAKE_PREFIX_PATH}:/home/nakarin/RoboticsDev/install/launch_testing_examples:/home/nakarin/RoboticsDev/install/examples_rclpy_pointcloud_publisher:/home/nakarin/RoboticsDev/install/examples_rclpy_minimal_subscriber:/home/nakarin/RoboticsDev/install/examples_rclpy_minimal_service:/home/nakarin/RoboticsDev/install/examples_rclpy_minimal_publisher:/home/nakarin/RoboticsDev/install/examples_rclpy_minimal_client:/home/nakarin/RoboticsDev/install/examples_rclpy_minimal_action_server:/home/nakarin/RoboticsDev/install/examples_rclpy_minimal_action_client:/home/nakarin/RoboticsDev/install/examples_rclpy_guard_conditions:/home/nakarin/RoboticsDev/install/examples_rclpy_executors:/opt/ros/humble /usr/bin/cmake --build /home/nakarin/RoboticsDev/build/examples_rclcpp_async_client -- -j8 -l8
[0.228s] Invoking command in '/home/nakarin/RoboticsDev/build/examples_rclcpp_async_client': CMAKE_PREFIX_PATH=${CMAKE_PREFIX_PATH}:/home/nakarin/RoboticsDev/install/launch_testing_examples:/home/nakarin/RoboticsDev/install/examples_rclpy_pointcloud_publisher:/home/nakarin/RoboticsDev/install/examples_rclpy_minimal_subscriber:/home/nakarin/RoboticsDev/install/examples_rclpy_minimal_service:/home/nakarin/RoboticsDev/install/examples_rclpy_minimal_publisher:/home/nakarin/RoboticsDev/install/examples_rclpy_minimal_client:/home/nakarin/RoboticsDev/install/examples_rclpy_minimal_action_server:/home/nakarin/RoboticsDev/install/examples_rclpy_minimal_action_client:/home/nakarin/RoboticsDev/install/examples_rclpy_guard_conditions:/home/nakarin/RoboticsDev/install/examples_rclpy_executors:/opt/ros/humble /usr/bin/cmake --install /home/nakarin/RoboticsDev/build/examples_rclcpp_async_client
[0.237s] -- Install configuration: ""
[0.241s] -- Up-to-date: /home/nakarin/RoboticsDev/install/examples_rclcpp_async_client/lib/examples_rclcpp_async_client/client_main
[0.242s] -- Up-to-date: /home/nakarin/RoboticsDev/install/examples_rclcpp_async_client/share/ament_index/resource_index/package_run_dependencies/examples_rclcpp_async_client
[0.242s] -- Up-to-date: /home/nakarin/RoboticsDev/install/examples_rclcpp_async_client/share/ament_index/resource_index/parent_prefix_path/examples_rclcpp_async_client
[0.242s] -- Up-to-date: /home/nakarin/RoboticsDev/install/examples_rclcpp_async_client/share/examples_rclcpp_async_client/environment/ament_prefix_path.sh
[0.244s] -- Up-to-date: /home/nakarin/RoboticsDev/install/examples_rclcpp_async_client/share/examples_rclcpp_async_client/environment/ament_prefix_path.dsv
[0.244s] -- Up-to-date: /home/nakarin/RoboticsDev/install/examples_rclcpp_async_client/share/examples_rclcpp_async_client/environment/path.sh
[0.244s] -- Up-to-date: /home/nakarin/RoboticsDev/install/examples_rclcpp_async_client/share/examples_rclcpp_async_client/environment/path.dsv
[0.244s] -- Up-to-date: /home/nakarin/RoboticsDev/install/examples_rclcpp_async_client/share/examples_rclcpp_async_client/local_setup.bash
[0.245s] -- Up-to-date: /home/nakarin/RoboticsDev/install/examples_rclcpp_async_client/share/examples_rclcpp_async_client/local_setup.sh
[0.245s] -- Up-to-date: /home/nakarin/RoboticsDev/install/examples_rclcpp_async_client/share/examples_rclcpp_async_client/local_setup.zsh
[0.245s] -- Up-to-date: /home/nakarin/RoboticsDev/install/examples_rclcpp_async_client/share/examples_rclcpp_async_client/local_setup.dsv
[0.245s] -- Installing: /home/nakarin/RoboticsDev/install/examples_rclcpp_async_client/share/examples_rclcpp_async_client/package.dsv
[0.245s] -- Up-to-date: /home/nakarin/RoboticsDev/install/examples_rclcpp_async_client/share/ament_index/resource_index/packages/examples_rclcpp_async_client
[0.245s] -- Up-to-date: /home/nakarin/RoboticsDev/install/examples_rclcpp_async_client/share/examples_rclcpp_async_client/cmake/examples_rclcpp_async_clientConfig.cmake
[0.246s] -- Up-to-date: /home/nakarin/RoboticsDev/install/examples_rclcpp_async_client/share/examples_rclcpp_async_client/cmake/examples_rclcpp_async_clientConfig-version.cmake
[0.246s] -- Up-to-date: /home/nakarin/RoboticsDev/install/examples_rclcpp_async_client/share/examples_rclcpp_async_client/package.xml
[0.257s] Invoked command in '/home/nakarin/RoboticsDev/build/examples_rclcpp_async_client' returned '0': CMAKE_PREFIX_PATH=${CMAKE_PREFIX_PATH}:/home/nakarin/RoboticsDev/install/launch_testing_examples:/home/nakarin/RoboticsDev/install/examples_rclpy_pointcloud_publisher:/home/nakarin/RoboticsDev/install/examples_rclpy_minimal_subscriber:/home/nakarin/RoboticsDev/install/examples_rclpy_minimal_service:/home/nakarin/RoboticsDev/install/examples_rclpy_minimal_publisher:/home/nakarin/RoboticsDev/install/examples_rclpy_minimal_client:/home/nakarin/RoboticsDev/install/examples_rclpy_minimal_action_server:/home/nakarin/RoboticsDev/install/examples_rclpy_minimal_action_client:/home/nakarin/RoboticsDev/install/examples_rclpy_guard_conditions:/home/nakarin/RoboticsDev/install/examples_rclpy_executors:/opt/ros/humble /usr/bin/cmake --install /home/nakarin/RoboticsDev/build/examples_rclcpp_async_client
