[1.393s] Invoking command in '/home/nakarin/RoboticsDev/src/examples/rclpy/topics/minimal_publisher': PYTHONPATH=/home/nakarin/RoboticsDev/build/examples_rclpy_minimal_publisher/prefix_override:/usr/lib/python3/dist-packages/colcon_core/task/python/colcon_distutils_commands:/home/nakarin/RoboticsDev/install/examples_rclpy_minimal_publisher/lib/python3.10/site-packages:${PYTHONPATH} /usr/bin/python3 -W ignore:setup.py install is deprecated setup.py egg_info --egg-base ../../../../../build/examples_rclpy_minimal_publisher build --build-base /home/nakarin/RoboticsDev/build/examples_rclpy_minimal_publisher/build install --record /home/nakarin/RoboticsDev/build/examples_rclpy_minimal_publisher/install.log --single-version-externally-managed install_data
[1.658s] running egg_info
[1.659s] writing ../../../../../build/examples_rclpy_minimal_publisher/examples_rclpy_minimal_publisher.egg-info/PKG-INFO
[1.660s] writing dependency_links to ../../../../../build/examples_rclpy_minimal_publisher/examples_rclpy_minimal_publisher.egg-info/dependency_links.txt
[1.660s] writing entry points to ../../../../../build/examples_rclpy_minimal_publisher/examples_rclpy_minimal_publisher.egg-info/entry_points.txt
[1.660s] writing requirements to ../../../../../build/examples_rclpy_minimal_publisher/examples_rclpy_minimal_publisher.egg-info/requires.txt
[1.660s] writing top-level names to ../../../../../build/examples_rclpy_minimal_publisher/examples_rclpy_minimal_publisher.egg-info/top_level.txt
[1.662s] reading manifest file '../../../../../build/examples_rclpy_minimal_publisher/examples_rclpy_minimal_publisher.egg-info/SOURCES.txt'
[1.664s] writing manifest file '../../../../../build/examples_rclpy_minimal_publisher/examples_rclpy_minimal_publisher.egg-info/SOURCES.txt'
[1.664s] running build
[1.664s] running build_py
[1.664s] running install
[1.664s] running install_lib
[1.666s] running install_data
[1.666s] running install_egg_info
[1.668s] removing '/home/nakarin/RoboticsDev/install/examples_rclpy_minimal_publisher/lib/python3.10/site-packages/examples_rclpy_minimal_publisher-0.15.2-py3.10.egg-info' (and everything under it)
[1.669s] Copying ../../../../../build/examples_rclpy_minimal_publisher/examples_rclpy_minimal_publisher.egg-info to /home/nakarin/RoboticsDev/install/examples_rclpy_minimal_publisher/lib/python3.10/site-packages/examples_rclpy_minimal_publisher-0.15.2-py3.10.egg-info
[1.669s] running install_scripts
[1.694s] Installing publisher_local_function script to /home/nakarin/RoboticsDev/install/examples_rclpy_minimal_publisher/lib/examples_rclpy_minimal_publisher
[1.694s] Installing publisher_member_function script to /home/nakarin/RoboticsDev/install/examples_rclpy_minimal_publisher/lib/examples_rclpy_minimal_publisher
[1.694s] Installing publisher_old_school script to /home/nakarin/RoboticsDev/install/examples_rclpy_minimal_publisher/lib/examples_rclpy_minimal_publisher
[1.695s] writing list of installed files to '/home/nakarin/RoboticsDev/build/examples_rclpy_minimal_publisher/install.log'
[2.173s] Invoked command in '/home/nakarin/RoboticsDev/src/examples/rclpy/topics/minimal_publisher' returned '0': PYTHONPATH=/home/nakarin/RoboticsDev/build/examples_rclpy_minimal_publisher/prefix_override:/usr/lib/python3/dist-packages/colcon_core/task/python/colcon_distutils_commands:/home/nakarin/RoboticsDev/install/examples_rclpy_minimal_publisher/lib/python3.10/site-packages:${PYTHONPATH} /usr/bin/python3 -W ignore:setup.py install is deprecated setup.py egg_info --egg-base ../../../../../build/examples_rclpy_minimal_publisher build --build-base /home/nakarin/RoboticsDev/build/examples_rclpy_minimal_publisher/build install --record /home/nakarin/RoboticsDev/build/examples_rclpy_minimal_publisher/install.log --single-version-externally-managed install_data
