[0.039s] Invoking command in '/home/nakarin/RoboticsDev/build/examples_rclcpp_async_client': CMAKE_PREFIX_PATH=${CMAKE_PREFIX_PATH}:/opt/ros/humble /usr/bin/cmake /home/nakarin/RoboticsDev/src/examples/rclcpp/services/async_client -DCMAKE_INSTALL_PREFIX=/home/nakarin/RoboticsDev/install/examples_rclcpp_async_client
[0.124s] -- The C compiler identification is GNU 11.4.0
[0.235s] -- The CXX compiler identification is GNU 11.4.0
[0.255s] -- Detecting C compiler ABI info
[0.385s] -- Detecting C compiler ABI info - done
[0.408s] -- Check for working C compiler: /usr/bin/cc - skipped
[0.409s] -- Detecting C compile features
[0.409s] -- Detecting C compile features - done
[0.412s] -- Detecting CXX compiler ABI info
[0.559s] -- Detecting CXX compiler ABI info - done
[0.584s] -- Check for working CXX compiler: /usr/bin/c++ - skipped
[0.585s] -- Detecting CXX compile features
[0.585s] -- Detecting CXX compile features - done
[0.591s] -- Found ament_cmake: 1.3.10 (/opt/ros/humble/share/ament_cmake/cmake)
[0.915s] -- Found Python3: /usr/bin/python3 (found version "3.10.12") found components: Interpreter 
[1.065s] -- Found example_interfaces: 0.9.3 (/opt/ros/humble/share/example_interfaces/cmake)
[1.125s] -- Found rosidl_generator_c: 3.1.5 (/opt/ros/humble/share/rosidl_generator_c/cmake)
[1.135s] -- Found rosidl_adapter: 3.1.5 (/opt/ros/humble/share/rosidl_adapter/cmake)
[1.149s] -- Found rosidl_generator_cpp: 3.1.5 (/opt/ros/humble/share/rosidl_generator_cpp/cmake)
[1.172s] -- Using all available rosidl_typesupport_c: rosidl_typesupport_fastrtps_c;rosidl_typesupport_introspection_c
[1.203s] -- Using all available rosidl_typesupport_cpp: rosidl_typesupport_fastrtps_cpp;rosidl_typesupport_introspection_cpp
[1.310s] -- Found rclcpp: 16.0.10 (/opt/ros/humble/share/rclcpp/cmake)
[1.372s] -- Found rmw_implementation_cmake: 6.1.2 (/opt/ros/humble/share/rmw_implementation_cmake/cmake)
[1.378s] -- Found rmw_fastrtps_cpp: 6.2.7 (/opt/ros/humble/share/rmw_fastrtps_cpp/cmake)
[1.543s] -- Found OpenSSL: /usr/lib/x86_64-linux-gnu/libcrypto.so (found version "3.0.2")  
[1.591s] -- Found FastRTPS: /opt/ros/humble/include  
[1.681s] -- Using RMW implementation 'rmw_fastrtps_cpp' as default
[1.695s] -- Looking for pthread.h
[1.825s] -- Looking for pthread.h - found
[1.825s] -- Performing Test CMAKE_HAVE_LIBC_PTHREAD
[1.965s] -- Performing Test CMAKE_HAVE_LIBC_PTHREAD - Success
[1.971s] -- Found Threads: TRUE  
[2.082s] -- Found ament_lint_auto: 0.12.11 (/opt/ros/humble/share/ament_lint_auto/cmake)
[2.288s] -- Added test 'copyright' to check source files copyright and LICENSE
[2.288s] -- Added test 'cppcheck' to perform static code analysis on C / C++ code
[2.288s] -- Configured cppcheck include dirs: 
[2.288s] -- Configured cppcheck exclude dirs and/or files: 
[2.289s] -- Added test 'cpplint' to check C / C++ code against the Google style
[2.289s] -- Configured cpplint exclude dirs and/or files: 
[2.293s] -- Added test 'lint_cmake' to check CMake code style
[2.293s] -- Added test 'uncrustify' to check C / C++ code style
[2.293s] -- Configured uncrustify additional arguments: 
[2.294s] -- Added test 'xmllint' to check XML markup files
[2.294s] -- Configuring done
[2.308s] -- Generating done
[2.311s] -- Build files have been written to: /home/nakarin/RoboticsDev/build/examples_rclcpp_async_client
[2.330s] Invoked command in '/home/nakarin/RoboticsDev/build/examples_rclcpp_async_client' returned '0': CMAKE_PREFIX_PATH=${CMAKE_PREFIX_PATH}:/opt/ros/humble /usr/bin/cmake /home/nakarin/RoboticsDev/src/examples/rclcpp/services/async_client -DCMAKE_INSTALL_PREFIX=/home/nakarin/RoboticsDev/install/examples_rclcpp_async_client
[2.344s] Invoking command in '/home/nakarin/RoboticsDev/build/examples_rclcpp_async_client': CMAKE_PREFIX_PATH=${CMAKE_PREFIX_PATH}:/opt/ros/humble /usr/bin/cmake --build /home/nakarin/RoboticsDev/build/examples_rclcpp_async_client -- -j8 -l8
[2.601s] [ 50%] [32mBuilding CXX object CMakeFiles/client_main.dir/main.cpp.o[0m
[26.224s] [100%] [32m[1mLinking CXX executable client_main[0m
[26.693s] [100%] Built target client_main
[26.760s] Invoked command in '/home/nakarin/RoboticsDev/build/examples_rclcpp_async_client' returned '0': CMAKE_PREFIX_PATH=${CMAKE_PREFIX_PATH}:/opt/ros/humble /usr/bin/cmake --build /home/nakarin/RoboticsDev/build/examples_rclcpp_async_client -- -j8 -l8
[26.870s] Invoking command in '/home/nakarin/RoboticsDev/build/examples_rclcpp_async_client': CMAKE_PREFIX_PATH=${CMAKE_PREFIX_PATH}:/opt/ros/humble /usr/bin/cmake --install /home/nakarin/RoboticsDev/build/examples_rclcpp_async_client
[26.888s] -- Install configuration: ""
[26.888s] -- Installing: /home/nakarin/RoboticsDev/install/examples_rclcpp_async_client/lib/examples_rclcpp_async_client/client_main
[26.899s] -- Set runtime path of "/home/nakarin/RoboticsDev/install/examples_rclcpp_async_client/lib/examples_rclcpp_async_client/client_main" to ""
[26.899s] -- Installing: /home/nakarin/RoboticsDev/install/examples_rclcpp_async_client/share/ament_index/resource_index/package_run_dependencies/examples_rclcpp_async_client
[26.899s] -- Installing: /home/nakarin/RoboticsDev/install/examples_rclcpp_async_client/share/ament_index/resource_index/parent_prefix_path/examples_rclcpp_async_client
[26.900s] -- Installing: /home/nakarin/RoboticsDev/install/examples_rclcpp_async_client/share/examples_rclcpp_async_client/environment/ament_prefix_path.sh
[26.900s] -- Installing: /home/nakarin/RoboticsDev/install/examples_rclcpp_async_client/share/examples_rclcpp_async_client/environment/ament_prefix_path.dsv
[26.903s] -- Installing: /home/nakarin/RoboticsDev/install/examples_rclcpp_async_client/share/examples_rclcpp_async_client/environment/path.sh
[26.903s] -- Installing: /home/nakarin/RoboticsDev/install/examples_rclcpp_async_client/share/examples_rclcpp_async_client/environment/path.dsv
[26.903s] -- Installing: /home/nakarin/RoboticsDev/install/examples_rclcpp_async_client/share/examples_rclcpp_async_client/local_setup.bash
[26.903s] -- Installing: /home/nakarin/RoboticsDev/install/examples_rclcpp_async_client/share/examples_rclcpp_async_client/local_setup.sh
[26.903s] -- Installing: /home/nakarin/RoboticsDev/install/examples_rclcpp_async_client/share/examples_rclcpp_async_client/local_setup.zsh
[26.904s] -- Installing: /home/nakarin/RoboticsDev/install/examples_rclcpp_async_client/share/examples_rclcpp_async_client/local_setup.dsv
[26.904s] -- Installing: /home/nakarin/RoboticsDev/install/examples_rclcpp_async_client/share/examples_rclcpp_async_client/package.dsv
[26.904s] -- Installing: /home/nakarin/RoboticsDev/install/examples_rclcpp_async_client/share/ament_index/resource_index/packages/examples_rclcpp_async_client
[26.904s] -- Installing: /home/nakarin/RoboticsDev/install/examples_rclcpp_async_client/share/examples_rclcpp_async_client/cmake/examples_rclcpp_async_clientConfig.cmake
[26.904s] -- Installing: /home/nakarin/RoboticsDev/install/examples_rclcpp_async_client/share/examples_rclcpp_async_client/cmake/examples_rclcpp_async_clientConfig-version.cmake
[26.904s] -- Installing: /home/nakarin/RoboticsDev/install/examples_rclcpp_async_client/share/examples_rclcpp_async_client/package.xml
[26.910s] Invoked command in '/home/nakarin/RoboticsDev/build/examples_rclcpp_async_client' returned '0': CMAKE_PREFIX_PATH=${CMAKE_PREFIX_PATH}:/opt/ros/humble /usr/bin/cmake --install /home/nakarin/RoboticsDev/build/examples_rclcpp_async_client
