[1.230s] Invoking command in '/home/nakarin/RoboticsDev/src/examples/rclpy/guard_conditions': PYTHONPATH=/home/nakarin/RoboticsDev/build/examples_rclpy_guard_conditions/prefix_override:/usr/lib/python3/dist-packages/colcon_core/task/python/colcon_distutils_commands:/home/nakarin/RoboticsDev/install/examples_rclpy_guard_conditions/lib/python3.10/site-packages:${PYTHONPATH} /usr/bin/python3 -W ignore:setup.py install is deprecated setup.py egg_info --egg-base ../../../../build/examples_rclpy_guard_conditions build --build-base /home/nakarin/RoboticsDev/build/examples_rclpy_guard_conditions/build install --record /home/nakarin/RoboticsDev/build/examples_rclpy_guard_conditions/install.log --single-version-externally-managed install_data
[1.537s] running egg_info
[1.538s] writing ../../../../build/examples_rclpy_guard_conditions/examples_rclpy_guard_conditions.egg-info/PKG-INFO
[1.538s] writing dependency_links to ../../../../build/examples_rclpy_guard_conditions/examples_rclpy_guard_conditions.egg-info/dependency_links.txt
[1.538s] writing entry points to ../../../../build/examples_rclpy_guard_conditions/examples_rclpy_guard_conditions.egg-info/entry_points.txt
[1.539s] writing requirements to ../../../../build/examples_rclpy_guard_conditions/examples_rclpy_guard_conditions.egg-info/requires.txt
[1.539s] writing top-level names to ../../../../build/examples_rclpy_guard_conditions/examples_rclpy_guard_conditions.egg-info/top_level.txt
[1.541s] reading manifest file '../../../../build/examples_rclpy_guard_conditions/examples_rclpy_guard_conditions.egg-info/SOURCES.txt'
[1.542s] writing manifest file '../../../../build/examples_rclpy_guard_conditions/examples_rclpy_guard_conditions.egg-info/SOURCES.txt'
[1.542s] running build
[1.542s] running build_py
[1.542s] running install
[1.542s] running install_lib
[1.544s] running install_data
[1.544s] running install_egg_info
[1.546s] removing '/home/nakarin/RoboticsDev/install/examples_rclpy_guard_conditions/lib/python3.10/site-packages/examples_rclpy_guard_conditions-0.15.2-py3.10.egg-info' (and everything under it)
[1.546s] Copying ../../../../build/examples_rclpy_guard_conditions/examples_rclpy_guard_conditions.egg-info to /home/nakarin/RoboticsDev/install/examples_rclpy_guard_conditions/lib/python3.10/site-packages/examples_rclpy_guard_conditions-0.15.2-py3.10.egg-info
[1.547s] running install_scripts
[1.571s] Installing trigger_guard_condition script to /home/nakarin/RoboticsDev/install/examples_rclpy_guard_conditions/lib/examples_rclpy_guard_conditions
[1.571s] writing list of installed files to '/home/nakarin/RoboticsDev/build/examples_rclpy_guard_conditions/install.log'
[1.669s] Invoked command in '/home/nakarin/RoboticsDev/src/examples/rclpy/guard_conditions' returned '0': PYTHONPATH=/home/nakarin/RoboticsDev/build/examples_rclpy_guard_conditions/prefix_override:/usr/lib/python3/dist-packages/colcon_core/task/python/colcon_distutils_commands:/home/nakarin/RoboticsDev/install/examples_rclpy_guard_conditions/lib/python3.10/site-packages:${PYTHONPATH} /usr/bin/python3 -W ignore:setup.py install is deprecated setup.py egg_info --egg-base ../../../../build/examples_rclpy_guard_conditions build --build-base /home/nakarin/RoboticsDev/build/examples_rclpy_guard_conditions/build install --record /home/nakarin/RoboticsDev/build/examples_rclpy_guard_conditions/install.log --single-version-externally-managed install_data
