[0.028s] Invoking command in '/home/nakarin/RoboticsDev/build/examples_rclcpp_async_client': CMAKE_PREFIX_PATH=/opt/ros/humble /usr/bin/cmake --build /home/nakarin/RoboticsDev/build/examples_rclcpp_async_client -- -j8 -l8
[0.100s] [100%] Built target client_main
[0.128s] Invoked command in '/home/nakarin/RoboticsDev/build/examples_rclcpp_async_client' returned '0': CMAKE_PREFIX_PATH=/opt/ros/humble /usr/bin/cmake --build /home/nakarin/RoboticsDev/build/examples_rclcpp_async_client -- -j8 -l8
[0.188s] Invoking command in '/home/nakarin/RoboticsDev/build/examples_rclcpp_async_client': CMAKE_PREFIX_PATH=/opt/ros/humble /usr/bin/cmake --install /home/nakarin/RoboticsDev/build/examples_rclcpp_async_client
[0.197s] -- Install configuration: ""
[0.197s] -- Up-to-date: /home/nakarin/RoboticsDev/install/examples_rclcpp_async_client/lib/examples_rclcpp_async_client/client_main
[0.197s] -- Up-to-date: /home/nakarin/RoboticsDev/install/examples_rclcpp_async_client/share/ament_index/resource_index/package_run_dependencies/examples_rclcpp_async_client
[0.197s] -- Up-to-date: /home/nakarin/RoboticsDev/install/examples_rclcpp_async_client/share/ament_index/resource_index/parent_prefix_path/examples_rclcpp_async_client
[0.198s] -- Up-to-date: /home/nakarin/RoboticsDev/install/examples_rclcpp_async_client/share/examples_rclcpp_async_client/environment/ament_prefix_path.sh
[0.198s] -- Up-to-date: /home/nakarin/RoboticsDev/install/examples_rclcpp_async_client/share/examples_rclcpp_async_client/environment/ament_prefix_path.dsv
[0.198s] -- Up-to-date: /home/nakarin/RoboticsDev/install/examples_rclcpp_async_client/share/examples_rclcpp_async_client/environment/path.sh
[0.199s] -- Up-to-date: /home/nakarin/RoboticsDev/install/examples_rclcpp_async_client/share/examples_rclcpp_async_client/environment/path.dsv
[0.199s] -- Up-to-date: /home/nakarin/RoboticsDev/install/examples_rclcpp_async_client/share/examples_rclcpp_async_client/local_setup.bash
[0.199s] -- Up-to-date: /home/nakarin/RoboticsDev/install/examples_rclcpp_async_client/share/examples_rclcpp_async_client/local_setup.sh
[0.199s] -- Up-to-date: /home/nakarin/RoboticsDev/install/examples_rclcpp_async_client/share/examples_rclcpp_async_client/local_setup.zsh
[0.199s] -- Up-to-date: /home/nakarin/RoboticsDev/install/examples_rclcpp_async_client/share/examples_rclcpp_async_client/local_setup.dsv
[0.199s] -- Installing: /home/nakarin/RoboticsDev/install/examples_rclcpp_async_client/share/examples_rclcpp_async_client/package.dsv
[0.200s] -- Up-to-date: /home/nakarin/RoboticsDev/install/examples_rclcpp_async_client/share/ament_index/resource_index/packages/examples_rclcpp_async_client
[0.200s] -- Up-to-date: /home/nakarin/RoboticsDev/install/examples_rclcpp_async_client/share/examples_rclcpp_async_client/cmake/examples_rclcpp_async_clientConfig.cmake
[0.200s] -- Up-to-date: /home/nakarin/RoboticsDev/install/examples_rclcpp_async_client/share/examples_rclcpp_async_client/cmake/examples_rclcpp_async_clientConfig-version.cmake
[0.200s] -- Up-to-date: /home/nakarin/RoboticsDev/install/examples_rclcpp_async_client/share/examples_rclcpp_async_client/package.xml
[0.204s] Invoked command in '/home/nakarin/RoboticsDev/build/examples_rclcpp_async_client' returned '0': CMAKE_PREFIX_PATH=/opt/ros/humble /usr/bin/cmake --install /home/nakarin/RoboticsDev/build/examples_rclcpp_async_client
