[0.035s] Invoking command in '/home/nakarin/RoboticsDev/build/examples_rclcpp_minimal_composition': CMAKE_PREFIX_PATH=${CMAKE_PREFIX_PATH}:/opt/ros/humble /usr/bin/cmake /home/nakarin/RoboticsDev/src/examples/rclcpp/composition/minimal_composition -DCMAKE_INSTALL_PREFIX=/home/nakarin/RoboticsDev/install/examples_rclcpp_minimal_composition
[0.136s] -- The C compiler identification is GNU 11.4.0
[0.246s] -- The CXX compiler identification is GNU 11.4.0
[0.261s] -- Detecting C compiler ABI info
[0.379s] -- Detecting C compiler ABI info - done
[0.393s] -- Check for working C compiler: /usr/bin/cc - skipped
[0.393s] -- Detecting C compile features
[0.394s] -- Detecting C compile features - done
[0.400s] -- Detecting CXX compiler ABI info
[0.537s] -- Detecting CXX compiler ABI info - done
[0.559s] -- Check for working CXX compiler: /usr/bin/c++ - skipped
[0.559s] -- Detecting CXX compile features
[0.559s] -- Detecting CXX compile features - done
[0.559s] -- Found ament_cmake: 1.3.10 (/opt/ros/humble/share/ament_cmake/cmake)
[0.848s] -- Found Python3: /usr/bin/python3 (found version "3.10.12") found components: Interpreter 
[1.053s] -- Found rclcpp: 16.0.10 (/opt/ros/humble/share/rclcpp/cmake)
[1.140s] -- Found rosidl_generator_c: 3.1.5 (/opt/ros/humble/share/rosidl_generator_c/cmake)
[1.153s] -- Found rosidl_adapter: 3.1.5 (/opt/ros/humble/share/rosidl_adapter/cmake)
[1.169s] -- Found rosidl_generator_cpp: 3.1.5 (/opt/ros/humble/share/rosidl_generator_cpp/cmake)
[1.198s] -- Using all available rosidl_typesupport_c: rosidl_typesupport_fastrtps_c;rosidl_typesupport_introspection_c
[1.235s] -- Using all available rosidl_typesupport_cpp: rosidl_typesupport_fastrtps_cpp;rosidl_typesupport_introspection_cpp
[1.336s] -- Found rmw_implementation_cmake: 6.1.2 (/opt/ros/humble/share/rmw_implementation_cmake/cmake)
[1.343s] -- Found rmw_fastrtps_cpp: 6.2.7 (/opt/ros/humble/share/rmw_fastrtps_cpp/cmake)
[1.516s] -- Found OpenSSL: /usr/lib/x86_64-linux-gnu/libcrypto.so (found version "3.0.2")  
[1.570s] -- Found FastRTPS: /opt/ros/humble/include  
[1.651s] -- Using RMW implementation 'rmw_fastrtps_cpp' as default
[1.664s] -- Looking for pthread.h
[1.812s] -- Looking for pthread.h - found
[1.812s] -- Performing Test CMAKE_HAVE_LIBC_PTHREAD
[1.951s] -- Performing Test CMAKE_HAVE_LIBC_PTHREAD - Success
[1.951s] -- Found Threads: TRUE  
[2.069s] -- Found rclcpp_components: 16.0.10 (/opt/ros/humble/share/rclcpp_components/cmake)
[2.130s] -- Found ament_lint_auto: 0.12.11 (/opt/ros/humble/share/ament_lint_auto/cmake)
[2.280s] -- Added test 'copyright' to check source files copyright and LICENSE
[2.280s] -- Added test 'cppcheck' to perform static code analysis on C / C++ code
[2.281s] -- Configured cppcheck include dirs: /home/nakarin/RoboticsDev/src/examples/rclcpp/composition/minimal_composition/include
[2.282s] -- Configured cppcheck exclude dirs and/or files: 
[2.285s] -- Added test 'cpplint' to check C / C++ code against the Google style
[2.285s] -- Configured cpplint exclude dirs and/or files: 
[2.286s] -- Added test 'lint_cmake' to check CMake code style
[2.288s] -- Added test 'uncrustify' to check C / C++ code style
[2.288s] -- Configured uncrustify additional arguments: 
[2.293s] -- Added test 'xmllint' to check XML markup files
[2.293s] -- Configuring done
[2.352s] -- Generating done
[2.361s] -- Build files have been written to: /home/nakarin/RoboticsDev/build/examples_rclcpp_minimal_composition
[2.450s] Invoked command in '/home/nakarin/RoboticsDev/build/examples_rclcpp_minimal_composition' returned '0': CMAKE_PREFIX_PATH=${CMAKE_PREFIX_PATH}:/opt/ros/humble /usr/bin/cmake /home/nakarin/RoboticsDev/src/examples/rclcpp/composition/minimal_composition -DCMAKE_INSTALL_PREFIX=/home/nakarin/RoboticsDev/install/examples_rclcpp_minimal_composition
[2.451s] Invoking command in '/home/nakarin/RoboticsDev/build/examples_rclcpp_minimal_composition': CMAKE_PREFIX_PATH=${CMAKE_PREFIX_PATH}:/opt/ros/humble /usr/bin/cmake --build /home/nakarin/RoboticsDev/build/examples_rclcpp_minimal_composition -- -j8 -l8
[18.526s] [ 11%] [32mBuilding CXX object CMakeFiles/composition_nodes.dir/src/publisher_node.cpp.o[0m
[18.526s] [ 22%] [32mBuilding CXX object CMakeFiles/composition_nodes.dir/src/subscriber_node.cpp.o[0m
[34.402s] [ 33%] [32m[1mLinking CXX shared library libcomposition_nodes.so[0m
[35.197s] [ 33%] Built target composition_nodes
[35.227s] [ 44%] [32mBuilding CXX object CMakeFiles/composition_publisher.dir/src/standalone_publisher.cpp.o[0m
[40.396s] [ 55%] [32m[1mLinking CXX executable composition_publisher[0m
[40.776s] [ 55%] Built target composition_publisher
[40.803s] [ 66%] [32mBuilding CXX object CMakeFiles/composition_composed.dir/src/composed.cpp.o[0m
[44.918s] [ 77%] [32m[1mLinking CXX executable composition_composed[0m
[45.108s] [ 77%] Built target composition_composed
[45.125s] [ 88%] [32mBuilding CXX object CMakeFiles/composition_subscriber.dir/src/standalone_subscriber.cpp.o[0m
[48.047s] [100%] [32m[1mLinking CXX executable composition_subscriber[0m
[48.242s] [100%] Built target composition_subscriber
[48.255s] Invoked command in '/home/nakarin/RoboticsDev/build/examples_rclcpp_minimal_composition' returned '0': CMAKE_PREFIX_PATH=${CMAKE_PREFIX_PATH}:/opt/ros/humble /usr/bin/cmake --build /home/nakarin/RoboticsDev/build/examples_rclcpp_minimal_composition -- -j8 -l8
[48.282s] Invoking command in '/home/nakarin/RoboticsDev/build/examples_rclcpp_minimal_composition': CMAKE_PREFIX_PATH=${CMAKE_PREFIX_PATH}:/opt/ros/humble /usr/bin/cmake --install /home/nakarin/RoboticsDev/build/examples_rclcpp_minimal_composition
[48.290s] -- Install configuration: ""
[48.290s] -- Installing: /home/nakarin/RoboticsDev/install/examples_rclcpp_minimal_composition/share/examples_rclcpp_minimal_composition/environment/library_path.sh
[48.290s] -- Installing: /home/nakarin/RoboticsDev/install/examples_rclcpp_minimal_composition/share/examples_rclcpp_minimal_composition/environment/library_path.dsv
[48.290s] -- Installing: /home/nakarin/RoboticsDev/install/examples_rclcpp_minimal_composition/lib/libcomposition_nodes.so
[48.295s] -- Set runtime path of "/home/nakarin/RoboticsDev/install/examples_rclcpp_minimal_composition/lib/libcomposition_nodes.so" to ""
[48.295s] -- Installing: /home/nakarin/RoboticsDev/install/examples_rclcpp_minimal_composition/lib/examples_rclcpp_minimal_composition/composition_publisher
[48.295s] -- Set runtime path of "/home/nakarin/RoboticsDev/install/examples_rclcpp_minimal_composition/lib/examples_rclcpp_minimal_composition/composition_publisher" to ""
[48.295s] -- Installing: /home/nakarin/RoboticsDev/install/examples_rclcpp_minimal_composition/lib/examples_rclcpp_minimal_composition/composition_subscriber
[48.295s] -- Set runtime path of "/home/nakarin/RoboticsDev/install/examples_rclcpp_minimal_composition/lib/examples_rclcpp_minimal_composition/composition_subscriber" to ""
[48.296s] -- Installing: /home/nakarin/RoboticsDev/install/examples_rclcpp_minimal_composition/lib/examples_rclcpp_minimal_composition/composition_composed
[48.296s] -- Set runtime path of "/home/nakarin/RoboticsDev/install/examples_rclcpp_minimal_composition/lib/examples_rclcpp_minimal_composition/composition_composed" to ""
[48.296s] -- Installing: /home/nakarin/RoboticsDev/install/examples_rclcpp_minimal_composition/share/ament_index/resource_index/package_run_dependencies/examples_rclcpp_minimal_composition
[48.296s] -- Installing: /home/nakarin/RoboticsDev/install/examples_rclcpp_minimal_composition/share/ament_index/resource_index/parent_prefix_path/examples_rclcpp_minimal_composition
[48.296s] -- Installing: /home/nakarin/RoboticsDev/install/examples_rclcpp_minimal_composition/share/examples_rclcpp_minimal_composition/environment/ament_prefix_path.sh
[48.296s] -- Installing: /home/nakarin/RoboticsDev/install/examples_rclcpp_minimal_composition/share/examples_rclcpp_minimal_composition/environment/ament_prefix_path.dsv
[48.297s] -- Installing: /home/nakarin/RoboticsDev/install/examples_rclcpp_minimal_composition/share/examples_rclcpp_minimal_composition/environment/path.sh
[48.297s] -- Installing: /home/nakarin/RoboticsDev/install/examples_rclcpp_minimal_composition/share/examples_rclcpp_minimal_composition/environment/path.dsv
[48.297s] -- Installing: /home/nakarin/RoboticsDev/install/examples_rclcpp_minimal_composition/share/examples_rclcpp_minimal_composition/local_setup.bash
[48.297s] -- Installing: /home/nakarin/RoboticsDev/install/examples_rclcpp_minimal_composition/share/examples_rclcpp_minimal_composition/local_setup.sh
[48.297s] -- Installing: /home/nakarin/RoboticsDev/install/examples_rclcpp_minimal_composition/share/examples_rclcpp_minimal_composition/local_setup.zsh
[48.297s] -- Installing: /home/nakarin/RoboticsDev/install/examples_rclcpp_minimal_composition/share/examples_rclcpp_minimal_composition/local_setup.dsv
[48.298s] -- Installing: /home/nakarin/RoboticsDev/install/examples_rclcpp_minimal_composition/share/examples_rclcpp_minimal_composition/package.dsv
[48.298s] -- Installing: /home/nakarin/RoboticsDev/install/examples_rclcpp_minimal_composition/share/ament_index/resource_index/packages/examples_rclcpp_minimal_composition
[48.298s] -- Installing: /home/nakarin/RoboticsDev/install/examples_rclcpp_minimal_composition/share/examples_rclcpp_minimal_composition/cmake/examples_rclcpp_minimal_compositionConfig.cmake
[48.298s] -- Installing: /home/nakarin/RoboticsDev/install/examples_rclcpp_minimal_composition/share/examples_rclcpp_minimal_composition/cmake/examples_rclcpp_minimal_compositionConfig-version.cmake
[48.298s] -- Installing: /home/nakarin/RoboticsDev/install/examples_rclcpp_minimal_composition/share/examples_rclcpp_minimal_composition/package.xml
[48.300s] Invoked command in '/home/nakarin/RoboticsDev/build/examples_rclcpp_minimal_composition' returned '0': CMAKE_PREFIX_PATH=${CMAKE_PREFIX_PATH}:/opt/ros/humble /usr/bin/cmake --install /home/nakarin/RoboticsDev/build/examples_rclcpp_minimal_composition
