/home/nakarin/RoboticsDev/install/examples_rclpy_executors/lib/python3.10/site-packages/examples_rclpy_executors/custom_executor.py
/home/nakarin/RoboticsDev/install/examples_rclpy_executors/lib/python3.10/site-packages/examples_rclpy_executors/composed.py
/home/nakarin/RoboticsDev/install/examples_rclpy_executors/lib/python3.10/site-packages/examples_rclpy_executors/__init__.py
/home/nakarin/RoboticsDev/install/examples_rclpy_executors/lib/python3.10/site-packages/examples_rclpy_executors/custom_callback_group.py
/home/nakarin/RoboticsDev/install/examples_rclpy_executors/lib/python3.10/site-packages/examples_rclpy_executors/callback_group.py
/home/nakarin/RoboticsDev/install/examples_rclpy_executors/lib/python3.10/site-packages/examples_rclpy_executors/talker.py
/home/nakarin/RoboticsDev/install/examples_rclpy_executors/lib/python3.10/site-packages/examples_rclpy_executors/listener.py
/home/nakarin/RoboticsDev/install/examples_rclpy_executors/lib/python3.10/site-packages/examples_rclpy_executors/__pycache__/custom_executor.cpython-310.pyc
/home/nakarin/RoboticsDev/install/examples_rclpy_executors/lib/python3.10/site-packages/examples_rclpy_executors/__pycache__/composed.cpython-310.pyc
/home/nakarin/RoboticsDev/install/examples_rclpy_executors/lib/python3.10/site-packages/examples_rclpy_executors/__pycache__/__init__.cpython-310.pyc
/home/nakarin/RoboticsDev/install/examples_rclpy_executors/lib/python3.10/site-packages/examples_rclpy_executors/__pycache__/custom_callback_group.cpython-310.pyc
/home/nakarin/RoboticsDev/install/examples_rclpy_executors/lib/python3.10/site-packages/examples_rclpy_executors/__pycache__/callback_group.cpython-310.pyc
/home/nakarin/RoboticsDev/install/examples_rclpy_executors/lib/python3.10/site-packages/examples_rclpy_executors/__pycache__/talker.cpython-310.pyc
/home/nakarin/RoboticsDev/install/examples_rclpy_executors/lib/python3.10/site-packages/examples_rclpy_executors/__pycache__/listener.cpython-310.pyc
/home/nakarin/RoboticsDev/install/examples_rclpy_executors/share/ament_index/resource_index/packages/examples_rclpy_executors
/home/nakarin/RoboticsDev/install/examples_rclpy_executors/share/examples_rclpy_executors/package.xml
/home/nakarin/RoboticsDev/install/examples_rclpy_executors/lib/python3.10/site-packages/examples_rclpy_executors-0.15.2-py3.10.egg-info/dependency_links.txt
/home/nakarin/RoboticsDev/install/examples_rclpy_executors/lib/python3.10/site-packages/examples_rclpy_executors-0.15.2-py3.10.egg-info/zip-safe
/home/nakarin/RoboticsDev/install/examples_rclpy_executors/lib/python3.10/site-packages/examples_rclpy_executors-0.15.2-py3.10.egg-info/SOURCES.txt
/home/nakarin/RoboticsDev/install/examples_rclpy_executors/lib/python3.10/site-packages/examples_rclpy_executors-0.15.2-py3.10.egg-info/PKG-INFO
/home/nakarin/RoboticsDev/install/examples_rclpy_executors/lib/python3.10/site-packages/examples_rclpy_executors-0.15.2-py3.10.egg-info/top_level.txt
/home/nakarin/RoboticsDev/install/examples_rclpy_executors/lib/python3.10/site-packages/examples_rclpy_executors-0.15.2-py3.10.egg-info/entry_points.txt
/home/nakarin/RoboticsDev/install/examples_rclpy_executors/lib/python3.10/site-packages/examples_rclpy_executors-0.15.2-py3.10.egg-info/requires.txt
/home/nakarin/RoboticsDev/install/examples_rclpy_executors/lib/examples_rclpy_executors/callback_group
/home/nakarin/RoboticsDev/install/examples_rclpy_executors/lib/examples_rclpy_executors/composed
/home/nakarin/RoboticsDev/install/examples_rclpy_executors/lib/examples_rclpy_executors/custom_callback_group
/home/nakarin/RoboticsDev/install/examples_rclpy_executors/lib/examples_rclpy_executors/custom_executor
/home/nakarin/RoboticsDev/install/examples_rclpy_executors/lib/examples_rclpy_executors/listener
/home/nakarin/RoboticsDev/install/examples_rclpy_executors/lib/examples_rclpy_executors/talker
