[0.030s] Invoking command in '/home/nakarin/RoboticsDev/build/examples_rclcpp_wait_set': CMAKE_PREFIX_PATH=${CMAKE_PREFIX_PATH}:/opt/ros/humble /usr/bin/cmake /home/nakarin/RoboticsDev/src/examples/rclcpp/wait_set -DCMAKE_INSTALL_PREFIX=/home/nakarin/RoboticsDev/install/examples_rclcpp_wait_set
[0.160s] -- The C compiler identification is GNU 11.4.0
[0.304s] -- The CXX compiler identification is GNU 11.4.0
[0.324s] -- Detecting C compiler ABI info
[0.446s] -- Detecting C compiler ABI info - done
[0.481s] -- Check for working C compiler: /usr/bin/cc - skipped
[0.481s] -- Detecting C compile features
[0.484s] -- Detecting C compile features - done
[0.492s] -- Detecting CXX compiler ABI info
[0.756s] -- Detecting CXX compiler ABI info - done
[0.784s] -- Check for working CXX compiler: /usr/bin/c++ - skipped
[0.785s] -- Detecting CXX compile features
[0.789s] -- Detecting CXX compile features - done
[0.797s] -- Found ament_cmake: 1.3.10 (/opt/ros/humble/share/ament_cmake/cmake)
[1.242s] -- Found Python3: /usr/bin/python3 (found version "3.10.12") found components: Interpreter 
[1.427s] -- Found example_interfaces: 0.9.3 (/opt/ros/humble/share/example_interfaces/cmake)
[1.518s] -- Found rosidl_generator_c: 3.1.5 (/opt/ros/humble/share/rosidl_generator_c/cmake)
[1.526s] -- Found rosidl_adapter: 3.1.5 (/opt/ros/humble/share/rosidl_adapter/cmake)
[1.540s] -- Found rosidl_generator_cpp: 3.1.5 (/opt/ros/humble/share/rosidl_generator_cpp/cmake)
[1.566s] -- Using all available rosidl_typesupport_c: rosidl_typesupport_fastrtps_c;rosidl_typesupport_introspection_c
[1.594s] -- Using all available rosidl_typesupport_cpp: rosidl_typesupport_fastrtps_cpp;rosidl_typesupport_introspection_cpp
[1.720s] -- Found rclcpp: 16.0.10 (/opt/ros/humble/share/rclcpp/cmake)
[1.827s] -- Found rmw_implementation_cmake: 6.1.2 (/opt/ros/humble/share/rmw_implementation_cmake/cmake)
[1.831s] -- Found rmw_fastrtps_cpp: 6.2.7 (/opt/ros/humble/share/rmw_fastrtps_cpp/cmake)
[2.004s] -- Found OpenSSL: /usr/lib/x86_64-linux-gnu/libcrypto.so (found version "3.0.2")  
[2.075s] -- Found FastRTPS: /opt/ros/humble/include  
[2.198s] -- Using RMW implementation 'rmw_fastrtps_cpp' as default
[2.212s] -- Looking for pthread.h
[2.368s] -- Looking for pthread.h - found
[2.368s] -- Performing Test CMAKE_HAVE_LIBC_PTHREAD
[2.492s] -- Performing Test CMAKE_HAVE_LIBC_PTHREAD - Success
[2.494s] -- Found Threads: TRUE  
[2.623s] -- Found rclcpp_components: 16.0.10 (/opt/ros/humble/share/rclcpp_components/cmake)
[2.703s] -- Found ament_lint_auto: 0.12.11 (/opt/ros/humble/share/ament_lint_auto/cmake)
[2.847s] -- Added test 'copyright' to check source files copyright and LICENSE
[2.849s] -- Added test 'cppcheck' to perform static code analysis on C / C++ code
[2.851s] -- Configured cppcheck include dirs: /home/nakarin/RoboticsDev/src/examples/rclcpp/wait_set/include
[2.851s] -- Configured cppcheck exclude dirs and/or files: 
[2.855s] -- Added test 'cpplint' to check C / C++ code against the Google style
[2.855s] -- Configured cpplint exclude dirs and/or files: 
[2.856s] -- Added test 'lint_cmake' to check CMake code style
[2.858s] -- Added test 'uncrustify' to check C / C++ code style
[2.859s] -- Configured uncrustify additional arguments: 
[2.860s] -- Added test 'xmllint' to check XML markup files
[2.862s] -- Configuring done
[2.937s] -- Generating done
[2.942s] -- Build files have been written to: /home/nakarin/RoboticsDev/build/examples_rclcpp_wait_set
[3.272s] Invoked command in '/home/nakarin/RoboticsDev/build/examples_rclcpp_wait_set' returned '0': CMAKE_PREFIX_PATH=${CMAKE_PREFIX_PATH}:/opt/ros/humble /usr/bin/cmake /home/nakarin/RoboticsDev/src/examples/rclcpp/wait_set -DCMAKE_INSTALL_PREFIX=/home/nakarin/RoboticsDev/install/examples_rclcpp_wait_set
[3.273s] Invoking command in '/home/nakarin/RoboticsDev/build/examples_rclcpp_wait_set': CMAKE_PREFIX_PATH=${CMAKE_PREFIX_PATH}:/opt/ros/humble /usr/bin/cmake --build /home/nakarin/RoboticsDev/build/examples_rclcpp_wait_set -- -j8 -l8
[3.377s] [  4%] [32mBuilding CXX object CMakeFiles/talker.dir/src/talker.cpp.o[0m
[11.529s] [  8%] [32m[1mLinking CXX shared library libtalker.so[0m
[11.839s] [  8%] Built target talker
[11.867s] [ 12%] [32mBuilding CXX object CMakeFiles/wait_set_topics_and_timer.dir/src/wait_set_topics_and_timer.cpp.o[0m
[22.859s] [ 16%] [32m[1mLinking CXX executable wait_set_topics_and_timer[0m
[23.235s] [ 16%] Built target wait_set_topics_and_timer
[23.251s] [ 20%] [32mBuilding CXX object CMakeFiles/wait_set_random_order.dir/src/wait_set_random_order.cpp.o[0m
[32.575s] [ 25%] [32m[1mLinking CXX executable wait_set_random_order[0m
[33.084s] [ 25%] Built target wait_set_random_order
[33.103s] [ 29%] [32mBuilding CXX object CMakeFiles/executor_random_order.dir/src/executor_random_order.cpp.o[0m
[45.150s] [ 33%] [32m[1mLinking CXX executable executor_random_order[0m
[45.737s] [ 33%] Built target executor_random_order
[45.764s] [ 37%] [32mBuilding CXX object CMakeFiles/wait_set_topics_with_different_rates.dir/src/wait_set_topics_with_different_rates.cpp.o[0m
[60.192s] [ 41%] [32m[1mLinking CXX executable wait_set_topics_with_different_rates[0m
[61.077s] [ 41%] Built target wait_set_topics_with_different_rates
[61.120s] [ 45%] [32mBuilding CXX object CMakeFiles/static_wait_set.dir/src/static_wait_set.cpp.o[0m
[61.124s] [ 50%] [32mBuilding CXX object CMakeFiles/thread_safe_wait_set.dir/src/thread_safe_wait_set.cpp.o[0m
[61.126s] [ 54%] [32mBuilding CXX object CMakeFiles/wait_set.dir/src/wait_set.cpp.o[0m
[73.574s] [ 58%] [32m[1mLinking CXX executable static_wait_set[0m
[74.140s] [ 58%] Built target static_wait_set
[74.165s] [ 62%] [32mBuilding CXX object CMakeFiles/wait_set_listener.dir/rclcpp_components/node_main_wait_set_listener.cpp.o[0m
[74.453s] [ 66%] [32m[1mLinking CXX executable wait_set[0m
[74.994s] [ 70%] [32m[1mLinking CXX executable thread_safe_wait_set[0m
[75.230s] [ 70%] Built target wait_set
[75.261s] [ 75%] [32mBuilding CXX object CMakeFiles/listener.dir/src/listener.cpp.o[0m
[75.681s] [ 75%] Built target thread_safe_wait_set
[75.707s] [ 79%] [32mBuilding CXX object CMakeFiles/wait_set_talker.dir/rclcpp_components/node_main_wait_set_talker.cpp.o[0m
[78.516s] [ 83%] [32m[1mLinking CXX executable wait_set_listener[0m
[78.700s] [ 83%] Built target wait_set_listener
[79.779s] [ 87%] [32m[1mLinking CXX executable wait_set_talker[0m
[79.939s] [ 87%] Built target wait_set_talker
[86.024s] [ 91%] [32m[1mLinking CXX shared library liblistener.so[0m
[86.510s] [ 91%] Built target listener
[86.528s] [ 95%] [32mBuilding CXX object CMakeFiles/wait_set_composed.dir/src/wait_set_composed.cpp.o[0m
[89.860s] [100%] [32m[1mLinking CXX executable wait_set_composed[0m
[90.098s] [100%] Built target wait_set_composed
[90.111s] Invoked command in '/home/nakarin/RoboticsDev/build/examples_rclcpp_wait_set' returned '0': CMAKE_PREFIX_PATH=${CMAKE_PREFIX_PATH}:/opt/ros/humble /usr/bin/cmake --build /home/nakarin/RoboticsDev/build/examples_rclcpp_wait_set -- -j8 -l8
[90.159s] Invoking command in '/home/nakarin/RoboticsDev/build/examples_rclcpp_wait_set': CMAKE_PREFIX_PATH=${CMAKE_PREFIX_PATH}:/opt/ros/humble /usr/bin/cmake --install /home/nakarin/RoboticsDev/build/examples_rclcpp_wait_set
[90.167s] -- Install configuration: ""
[90.167s] -- Installing: /home/nakarin/RoboticsDev/install/examples_rclcpp_wait_set/lib/examples_rclcpp_wait_set/wait_set_talker
[90.168s] -- Set runtime path of "/home/nakarin/RoboticsDev/install/examples_rclcpp_wait_set/lib/examples_rclcpp_wait_set/wait_set_talker" to ""
[90.168s] -- Installing: /home/nakarin/RoboticsDev/install/examples_rclcpp_wait_set/lib/examples_rclcpp_wait_set/wait_set_listener
[90.168s] -- Set runtime path of "/home/nakarin/RoboticsDev/install/examples_rclcpp_wait_set/lib/examples_rclcpp_wait_set/wait_set_listener" to ""
[90.168s] -- Installing: /home/nakarin/RoboticsDev/install/examples_rclcpp_wait_set/lib/libtalker.so
[90.170s] -- Set runtime path of "/home/nakarin/RoboticsDev/install/examples_rclcpp_wait_set/lib/libtalker.so" to ""
[90.170s] -- Installing: /home/nakarin/RoboticsDev/install/examples_rclcpp_wait_set/lib/liblistener.so
[90.174s] -- Set runtime path of "/home/nakarin/RoboticsDev/install/examples_rclcpp_wait_set/lib/liblistener.so" to ""
[90.174s] -- Installing: /home/nakarin/RoboticsDev/install/examples_rclcpp_wait_set/lib/examples_rclcpp_wait_set/wait_set
[90.177s] -- Set runtime path of "/home/nakarin/RoboticsDev/install/examples_rclcpp_wait_set/lib/examples_rclcpp_wait_set/wait_set" to ""
[90.177s] -- Installing: /home/nakarin/RoboticsDev/install/examples_rclcpp_wait_set/lib/examples_rclcpp_wait_set/static_wait_set
[90.180s] -- Set runtime path of "/home/nakarin/RoboticsDev/install/examples_rclcpp_wait_set/lib/examples_rclcpp_wait_set/static_wait_set" to ""
[90.180s] -- Installing: /home/nakarin/RoboticsDev/install/examples_rclcpp_wait_set/lib/examples_rclcpp_wait_set/thread_safe_wait_set
[90.183s] -- Set runtime path of "/home/nakarin/RoboticsDev/install/examples_rclcpp_wait_set/lib/examples_rclcpp_wait_set/thread_safe_wait_set" to ""
[90.183s] -- Installing: /home/nakarin/RoboticsDev/install/examples_rclcpp_wait_set/lib/examples_rclcpp_wait_set/wait_set_topics_and_timer
[90.186s] -- Set runtime path of "/home/nakarin/RoboticsDev/install/examples_rclcpp_wait_set/lib/examples_rclcpp_wait_set/wait_set_topics_and_timer" to ""
[90.186s] -- Installing: /home/nakarin/RoboticsDev/install/examples_rclcpp_wait_set/lib/examples_rclcpp_wait_set/wait_set_random_order
[90.188s] -- Set runtime path of "/home/nakarin/RoboticsDev/install/examples_rclcpp_wait_set/lib/examples_rclcpp_wait_set/wait_set_random_order" to ""
[90.188s] -- Installing: /home/nakarin/RoboticsDev/install/examples_rclcpp_wait_set/lib/examples_rclcpp_wait_set/executor_random_order
[90.192s] -- Set runtime path of "/home/nakarin/RoboticsDev/install/examples_rclcpp_wait_set/lib/examples_rclcpp_wait_set/executor_random_order" to ""
[90.192s] -- Installing: /home/nakarin/RoboticsDev/install/examples_rclcpp_wait_set/lib/examples_rclcpp_wait_set/wait_set_topics_with_different_rates
[90.195s] -- Set runtime path of "/home/nakarin/RoboticsDev/install/examples_rclcpp_wait_set/lib/examples_rclcpp_wait_set/wait_set_topics_with_different_rates" to ""
[90.195s] -- Installing: /home/nakarin/RoboticsDev/install/examples_rclcpp_wait_set/lib/examples_rclcpp_wait_set/wait_set_composed
[90.195s] -- Set runtime path of "/home/nakarin/RoboticsDev/install/examples_rclcpp_wait_set/lib/examples_rclcpp_wait_set/wait_set_composed" to ""
[90.196s] -- Installing: /home/nakarin/RoboticsDev/install/examples_rclcpp_wait_set/share/ament_index/resource_index/package_run_dependencies/examples_rclcpp_wait_set
[90.196s] -- Installing: /home/nakarin/RoboticsDev/install/examples_rclcpp_wait_set/share/ament_index/resource_index/parent_prefix_path/examples_rclcpp_wait_set
[90.196s] -- Installing: /home/nakarin/RoboticsDev/install/examples_rclcpp_wait_set/share/examples_rclcpp_wait_set/environment/ament_prefix_path.sh
[90.196s] -- Installing: /home/nakarin/RoboticsDev/install/examples_rclcpp_wait_set/share/examples_rclcpp_wait_set/environment/ament_prefix_path.dsv
[90.197s] -- Installing: /home/nakarin/RoboticsDev/install/examples_rclcpp_wait_set/share/examples_rclcpp_wait_set/environment/path.sh
[90.197s] -- Installing: /home/nakarin/RoboticsDev/install/examples_rclcpp_wait_set/share/examples_rclcpp_wait_set/environment/path.dsv
[90.197s] -- Installing: /home/nakarin/RoboticsDev/install/examples_rclcpp_wait_set/share/examples_rclcpp_wait_set/local_setup.bash
[90.197s] -- Installing: /home/nakarin/RoboticsDev/install/examples_rclcpp_wait_set/share/examples_rclcpp_wait_set/local_setup.sh
[90.197s] -- Installing: /home/nakarin/RoboticsDev/install/examples_rclcpp_wait_set/share/examples_rclcpp_wait_set/local_setup.zsh
[90.197s] -- Installing: /home/nakarin/RoboticsDev/install/examples_rclcpp_wait_set/share/examples_rclcpp_wait_set/local_setup.dsv
[90.197s] -- Installing: /home/nakarin/RoboticsDev/install/examples_rclcpp_wait_set/share/examples_rclcpp_wait_set/package.dsv
[90.198s] -- Installing: /home/nakarin/RoboticsDev/install/examples_rclcpp_wait_set/share/ament_index/resource_index/packages/examples_rclcpp_wait_set
[90.198s] -- Installing: /home/nakarin/RoboticsDev/install/examples_rclcpp_wait_set/share/ament_index/resource_index/rclcpp_components/examples_rclcpp_wait_set
[90.198s] -- Installing: /home/nakarin/RoboticsDev/install/examples_rclcpp_wait_set/share/examples_rclcpp_wait_set/cmake/examples_rclcpp_wait_setConfig.cmake
[90.198s] -- Installing: /home/nakarin/RoboticsDev/install/examples_rclcpp_wait_set/share/examples_rclcpp_wait_set/cmake/examples_rclcpp_wait_setConfig-version.cmake
[90.198s] -- Installing: /home/nakarin/RoboticsDev/install/examples_rclcpp_wait_set/share/examples_rclcpp_wait_set/package.xml
[90.201s] Invoked command in '/home/nakarin/RoboticsDev/build/examples_rclcpp_wait_set' returned '0': CMAKE_PREFIX_PATH=${CMAKE_PREFIX_PATH}:/opt/ros/humble /usr/bin/cmake --install /home/nakarin/RoboticsDev/build/examples_rclcpp_wait_set
