[2.794s] Invoking command in '/home/nakarin/RoboticsDev/src/examples/rclpy/guard_conditions': PYTHONPATH=/home/nakarin/RoboticsDev/build/examples_rclpy_guard_conditions/prefix_override:/usr/lib/python3/dist-packages/colcon_core/task/python/colcon_distutils_commands:/home/nakarin/RoboticsDev/install/examples_rclpy_guard_conditions/lib/python3.10/site-packages:${PYTHONPATH} /usr/bin/python3 -W ignore:setup.py install is deprecated setup.py egg_info --egg-base ../../../../build/examples_rclpy_guard_conditions build --build-base /home/nakarin/RoboticsDev/build/examples_rclpy_guard_conditions/build install --record /home/nakarin/RoboticsDev/build/examples_rclpy_guard_conditions/install.log --single-version-externally-managed install_data
[3.328s] running egg_info
[3.330s] writing ../../../../build/examples_rclpy_guard_conditions/examples_rclpy_guard_conditions.egg-info/PKG-INFO
[3.332s] writing dependency_links to ../../../../build/examples_rclpy_guard_conditions/examples_rclpy_guard_conditions.egg-info/dependency_links.txt
[3.332s] writing entry points to ../../../../build/examples_rclpy_guard_conditions/examples_rclpy_guard_conditions.egg-info/entry_points.txt
[3.333s] writing requirements to ../../../../build/examples_rclpy_guard_conditions/examples_rclpy_guard_conditions.egg-info/requires.txt
[3.333s] writing top-level names to ../../../../build/examples_rclpy_guard_conditions/examples_rclpy_guard_conditions.egg-info/top_level.txt
[3.336s] reading manifest file '../../../../build/examples_rclpy_guard_conditions/examples_rclpy_guard_conditions.egg-info/SOURCES.txt'
[3.340s] writing manifest file '../../../../build/examples_rclpy_guard_conditions/examples_rclpy_guard_conditions.egg-info/SOURCES.txt'
[3.340s] running build
[3.340s] running build_py
[3.340s] running install
[3.340s] running install_lib
[3.343s] running install_data
[3.343s] running install_egg_info
[3.349s] removing '/home/nakarin/RoboticsDev/install/examples_rclpy_guard_conditions/lib/python3.10/site-packages/examples_rclpy_guard_conditions-0.15.2-py3.10.egg-info' (and everything under it)
[3.349s] Copying ../../../../build/examples_rclpy_guard_conditions/examples_rclpy_guard_conditions.egg-info to /home/nakarin/RoboticsDev/install/examples_rclpy_guard_conditions/lib/python3.10/site-packages/examples_rclpy_guard_conditions-0.15.2-py3.10.egg-info
[3.351s] running install_scripts
[3.408s] Installing trigger_guard_condition script to /home/nakarin/RoboticsDev/install/examples_rclpy_guard_conditions/lib/examples_rclpy_guard_conditions
[3.412s] writing list of installed files to '/home/nakarin/RoboticsDev/build/examples_rclpy_guard_conditions/install.log'
[4.214s] Invoked command in '/home/nakarin/RoboticsDev/src/examples/rclpy/guard_conditions' returned '0': PYTHONPATH=/home/nakarin/RoboticsDev/build/examples_rclpy_guard_conditions/prefix_override:/usr/lib/python3/dist-packages/colcon_core/task/python/colcon_distutils_commands:/home/nakarin/RoboticsDev/install/examples_rclpy_guard_conditions/lib/python3.10/site-packages:${PYTHONPATH} /usr/bin/python3 -W ignore:setup.py install is deprecated setup.py egg_info --egg-base ../../../../build/examples_rclpy_guard_conditions build --build-base /home/nakarin/RoboticsDev/build/examples_rclpy_guard_conditions/build install --record /home/nakarin/RoboticsDev/build/examples_rclpy_guard_conditions/install.log --single-version-externally-managed install_data
