[0.046s] Invoking command in '/home/nakarin/RoboticsDev/build/examples_rclcpp_minimal_timer': CMAKE_PREFIX_PATH=${CMAKE_PREFIX_PATH}:/opt/ros/humble /usr/bin/cmake /home/nakarin/RoboticsDev/src/examples/rclcpp/timers/minimal_timer -DCMAKE_INSTALL_PREFIX=/home/nakarin/RoboticsDev/install/examples_rclcpp_minimal_timer
[0.165s] -- The C compiler identification is GNU 11.4.0
[0.327s] -- The CXX compiler identification is GNU 11.4.0
[0.352s] -- Detecting C compiler ABI info
[0.521s] -- Detecting C compiler ABI info - done
[0.558s] -- Check for working C compiler: /usr/bin/cc - skipped
[0.558s] -- Detecting C compile features
[0.558s] -- Detecting C compile features - done
[0.566s] -- Detecting CXX compiler ABI info
[0.762s] -- Detecting CXX compiler ABI info - done
[0.809s] -- Check for working CXX compiler: /usr/bin/c++ - skipped
[0.810s] -- Detecting CXX compile features
[0.815s] -- Detecting CXX compile features - done
[0.820s] -- Found ament_cmake: 1.3.10 (/opt/ros/humble/share/ament_cmake/cmake)
[1.224s] -- Found Python3: /usr/bin/python3 (found version "3.10.12") found components: Interpreter 
[1.509s] -- Found rclcpp: 16.0.10 (/opt/ros/humble/share/rclcpp/cmake)
[1.590s] -- Found rosidl_generator_c: 3.1.5 (/opt/ros/humble/share/rosidl_generator_c/cmake)
[1.600s] -- Found rosidl_adapter: 3.1.5 (/opt/ros/humble/share/rosidl_adapter/cmake)
[1.615s] -- Found rosidl_generator_cpp: 3.1.5 (/opt/ros/humble/share/rosidl_generator_cpp/cmake)
[1.638s] -- Using all available rosidl_typesupport_c: rosidl_typesupport_fastrtps_c;rosidl_typesupport_introspection_c
[1.668s] -- Using all available rosidl_typesupport_cpp: rosidl_typesupport_fastrtps_cpp;rosidl_typesupport_introspection_cpp
[1.753s] -- Found rmw_implementation_cmake: 6.1.2 (/opt/ros/humble/share/rmw_implementation_cmake/cmake)
[1.755s] -- Found rmw_fastrtps_cpp: 6.2.7 (/opt/ros/humble/share/rmw_fastrtps_cpp/cmake)
[1.950s] -- Found OpenSSL: /usr/lib/x86_64-linux-gnu/libcrypto.so (found version "3.0.2")  
[2.037s] -- Found FastRTPS: /opt/ros/humble/include  
[2.157s] -- Using RMW implementation 'rmw_fastrtps_cpp' as default
[2.174s] -- Looking for pthread.h
[2.349s] -- Looking for pthread.h - found
[2.350s] -- Performing Test CMAKE_HAVE_LIBC_PTHREAD
[2.541s] -- Performing Test CMAKE_HAVE_LIBC_PTHREAD - Success
[2.542s] -- Found Threads: TRUE  
[2.661s] -- Found ament_lint_auto: 0.12.11 (/opt/ros/humble/share/ament_lint_auto/cmake)
[2.840s] -- Added test 'copyright' to check source files copyright and LICENSE
[2.840s] -- Added test 'cppcheck' to perform static code analysis on C / C++ code
[2.841s] -- Configured cppcheck include dirs: 
[2.841s] -- Configured cppcheck exclude dirs and/or files: 
[2.851s] -- Added test 'cpplint' to check C / C++ code against the Google style
[2.851s] -- Configured cpplint exclude dirs and/or files: 
[2.851s] -- Added test 'lint_cmake' to check CMake code style
[2.853s] -- Added test 'uncrustify' to check C / C++ code style
[2.853s] -- Configured uncrustify additional arguments: 
[2.856s] -- Added test 'xmllint' to check XML markup files
[2.856s] -- Configuring done
[2.876s] -- Generating done
[2.879s] -- Build files have been written to: /home/nakarin/RoboticsDev/build/examples_rclcpp_minimal_timer
[3.465s] Invoked command in '/home/nakarin/RoboticsDev/build/examples_rclcpp_minimal_timer' returned '0': CMAKE_PREFIX_PATH=${CMAKE_PREFIX_PATH}:/opt/ros/humble /usr/bin/cmake /home/nakarin/RoboticsDev/src/examples/rclcpp/timers/minimal_timer -DCMAKE_INSTALL_PREFIX=/home/nakarin/RoboticsDev/install/examples_rclcpp_minimal_timer
[3.467s] Invoking command in '/home/nakarin/RoboticsDev/build/examples_rclcpp_minimal_timer': CMAKE_PREFIX_PATH=${CMAKE_PREFIX_PATH}:/opt/ros/humble /usr/bin/cmake --build /home/nakarin/RoboticsDev/build/examples_rclcpp_minimal_timer -- -j8 -l8
[3.583s] [ 25%] [32mBuilding CXX object CMakeFiles/timer_lambda.dir/lambda.cpp.o[0m
[9.293s] [ 50%] [32m[1mLinking CXX executable timer_lambda[0m
[9.490s] [ 50%] Built target timer_lambda
[9.518s] [ 75%] [32mBuilding CXX object CMakeFiles/timer_member_function.dir/member_function.cpp.o[0m
[14.658s] [100%] [32m[1mLinking CXX executable timer_member_function[0m
[14.788s] [100%] Built target timer_member_function
[14.880s] Invoked command in '/home/nakarin/RoboticsDev/build/examples_rclcpp_minimal_timer' returned '0': CMAKE_PREFIX_PATH=${CMAKE_PREFIX_PATH}:/opt/ros/humble /usr/bin/cmake --build /home/nakarin/RoboticsDev/build/examples_rclcpp_minimal_timer -- -j8 -l8
[14.921s] Invoking command in '/home/nakarin/RoboticsDev/build/examples_rclcpp_minimal_timer': CMAKE_PREFIX_PATH=${CMAKE_PREFIX_PATH}:/opt/ros/humble /usr/bin/cmake --install /home/nakarin/RoboticsDev/build/examples_rclcpp_minimal_timer
[15.269s] -- Install configuration: ""
[15.269s] -- Installing: /home/nakarin/RoboticsDev/install/examples_rclcpp_minimal_timer/lib/examples_rclcpp_minimal_timer/timer_lambda
[15.269s] -- Set runtime path of "/home/nakarin/RoboticsDev/install/examples_rclcpp_minimal_timer/lib/examples_rclcpp_minimal_timer/timer_lambda" to ""
[15.272s] -- Installing: /home/nakarin/RoboticsDev/install/examples_rclcpp_minimal_timer/lib/examples_rclcpp_minimal_timer/timer_member_function
[15.272s] -- Set runtime path of "/home/nakarin/RoboticsDev/install/examples_rclcpp_minimal_timer/lib/examples_rclcpp_minimal_timer/timer_member_function" to ""
[15.272s] -- Installing: /home/nakarin/RoboticsDev/install/examples_rclcpp_minimal_timer/share/ament_index/resource_index/package_run_dependencies/examples_rclcpp_minimal_timer
[15.272s] -- Installing: /home/nakarin/RoboticsDev/install/examples_rclcpp_minimal_timer/share/ament_index/resource_index/parent_prefix_path/examples_rclcpp_minimal_timer
[15.272s] -- Installing: /home/nakarin/RoboticsDev/install/examples_rclcpp_minimal_timer/share/examples_rclcpp_minimal_timer/environment/ament_prefix_path.sh
[15.272s] -- Installing: /home/nakarin/RoboticsDev/install/examples_rclcpp_minimal_timer/share/examples_rclcpp_minimal_timer/environment/ament_prefix_path.dsv
[15.272s] -- Installing: /home/nakarin/RoboticsDev/install/examples_rclcpp_minimal_timer/share/examples_rclcpp_minimal_timer/environment/path.sh
[15.272s] -- Installing: /home/nakarin/RoboticsDev/install/examples_rclcpp_minimal_timer/share/examples_rclcpp_minimal_timer/environment/path.dsv
[15.273s] -- Installing: /home/nakarin/RoboticsDev/install/examples_rclcpp_minimal_timer/share/examples_rclcpp_minimal_timer/local_setup.bash
[15.273s] -- Installing: /home/nakarin/RoboticsDev/install/examples_rclcpp_minimal_timer/share/examples_rclcpp_minimal_timer/local_setup.sh
[15.273s] -- Installing: /home/nakarin/RoboticsDev/install/examples_rclcpp_minimal_timer/share/examples_rclcpp_minimal_timer/local_setup.zsh
[15.273s] -- Installing: /home/nakarin/RoboticsDev/install/examples_rclcpp_minimal_timer/share/examples_rclcpp_minimal_timer/local_setup.dsv
[15.273s] -- Installing: /home/nakarin/RoboticsDev/install/examples_rclcpp_minimal_timer/share/examples_rclcpp_minimal_timer/package.dsv
[15.273s] -- Installing: /home/nakarin/RoboticsDev/install/examples_rclcpp_minimal_timer/share/ament_index/resource_index/packages/examples_rclcpp_minimal_timer
[15.273s] -- Installing: /home/nakarin/RoboticsDev/install/examples_rclcpp_minimal_timer/share/examples_rclcpp_minimal_timer/cmake/examples_rclcpp_minimal_timerConfig.cmake
[15.273s] -- Installing: /home/nakarin/RoboticsDev/install/examples_rclcpp_minimal_timer/share/examples_rclcpp_minimal_timer/cmake/examples_rclcpp_minimal_timerConfig-version.cmake
[15.274s] -- Installing: /home/nakarin/RoboticsDev/install/examples_rclcpp_minimal_timer/share/examples_rclcpp_minimal_timer/package.xml
[15.287s] Invoked command in '/home/nakarin/RoboticsDev/build/examples_rclcpp_minimal_timer' returned '0': CMAKE_PREFIX_PATH=${CMAKE_PREFIX_PATH}:/opt/ros/humble /usr/bin/cmake --install /home/nakarin/RoboticsDev/build/examples_rclcpp_minimal_timer
