[0.102s] DEBUG:colcon:Command line arguments: ['/usr/bin/colcon', 'build']
[0.102s] DEBUG:colcon:Parsed command line arguments: Namespace(log_base=None, log_level=None, verb_name='build', build_base='build', install_base='install', merge_install=False, symlink_install=False, test_result_base=None, continue_on_error=False, executor='parallel', parallel_workers=8, event_handlers=None, ignore_user_meta=False, metas=['./colcon.meta'], base_paths=['.'], packages_ignore=None, packages_ignore_regex=None, paths=None, packages_up_to=None, packages_up_to_regex=None, packages_above=None, packages_above_and_dependencies=None, packages_above_depth=None, packages_select_by_dep=None, packages_skip_by_dep=None, packages_skip_up_to=None, packages_select_build_failed=False, packages_skip_build_finished=False, packages_select_test_failures=False, packages_skip_test_passed=False, packages_select=None, packages_skip=None, packages_select_regex=None, packages_skip_regex=None, packages_start=None, packages_end=None, allow_overriding=[], cmake_args=None, cmake_target=None, cmake_target_skip_unavailable=False, cmake_clean_cache=False, cmake_clean_first=False, cmake_force_configure=False, ament_cmake_args=None, catkin_cmake_args=None, catkin_skip_building_tests=False, mixin_files=None, mixin=None, verb_parser=<colcon_mixin.mixin.mixin_argument.MixinArgumentDecorator object at 0x7fc783456e60>, verb_extension=<colcon_core.verb.build.BuildVerb object at 0x7fc783456980>, main=<bound method BuildVerb.main of <colcon_core.verb.build.BuildVerb object at 0x7fc783456980>>, mixin_verb=('build',))
[0.261s] Level 1:colcon.colcon_core.package_discovery:discover_packages(colcon_meta) check parameters
[0.261s] Level 1:colcon.colcon_core.package_discovery:discover_packages(recursive) check parameters
[0.261s] Level 1:colcon.colcon_core.package_discovery:discover_packages(ignore) check parameters
[0.261s] Level 1:colcon.colcon_core.package_discovery:discover_packages(path) check parameters
[0.261s] Level 1:colcon.colcon_core.package_discovery:discover_packages(colcon_meta) discover
[0.262s] Level 1:colcon.colcon_core.package_discovery:discover_packages(recursive) discover
[0.262s] INFO:colcon.colcon_core.package_discovery:Crawling recursively for packages in '/home/nakarin/RoboticsDev'
[0.262s] Level 1:colcon.colcon_core.package_identification:_identify(.) by extensions ['ignore', 'ignore_ament_install']
[0.262s] Level 1:colcon.colcon_core.package_identification:_identify(.) by extension 'ignore'
[0.262s] Level 1:colcon.colcon_core.package_identification:_identify(.) by extension 'ignore_ament_install'
[0.262s] Level 1:colcon.colcon_core.package_identification:_identify(.) by extensions ['colcon_pkg']
[0.262s] Level 1:colcon.colcon_core.package_identification:_identify(.) by extension 'colcon_pkg'
[0.262s] Level 1:colcon.colcon_core.package_identification:_identify(.) by extensions ['colcon_meta']
[0.262s] Level 1:colcon.colcon_core.package_identification:_identify(.) by extension 'colcon_meta'
[0.262s] Level 1:colcon.colcon_core.package_identification:_identify(.) by extensions ['ros']
[0.262s] Level 1:colcon.colcon_core.package_identification:_identify(.) by extension 'ros'
[0.272s] Level 1:colcon.colcon_core.package_identification:_identify(.) by extensions ['cmake', 'python']
[0.272s] Level 1:colcon.colcon_core.package_identification:_identify(.) by extension 'cmake'
[0.272s] Level 1:colcon.colcon_core.package_identification:_identify(.) by extension 'python'
[0.272s] Level 1:colcon.colcon_core.package_identification:_identify(.) by extensions ['python_setup_py']
[0.272s] Level 1:colcon.colcon_core.package_identification:_identify(.) by extension 'python_setup_py'
[0.273s] Level 1:colcon.colcon_core.package_identification:_identify(build) by extensions ['ignore', 'ignore_ament_install']
[0.273s] Level 1:colcon.colcon_core.package_identification:_identify(build) by extension 'ignore'
[0.273s] Level 1:colcon.colcon_core.package_identification:_identify(build) ignored
[0.273s] Level 1:colcon.colcon_core.package_identification:_identify(install) by extensions ['ignore', 'ignore_ament_install']
[0.273s] Level 1:colcon.colcon_core.package_identification:_identify(install) by extension 'ignore'
[0.273s] Level 1:colcon.colcon_core.package_identification:_identify(install) ignored
[0.273s] Level 1:colcon.colcon_core.package_identification:_identify(log) by extensions ['ignore', 'ignore_ament_install']
[0.273s] Level 1:colcon.colcon_core.package_identification:_identify(log) by extension 'ignore'
[0.273s] Level 1:colcon.colcon_core.package_identification:_identify(log) ignored
[0.273s] Level 1:colcon.colcon_core.package_identification:_identify(src) by extensions ['ignore', 'ignore_ament_install']
[0.273s] Level 1:colcon.colcon_core.package_identification:_identify(src) by extension 'ignore'
[0.273s] Level 1:colcon.colcon_core.package_identification:_identify(src) by extension 'ignore_ament_install'
[0.273s] Level 1:colcon.colcon_core.package_identification:_identify(src) by extensions ['colcon_pkg']
[0.273s] Level 1:colcon.colcon_core.package_identification:_identify(src) by extension 'colcon_pkg'
[0.273s] Level 1:colcon.colcon_core.package_identification:_identify(src) by extensions ['colcon_meta']
[0.273s] Level 1:colcon.colcon_core.package_identification:_identify(src) by extension 'colcon_meta'
[0.274s] Level 1:colcon.colcon_core.package_identification:_identify(src) by extensions ['ros']
[0.274s] Level 1:colcon.colcon_core.package_identification:_identify(src) by extension 'ros'
[0.274s] Level 1:colcon.colcon_core.package_identification:_identify(src) by extensions ['cmake', 'python']
[0.274s] Level 1:colcon.colcon_core.package_identification:_identify(src) by extension 'cmake'
[0.274s] Level 1:colcon.colcon_core.package_identification:_identify(src) by extension 'python'
[0.274s] Level 1:colcon.colcon_core.package_identification:_identify(src) by extensions ['python_setup_py']
[0.274s] Level 1:colcon.colcon_core.package_identification:_identify(src) by extension 'python_setup_py'
[0.274s] Level 1:colcon.colcon_core.package_identification:_identify(src/example_description) by extensions ['ignore', 'ignore_ament_install']
[0.274s] Level 1:colcon.colcon_core.package_identification:_identify(src/example_description) by extension 'ignore'
[0.274s] Level 1:colcon.colcon_core.package_identification:_identify(src/example_description) by extension 'ignore_ament_install'
[0.274s] Level 1:colcon.colcon_core.package_identification:_identify(src/example_description) by extensions ['colcon_pkg']
[0.274s] Level 1:colcon.colcon_core.package_identification:_identify(src/example_description) by extension 'colcon_pkg'
[0.274s] Level 1:colcon.colcon_core.package_identification:_identify(src/example_description) by extensions ['colcon_meta']
[0.274s] Level 1:colcon.colcon_core.package_identification:_identify(src/example_description) by extension 'colcon_meta'
[0.274s] Level 1:colcon.colcon_core.package_identification:_identify(src/example_description) by extensions ['ros']
[0.274s] Level 1:colcon.colcon_core.package_identification:_identify(src/example_description) by extension 'ros'
[0.277s] DEBUG:colcon.colcon_core.package_identification:Package 'src/example_description' with type 'ros.ament_cmake' and name 'example_description'
[0.277s] Level 1:colcon.colcon_core.package_identification:_identify(src/lab1) by extensions ['ignore', 'ignore_ament_install']
[0.277s] Level 1:colcon.colcon_core.package_identification:_identify(src/lab1) by extension 'ignore'
[0.277s] Level 1:colcon.colcon_core.package_identification:_identify(src/lab1) by extension 'ignore_ament_install'
[0.277s] Level 1:colcon.colcon_core.package_identification:_identify(src/lab1) by extensions ['colcon_pkg']
[0.277s] Level 1:colcon.colcon_core.package_identification:_identify(src/lab1) by extension 'colcon_pkg'
[0.277s] Level 1:colcon.colcon_core.package_identification:_identify(src/lab1) by extensions ['colcon_meta']
[0.277s] Level 1:colcon.colcon_core.package_identification:_identify(src/lab1) by extension 'colcon_meta'
[0.277s] Level 1:colcon.colcon_core.package_identification:_identify(src/lab1) by extensions ['ros']
[0.277s] Level 1:colcon.colcon_core.package_identification:_identify(src/lab1) by extension 'ros'
[0.278s] DEBUG:colcon.colcon_core.package_identification:Package 'src/lab1' with type 'ros.ament_cmake' and name 'lab1'
[0.278s] Level 1:colcon.colcon_core.package_identification:_identify(src/lab1_interfaces) by extensions ['ignore', 'ignore_ament_install']
[0.278s] Level 1:colcon.colcon_core.package_identification:_identify(src/lab1_interfaces) by extension 'ignore'
[0.278s] Level 1:colcon.colcon_core.package_identification:_identify(src/lab1_interfaces) by extension 'ignore_ament_install'
[0.278s] Level 1:colcon.colcon_core.package_identification:_identify(src/lab1_interfaces) by extensions ['colcon_pkg']
[0.278s] Level 1:colcon.colcon_core.package_identification:_identify(src/lab1_interfaces) by extension 'colcon_pkg'
[0.278s] Level 1:colcon.colcon_core.package_identification:_identify(src/lab1_interfaces) by extensions ['colcon_meta']
[0.278s] Level 1:colcon.colcon_core.package_identification:_identify(src/lab1_interfaces) by extension 'colcon_meta'
[0.278s] Level 1:colcon.colcon_core.package_identification:_identify(src/lab1_interfaces) by extensions ['ros']
[0.278s] Level 1:colcon.colcon_core.package_identification:_identify(src/lab1_interfaces) by extension 'ros'
[0.279s] DEBUG:colcon.colcon_core.package_identification:Package 'src/lab1_interfaces' with type 'ros.ament_cmake' and name 'lab1_interfaces'
[0.279s] Level 1:colcon.colcon_core.package_identification:_identify(src/turtle_bringup) by extensions ['ignore', 'ignore_ament_install']
[0.279s] Level 1:colcon.colcon_core.package_identification:_identify(src/turtle_bringup) by extension 'ignore'
[0.279s] Level 1:colcon.colcon_core.package_identification:_identify(src/turtle_bringup) by extension 'ignore_ament_install'
[0.279s] Level 1:colcon.colcon_core.package_identification:_identify(src/turtle_bringup) by extensions ['colcon_pkg']
[0.279s] Level 1:colcon.colcon_core.package_identification:_identify(src/turtle_bringup) by extension 'colcon_pkg'
[0.279s] Level 1:colcon.colcon_core.package_identification:_identify(src/turtle_bringup) by extensions ['colcon_meta']
[0.279s] Level 1:colcon.colcon_core.package_identification:_identify(src/turtle_bringup) by extension 'colcon_meta'
[0.279s] Level 1:colcon.colcon_core.package_identification:_identify(src/turtle_bringup) by extensions ['ros']
[0.279s] Level 1:colcon.colcon_core.package_identification:_identify(src/turtle_bringup) by extension 'ros'
[0.280s] DEBUG:colcon.colcon_core.package_identification:Package 'src/turtle_bringup' with type 'ros.ament_cmake' and name 'turtle_bringup'
[0.280s] Level 1:colcon.colcon_core.package_identification:_identify(src/turtlesim_plus) by extensions ['ignore', 'ignore_ament_install']
[0.280s] Level 1:colcon.colcon_core.package_identification:_identify(src/turtlesim_plus) by extension 'ignore'
[0.280s] Level 1:colcon.colcon_core.package_identification:_identify(src/turtlesim_plus) by extension 'ignore_ament_install'
[0.280s] Level 1:colcon.colcon_core.package_identification:_identify(src/turtlesim_plus) by extensions ['colcon_pkg']
[0.280s] Level 1:colcon.colcon_core.package_identification:_identify(src/turtlesim_plus) by extension 'colcon_pkg'
[0.280s] Level 1:colcon.colcon_core.package_identification:_identify(src/turtlesim_plus) by extensions ['colcon_meta']
[0.280s] Level 1:colcon.colcon_core.package_identification:_identify(src/turtlesim_plus) by extension 'colcon_meta'
[0.280s] Level 1:colcon.colcon_core.package_identification:_identify(src/turtlesim_plus) by extensions ['ros']
[0.280s] Level 1:colcon.colcon_core.package_identification:_identify(src/turtlesim_plus) by extension 'ros'
[0.280s] Level 1:colcon.colcon_core.package_identification:_identify(src/turtlesim_plus) by extensions ['cmake', 'python']
[0.280s] Level 1:colcon.colcon_core.package_identification:_identify(src/turtlesim_plus) by extension 'cmake'
[0.280s] Level 1:colcon.colcon_core.package_identification:_identify(src/turtlesim_plus) by extension 'python'
[0.280s] Level 1:colcon.colcon_core.package_identification:_identify(src/turtlesim_plus) by extensions ['python_setup_py']
[0.280s] Level 1:colcon.colcon_core.package_identification:_identify(src/turtlesim_plus) by extension 'python_setup_py'
[0.280s] Level 1:colcon.colcon_core.package_discovery:discover_packages(recursive) using defaults
[0.280s] Level 1:colcon.colcon_core.package_discovery:discover_packages(ignore) discover
[0.280s] Level 1:colcon.colcon_core.package_discovery:discover_packages(ignore) using defaults
[0.280s] Level 1:colcon.colcon_core.package_discovery:discover_packages(path) discover
[0.281s] Level 1:colcon.colcon_core.package_discovery:discover_packages(path) using defaults
[0.307s] Level 1:colcon.colcon_core.package_discovery:discover_packages(prefix_path) check parameters
[0.307s] Level 1:colcon.colcon_core.package_discovery:discover_packages(prefix_path) discover
[0.309s] DEBUG:colcon.colcon_installed_package_information.package_discovery:Found 298 installed packages in /opt/ros/humble
[0.310s] Level 1:colcon.colcon_core.package_discovery:discover_packages(prefix_path) using defaults
[0.349s] Level 5:colcon.colcon_core.verb:set package 'example_description' build argument 'cmake_args' from command line to 'None'
[0.349s] Level 5:colcon.colcon_core.verb:set package 'example_description' build argument 'cmake_target' from command line to 'None'
[0.349s] Level 5:colcon.colcon_core.verb:set package 'example_description' build argument 'cmake_target_skip_unavailable' from command line to 'False'
[0.349s] Level 5:colcon.colcon_core.verb:set package 'example_description' build argument 'cmake_clean_cache' from command line to 'False'
[0.349s] Level 5:colcon.colcon_core.verb:set package 'example_description' build argument 'cmake_clean_first' from command line to 'False'
[0.349s] Level 5:colcon.colcon_core.verb:set package 'example_description' build argument 'cmake_force_configure' from command line to 'False'
[0.349s] Level 5:colcon.colcon_core.verb:set package 'example_description' build argument 'ament_cmake_args' from command line to 'None'
[0.349s] Level 5:colcon.colcon_core.verb:set package 'example_description' build argument 'catkin_cmake_args' from command line to 'None'
[0.349s] Level 5:colcon.colcon_core.verb:set package 'example_description' build argument 'catkin_skip_building_tests' from command line to 'False'
[0.349s] DEBUG:colcon.colcon_core.verb:Building package 'example_description' with the following arguments: {'ament_cmake_args': None, 'build_base': '/home/nakarin/RoboticsDev/build/example_description', 'catkin_cmake_args': None, 'catkin_skip_building_tests': False, 'cmake_args': None, 'cmake_clean_cache': False, 'cmake_clean_first': False, 'cmake_force_configure': False, 'cmake_target': None, 'cmake_target_skip_unavailable': False, 'install_base': '/home/nakarin/RoboticsDev/install/example_description', 'merge_install': False, 'path': '/home/nakarin/RoboticsDev/src/example_description', 'symlink_install': False, 'test_result_base': None}
[0.349s] Level 5:colcon.colcon_core.verb:set package 'lab1' build argument 'cmake_args' from command line to 'None'
[0.349s] Level 5:colcon.colcon_core.verb:set package 'lab1' build argument 'cmake_target' from command line to 'None'
[0.349s] Level 5:colcon.colcon_core.verb:set package 'lab1' build argument 'cmake_target_skip_unavailable' from command line to 'False'
[0.349s] Level 5:colcon.colcon_core.verb:set package 'lab1' build argument 'cmake_clean_cache' from command line to 'False'
[0.349s] Level 5:colcon.colcon_core.verb:set package 'lab1' build argument 'cmake_clean_first' from command line to 'False'
[0.349s] Level 5:colcon.colcon_core.verb:set package 'lab1' build argument 'cmake_force_configure' from command line to 'False'
[0.349s] Level 5:colcon.colcon_core.verb:set package 'lab1' build argument 'ament_cmake_args' from command line to 'None'
[0.349s] Level 5:colcon.colcon_core.verb:set package 'lab1' build argument 'catkin_cmake_args' from command line to 'None'
[0.349s] Level 5:colcon.colcon_core.verb:set package 'lab1' build argument 'catkin_skip_building_tests' from command line to 'False'
[0.349s] DEBUG:colcon.colcon_core.verb:Building package 'lab1' with the following arguments: {'ament_cmake_args': None, 'build_base': '/home/nakarin/RoboticsDev/build/lab1', 'catkin_cmake_args': None, 'catkin_skip_building_tests': False, 'cmake_args': None, 'cmake_clean_cache': False, 'cmake_clean_first': False, 'cmake_force_configure': False, 'cmake_target': None, 'cmake_target_skip_unavailable': False, 'install_base': '/home/nakarin/RoboticsDev/install/lab1', 'merge_install': False, 'path': '/home/nakarin/RoboticsDev/src/lab1', 'symlink_install': False, 'test_result_base': None}
[0.350s] Level 5:colcon.colcon_core.verb:set package 'lab1_interfaces' build argument 'cmake_args' from command line to 'None'
[0.350s] Level 5:colcon.colcon_core.verb:set package 'lab1_interfaces' build argument 'cmake_target' from command line to 'None'
[0.350s] Level 5:colcon.colcon_core.verb:set package 'lab1_interfaces' build argument 'cmake_target_skip_unavailable' from command line to 'False'
[0.350s] Level 5:colcon.colcon_core.verb:set package 'lab1_interfaces' build argument 'cmake_clean_cache' from command line to 'False'
[0.350s] Level 5:colcon.colcon_core.verb:set package 'lab1_interfaces' build argument 'cmake_clean_first' from command line to 'False'
[0.350s] Level 5:colcon.colcon_core.verb:set package 'lab1_interfaces' build argument 'cmake_force_configure' from command line to 'False'
[0.350s] Level 5:colcon.colcon_core.verb:set package 'lab1_interfaces' build argument 'ament_cmake_args' from command line to 'None'
[0.350s] Level 5:colcon.colcon_core.verb:set package 'lab1_interfaces' build argument 'catkin_cmake_args' from command line to 'None'
[0.350s] Level 5:colcon.colcon_core.verb:set package 'lab1_interfaces' build argument 'catkin_skip_building_tests' from command line to 'False'
[0.350s] DEBUG:colcon.colcon_core.verb:Building package 'lab1_interfaces' with the following arguments: {'ament_cmake_args': None, 'build_base': '/home/nakarin/RoboticsDev/build/lab1_interfaces', 'catkin_cmake_args': None, 'catkin_skip_building_tests': False, 'cmake_args': None, 'cmake_clean_cache': False, 'cmake_clean_first': False, 'cmake_force_configure': False, 'cmake_target': None, 'cmake_target_skip_unavailable': False, 'install_base': '/home/nakarin/RoboticsDev/install/lab1_interfaces', 'merge_install': False, 'path': '/home/nakarin/RoboticsDev/src/lab1_interfaces', 'symlink_install': False, 'test_result_base': None}
[0.350s] Level 5:colcon.colcon_core.verb:set package 'turtle_bringup' build argument 'cmake_args' from command line to 'None'
[0.350s] Level 5:colcon.colcon_core.verb:set package 'turtle_bringup' build argument 'cmake_target' from command line to 'None'
[0.350s] Level 5:colcon.colcon_core.verb:set package 'turtle_bringup' build argument 'cmake_target_skip_unavailable' from command line to 'False'
[0.350s] Level 5:colcon.colcon_core.verb:set package 'turtle_bringup' build argument 'cmake_clean_cache' from command line to 'False'
[0.350s] Level 5:colcon.colcon_core.verb:set package 'turtle_bringup' build argument 'cmake_clean_first' from command line to 'False'
[0.350s] Level 5:colcon.colcon_core.verb:set package 'turtle_bringup' build argument 'cmake_force_configure' from command line to 'False'
[0.350s] Level 5:colcon.colcon_core.verb:set package 'turtle_bringup' build argument 'ament_cmake_args' from command line to 'None'
[0.351s] Level 5:colcon.colcon_core.verb:set package 'turtle_bringup' build argument 'catkin_cmake_args' from command line to 'None'
[0.351s] Level 5:colcon.colcon_core.verb:set package 'turtle_bringup' build argument 'catkin_skip_building_tests' from command line to 'False'
[0.351s] DEBUG:colcon.colcon_core.verb:Building package 'turtle_bringup' with the following arguments: {'ament_cmake_args': None, 'build_base': '/home/nakarin/RoboticsDev/build/turtle_bringup', 'catkin_cmake_args': None, 'catkin_skip_building_tests': False, 'cmake_args': None, 'cmake_clean_cache': False, 'cmake_clean_first': False, 'cmake_force_configure': False, 'cmake_target': None, 'cmake_target_skip_unavailable': False, 'install_base': '/home/nakarin/RoboticsDev/install/turtle_bringup', 'merge_install': False, 'path': '/home/nakarin/RoboticsDev/src/turtle_bringup', 'symlink_install': False, 'test_result_base': None}
[0.351s] INFO:colcon.colcon_core.executor:Executing jobs using 'parallel' executor
[0.352s] DEBUG:colcon.colcon_parallel_executor.executor.parallel:run_until_complete
[0.352s] INFO:colcon.colcon_ros.task.ament_cmake.build:Building ROS package in '/home/nakarin/RoboticsDev/src/example_description' with build type 'ament_cmake'
[0.352s] INFO:colcon.colcon_cmake.task.cmake.build:Building CMake package in '/home/nakarin/RoboticsDev/src/example_description'
[0.354s] INFO:colcon.colcon_core.plugin_system:Skipping extension 'colcon_core.shell.bat': Not used on non-Windows systems
[0.354s] INFO:colcon.colcon_core.shell:Skip shell extension 'powershell' for command environment: Not usable outside of PowerShell
[0.354s] DEBUG:colcon.colcon_core.shell:Skip shell extension 'dsv' for command environment
[0.356s] INFO:colcon.colcon_ros.task.ament_cmake.build:Building ROS package in '/home/nakarin/RoboticsDev/src/lab1' with build type 'ament_cmake'
[0.356s] INFO:colcon.colcon_cmake.task.cmake.build:Building CMake package in '/home/nakarin/RoboticsDev/src/lab1'
[0.356s] INFO:colcon.colcon_core.shell:Skip shell extension 'powershell' for command environment: Not usable outside of PowerShell
[0.356s] DEBUG:colcon.colcon_core.shell:Skip shell extension 'dsv' for command environment
[0.358s] INFO:colcon.colcon_ros.task.ament_cmake.build:Building ROS package in '/home/nakarin/RoboticsDev/src/lab1_interfaces' with build type 'ament_cmake'
[0.359s] INFO:colcon.colcon_cmake.task.cmake.build:Building CMake package in '/home/nakarin/RoboticsDev/src/lab1_interfaces'
[0.359s] INFO:colcon.colcon_core.shell:Skip shell extension 'powershell' for command environment: Not usable outside of PowerShell
[0.359s] DEBUG:colcon.colcon_core.shell:Skip shell extension 'dsv' for command environment
[0.361s] INFO:colcon.colcon_ros.task.ament_cmake.build:Building ROS package in '/home/nakarin/RoboticsDev/src/turtle_bringup' with build type 'ament_cmake'
[0.361s] INFO:colcon.colcon_cmake.task.cmake.build:Building CMake package in '/home/nakarin/RoboticsDev/src/turtle_bringup'
[0.361s] INFO:colcon.colcon_core.shell:Skip shell extension 'powershell' for command environment: Not usable outside of PowerShell
[0.361s] DEBUG:colcon.colcon_core.shell:Skip shell extension 'dsv' for command environment
[0.367s] DEBUG:colcon.colcon_core.event_handler.log_command:Invoking command in '/home/nakarin/RoboticsDev/build/example_description': CMAKE_PREFIX_PATH=/opt/ros/humble /usr/bin/cmake /home/nakarin/RoboticsDev/src/example_description -DCMAKE_INSTALL_PREFIX=/home/nakarin/RoboticsDev/install/example_description
[0.370s] DEBUG:colcon.colcon_core.event_handler.log_command:Invoking command in '/home/nakarin/RoboticsDev/build/lab1': CMAKE_PREFIX_PATH=/opt/ros/humble /usr/bin/cmake /home/nakarin/RoboticsDev/src/lab1 -DCMAKE_INSTALL_PREFIX=/home/nakarin/RoboticsDev/install/lab1
[0.373s] DEBUG:colcon.colcon_core.event_handler.log_command:Invoking command in '/home/nakarin/RoboticsDev/build/lab1_interfaces': CMAKE_PREFIX_PATH=/opt/ros/humble /usr/bin/cmake /home/nakarin/RoboticsDev/src/lab1_interfaces -DCMAKE_INSTALL_PREFIX=/home/nakarin/RoboticsDev/install/lab1_interfaces
[0.376s] DEBUG:colcon.colcon_core.event_handler.log_command:Invoking command in '/home/nakarin/RoboticsDev/build/turtle_bringup': CMAKE_PREFIX_PATH=/opt/ros/humble /usr/bin/cmake /home/nakarin/RoboticsDev/src/turtle_bringup -DCMAKE_INSTALL_PREFIX=/home/nakarin/RoboticsDev/install/turtle_bringup
[1.502s] DEBUG:colcon.colcon_core.event_handler.log_command:Invoked command in '/home/nakarin/RoboticsDev/build/example_description' returned '0': CMAKE_PREFIX_PATH=/opt/ros/humble /usr/bin/cmake /home/nakarin/RoboticsDev/src/example_description -DCMAKE_INSTALL_PREFIX=/home/nakarin/RoboticsDev/install/example_description
[1.504s] DEBUG:colcon.colcon_core.event_handler.log_command:Invoking command in '/home/nakarin/RoboticsDev/build/example_description': CMAKE_PREFIX_PATH=/opt/ros/humble /usr/bin/cmake --build /home/nakarin/RoboticsDev/build/example_description -- -j8 -l8
[1.519s] DEBUG:colcon.colcon_core.event_handler.log_command:Invoked command in '/home/nakarin/RoboticsDev/build/turtle_bringup' returned '0': CMAKE_PREFIX_PATH=/opt/ros/humble /usr/bin/cmake /home/nakarin/RoboticsDev/src/turtle_bringup -DCMAKE_INSTALL_PREFIX=/home/nakarin/RoboticsDev/install/turtle_bringup
[1.520s] DEBUG:colcon.colcon_core.event_handler.log_command:Invoking command in '/home/nakarin/RoboticsDev/build/turtle_bringup': CMAKE_PREFIX_PATH=/opt/ros/humble /usr/bin/cmake --build /home/nakarin/RoboticsDev/build/turtle_bringup -- -j8 -l8
[1.525s] DEBUG:colcon.colcon_core.event_handler.log_command:Invoked command in '/home/nakarin/RoboticsDev/build/lab1' returned '0': CMAKE_PREFIX_PATH=/opt/ros/humble /usr/bin/cmake /home/nakarin/RoboticsDev/src/lab1 -DCMAKE_INSTALL_PREFIX=/home/nakarin/RoboticsDev/install/lab1
[1.527s] DEBUG:colcon.colcon_core.event_handler.log_command:Invoking command in '/home/nakarin/RoboticsDev/build/lab1': CMAKE_PREFIX_PATH=/opt/ros/humble /usr/bin/cmake --build /home/nakarin/RoboticsDev/build/lab1 -- -j8 -l8
[2.107s] DEBUG:colcon.colcon_core.event_handler.log_command:Invoked command in '/home/nakarin/RoboticsDev/build/example_description' returned '0': CMAKE_PREFIX_PATH=/opt/ros/humble /usr/bin/cmake --build /home/nakarin/RoboticsDev/build/example_description -- -j8 -l8
[2.136s] DEBUG:colcon.colcon_core.event_handler.log_command:Invoking command in '/home/nakarin/RoboticsDev/build/example_description': CMAKE_PREFIX_PATH=/opt/ros/humble /usr/bin/cmake --install /home/nakarin/RoboticsDev/build/example_description
[2.137s] DEBUG:colcon.colcon_core.event_handler.log_command:Invoked command in '/home/nakarin/RoboticsDev/build/lab1' returned '0': CMAKE_PREFIX_PATH=/opt/ros/humble /usr/bin/cmake --build /home/nakarin/RoboticsDev/build/lab1 -- -j8 -l8
[2.156s] DEBUG:colcon.colcon_core.event_handler.log_command:Invoked command in '/home/nakarin/RoboticsDev/build/lab1_interfaces' returned '0': CMAKE_PREFIX_PATH=/opt/ros/humble /usr/bin/cmake /home/nakarin/RoboticsDev/src/lab1_interfaces -DCMAKE_INSTALL_PREFIX=/home/nakarin/RoboticsDev/install/lab1_interfaces
[2.157s] DEBUG:colcon.colcon_core.event_handler.log_command:Invoking command in '/home/nakarin/RoboticsDev/build/lab1_interfaces': CMAKE_PREFIX_PATH=/opt/ros/humble /usr/bin/cmake --build /home/nakarin/RoboticsDev/build/lab1_interfaces -- -j8 -l8
[2.160s] DEBUG:colcon.colcon_core.event_handler.log_command:Invoking command in '/home/nakarin/RoboticsDev/build/lab1': CMAKE_PREFIX_PATH=/opt/ros/humble /usr/bin/cmake --install /home/nakarin/RoboticsDev/build/lab1
[2.167s] DEBUG:colcon.colcon_core.event_handler.log_command:Invoked command in '/home/nakarin/RoboticsDev/build/turtle_bringup' returned '0': CMAKE_PREFIX_PATH=/opt/ros/humble /usr/bin/cmake --build /home/nakarin/RoboticsDev/build/turtle_bringup -- -j8 -l8
[2.189s] DEBUG:colcon.colcon_core.event_handler.log_command:Invoking command in '/home/nakarin/RoboticsDev/build/turtle_bringup': CMAKE_PREFIX_PATH=/opt/ros/humble /usr/bin/cmake --install /home/nakarin/RoboticsDev/build/turtle_bringup
[2.190s] Level 1:colcon.colcon_core.environment:create_environment_scripts_only(example_description)
[2.191s] DEBUG:colcon.colcon_core.event_handler.log_command:Invoked command in '/home/nakarin/RoboticsDev/build/example_description' returned '0': CMAKE_PREFIX_PATH=/opt/ros/humble /usr/bin/cmake --install /home/nakarin/RoboticsDev/build/example_description
[2.195s] Level 1:colcon.colcon_core.environment:checking '/home/nakarin/RoboticsDev/install/example_description' for CMake module files
[2.195s] Level 1:colcon.colcon_core.environment:checking '/home/nakarin/RoboticsDev/install/example_description' for CMake config files
[2.196s] Level 1:colcon.colcon_core.shell:create_environment_hook('example_description', 'cmake_prefix_path')
[2.196s] INFO:colcon.colcon_core.shell:Creating environment hook '/home/nakarin/RoboticsDev/install/example_description/share/example_description/hook/cmake_prefix_path.ps1'
[2.196s] INFO:colcon.colcon_core.shell:Creating environment descriptor '/home/nakarin/RoboticsDev/install/example_description/share/example_description/hook/cmake_prefix_path.dsv'
[2.197s] INFO:colcon.colcon_core.shell:Creating environment hook '/home/nakarin/RoboticsDev/install/example_description/share/example_description/hook/cmake_prefix_path.sh'
[2.200s] Level 1:colcon.colcon_core.environment:checking '/home/nakarin/RoboticsDev/install/example_description/lib'
[2.200s] Level 1:colcon.colcon_core.environment:checking '/home/nakarin/RoboticsDev/install/example_description/bin'
[2.200s] Level 1:colcon.colcon_core.environment:checking '/home/nakarin/RoboticsDev/install/example_description/lib/pkgconfig/example_description.pc'
[2.200s] Level 1:colcon.colcon_core.environment:checking '/home/nakarin/RoboticsDev/install/example_description/lib/python3.10/site-packages'
[2.201s] Level 1:colcon.colcon_core.environment:checking '/home/nakarin/RoboticsDev/install/example_description/bin'
[2.201s] INFO:colcon.colcon_core.shell:Creating package script '/home/nakarin/RoboticsDev/install/example_description/share/example_description/package.ps1'
[2.203s] INFO:colcon.colcon_core.shell:Creating package descriptor '/home/nakarin/RoboticsDev/install/example_description/share/example_description/package.dsv'
[2.204s] INFO:colcon.colcon_core.shell:Creating package script '/home/nakarin/RoboticsDev/install/example_description/share/example_description/package.sh'
[2.205s] INFO:colcon.colcon_core.shell:Creating package script '/home/nakarin/RoboticsDev/install/example_description/share/example_description/package.bash'
[2.207s] INFO:colcon.colcon_core.shell:Creating package script '/home/nakarin/RoboticsDev/install/example_description/share/example_description/package.zsh'
[2.208s] Level 1:colcon.colcon_core.environment:create_file_with_runtime_dependencies(/home/nakarin/RoboticsDev/install/example_description/share/colcon-core/packages/example_description)
[2.215s] Level 1:colcon.colcon_core.environment:create_environment_scripts_only(lab1)
[2.216s] Level 1:colcon.colcon_core.environment:checking '/home/nakarin/RoboticsDev/install/lab1' for CMake module files
[2.216s] DEBUG:colcon.colcon_core.event_handler.log_command:Invoked command in '/home/nakarin/RoboticsDev/build/lab1' returned '0': CMAKE_PREFIX_PATH=/opt/ros/humble /usr/bin/cmake --install /home/nakarin/RoboticsDev/build/lab1
[2.217s] Level 1:colcon.colcon_core.environment:checking '/home/nakarin/RoboticsDev/install/lab1' for CMake config files
[2.217s] Level 1:colcon.colcon_core.shell:create_environment_hook('lab1', 'cmake_prefix_path')
[2.217s] INFO:colcon.colcon_core.shell:Creating environment hook '/home/nakarin/RoboticsDev/install/lab1/share/lab1/hook/cmake_prefix_path.ps1'
[2.218s] INFO:colcon.colcon_core.shell:Creating environment descriptor '/home/nakarin/RoboticsDev/install/lab1/share/lab1/hook/cmake_prefix_path.dsv'
[2.218s] INFO:colcon.colcon_core.shell:Creating environment hook '/home/nakarin/RoboticsDev/install/lab1/share/lab1/hook/cmake_prefix_path.sh'
[2.219s] Level 1:colcon.colcon_core.environment:checking '/home/nakarin/RoboticsDev/install/lab1/lib'
[2.219s] Level 1:colcon.colcon_core.environment:checking '/home/nakarin/RoboticsDev/install/lab1/bin'
[2.219s] Level 1:colcon.colcon_core.environment:checking '/home/nakarin/RoboticsDev/install/lab1/lib/pkgconfig/lab1.pc'
[2.219s] Level 1:colcon.colcon_core.environment:checking '/home/nakarin/RoboticsDev/install/lab1/lib/python3.10/site-packages'
[2.219s] Level 1:colcon.colcon_core.environment:checking '/home/nakarin/RoboticsDev/install/lab1/bin'
[2.219s] INFO:colcon.colcon_core.shell:Creating package script '/home/nakarin/RoboticsDev/install/lab1/share/lab1/package.ps1'
[2.220s] INFO:colcon.colcon_core.shell:Creating package descriptor '/home/nakarin/RoboticsDev/install/lab1/share/lab1/package.dsv'
[2.220s] INFO:colcon.colcon_core.shell:Creating package script '/home/nakarin/RoboticsDev/install/lab1/share/lab1/package.sh'
[2.220s] INFO:colcon.colcon_core.shell:Creating package script '/home/nakarin/RoboticsDev/install/lab1/share/lab1/package.bash'
[2.221s] INFO:colcon.colcon_core.shell:Creating package script '/home/nakarin/RoboticsDev/install/lab1/share/lab1/package.zsh'
[2.221s] Level 1:colcon.colcon_core.environment:create_file_with_runtime_dependencies(/home/nakarin/RoboticsDev/install/lab1/share/colcon-core/packages/lab1)
[2.234s] Level 1:colcon.colcon_core.environment:create_environment_scripts_only(example_description)
[2.235s] Level 1:colcon.colcon_core.environment:checking '/home/nakarin/RoboticsDev/install/example_description' for CMake module files
[2.235s] Level 1:colcon.colcon_core.environment:checking '/home/nakarin/RoboticsDev/install/example_description' for CMake config files
[2.236s] Level 1:colcon.colcon_core.shell:create_environment_hook('example_description', 'cmake_prefix_path')
[2.236s] INFO:colcon.colcon_core.shell:Creating environment hook '/home/nakarin/RoboticsDev/install/example_description/share/example_description/hook/cmake_prefix_path.ps1'
[2.237s] INFO:colcon.colcon_core.shell:Creating environment descriptor '/home/nakarin/RoboticsDev/install/example_description/share/example_description/hook/cmake_prefix_path.dsv'
[2.237s] INFO:colcon.colcon_core.shell:Creating environment hook '/home/nakarin/RoboticsDev/install/example_description/share/example_description/hook/cmake_prefix_path.sh'
[2.238s] Level 1:colcon.colcon_core.environment:checking '/home/nakarin/RoboticsDev/install/example_description/lib'
[2.238s] Level 1:colcon.colcon_core.environment:checking '/home/nakarin/RoboticsDev/install/example_description/bin'
[2.238s] Level 1:colcon.colcon_core.environment:checking '/home/nakarin/RoboticsDev/install/example_description/lib/pkgconfig/example_description.pc'
[2.239s] Level 1:colcon.colcon_core.environment:checking '/home/nakarin/RoboticsDev/install/example_description/lib/python3.10/site-packages'
[2.239s] Level 1:colcon.colcon_core.environment:checking '/home/nakarin/RoboticsDev/install/example_description/bin'
[2.240s] INFO:colcon.colcon_core.shell:Creating package script '/home/nakarin/RoboticsDev/install/example_description/share/example_description/package.ps1'
[2.241s] INFO:colcon.colcon_core.shell:Creating package descriptor '/home/nakarin/RoboticsDev/install/example_description/share/example_description/package.dsv'
[2.242s] INFO:colcon.colcon_core.shell:Creating package script '/home/nakarin/RoboticsDev/install/example_description/share/example_description/package.sh'
[2.242s] INFO:colcon.colcon_core.shell:Creating package script '/home/nakarin/RoboticsDev/install/example_description/share/example_description/package.bash'
[2.243s] INFO:colcon.colcon_core.shell:Creating package script '/home/nakarin/RoboticsDev/install/example_description/share/example_description/package.zsh'
[2.243s] Level 1:colcon.colcon_core.environment:create_file_with_runtime_dependencies(/home/nakarin/RoboticsDev/install/example_description/share/colcon-core/packages/example_description)
[2.246s] Level 1:colcon.colcon_core.environment:create_environment_scripts_only(lab1)
[2.247s] Level 1:colcon.colcon_core.environment:checking '/home/nakarin/RoboticsDev/install/lab1' for CMake module files
[2.249s] Level 1:colcon.colcon_core.environment:checking '/home/nakarin/RoboticsDev/install/lab1' for CMake config files
[2.249s] Level 1:colcon.colcon_core.shell:create_environment_hook('lab1', 'cmake_prefix_path')
[2.250s] INFO:colcon.colcon_core.shell:Creating environment hook '/home/nakarin/RoboticsDev/install/lab1/share/lab1/hook/cmake_prefix_path.ps1'
[2.250s] INFO:colcon.colcon_core.shell:Creating environment descriptor '/home/nakarin/RoboticsDev/install/lab1/share/lab1/hook/cmake_prefix_path.dsv'
[2.251s] INFO:colcon.colcon_core.shell:Creating environment hook '/home/nakarin/RoboticsDev/install/lab1/share/lab1/hook/cmake_prefix_path.sh'
[2.251s] Level 1:colcon.colcon_core.environment:checking '/home/nakarin/RoboticsDev/install/lab1/lib'
[2.252s] Level 1:colcon.colcon_core.environment:checking '/home/nakarin/RoboticsDev/install/lab1/bin'
[2.252s] Level 1:colcon.colcon_core.environment:checking '/home/nakarin/RoboticsDev/install/lab1/lib/pkgconfig/lab1.pc'
[2.252s] Level 1:colcon.colcon_core.environment:checking '/home/nakarin/RoboticsDev/install/lab1/lib/python3.10/site-packages'
[2.252s] Level 1:colcon.colcon_core.environment:checking '/home/nakarin/RoboticsDev/install/lab1/bin'
[2.253s] INFO:colcon.colcon_core.shell:Creating package script '/home/nakarin/RoboticsDev/install/lab1/share/lab1/package.ps1'
[2.254s] INFO:colcon.colcon_core.shell:Creating package descriptor '/home/nakarin/RoboticsDev/install/lab1/share/lab1/package.dsv'
[2.254s] INFO:colcon.colcon_core.shell:Creating package script '/home/nakarin/RoboticsDev/install/lab1/share/lab1/package.sh'
[2.255s] INFO:colcon.colcon_core.shell:Creating package script '/home/nakarin/RoboticsDev/install/lab1/share/lab1/package.bash'
[2.256s] INFO:colcon.colcon_core.shell:Creating package script '/home/nakarin/RoboticsDev/install/lab1/share/lab1/package.zsh'
[2.256s] Level 1:colcon.colcon_core.environment:create_file_with_runtime_dependencies(/home/nakarin/RoboticsDev/install/lab1/share/colcon-core/packages/lab1)
[2.258s] Level 1:colcon.colcon_core.environment:create_environment_scripts_only(turtle_bringup)
[2.258s] Level 1:colcon.colcon_core.environment:checking '/home/nakarin/RoboticsDev/install/turtle_bringup' for CMake module files
[2.259s] DEBUG:colcon.colcon_core.event_handler.log_command:Invoked command in '/home/nakarin/RoboticsDev/build/turtle_bringup' returned '0': CMAKE_PREFIX_PATH=/opt/ros/humble /usr/bin/cmake --install /home/nakarin/RoboticsDev/build/turtle_bringup
[2.259s] Level 1:colcon.colcon_core.environment:checking '/home/nakarin/RoboticsDev/install/turtle_bringup' for CMake config files
[2.259s] Level 1:colcon.colcon_core.shell:create_environment_hook('turtle_bringup', 'cmake_prefix_path')
[2.259s] INFO:colcon.colcon_core.shell:Creating environment hook '/home/nakarin/RoboticsDev/install/turtle_bringup/share/turtle_bringup/hook/cmake_prefix_path.ps1'
[2.260s] INFO:colcon.colcon_core.shell:Creating environment descriptor '/home/nakarin/RoboticsDev/install/turtle_bringup/share/turtle_bringup/hook/cmake_prefix_path.dsv'
[2.260s] INFO:colcon.colcon_core.shell:Creating environment hook '/home/nakarin/RoboticsDev/install/turtle_bringup/share/turtle_bringup/hook/cmake_prefix_path.sh'
[2.261s] Level 1:colcon.colcon_core.environment:checking '/home/nakarin/RoboticsDev/install/turtle_bringup/lib'
[2.261s] Level 1:colcon.colcon_core.environment:checking '/home/nakarin/RoboticsDev/install/turtle_bringup/bin'
[2.261s] Level 1:colcon.colcon_core.environment:checking '/home/nakarin/RoboticsDev/install/turtle_bringup/lib/pkgconfig/turtle_bringup.pc'
[2.261s] Level 1:colcon.colcon_core.environment:checking '/home/nakarin/RoboticsDev/install/turtle_bringup/lib/python3.10/site-packages'
[2.261s] Level 1:colcon.colcon_core.environment:checking '/home/nakarin/RoboticsDev/install/turtle_bringup/bin'
[2.261s] INFO:colcon.colcon_core.shell:Creating package script '/home/nakarin/RoboticsDev/install/turtle_bringup/share/turtle_bringup/package.ps1'
[2.262s] INFO:colcon.colcon_core.shell:Creating package descriptor '/home/nakarin/RoboticsDev/install/turtle_bringup/share/turtle_bringup/package.dsv'
[2.262s] INFO:colcon.colcon_core.shell:Creating package script '/home/nakarin/RoboticsDev/install/turtle_bringup/share/turtle_bringup/package.sh'
[2.263s] INFO:colcon.colcon_core.shell:Creating package script '/home/nakarin/RoboticsDev/install/turtle_bringup/share/turtle_bringup/package.bash'
[2.263s] INFO:colcon.colcon_core.shell:Creating package script '/home/nakarin/RoboticsDev/install/turtle_bringup/share/turtle_bringup/package.zsh'
[2.263s] Level 1:colcon.colcon_core.environment:create_file_with_runtime_dependencies(/home/nakarin/RoboticsDev/install/turtle_bringup/share/colcon-core/packages/turtle_bringup)
[2.287s] Level 1:colcon.colcon_core.environment:create_environment_scripts_only(turtle_bringup)
[2.287s] Level 1:colcon.colcon_core.environment:checking '/home/nakarin/RoboticsDev/install/turtle_bringup' for CMake module files
[2.288s] Level 1:colcon.colcon_core.environment:checking '/home/nakarin/RoboticsDev/install/turtle_bringup' for CMake config files
[2.289s] Level 1:colcon.colcon_core.shell:create_environment_hook('turtle_bringup', 'cmake_prefix_path')
[2.289s] INFO:colcon.colcon_core.shell:Creating environment hook '/home/nakarin/RoboticsDev/install/turtle_bringup/share/turtle_bringup/hook/cmake_prefix_path.ps1'
[2.290s] INFO:colcon.colcon_core.shell:Creating environment descriptor '/home/nakarin/RoboticsDev/install/turtle_bringup/share/turtle_bringup/hook/cmake_prefix_path.dsv'
[2.290s] INFO:colcon.colcon_core.shell:Creating environment hook '/home/nakarin/RoboticsDev/install/turtle_bringup/share/turtle_bringup/hook/cmake_prefix_path.sh'
[2.291s] Level 1:colcon.colcon_core.environment:checking '/home/nakarin/RoboticsDev/install/turtle_bringup/lib'
[2.291s] Level 1:colcon.colcon_core.environment:checking '/home/nakarin/RoboticsDev/install/turtle_bringup/bin'
[2.291s] Level 1:colcon.colcon_core.environment:checking '/home/nakarin/RoboticsDev/install/turtle_bringup/lib/pkgconfig/turtle_bringup.pc'
[2.292s] Level 1:colcon.colcon_core.environment:checking '/home/nakarin/RoboticsDev/install/turtle_bringup/lib/python3.10/site-packages'
[2.292s] Level 1:colcon.colcon_core.environment:checking '/home/nakarin/RoboticsDev/install/turtle_bringup/bin'
[2.292s] INFO:colcon.colcon_core.shell:Creating package script '/home/nakarin/RoboticsDev/install/turtle_bringup/share/turtle_bringup/package.ps1'
[2.293s] INFO:colcon.colcon_core.shell:Creating package descriptor '/home/nakarin/RoboticsDev/install/turtle_bringup/share/turtle_bringup/package.dsv'
[2.294s] INFO:colcon.colcon_core.shell:Creating package script '/home/nakarin/RoboticsDev/install/turtle_bringup/share/turtle_bringup/package.sh'
[2.295s] INFO:colcon.colcon_core.shell:Creating package script '/home/nakarin/RoboticsDev/install/turtle_bringup/share/turtle_bringup/package.bash'
[2.295s] INFO:colcon.colcon_core.shell:Creating package script '/home/nakarin/RoboticsDev/install/turtle_bringup/share/turtle_bringup/package.zsh'
[2.296s] Level 1:colcon.colcon_core.environment:create_file_with_runtime_dependencies(/home/nakarin/RoboticsDev/install/turtle_bringup/share/colcon-core/packages/turtle_bringup)
[4.169s] DEBUG:colcon.colcon_core.event_handler.log_command:Invoked command in '/home/nakarin/RoboticsDev/build/lab1_interfaces' returned '0': CMAKE_PREFIX_PATH=/opt/ros/humble /usr/bin/cmake --build /home/nakarin/RoboticsDev/build/lab1_interfaces -- -j8 -l8
[4.209s] DEBUG:colcon.colcon_core.event_handler.log_command:Invoking command in '/home/nakarin/RoboticsDev/build/lab1_interfaces': CMAKE_PREFIX_PATH=/opt/ros/humble /usr/bin/cmake --install /home/nakarin/RoboticsDev/build/lab1_interfaces
[4.262s] Level 1:colcon.colcon_core.environment:create_environment_scripts_only(lab1_interfaces)
[4.262s] Level 1:colcon.colcon_core.environment:checking '/home/nakarin/RoboticsDev/install/lab1_interfaces' for CMake module files
[4.263s] DEBUG:colcon.colcon_core.event_handler.log_command:Invoked command in '/home/nakarin/RoboticsDev/build/lab1_interfaces' returned '0': CMAKE_PREFIX_PATH=/opt/ros/humble /usr/bin/cmake --install /home/nakarin/RoboticsDev/build/lab1_interfaces
[4.263s] Level 1:colcon.colcon_core.environment:checking '/home/nakarin/RoboticsDev/install/lab1_interfaces' for CMake config files
[4.263s] Level 1:colcon.colcon_core.shell:create_environment_hook('lab1_interfaces', 'cmake_prefix_path')
[4.264s] INFO:colcon.colcon_core.shell:Creating environment hook '/home/nakarin/RoboticsDev/install/lab1_interfaces/share/lab1_interfaces/hook/cmake_prefix_path.ps1'
[4.264s] INFO:colcon.colcon_core.shell:Creating environment descriptor '/home/nakarin/RoboticsDev/install/lab1_interfaces/share/lab1_interfaces/hook/cmake_prefix_path.dsv'
[4.264s] INFO:colcon.colcon_core.shell:Creating environment hook '/home/nakarin/RoboticsDev/install/lab1_interfaces/share/lab1_interfaces/hook/cmake_prefix_path.sh'
[4.265s] Level 1:colcon.colcon_core.environment:checking '/home/nakarin/RoboticsDev/install/lab1_interfaces/lib'
[4.265s] Level 1:colcon.colcon_core.shell:create_environment_hook('lab1_interfaces', 'ld_library_path_lib')
[4.265s] INFO:colcon.colcon_core.shell:Creating environment hook '/home/nakarin/RoboticsDev/install/lab1_interfaces/share/lab1_interfaces/hook/ld_library_path_lib.ps1'
[4.265s] INFO:colcon.colcon_core.shell:Creating environment descriptor '/home/nakarin/RoboticsDev/install/lab1_interfaces/share/lab1_interfaces/hook/ld_library_path_lib.dsv'
[4.265s] INFO:colcon.colcon_core.shell:Creating environment hook '/home/nakarin/RoboticsDev/install/lab1_interfaces/share/lab1_interfaces/hook/ld_library_path_lib.sh'
[4.266s] Level 1:colcon.colcon_core.environment:checking '/home/nakarin/RoboticsDev/install/lab1_interfaces/bin'
[4.266s] Level 1:colcon.colcon_core.environment:checking '/home/nakarin/RoboticsDev/install/lab1_interfaces/lib/pkgconfig/lab1_interfaces.pc'
[4.266s] Level 1:colcon.colcon_core.environment:checking '/home/nakarin/RoboticsDev/install/lab1_interfaces/lib/python3.10/site-packages'
[4.266s] Level 1:colcon.colcon_core.environment:checking '/home/nakarin/RoboticsDev/install/lab1_interfaces/bin'
[4.266s] INFO:colcon.colcon_core.shell:Creating package script '/home/nakarin/RoboticsDev/install/lab1_interfaces/share/lab1_interfaces/package.ps1'
[4.267s] INFO:colcon.colcon_core.shell:Creating package descriptor '/home/nakarin/RoboticsDev/install/lab1_interfaces/share/lab1_interfaces/package.dsv'
[4.267s] INFO:colcon.colcon_core.shell:Creating package script '/home/nakarin/RoboticsDev/install/lab1_interfaces/share/lab1_interfaces/package.sh'
[4.267s] INFO:colcon.colcon_core.shell:Creating package script '/home/nakarin/RoboticsDev/install/lab1_interfaces/share/lab1_interfaces/package.bash'
[4.268s] INFO:colcon.colcon_core.shell:Creating package script '/home/nakarin/RoboticsDev/install/lab1_interfaces/share/lab1_interfaces/package.zsh'
[4.268s] Level 1:colcon.colcon_core.environment:create_file_with_runtime_dependencies(/home/nakarin/RoboticsDev/install/lab1_interfaces/share/colcon-core/packages/lab1_interfaces)
[4.306s] Level 1:colcon.colcon_core.environment:create_environment_scripts_only(lab1_interfaces)
[4.306s] Level 1:colcon.colcon_core.environment:checking '/home/nakarin/RoboticsDev/install/lab1_interfaces' for CMake module files
[4.307s] Level 1:colcon.colcon_core.environment:checking '/home/nakarin/RoboticsDev/install/lab1_interfaces' for CMake config files
[4.307s] Level 1:colcon.colcon_core.shell:create_environment_hook('lab1_interfaces', 'cmake_prefix_path')
[4.307s] INFO:colcon.colcon_core.shell:Creating environment hook '/home/nakarin/RoboticsDev/install/lab1_interfaces/share/lab1_interfaces/hook/cmake_prefix_path.ps1'
[4.308s] INFO:colcon.colcon_core.shell:Creating environment descriptor '/home/nakarin/RoboticsDev/install/lab1_interfaces/share/lab1_interfaces/hook/cmake_prefix_path.dsv'
[4.308s] INFO:colcon.colcon_core.shell:Creating environment hook '/home/nakarin/RoboticsDev/install/lab1_interfaces/share/lab1_interfaces/hook/cmake_prefix_path.sh'
[4.308s] Level 1:colcon.colcon_core.environment:checking '/home/nakarin/RoboticsDev/install/lab1_interfaces/lib'
[4.309s] Level 1:colcon.colcon_core.shell:create_environment_hook('lab1_interfaces', 'ld_library_path_lib')
[4.309s] INFO:colcon.colcon_core.shell:Creating environment hook '/home/nakarin/RoboticsDev/install/lab1_interfaces/share/lab1_interfaces/hook/ld_library_path_lib.ps1'
[4.309s] INFO:colcon.colcon_core.shell:Creating environment descriptor '/home/nakarin/RoboticsDev/install/lab1_interfaces/share/lab1_interfaces/hook/ld_library_path_lib.dsv'
[4.309s] INFO:colcon.colcon_core.shell:Creating environment hook '/home/nakarin/RoboticsDev/install/lab1_interfaces/share/lab1_interfaces/hook/ld_library_path_lib.sh'
[4.310s] Level 1:colcon.colcon_core.environment:checking '/home/nakarin/RoboticsDev/install/lab1_interfaces/bin'
[4.310s] Level 1:colcon.colcon_core.environment:checking '/home/nakarin/RoboticsDev/install/lab1_interfaces/lib/pkgconfig/lab1_interfaces.pc'
[4.310s] Level 1:colcon.colcon_core.environment:checking '/home/nakarin/RoboticsDev/install/lab1_interfaces/lib/python3.10/site-packages'
[4.310s] Level 1:colcon.colcon_core.environment:checking '/home/nakarin/RoboticsDev/install/lab1_interfaces/bin'
[4.310s] INFO:colcon.colcon_core.shell:Creating package script '/home/nakarin/RoboticsDev/install/lab1_interfaces/share/lab1_interfaces/package.ps1'
[4.311s] INFO:colcon.colcon_core.shell:Creating package descriptor '/home/nakarin/RoboticsDev/install/lab1_interfaces/share/lab1_interfaces/package.dsv'
[4.311s] INFO:colcon.colcon_core.shell:Creating package script '/home/nakarin/RoboticsDev/install/lab1_interfaces/share/lab1_interfaces/package.sh'
[4.311s] INFO:colcon.colcon_core.shell:Creating package script '/home/nakarin/RoboticsDev/install/lab1_interfaces/share/lab1_interfaces/package.bash'
[4.312s] INFO:colcon.colcon_core.shell:Creating package script '/home/nakarin/RoboticsDev/install/lab1_interfaces/share/lab1_interfaces/package.zsh'
[4.312s] Level 1:colcon.colcon_core.environment:create_file_with_runtime_dependencies(/home/nakarin/RoboticsDev/install/lab1_interfaces/share/colcon-core/packages/lab1_interfaces)
[4.312s] DEBUG:colcon.colcon_parallel_executor.executor.parallel:closing loop
[4.312s] DEBUG:colcon.colcon_parallel_executor.executor.parallel:loop closed
[4.313s] DEBUG:colcon.colcon_parallel_executor.executor.parallel:run_until_complete finished with '0'
[4.313s] DEBUG:colcon.colcon_core.event_reactor:joining thread
[4.317s] INFO:colcon.colcon_core.plugin_system:Skipping extension 'colcon_notification.desktop_notification.terminal_notifier': Not used on non-Darwin systems
[4.317s] INFO:colcon.colcon_core.plugin_system:Skipping extension 'colcon_notification.desktop_notification.win32': Not used on non-Windows systems
[4.317s] INFO:colcon.colcon_notification.desktop_notification:Sending desktop notification using 'notify2'
[4.329s] DEBUG:colcon.colcon_core.event_reactor:joined thread
[4.329s] INFO:colcon.colcon_core.shell:Creating prefix script '/home/nakarin/RoboticsDev/install/local_setup.ps1'
[4.330s] INFO:colcon.colcon_core.shell:Creating prefix util module '/home/nakarin/RoboticsDev/install/_local_setup_util_ps1.py'
[4.331s] INFO:colcon.colcon_core.shell:Creating prefix chain script '/home/nakarin/RoboticsDev/install/setup.ps1'
[4.333s] INFO:colcon.colcon_core.shell:Creating prefix script '/home/nakarin/RoboticsDev/install/local_setup.sh'
[4.333s] INFO:colcon.colcon_core.shell:Creating prefix util module '/home/nakarin/RoboticsDev/install/_local_setup_util_sh.py'
[4.334s] INFO:colcon.colcon_core.shell:Creating prefix chain script '/home/nakarin/RoboticsDev/install/setup.sh'
[4.335s] INFO:colcon.colcon_core.shell:Creating prefix script '/home/nakarin/RoboticsDev/install/local_setup.bash'
[4.335s] INFO:colcon.colcon_core.shell:Creating prefix chain script '/home/nakarin/RoboticsDev/install/setup.bash'
[4.336s] INFO:colcon.colcon_core.shell:Creating prefix script '/home/nakarin/RoboticsDev/install/local_setup.zsh'
[4.336s] INFO:colcon.colcon_core.shell:Creating prefix chain script '/home/nakarin/RoboticsDev/install/setup.zsh'
