[2.243s] Invoking command in '/home/nakarin/RoboticsDev/src/examples/rclpy/actions/minimal_action_server': PYTHONPATH=/home/nakarin/RoboticsDev/build/examples_rclpy_minimal_action_server/prefix_override:/usr/lib/python3/dist-packages/colcon_core/task/python/colcon_distutils_commands:/home/nakarin/RoboticsDev/install/examples_rclpy_minimal_action_server/lib/python3.10/site-packages:${PYTHONPATH} /usr/bin/python3 -W ignore:setup.py install is deprecated setup.py egg_info --egg-base ../../../../../build/examples_rclpy_minimal_action_server build --build-base /home/nakarin/RoboticsDev/build/examples_rclpy_minimal_action_server/build install --record /home/nakarin/RoboticsDev/build/examples_rclpy_minimal_action_server/install.log --single-version-externally-managed install_data
[2.685s] running egg_info
[2.686s] writing ../../../../../build/examples_rclpy_minimal_action_server/examples_rclpy_minimal_action_server.egg-info/PKG-INFO
[2.687s] writing dependency_links to ../../../../../build/examples_rclpy_minimal_action_server/examples_rclpy_minimal_action_server.egg-info/dependency_links.txt
[2.687s] writing entry points to ../../../../../build/examples_rclpy_minimal_action_server/examples_rclpy_minimal_action_server.egg-info/entry_points.txt
[2.687s] writing requirements to ../../../../../build/examples_rclpy_minimal_action_server/examples_rclpy_minimal_action_server.egg-info/requires.txt
[2.687s] writing top-level names to ../../../../../build/examples_rclpy_minimal_action_server/examples_rclpy_minimal_action_server.egg-info/top_level.txt
[2.690s] reading manifest file '../../../../../build/examples_rclpy_minimal_action_server/examples_rclpy_minimal_action_server.egg-info/SOURCES.txt'
[2.692s] writing manifest file '../../../../../build/examples_rclpy_minimal_action_server/examples_rclpy_minimal_action_server.egg-info/SOURCES.txt'
[2.693s] running build
[2.693s] running build_py
[2.694s] running install
[2.694s] running install_lib
[2.696s] running install_data
[2.696s] running install_egg_info
[2.699s] removing '/home/nakarin/RoboticsDev/install/examples_rclpy_minimal_action_server/lib/python3.10/site-packages/examples_rclpy_minimal_action_server-0.15.2-py3.10.egg-info' (and everything under it)
[2.699s] Copying ../../../../../build/examples_rclpy_minimal_action_server/examples_rclpy_minimal_action_server.egg-info to /home/nakarin/RoboticsDev/install/examples_rclpy_minimal_action_server/lib/python3.10/site-packages/examples_rclpy_minimal_action_server-0.15.2-py3.10.egg-info
[2.700s] running install_scripts
[2.739s] Installing server script to /home/nakarin/RoboticsDev/install/examples_rclpy_minimal_action_server/lib/examples_rclpy_minimal_action_server
[2.739s] Installing server_defer script to /home/nakarin/RoboticsDev/install/examples_rclpy_minimal_action_server/lib/examples_rclpy_minimal_action_server
[2.739s] Installing server_not_composable script to /home/nakarin/RoboticsDev/install/examples_rclpy_minimal_action_server/lib/examples_rclpy_minimal_action_server
[2.739s] Installing server_queue_goals script to /home/nakarin/RoboticsDev/install/examples_rclpy_minimal_action_server/lib/examples_rclpy_minimal_action_server
[2.739s] Installing server_single_goal script to /home/nakarin/RoboticsDev/install/examples_rclpy_minimal_action_server/lib/examples_rclpy_minimal_action_server
[2.740s] writing list of installed files to '/home/nakarin/RoboticsDev/build/examples_rclpy_minimal_action_server/install.log'
[3.081s] Invoked command in '/home/nakarin/RoboticsDev/src/examples/rclpy/actions/minimal_action_server' returned '0': PYTHONPATH=/home/nakarin/RoboticsDev/build/examples_rclpy_minimal_action_server/prefix_override:/usr/lib/python3/dist-packages/colcon_core/task/python/colcon_distutils_commands:/home/nakarin/RoboticsDev/install/examples_rclpy_minimal_action_server/lib/python3.10/site-packages:${PYTHONPATH} /usr/bin/python3 -W ignore:setup.py install is deprecated setup.py egg_info --egg-base ../../../../../build/examples_rclpy_minimal_action_server build --build-base /home/nakarin/RoboticsDev/build/examples_rclpy_minimal_action_server/build install --record /home/nakarin/RoboticsDev/build/examples_rclpy_minimal_action_server/install.log --single-version-externally-managed install_data
