[0.090s] Invoking command in '/home/nakarin/RoboticsDev/build/examples_rclcpp_wait_set': CMAKE_PREFIX_PATH=${CMAKE_PREFIX_PATH}:/home/nakarin/RoboticsDev/install/launch_testing_examples:/home/nakarin/RoboticsDev/install/examples_rclpy_pointcloud_publisher:/home/nakarin/RoboticsDev/install/examples_rclpy_minimal_subscriber:/home/nakarin/RoboticsDev/install/examples_rclpy_minimal_service:/home/nakarin/RoboticsDev/install/examples_rclpy_minimal_publisher:/home/nakarin/RoboticsDev/install/examples_rclpy_minimal_client:/home/nakarin/RoboticsDev/install/examples_rclpy_minimal_action_server:/home/nakarin/RoboticsDev/install/examples_rclpy_minimal_action_client:/home/nakarin/RoboticsDev/install/examples_rclpy_guard_conditions:/home/nakarin/RoboticsDev/install/examples_rclpy_executors:/opt/ros/humble /usr/bin/cmake --build /home/nakarin/RoboticsDev/build/examples_rclcpp_wait_set -- -j8 -l8
[0.489s] [  8%] Built target wait_set_talker
[0.489s] [ 16%] Built target wait_set_listener
[0.489s] [ 25%] Built target listener
[0.489s] [ 41%] Built target wait_set
[0.489s] [ 41%] Built target talker
[0.489s] [ 50%] Built target wait_set_topics_and_timer
[0.489s] [ 58%] Built target thread_safe_wait_set
[0.489s] [ 66%] Built target static_wait_set
[0.490s] [ 75%] Built target wait_set_random_order
[0.490s] [ 83%] Built target executor_random_order
[0.490s] [ 91%] Built target wait_set_topics_with_different_rates
[0.490s] [100%] Built target wait_set_composed
[0.819s] Invoked command in '/home/nakarin/RoboticsDev/build/examples_rclcpp_wait_set' returned '0': CMAKE_PREFIX_PATH=${CMAKE_PREFIX_PATH}:/home/nakarin/RoboticsDev/install/launch_testing_examples:/home/nakarin/RoboticsDev/install/examples_rclpy_pointcloud_publisher:/home/nakarin/RoboticsDev/install/examples_rclpy_minimal_subscriber:/home/nakarin/RoboticsDev/install/examples_rclpy_minimal_service:/home/nakarin/RoboticsDev/install/examples_rclpy_minimal_publisher:/home/nakarin/RoboticsDev/install/examples_rclpy_minimal_client:/home/nakarin/RoboticsDev/install/examples_rclpy_minimal_action_server:/home/nakarin/RoboticsDev/install/examples_rclpy_minimal_action_client:/home/nakarin/RoboticsDev/install/examples_rclpy_guard_conditions:/home/nakarin/RoboticsDev/install/examples_rclpy_executors:/opt/ros/humble /usr/bin/cmake --build /home/nakarin/RoboticsDev/build/examples_rclcpp_wait_set -- -j8 -l8
[1.579s] Invoking command in '/home/nakarin/RoboticsDev/build/examples_rclcpp_wait_set': CMAKE_PREFIX_PATH=${CMAKE_PREFIX_PATH}:/home/nakarin/RoboticsDev/install/launch_testing_examples:/home/nakarin/RoboticsDev/install/examples_rclpy_pointcloud_publisher:/home/nakarin/RoboticsDev/install/examples_rclpy_minimal_subscriber:/home/nakarin/RoboticsDev/install/examples_rclpy_minimal_service:/home/nakarin/RoboticsDev/install/examples_rclpy_minimal_publisher:/home/nakarin/RoboticsDev/install/examples_rclpy_minimal_client:/home/nakarin/RoboticsDev/install/examples_rclpy_minimal_action_server:/home/nakarin/RoboticsDev/install/examples_rclpy_minimal_action_client:/home/nakarin/RoboticsDev/install/examples_rclpy_guard_conditions:/home/nakarin/RoboticsDev/install/examples_rclpy_executors:/opt/ros/humble /usr/bin/cmake --install /home/nakarin/RoboticsDev/build/examples_rclcpp_wait_set
[1.591s] -- Install configuration: ""
[1.591s] -- Up-to-date: /home/nakarin/RoboticsDev/install/examples_rclcpp_wait_set/lib/examples_rclcpp_wait_set/wait_set_talker
[1.591s] -- Up-to-date: /home/nakarin/RoboticsDev/install/examples_rclcpp_wait_set/lib/examples_rclcpp_wait_set/wait_set_listener
[1.591s] -- Up-to-date: /home/nakarin/RoboticsDev/install/examples_rclcpp_wait_set/lib/libtalker.so
[1.591s] -- Up-to-date: /home/nakarin/RoboticsDev/install/examples_rclcpp_wait_set/lib/liblistener.so
[1.591s] -- Up-to-date: /home/nakarin/RoboticsDev/install/examples_rclcpp_wait_set/lib/examples_rclcpp_wait_set/wait_set
[1.591s] -- Up-to-date: /home/nakarin/RoboticsDev/install/examples_rclcpp_wait_set/lib/examples_rclcpp_wait_set/static_wait_set
[1.591s] -- Up-to-date: /home/nakarin/RoboticsDev/install/examples_rclcpp_wait_set/lib/examples_rclcpp_wait_set/thread_safe_wait_set
[1.592s] -- Up-to-date: /home/nakarin/RoboticsDev/install/examples_rclcpp_wait_set/lib/examples_rclcpp_wait_set/wait_set_topics_and_timer
[1.592s] -- Up-to-date: /home/nakarin/RoboticsDev/install/examples_rclcpp_wait_set/lib/examples_rclcpp_wait_set/wait_set_random_order
[1.594s] -- Up-to-date: /home/nakarin/RoboticsDev/install/examples_rclcpp_wait_set/lib/examples_rclcpp_wait_set/executor_random_order
[1.595s] -- Up-to-date: /home/nakarin/RoboticsDev/install/examples_rclcpp_wait_set/lib/examples_rclcpp_wait_set/wait_set_topics_with_different_rates
[1.595s] -- Up-to-date: /home/nakarin/RoboticsDev/install/examples_rclcpp_wait_set/lib/examples_rclcpp_wait_set/wait_set_composed
[1.595s] -- Up-to-date: /home/nakarin/RoboticsDev/install/examples_rclcpp_wait_set/share/ament_index/resource_index/package_run_dependencies/examples_rclcpp_wait_set
[1.595s] -- Up-to-date: /home/nakarin/RoboticsDev/install/examples_rclcpp_wait_set/share/ament_index/resource_index/parent_prefix_path/examples_rclcpp_wait_set
[1.595s] -- Up-to-date: /home/nakarin/RoboticsDev/install/examples_rclcpp_wait_set/share/examples_rclcpp_wait_set/environment/ament_prefix_path.sh
[1.595s] -- Up-to-date: /home/nakarin/RoboticsDev/install/examples_rclcpp_wait_set/share/examples_rclcpp_wait_set/environment/ament_prefix_path.dsv
[1.595s] -- Up-to-date: /home/nakarin/RoboticsDev/install/examples_rclcpp_wait_set/share/examples_rclcpp_wait_set/environment/path.sh
[1.595s] -- Up-to-date: /home/nakarin/RoboticsDev/install/examples_rclcpp_wait_set/share/examples_rclcpp_wait_set/environment/path.dsv
[1.595s] -- Up-to-date: /home/nakarin/RoboticsDev/install/examples_rclcpp_wait_set/share/examples_rclcpp_wait_set/local_setup.bash
[1.596s] -- Up-to-date: /home/nakarin/RoboticsDev/install/examples_rclcpp_wait_set/share/examples_rclcpp_wait_set/local_setup.sh
[1.596s] -- Up-to-date: /home/nakarin/RoboticsDev/install/examples_rclcpp_wait_set/share/examples_rclcpp_wait_set/local_setup.zsh
[1.596s] -- Up-to-date: /home/nakarin/RoboticsDev/install/examples_rclcpp_wait_set/share/examples_rclcpp_wait_set/local_setup.dsv
[1.596s] -- Installing: /home/nakarin/RoboticsDev/install/examples_rclcpp_wait_set/share/examples_rclcpp_wait_set/package.dsv
[1.596s] -- Up-to-date: /home/nakarin/RoboticsDev/install/examples_rclcpp_wait_set/share/ament_index/resource_index/packages/examples_rclcpp_wait_set
[1.596s] -- Up-to-date: /home/nakarin/RoboticsDev/install/examples_rclcpp_wait_set/share/ament_index/resource_index/rclcpp_components/examples_rclcpp_wait_set
[1.596s] -- Up-to-date: /home/nakarin/RoboticsDev/install/examples_rclcpp_wait_set/share/examples_rclcpp_wait_set/cmake/examples_rclcpp_wait_setConfig.cmake
[1.596s] -- Up-to-date: /home/nakarin/RoboticsDev/install/examples_rclcpp_wait_set/share/examples_rclcpp_wait_set/cmake/examples_rclcpp_wait_setConfig-version.cmake
[1.596s] -- Up-to-date: /home/nakarin/RoboticsDev/install/examples_rclcpp_wait_set/share/examples_rclcpp_wait_set/package.xml
[1.648s] Invoked command in '/home/nakarin/RoboticsDev/build/examples_rclcpp_wait_set' returned '0': CMAKE_PREFIX_PATH=${CMAKE_PREFIX_PATH}:/home/nakarin/RoboticsDev/install/launch_testing_examples:/home/nakarin/RoboticsDev/install/examples_rclpy_pointcloud_publisher:/home/nakarin/RoboticsDev/install/examples_rclpy_minimal_subscriber:/home/nakarin/RoboticsDev/install/examples_rclpy_minimal_service:/home/nakarin/RoboticsDev/install/examples_rclpy_minimal_publisher:/home/nakarin/RoboticsDev/install/examples_rclpy_minimal_client:/home/nakarin/RoboticsDev/install/examples_rclpy_minimal_action_server:/home/nakarin/RoboticsDev/install/examples_rclpy_minimal_action_client:/home/nakarin/RoboticsDev/install/examples_rclpy_guard_conditions:/home/nakarin/RoboticsDev/install/examples_rclpy_executors:/opt/ros/humble /usr/bin/cmake --install /home/nakarin/RoboticsDev/build/examples_rclcpp_wait_set
