[0.013s] Invoking command in '/home/nakarin/RoboticsDev/build/lab1': CMAKE_PREFIX_PATH=/opt/ros/humble /usr/bin/cmake /home/nakarin/RoboticsDev/src/lab1 -DCMAKE_INSTALL_PREFIX=/home/nakarin/RoboticsDev/install/lab1
[0.081s] -- The C compiler identification is GNU 11.4.0
[0.138s] -- The CXX compiler identification is GNU 11.4.0
[0.147s] -- Detecting C compiler ABI info
[0.212s] -- Detecting C compiler ABI info - done
[0.219s] -- Check for working C compiler: /usr/bin/cc - skipped
[0.219s] -- Detecting C compile features
[0.220s] -- Detecting C compile features - done
[0.223s] -- Detecting CXX compiler ABI info
[0.291s] -- Detecting CXX compiler ABI info - done
[0.305s] -- Check for working CXX compiler: /usr/bin/c++ - skipped
[0.305s] -- Detecting CXX compile features
[0.306s] -- Detecting CXX compile features - done
[0.309s] -- Found ament_cmake: 1.3.10 (/opt/ros/humble/share/ament_cmake/cmake)
[0.448s] -- Found Python3: /usr/bin/python3 (found version "3.10.12") found components: Interpreter 
[0.524s] -- Found rclcpp: 16.0.10 (/opt/ros/humble/share/rclcpp/cmake)
[0.557s] -- Found rosidl_generator_c: 3.1.5 (/opt/ros/humble/share/rosidl_generator_c/cmake)
[0.561s] -- Found rosidl_adapter: 3.1.5 (/opt/ros/humble/share/rosidl_adapter/cmake)
[0.568s] -- Found rosidl_generator_cpp: 3.1.5 (/opt/ros/humble/share/rosidl_generator_cpp/cmake)
[0.578s] -- Using all available rosidl_typesupport_c: rosidl_typesupport_fastrtps_c;rosidl_typesupport_introspection_c
[0.592s] -- Using all available rosidl_typesupport_cpp: rosidl_typesupport_fastrtps_cpp;rosidl_typesupport_introspection_cpp
[0.631s] -- Found rmw_implementation_cmake: 6.1.2 (/opt/ros/humble/share/rmw_implementation_cmake/cmake)
[0.633s] -- Found rmw_fastrtps_cpp: 6.2.7 (/opt/ros/humble/share/rmw_fastrtps_cpp/cmake)
[0.699s] -- Found OpenSSL: /usr/lib/x86_64-linux-gnu/libcrypto.so (found version "3.0.2")  
[0.724s] -- Found FastRTPS: /opt/ros/humble/include  
[0.773s] -- Using RMW implementation 'rmw_fastrtps_cpp' as default
[0.783s] -- Looking for pthread.h
[0.849s] -- Looking for pthread.h - found
[0.849s] -- Performing Test CMAKE_HAVE_LIBC_PTHREAD
[0.916s] -- Performing Test CMAKE_HAVE_LIBC_PTHREAD - Success
[0.917s] -- Found Threads: TRUE  
[0.989s] -- Found rclpy: 3.3.14 (/opt/ros/humble/share/rclpy/cmake)
[1.139s] -- Configuring done
[1.153s] -- Generating done
[1.155s] -- Build files have been written to: /home/nakarin/RoboticsDev/build/lab1
[1.168s] Invoked command in '/home/nakarin/RoboticsDev/build/lab1' returned '0': CMAKE_PREFIX_PATH=/opt/ros/humble /usr/bin/cmake /home/nakarin/RoboticsDev/src/lab1 -DCMAKE_INSTALL_PREFIX=/home/nakarin/RoboticsDev/install/lab1
[1.170s] Invoking command in '/home/nakarin/RoboticsDev/build/lab1': CMAKE_PREFIX_PATH=/opt/ros/humble /usr/bin/cmake --build /home/nakarin/RoboticsDev/build/lab1 -- -j8 -l8
[1.224s] [ 50%] [32mBuilding CXX object CMakeFiles/cpp_node_test.dir/src/cpp_node.cpp.o[0m
[1.233s] [ 50%] Built target ament_cmake_python_copy_lab1
[1.590s] running egg_info
[1.591s] creating lab1.egg-info
[1.591s] writing lab1.egg-info/PKG-INFO
[1.591s] writing dependency_links to lab1.egg-info/dependency_links.txt
[1.591s] writing top-level names to lab1.egg-info/top_level.txt
[1.592s] writing manifest file 'lab1.egg-info/SOURCES.txt'
[1.594s] reading manifest file 'lab1.egg-info/SOURCES.txt'
[1.595s] writing manifest file 'lab1.egg-info/SOURCES.txt'
[1.624s] [ 50%] Built target ament_cmake_python_build_lab1_egg
[1.652s] [100%] [32m[1mLinking CXX executable cpp_node_test[0m
[1.761s] [100%] Built target cpp_node_test
[1.781s] Invoked command in '/home/nakarin/RoboticsDev/build/lab1' returned '0': CMAKE_PREFIX_PATH=/opt/ros/humble /usr/bin/cmake --build /home/nakarin/RoboticsDev/build/lab1 -- -j8 -l8
[1.803s] Invoking command in '/home/nakarin/RoboticsDev/build/lab1': CMAKE_PREFIX_PATH=/opt/ros/humble /usr/bin/cmake --install /home/nakarin/RoboticsDev/build/lab1
[1.809s] -- Install configuration: ""
[1.809s] -- Installing: /home/nakarin/RoboticsDev/install/lab1/share/lab1/environment/pythonpath.sh
[1.809s] -- Installing: /home/nakarin/RoboticsDev/install/lab1/share/lab1/environment/pythonpath.dsv
[1.809s] -- Installing: /home/nakarin/RoboticsDev/install/lab1/local/lib/python3.10/dist-packages/lab1-0.0.0-py3.10.egg-info
[1.809s] -- Installing: /home/nakarin/RoboticsDev/install/lab1/local/lib/python3.10/dist-packages/lab1-0.0.0-py3.10.egg-info/dependency_links.txt
[1.810s] -- Installing: /home/nakarin/RoboticsDev/install/lab1/local/lib/python3.10/dist-packages/lab1-0.0.0-py3.10.egg-info/SOURCES.txt
[1.810s] -- Installing: /home/nakarin/RoboticsDev/install/lab1/local/lib/python3.10/dist-packages/lab1-0.0.0-py3.10.egg-info/PKG-INFO
[1.810s] -- Installing: /home/nakarin/RoboticsDev/install/lab1/local/lib/python3.10/dist-packages/lab1-0.0.0-py3.10.egg-info/top_level.txt
[1.810s] -- Installing: /home/nakarin/RoboticsDev/install/lab1/local/lib/python3.10/dist-packages/lab1
[1.810s] -- Installing: /home/nakarin/RoboticsDev/install/lab1/local/lib/python3.10/dist-packages/lab1/__init__.py
[1.810s] -- Installing: /home/nakarin/RoboticsDev/install/lab1/local/lib/python3.10/dist-packages/lab1/dummy_module.py
[1.846s] Listing '/home/nakarin/RoboticsDev/install/lab1/local/lib/python3.10/dist-packages/lab1'...
[1.847s] Compiling '/home/nakarin/RoboticsDev/install/lab1/local/lib/python3.10/dist-packages/lab1/__init__.py'...
[1.847s] Compiling '/home/nakarin/RoboticsDev/install/lab1/local/lib/python3.10/dist-packages/lab1/dummy_module.py'...
[1.852s] -- Installing: /home/nakarin/RoboticsDev/install/lab1/lib/lab1/dummy_script.py
[1.852s] -- Installing: /home/nakarin/RoboticsDev/install/lab1/lib/lab1/noise_generator_script.py
[1.852s] -- Installing: /home/nakarin/RoboticsDev/install/lab1/lib/lab1/velocity_mux_script.py
[1.852s] -- Installing: /home/nakarin/RoboticsDev/install/lab1/lib/lab1/cpp_node_test
[1.853s] -- Set runtime path of "/home/nakarin/RoboticsDev/install/lab1/lib/lab1/cpp_node_test" to ""
[1.853s] -- Installing: /home/nakarin/RoboticsDev/install/lab1/share/lab1/launch
[1.853s] -- Installing: /home/nakarin/RoboticsDev/install/lab1/share/lab1/launch/simple-param.launch.py
[1.853s] -- Installing: /home/nakarin/RoboticsDev/install/lab1/share/lab1/launch/lab1-execute-process.launch.py
[1.853s] -- Installing: /home/nakarin/RoboticsDev/install/lab1/share/lab1/launch/lab1.launch.py
[1.854s] -- Installing: /home/nakarin/RoboticsDev/install/lab1/share/lab1/launch/simple.launch.py
[1.854s] -- Installing: /home/nakarin/RoboticsDev/install/lab1/share/ament_index/resource_index/package_run_dependencies/lab1
[1.855s] -- Installing: /home/nakarin/RoboticsDev/install/lab1/share/ament_index/resource_index/parent_prefix_path/lab1
[1.855s] -- Installing: /home/nakarin/RoboticsDev/install/lab1/share/lab1/environment/ament_prefix_path.sh
[1.855s] -- Installing: /home/nakarin/RoboticsDev/install/lab1/share/lab1/environment/ament_prefix_path.dsv
[1.856s] -- Installing: /home/nakarin/RoboticsDev/install/lab1/share/lab1/environment/path.sh
[1.856s] -- Installing: /home/nakarin/RoboticsDev/install/lab1/share/lab1/environment/path.dsv
[1.856s] -- Installing: /home/nakarin/RoboticsDev/install/lab1/share/lab1/local_setup.bash
[1.856s] -- Installing: /home/nakarin/RoboticsDev/install/lab1/share/lab1/local_setup.sh
[1.856s] -- Installing: /home/nakarin/RoboticsDev/install/lab1/share/lab1/local_setup.zsh
[1.857s] -- Installing: /home/nakarin/RoboticsDev/install/lab1/share/lab1/local_setup.dsv
[1.858s] -- Installing: /home/nakarin/RoboticsDev/install/lab1/share/lab1/package.dsv
[1.858s] -- Installing: /home/nakarin/RoboticsDev/install/lab1/share/ament_index/resource_index/packages/lab1
[1.858s] -- Installing: /home/nakarin/RoboticsDev/install/lab1/share/lab1/cmake/lab1Config.cmake
[1.858s] -- Installing: /home/nakarin/RoboticsDev/install/lab1/share/lab1/cmake/lab1Config-version.cmake
[1.858s] -- Installing: /home/nakarin/RoboticsDev/install/lab1/share/lab1/package.xml
[1.859s] Invoked command in '/home/nakarin/RoboticsDev/build/lab1' returned '0': CMAKE_PREFIX_PATH=/opt/ros/humble /usr/bin/cmake --install /home/nakarin/RoboticsDev/build/lab1
