[0.054s] Invoking command in '/home/nakarin/RoboticsDev/build/turtle_bringup': CMAKE_PREFIX_PATH=${CMAKE_PREFIX_PATH}:/home/nakarin/RoboticsDev/install/launch_testing_examples:/home/nakarin/RoboticsDev/install/examples_rclpy_pointcloud_publisher:/home/nakarin/RoboticsDev/install/examples_rclpy_minimal_subscriber:/home/nakarin/RoboticsDev/install/examples_rclpy_minimal_service:/home/nakarin/RoboticsDev/install/examples_rclpy_minimal_publisher:/home/nakarin/RoboticsDev/install/examples_rclpy_minimal_client:/home/nakarin/RoboticsDev/install/examples_rclpy_minimal_action_server:/home/nakarin/RoboticsDev/install/examples_rclpy_minimal_action_client:/home/nakarin/RoboticsDev/install/examples_rclpy_guard_conditions:/home/nakarin/RoboticsDev/install/examples_rclpy_executors:/opt/ros/humble /usr/bin/cmake --build /home/nakarin/RoboticsDev/build/turtle_bringup -- -j8 -l8
[0.183s] -- Found ament_cmake: 1.3.10 (/opt/ros/humble/share/ament_cmake/cmake)
[0.938s] -- Found rclcpp: 16.0.10 (/opt/ros/humble/share/rclcpp/cmake)
[1.053s] -- Found rosidl_generator_c: 3.1.5 (/opt/ros/humble/share/rosidl_generator_c/cmake)
[1.054s] -- Found rosidl_adapter: 3.1.5 (/opt/ros/humble/share/rosidl_adapter/cmake)
[1.062s] -- Found rosidl_generator_cpp: 3.1.5 (/opt/ros/humble/share/rosidl_generator_cpp/cmake)
[1.094s] -- Using all available rosidl_typesupport_c: rosidl_typesupport_fastrtps_c;rosidl_typesupport_introspection_c
[1.130s] -- Using all available rosidl_typesupport_cpp: rosidl_typesupport_fastrtps_cpp;rosidl_typesupport_introspection_cpp
[1.229s] -- Found rmw_implementation_cmake: 6.1.2 (/opt/ros/humble/share/rmw_implementation_cmake/cmake)
[1.236s] -- Found rmw_fastrtps_cpp: 6.2.7 (/opt/ros/humble/share/rmw_fastrtps_cpp/cmake)
[1.385s] -- Using RMW implementation 'rmw_fastrtps_cpp' as default
[1.462s] -- Found rclpy: 3.3.14 (/opt/ros/humble/share/rclpy/cmake)
[1.665s] -- Configuring done
[1.675s] -- Generating done
[1.678s] -- Build files have been written to: /home/nakarin/RoboticsDev/build/turtle_bringup
[1.709s] [35m[1mConsolidate compiler generated dependencies of target cpp_node_test[0m
[1.723s] [100%] Built target cpp_node_test
[1.731s] [100%] Built target ament_cmake_python_copy_turtle_bringup
[2.024s] running egg_info
[2.025s] writing turtle_bringup.egg-info/PKG-INFO
[2.025s] writing dependency_links to turtle_bringup.egg-info/dependency_links.txt
[2.025s] writing top-level names to turtle_bringup.egg-info/top_level.txt
[2.028s] reading manifest file 'turtle_bringup.egg-info/SOURCES.txt'
[2.029s] writing manifest file 'turtle_bringup.egg-info/SOURCES.txt'
[2.062s] [100%] Built target ament_cmake_python_build_turtle_bringup_egg
[2.073s] Invoked command in '/home/nakarin/RoboticsDev/build/turtle_bringup' returned '0': CMAKE_PREFIX_PATH=${CMAKE_PREFIX_PATH}:/home/nakarin/RoboticsDev/install/launch_testing_examples:/home/nakarin/RoboticsDev/install/examples_rclpy_pointcloud_publisher:/home/nakarin/RoboticsDev/install/examples_rclpy_minimal_subscriber:/home/nakarin/RoboticsDev/install/examples_rclpy_minimal_service:/home/nakarin/RoboticsDev/install/examples_rclpy_minimal_publisher:/home/nakarin/RoboticsDev/install/examples_rclpy_minimal_client:/home/nakarin/RoboticsDev/install/examples_rclpy_minimal_action_server:/home/nakarin/RoboticsDev/install/examples_rclpy_minimal_action_client:/home/nakarin/RoboticsDev/install/examples_rclpy_guard_conditions:/home/nakarin/RoboticsDev/install/examples_rclpy_executors:/opt/ros/humble /usr/bin/cmake --build /home/nakarin/RoboticsDev/build/turtle_bringup -- -j8 -l8
[2.100s] Invoking command in '/home/nakarin/RoboticsDev/build/turtle_bringup': CMAKE_PREFIX_PATH=${CMAKE_PREFIX_PATH}:/home/nakarin/RoboticsDev/install/launch_testing_examples:/home/nakarin/RoboticsDev/install/examples_rclpy_pointcloud_publisher:/home/nakarin/RoboticsDev/install/examples_rclpy_minimal_subscriber:/home/nakarin/RoboticsDev/install/examples_rclpy_minimal_service:/home/nakarin/RoboticsDev/install/examples_rclpy_minimal_publisher:/home/nakarin/RoboticsDev/install/examples_rclpy_minimal_client:/home/nakarin/RoboticsDev/install/examples_rclpy_minimal_action_server:/home/nakarin/RoboticsDev/install/examples_rclpy_minimal_action_client:/home/nakarin/RoboticsDev/install/examples_rclpy_guard_conditions:/home/nakarin/RoboticsDev/install/examples_rclpy_executors:/opt/ros/humble /usr/bin/cmake --install /home/nakarin/RoboticsDev/build/turtle_bringup
[2.107s] -- Install configuration: ""
[2.108s] -- Up-to-date: /home/nakarin/RoboticsDev/install/turtle_bringup/share/turtle_bringup/environment/pythonpath.sh
[2.108s] -- Installing: /home/nakarin/RoboticsDev/install/turtle_bringup/share/turtle_bringup/environment/pythonpath.dsv
[2.108s] -- Up-to-date: /home/nakarin/RoboticsDev/install/turtle_bringup/local/lib/python3.10/dist-packages/turtle_bringup-0.0.0-py3.10.egg-info
[2.108s] -- Installing: /home/nakarin/RoboticsDev/install/turtle_bringup/local/lib/python3.10/dist-packages/turtle_bringup-0.0.0-py3.10.egg-info/dependency_links.txt
[2.108s] -- Installing: /home/nakarin/RoboticsDev/install/turtle_bringup/local/lib/python3.10/dist-packages/turtle_bringup-0.0.0-py3.10.egg-info/SOURCES.txt
[2.108s] -- Installing: /home/nakarin/RoboticsDev/install/turtle_bringup/local/lib/python3.10/dist-packages/turtle_bringup-0.0.0-py3.10.egg-info/PKG-INFO
[2.108s] -- Installing: /home/nakarin/RoboticsDev/install/turtle_bringup/local/lib/python3.10/dist-packages/turtle_bringup-0.0.0-py3.10.egg-info/top_level.txt
[2.109s] -- Up-to-date: /home/nakarin/RoboticsDev/install/turtle_bringup/local/lib/python3.10/dist-packages/turtle_bringup
[2.109s] -- Up-to-date: /home/nakarin/RoboticsDev/install/turtle_bringup/local/lib/python3.10/dist-packages/turtle_bringup/__init__.py
[2.109s] -- Up-to-date: /home/nakarin/RoboticsDev/install/turtle_bringup/local/lib/python3.10/dist-packages/turtle_bringup/dummy_module.py
[2.147s] Listing '/home/nakarin/RoboticsDev/install/turtle_bringup/local/lib/python3.10/dist-packages/turtle_bringup'...
[2.153s] -- Up-to-date: /home/nakarin/RoboticsDev/install/turtle_bringup/lib/turtle_bringup/dummy_script.py
[2.153s] -- Installing: /home/nakarin/RoboticsDev/install/turtle_bringup/lib/turtle_bringup/controller.py
[2.153s] -- Installing: /home/nakarin/RoboticsDev/install/turtle_bringup/lib/turtle_bringup/crazy_turtle.py
[2.153s] -- Installing: /home/nakarin/RoboticsDev/install/turtle_bringup/lib/turtle_bringup/crazy_pizza.py
[2.153s] -- Installing: /home/nakarin/RoboticsDev/install/turtle_bringup/lib/turtle_bringup/odom_publisher.py
[2.153s] -- Up-to-date: /home/nakarin/RoboticsDev/install/turtle_bringup/lib/turtle_bringup/cpp_node_test
[2.153s] -- Up-to-date: /home/nakarin/RoboticsDev/install/turtle_bringup/share/turtle_bringup
[2.153s] -- Up-to-date: /home/nakarin/RoboticsDev/install/turtle_bringup/share/ament_index/resource_index/package_run_dependencies/turtle_bringup
[2.154s] -- Installing: /home/nakarin/RoboticsDev/install/turtle_bringup/share/ament_index/resource_index/parent_prefix_path/turtle_bringup
[2.154s] -- Up-to-date: /home/nakarin/RoboticsDev/install/turtle_bringup/share/turtle_bringup/environment/ament_prefix_path.sh
[2.154s] -- Installing: /home/nakarin/RoboticsDev/install/turtle_bringup/share/turtle_bringup/environment/ament_prefix_path.dsv
[2.154s] -- Up-to-date: /home/nakarin/RoboticsDev/install/turtle_bringup/share/turtle_bringup/environment/path.sh
[2.154s] -- Installing: /home/nakarin/RoboticsDev/install/turtle_bringup/share/turtle_bringup/environment/path.dsv
[2.154s] -- Up-to-date: /home/nakarin/RoboticsDev/install/turtle_bringup/share/turtle_bringup/local_setup.bash
[2.154s] -- Up-to-date: /home/nakarin/RoboticsDev/install/turtle_bringup/share/turtle_bringup/local_setup.sh
[2.154s] -- Up-to-date: /home/nakarin/RoboticsDev/install/turtle_bringup/share/turtle_bringup/local_setup.zsh
[2.154s] -- Installing: /home/nakarin/RoboticsDev/install/turtle_bringup/share/turtle_bringup/local_setup.dsv
[2.154s] -- Installing: /home/nakarin/RoboticsDev/install/turtle_bringup/share/turtle_bringup/package.dsv
[2.154s] -- Up-to-date: /home/nakarin/RoboticsDev/install/turtle_bringup/share/ament_index/resource_index/packages/turtle_bringup
[2.155s] -- Up-to-date: /home/nakarin/RoboticsDev/install/turtle_bringup/share/turtle_bringup/cmake/turtle_bringupConfig.cmake
[2.155s] -- Up-to-date: /home/nakarin/RoboticsDev/install/turtle_bringup/share/turtle_bringup/cmake/turtle_bringupConfig-version.cmake
[2.155s] -- Up-to-date: /home/nakarin/RoboticsDev/install/turtle_bringup/share/turtle_bringup/package.xml
[2.157s] Invoked command in '/home/nakarin/RoboticsDev/build/turtle_bringup' returned '0': CMAKE_PREFIX_PATH=${CMAKE_PREFIX_PATH}:/home/nakarin/RoboticsDev/install/launch_testing_examples:/home/nakarin/RoboticsDev/install/examples_rclpy_pointcloud_publisher:/home/nakarin/RoboticsDev/install/examples_rclpy_minimal_subscriber:/home/nakarin/RoboticsDev/install/examples_rclpy_minimal_service:/home/nakarin/RoboticsDev/install/examples_rclpy_minimal_publisher:/home/nakarin/RoboticsDev/install/examples_rclpy_minimal_client:/home/nakarin/RoboticsDev/install/examples_rclpy_minimal_action_server:/home/nakarin/RoboticsDev/install/examples_rclpy_minimal_action_client:/home/nakarin/RoboticsDev/install/examples_rclpy_guard_conditions:/home/nakarin/RoboticsDev/install/examples_rclpy_executors:/opt/ros/humble /usr/bin/cmake --install /home/nakarin/RoboticsDev/build/turtle_bringup
