[0.025s] Invoking command in '/home/nakarin/RoboticsDev/build/turtlesim_plus_interfaces': CMAKE_PREFIX_PATH=${CMAKE_PREFIX_PATH}:/home/nakarin/RoboticsDev/install/launch_testing_examples:/home/nakarin/RoboticsDev/install/examples_rclpy_pointcloud_publisher:/home/nakarin/RoboticsDev/install/examples_rclpy_minimal_subscriber:/home/nakarin/RoboticsDev/install/examples_rclpy_minimal_service:/home/nakarin/RoboticsDev/install/examples_rclpy_minimal_publisher:/home/nakarin/RoboticsDev/install/examples_rclpy_minimal_client:/home/nakarin/RoboticsDev/install/examples_rclpy_minimal_action_server:/home/nakarin/RoboticsDev/install/examples_rclpy_minimal_action_client:/home/nakarin/RoboticsDev/install/examples_rclpy_guard_conditions:/home/nakarin/RoboticsDev/install/examples_rclpy_executors:/opt/ros/humble /usr/bin/cmake --build /home/nakarin/RoboticsDev/build/turtlesim_plus_interfaces -- -j8 -l8
[0.116s] [ 10%] Built target turtlesim_plus_interfaces__rosidl_generator_c
[0.133s] [ 12%] Built target turtlesim_plus_interfaces__cpp
[0.140s] [ 12%] Built target ament_cmake_python_copy_turtlesim_plus_interfaces
[0.184s] [ 34%] Built target turtlesim_plus_interfaces__rosidl_typesupport_c
[0.185s] [ 34%] Built target turtlesim_plus_interfaces__rosidl_typesupport_fastrtps_c
[0.185s] [ 45%] Built target turtlesim_plus_interfaces__rosidl_typesupport_cpp
[0.189s] [ 56%] Built target turtlesim_plus_interfaces__rosidl_typesupport_introspection_c
[0.195s] [ 67%] Built target turtlesim_plus_interfaces__rosidl_typesupport_fastrtps_cpp
[0.202s] [ 78%] Built target turtlesim_plus_interfaces__rosidl_typesupport_introspection_cpp
[0.225s] [ 78%] Built target turtlesim_plus_interfaces
[0.255s] [ 80%] Built target turtlesim_plus_interfaces__py
[0.291s] [ 89%] Built target turtlesim_plus_interfaces__rosidl_generator_py
[0.326s] [ 92%] Built target turtlesim_plus_interfaces__rosidl_typesupport_introspection_c__pyext
[0.331s] [ 98%] Built target turtlesim_plus_interfaces__rosidl_typesupport_fastrtps_c__pyext
[0.332s] [100%] Built target turtlesim_plus_interfaces__rosidl_typesupport_c__pyext
[0.508s] running egg_info
[0.509s] writing turtlesim_plus_interfaces.egg-info/PKG-INFO
[0.510s] writing dependency_links to turtlesim_plus_interfaces.egg-info/dependency_links.txt
[0.510s] writing top-level names to turtlesim_plus_interfaces.egg-info/top_level.txt
[0.513s] reading manifest file 'turtlesim_plus_interfaces.egg-info/SOURCES.txt'
[0.515s] writing manifest file 'turtlesim_plus_interfaces.egg-info/SOURCES.txt'
[0.553s] [100%] Built target ament_cmake_python_build_turtlesim_plus_interfaces_egg
[0.565s] Invoked command in '/home/nakarin/RoboticsDev/build/turtlesim_plus_interfaces' returned '0': CMAKE_PREFIX_PATH=${CMAKE_PREFIX_PATH}:/home/nakarin/RoboticsDev/install/launch_testing_examples:/home/nakarin/RoboticsDev/install/examples_rclpy_pointcloud_publisher:/home/nakarin/RoboticsDev/install/examples_rclpy_minimal_subscriber:/home/nakarin/RoboticsDev/install/examples_rclpy_minimal_service:/home/nakarin/RoboticsDev/install/examples_rclpy_minimal_publisher:/home/nakarin/RoboticsDev/install/examples_rclpy_minimal_client:/home/nakarin/RoboticsDev/install/examples_rclpy_minimal_action_server:/home/nakarin/RoboticsDev/install/examples_rclpy_minimal_action_client:/home/nakarin/RoboticsDev/install/examples_rclpy_guard_conditions:/home/nakarin/RoboticsDev/install/examples_rclpy_executors:/opt/ros/humble /usr/bin/cmake --build /home/nakarin/RoboticsDev/build/turtlesim_plus_interfaces -- -j8 -l8
[0.661s] Invoking command in '/home/nakarin/RoboticsDev/build/turtlesim_plus_interfaces': CMAKE_PREFIX_PATH=${CMAKE_PREFIX_PATH}:/home/nakarin/RoboticsDev/install/launch_testing_examples:/home/nakarin/RoboticsDev/install/examples_rclpy_pointcloud_publisher:/home/nakarin/RoboticsDev/install/examples_rclpy_minimal_subscriber:/home/nakarin/RoboticsDev/install/examples_rclpy_minimal_service:/home/nakarin/RoboticsDev/install/examples_rclpy_minimal_publisher:/home/nakarin/RoboticsDev/install/examples_rclpy_minimal_client:/home/nakarin/RoboticsDev/install/examples_rclpy_minimal_action_server:/home/nakarin/RoboticsDev/install/examples_rclpy_minimal_action_client:/home/nakarin/RoboticsDev/install/examples_rclpy_guard_conditions:/home/nakarin/RoboticsDev/install/examples_rclpy_executors:/opt/ros/humble /usr/bin/cmake --install /home/nakarin/RoboticsDev/build/turtlesim_plus_interfaces
[0.668s] -- Install configuration: ""
[0.668s] -- Up-to-date: /home/nakarin/RoboticsDev/install/turtlesim_plus_interfaces/share/ament_index/resource_index/rosidl_interfaces/turtlesim_plus_interfaces
[0.668s] -- Up-to-date: /home/nakarin/RoboticsDev/install/turtlesim_plus_interfaces/include/turtlesim_plus_interfaces/turtlesim_plus_interfaces
[0.668s] -- Up-to-date: /home/nakarin/RoboticsDev/install/turtlesim_plus_interfaces/include/turtlesim_plus_interfaces/turtlesim_plus_interfaces/action
[0.668s] -- Up-to-date: /home/nakarin/RoboticsDev/install/turtlesim_plus_interfaces/include/turtlesim_plus_interfaces/turtlesim_plus_interfaces/action/detail
[0.668s] -- Up-to-date: /home/nakarin/RoboticsDev/install/turtlesim_plus_interfaces/include/turtlesim_plus_interfaces/turtlesim_plus_interfaces/action/detail/get_data__functions.c
[0.669s] -- Up-to-date: /home/nakarin/RoboticsDev/install/turtlesim_plus_interfaces/include/turtlesim_plus_interfaces/turtlesim_plus_interfaces/action/detail/get_data__struct.h
[0.669s] -- Up-to-date: /home/nakarin/RoboticsDev/install/turtlesim_plus_interfaces/include/turtlesim_plus_interfaces/turtlesim_plus_interfaces/action/detail/get_data__functions.h
[0.669s] -- Up-to-date: /home/nakarin/RoboticsDev/install/turtlesim_plus_interfaces/include/turtlesim_plus_interfaces/turtlesim_plus_interfaces/action/detail/get_data__type_support.h
[0.669s] -- Up-to-date: /home/nakarin/RoboticsDev/install/turtlesim_plus_interfaces/include/turtlesim_plus_interfaces/turtlesim_plus_interfaces/action/get_data.h
[0.669s] -- Up-to-date: /home/nakarin/RoboticsDev/install/turtlesim_plus_interfaces/include/turtlesim_plus_interfaces/turtlesim_plus_interfaces/msg
[0.669s] -- Up-to-date: /home/nakarin/RoboticsDev/install/turtlesim_plus_interfaces/include/turtlesim_plus_interfaces/turtlesim_plus_interfaces/msg/rosidl_generator_c__visibility_control.h
[0.669s] -- Up-to-date: /home/nakarin/RoboticsDev/install/turtlesim_plus_interfaces/include/turtlesim_plus_interfaces/turtlesim_plus_interfaces/msg/scanner_data_array.h
[0.669s] -- Up-to-date: /home/nakarin/RoboticsDev/install/turtlesim_plus_interfaces/include/turtlesim_plus_interfaces/turtlesim_plus_interfaces/msg/detail
[0.670s] -- Up-to-date: /home/nakarin/RoboticsDev/install/turtlesim_plus_interfaces/include/turtlesim_plus_interfaces/turtlesim_plus_interfaces/msg/detail/scanner_data_array__functions.c
[0.670s] -- Up-to-date: /home/nakarin/RoboticsDev/install/turtlesim_plus_interfaces/include/turtlesim_plus_interfaces/turtlesim_plus_interfaces/msg/detail/scanner_data__functions.c
[0.670s] -- Up-to-date: /home/nakarin/RoboticsDev/install/turtlesim_plus_interfaces/include/turtlesim_plus_interfaces/turtlesim_plus_interfaces/msg/detail/scanner_data_array__struct.h
[0.670s] -- Up-to-date: /home/nakarin/RoboticsDev/install/turtlesim_plus_interfaces/include/turtlesim_plus_interfaces/turtlesim_plus_interfaces/msg/detail/scanner_data__functions.h
[0.670s] -- Up-to-date: /home/nakarin/RoboticsDev/install/turtlesim_plus_interfaces/include/turtlesim_plus_interfaces/turtlesim_plus_interfaces/msg/detail/scanner_data_array__type_support.h
[0.670s] -- Up-to-date: /home/nakarin/RoboticsDev/install/turtlesim_plus_interfaces/include/turtlesim_plus_interfaces/turtlesim_plus_interfaces/msg/detail/scanner_data__struct.h
[0.670s] -- Up-to-date: /home/nakarin/RoboticsDev/install/turtlesim_plus_interfaces/include/turtlesim_plus_interfaces/turtlesim_plus_interfaces/msg/detail/scanner_data_array__functions.h
[0.671s] -- Up-to-date: /home/nakarin/RoboticsDev/install/turtlesim_plus_interfaces/include/turtlesim_plus_interfaces/turtlesim_plus_interfaces/msg/detail/scanner_data__type_support.h
[0.671s] -- Up-to-date: /home/nakarin/RoboticsDev/install/turtlesim_plus_interfaces/include/turtlesim_plus_interfaces/turtlesim_plus_interfaces/msg/scanner_data.h
[0.671s] -- Up-to-date: /home/nakarin/RoboticsDev/install/turtlesim_plus_interfaces/include/turtlesim_plus_interfaces/turtlesim_plus_interfaces/srv
[0.671s] -- Up-to-date: /home/nakarin/RoboticsDev/install/turtlesim_plus_interfaces/include/turtlesim_plus_interfaces/turtlesim_plus_interfaces/srv/detail
[0.671s] -- Up-to-date: /home/nakarin/RoboticsDev/install/turtlesim_plus_interfaces/include/turtlesim_plus_interfaces/turtlesim_plus_interfaces/srv/detail/give_position__struct.h
[0.671s] -- Up-to-date: /home/nakarin/RoboticsDev/install/turtlesim_plus_interfaces/include/turtlesim_plus_interfaces/turtlesim_plus_interfaces/srv/detail/give_position__functions.h
[0.671s] -- Up-to-date: /home/nakarin/RoboticsDev/install/turtlesim_plus_interfaces/include/turtlesim_plus_interfaces/turtlesim_plus_interfaces/srv/detail/give_position__functions.c
[0.671s] -- Up-to-date: /home/nakarin/RoboticsDev/install/turtlesim_plus_interfaces/include/turtlesim_plus_interfaces/turtlesim_plus_interfaces/srv/detail/give_position__type_support.h
[0.671s] -- Up-to-date: /home/nakarin/RoboticsDev/install/turtlesim_plus_interfaces/include/turtlesim_plus_interfaces/turtlesim_plus_interfaces/srv/give_position.h
[0.672s] -- Up-to-date: /home/nakarin/RoboticsDev/install/turtlesim_plus_interfaces/share/turtlesim_plus_interfaces/environment/library_path.sh
[0.672s] -- Up-to-date: /home/nakarin/RoboticsDev/install/turtlesim_plus_interfaces/share/turtlesim_plus_interfaces/environment/library_path.dsv
[0.672s] -- Up-to-date: /home/nakarin/RoboticsDev/install/turtlesim_plus_interfaces/lib/libturtlesim_plus_interfaces__rosidl_generator_c.so
[0.672s] -- Up-to-date: /home/nakarin/RoboticsDev/install/turtlesim_plus_interfaces/include/turtlesim_plus_interfaces/turtlesim_plus_interfaces
[0.672s] -- Up-to-date: /home/nakarin/RoboticsDev/install/turtlesim_plus_interfaces/include/turtlesim_plus_interfaces/turtlesim_plus_interfaces/action
[0.672s] -- Up-to-date: /home/nakarin/RoboticsDev/install/turtlesim_plus_interfaces/include/turtlesim_plus_interfaces/turtlesim_plus_interfaces/action/detail
[0.672s] -- Up-to-date: /home/nakarin/RoboticsDev/install/turtlesim_plus_interfaces/include/turtlesim_plus_interfaces/turtlesim_plus_interfaces/action/detail/get_data__rosidl_typesupport_fastrtps_c.h
[0.672s] -- Up-to-date: /home/nakarin/RoboticsDev/install/turtlesim_plus_interfaces/include/turtlesim_plus_interfaces/turtlesim_plus_interfaces/msg
[0.673s] -- Up-to-date: /home/nakarin/RoboticsDev/install/turtlesim_plus_interfaces/include/turtlesim_plus_interfaces/turtlesim_plus_interfaces/msg/detail
[0.673s] -- Up-to-date: /home/nakarin/RoboticsDev/install/turtlesim_plus_interfaces/include/turtlesim_plus_interfaces/turtlesim_plus_interfaces/msg/detail/scanner_data__rosidl_typesupport_fastrtps_c.h
[0.673s] -- Up-to-date: /home/nakarin/RoboticsDev/install/turtlesim_plus_interfaces/include/turtlesim_plus_interfaces/turtlesim_plus_interfaces/msg/detail/scanner_data_array__rosidl_typesupport_fastrtps_c.h
[0.673s] -- Up-to-date: /home/nakarin/RoboticsDev/install/turtlesim_plus_interfaces/include/turtlesim_plus_interfaces/turtlesim_plus_interfaces/msg/rosidl_typesupport_fastrtps_c__visibility_control.h
[0.673s] -- Up-to-date: /home/nakarin/RoboticsDev/install/turtlesim_plus_interfaces/include/turtlesim_plus_interfaces/turtlesim_plus_interfaces/srv
[0.673s] -- Up-to-date: /home/nakarin/RoboticsDev/install/turtlesim_plus_interfaces/include/turtlesim_plus_interfaces/turtlesim_plus_interfaces/srv/detail
[0.673s] -- Up-to-date: /home/nakarin/RoboticsDev/install/turtlesim_plus_interfaces/include/turtlesim_plus_interfaces/turtlesim_plus_interfaces/srv/detail/give_position__rosidl_typesupport_fastrtps_c.h
[0.673s] -- Up-to-date: /home/nakarin/RoboticsDev/install/turtlesim_plus_interfaces/lib/libturtlesim_plus_interfaces__rosidl_typesupport_fastrtps_c.so
[0.673s] -- Up-to-date: /home/nakarin/RoboticsDev/install/turtlesim_plus_interfaces/include/turtlesim_plus_interfaces/turtlesim_plus_interfaces
[0.673s] -- Up-to-date: /home/nakarin/RoboticsDev/install/turtlesim_plus_interfaces/include/turtlesim_plus_interfaces/turtlesim_plus_interfaces/action
[0.673s] -- Up-to-date: /home/nakarin/RoboticsDev/install/turtlesim_plus_interfaces/include/turtlesim_plus_interfaces/turtlesim_plus_interfaces/action/detail
[0.674s] -- Up-to-date: /home/nakarin/RoboticsDev/install/turtlesim_plus_interfaces/include/turtlesim_plus_interfaces/turtlesim_plus_interfaces/action/detail/get_data__type_support.c
[0.674s] -- Up-to-date: /home/nakarin/RoboticsDev/install/turtlesim_plus_interfaces/include/turtlesim_plus_interfaces/turtlesim_plus_interfaces/action/detail/get_data__rosidl_typesupport_introspection_c.h
[0.674s] -- Up-to-date: /home/nakarin/RoboticsDev/install/turtlesim_plus_interfaces/include/turtlesim_plus_interfaces/turtlesim_plus_interfaces/msg
[0.674s] -- Up-to-date: /home/nakarin/RoboticsDev/install/turtlesim_plus_interfaces/include/turtlesim_plus_interfaces/turtlesim_plus_interfaces/msg/detail
[0.674s] -- Up-to-date: /home/nakarin/RoboticsDev/install/turtlesim_plus_interfaces/include/turtlesim_plus_interfaces/turtlesim_plus_interfaces/msg/detail/scanner_data__rosidl_typesupport_introspection_c.h
[0.674s] -- Up-to-date: /home/nakarin/RoboticsDev/install/turtlesim_plus_interfaces/include/turtlesim_plus_interfaces/turtlesim_plus_interfaces/msg/detail/scanner_data_array__type_support.c
[0.674s] -- Up-to-date: /home/nakarin/RoboticsDev/install/turtlesim_plus_interfaces/include/turtlesim_plus_interfaces/turtlesim_plus_interfaces/msg/detail/scanner_data_array__rosidl_typesupport_introspection_c.h
[0.674s] -- Up-to-date: /home/nakarin/RoboticsDev/install/turtlesim_plus_interfaces/include/turtlesim_plus_interfaces/turtlesim_plus_interfaces/msg/detail/scanner_data__type_support.c
[0.674s] -- Up-to-date: /home/nakarin/RoboticsDev/install/turtlesim_plus_interfaces/include/turtlesim_plus_interfaces/turtlesim_plus_interfaces/msg/rosidl_typesupport_introspection_c__visibility_control.h
[0.674s] -- Up-to-date: /home/nakarin/RoboticsDev/install/turtlesim_plus_interfaces/include/turtlesim_plus_interfaces/turtlesim_plus_interfaces/srv
[0.674s] -- Up-to-date: /home/nakarin/RoboticsDev/install/turtlesim_plus_interfaces/include/turtlesim_plus_interfaces/turtlesim_plus_interfaces/srv/detail
[0.675s] -- Up-to-date: /home/nakarin/RoboticsDev/install/turtlesim_plus_interfaces/include/turtlesim_plus_interfaces/turtlesim_plus_interfaces/srv/detail/give_position__rosidl_typesupport_introspection_c.h
[0.675s] -- Up-to-date: /home/nakarin/RoboticsDev/install/turtlesim_plus_interfaces/include/turtlesim_plus_interfaces/turtlesim_plus_interfaces/srv/detail/give_position__type_support.c
[0.675s] -- Up-to-date: /home/nakarin/RoboticsDev/install/turtlesim_plus_interfaces/lib/libturtlesim_plus_interfaces__rosidl_typesupport_introspection_c.so
[0.675s] -- Up-to-date: /home/nakarin/RoboticsDev/install/turtlesim_plus_interfaces/lib/libturtlesim_plus_interfaces__rosidl_typesupport_c.so
[0.675s] -- Up-to-date: /home/nakarin/RoboticsDev/install/turtlesim_plus_interfaces/include/turtlesim_plus_interfaces/turtlesim_plus_interfaces
[0.675s] -- Up-to-date: /home/nakarin/RoboticsDev/install/turtlesim_plus_interfaces/include/turtlesim_plus_interfaces/turtlesim_plus_interfaces/action
[0.675s] -- Up-to-date: /home/nakarin/RoboticsDev/install/turtlesim_plus_interfaces/include/turtlesim_plus_interfaces/turtlesim_plus_interfaces/action/get_data.hpp
[0.675s] -- Up-to-date: /home/nakarin/RoboticsDev/install/turtlesim_plus_interfaces/include/turtlesim_plus_interfaces/turtlesim_plus_interfaces/action/detail
[0.675s] -- Up-to-date: /home/nakarin/RoboticsDev/install/turtlesim_plus_interfaces/include/turtlesim_plus_interfaces/turtlesim_plus_interfaces/action/detail/get_data__struct.hpp
[0.675s] -- Up-to-date: /home/nakarin/RoboticsDev/install/turtlesim_plus_interfaces/include/turtlesim_plus_interfaces/turtlesim_plus_interfaces/action/detail/get_data__traits.hpp
[0.675s] -- Up-to-date: /home/nakarin/RoboticsDev/install/turtlesim_plus_interfaces/include/turtlesim_plus_interfaces/turtlesim_plus_interfaces/action/detail/get_data__builder.hpp
[0.675s] -- Up-to-date: /home/nakarin/RoboticsDev/install/turtlesim_plus_interfaces/include/turtlesim_plus_interfaces/turtlesim_plus_interfaces/msg
[0.676s] -- Up-to-date: /home/nakarin/RoboticsDev/install/turtlesim_plus_interfaces/include/turtlesim_plus_interfaces/turtlesim_plus_interfaces/msg/scanner_data_array.hpp
[0.676s] -- Up-to-date: /home/nakarin/RoboticsDev/install/turtlesim_plus_interfaces/include/turtlesim_plus_interfaces/turtlesim_plus_interfaces/msg/detail
[0.676s] -- Up-to-date: /home/nakarin/RoboticsDev/install/turtlesim_plus_interfaces/include/turtlesim_plus_interfaces/turtlesim_plus_interfaces/msg/detail/scanner_data_array__traits.hpp
[0.676s] -- Up-to-date: /home/nakarin/RoboticsDev/install/turtlesim_plus_interfaces/include/turtlesim_plus_interfaces/turtlesim_plus_interfaces/msg/detail/scanner_data__struct.hpp
[0.676s] -- Up-to-date: /home/nakarin/RoboticsDev/install/turtlesim_plus_interfaces/include/turtlesim_plus_interfaces/turtlesim_plus_interfaces/msg/detail/scanner_data__traits.hpp
[0.676s] -- Up-to-date: /home/nakarin/RoboticsDev/install/turtlesim_plus_interfaces/include/turtlesim_plus_interfaces/turtlesim_plus_interfaces/msg/detail/scanner_data__builder.hpp
[0.676s] -- Up-to-date: /home/nakarin/RoboticsDev/install/turtlesim_plus_interfaces/include/turtlesim_plus_interfaces/turtlesim_plus_interfaces/msg/detail/scanner_data_array__builder.hpp
[0.676s] -- Up-to-date: /home/nakarin/RoboticsDev/install/turtlesim_plus_interfaces/include/turtlesim_plus_interfaces/turtlesim_plus_interfaces/msg/detail/scanner_data_array__struct.hpp
[0.676s] -- Up-to-date: /home/nakarin/RoboticsDev/install/turtlesim_plus_interfaces/include/turtlesim_plus_interfaces/turtlesim_plus_interfaces/msg/scanner_data.hpp
[0.676s] -- Up-to-date: /home/nakarin/RoboticsDev/install/turtlesim_plus_interfaces/include/turtlesim_plus_interfaces/turtlesim_plus_interfaces/srv
[0.676s] -- Up-to-date: /home/nakarin/RoboticsDev/install/turtlesim_plus_interfaces/include/turtlesim_plus_interfaces/turtlesim_plus_interfaces/srv/detail
[0.677s] -- Up-to-date: /home/nakarin/RoboticsDev/install/turtlesim_plus_interfaces/include/turtlesim_plus_interfaces/turtlesim_plus_interfaces/srv/detail/give_position__traits.hpp
[0.677s] -- Up-to-date: /home/nakarin/RoboticsDev/install/turtlesim_plus_interfaces/include/turtlesim_plus_interfaces/turtlesim_plus_interfaces/srv/detail/give_position__builder.hpp
[0.677s] -- Up-to-date: /home/nakarin/RoboticsDev/install/turtlesim_plus_interfaces/include/turtlesim_plus_interfaces/turtlesim_plus_interfaces/srv/detail/give_position__struct.hpp
[0.677s] -- Up-to-date: /home/nakarin/RoboticsDev/install/turtlesim_plus_interfaces/include/turtlesim_plus_interfaces/turtlesim_plus_interfaces/srv/give_position.hpp
[0.677s] -- Up-to-date: /home/nakarin/RoboticsDev/install/turtlesim_plus_interfaces/include/turtlesim_plus_interfaces/turtlesim_plus_interfaces
[0.677s] -- Up-to-date: /home/nakarin/RoboticsDev/install/turtlesim_plus_interfaces/include/turtlesim_plus_interfaces/turtlesim_plus_interfaces/action
[0.677s] -- Up-to-date: /home/nakarin/RoboticsDev/install/turtlesim_plus_interfaces/include/turtlesim_plus_interfaces/turtlesim_plus_interfaces/action/detail
[0.677s] -- Up-to-date: /home/nakarin/RoboticsDev/install/turtlesim_plus_interfaces/include/turtlesim_plus_interfaces/turtlesim_plus_interfaces/action/detail/get_data__rosidl_typesupport_fastrtps_cpp.hpp
[0.677s] -- Up-to-date: /home/nakarin/RoboticsDev/install/turtlesim_plus_interfaces/include/turtlesim_plus_interfaces/turtlesim_plus_interfaces/action/detail/dds_fastrtps
[0.677s] -- Up-to-date: /home/nakarin/RoboticsDev/install/turtlesim_plus_interfaces/include/turtlesim_plus_interfaces/turtlesim_plus_interfaces/msg
[0.677s] -- Up-to-date: /home/nakarin/RoboticsDev/install/turtlesim_plus_interfaces/include/turtlesim_plus_interfaces/turtlesim_plus_interfaces/msg/detail
[0.678s] -- Up-to-date: /home/nakarin/RoboticsDev/install/turtlesim_plus_interfaces/include/turtlesim_plus_interfaces/turtlesim_plus_interfaces/msg/detail/scanner_data__rosidl_typesupport_fastrtps_cpp.hpp
[0.678s] -- Up-to-date: /home/nakarin/RoboticsDev/install/turtlesim_plus_interfaces/include/turtlesim_plus_interfaces/turtlesim_plus_interfaces/msg/detail/dds_fastrtps
[0.678s] -- Up-to-date: /home/nakarin/RoboticsDev/install/turtlesim_plus_interfaces/include/turtlesim_plus_interfaces/turtlesim_plus_interfaces/msg/detail/scanner_data_array__rosidl_typesupport_fastrtps_cpp.hpp
[0.678s] -- Up-to-date: /home/nakarin/RoboticsDev/install/turtlesim_plus_interfaces/include/turtlesim_plus_interfaces/turtlesim_plus_interfaces/msg/rosidl_typesupport_fastrtps_cpp__visibility_control.h
[0.678s] -- Up-to-date: /home/nakarin/RoboticsDev/install/turtlesim_plus_interfaces/include/turtlesim_plus_interfaces/turtlesim_plus_interfaces/srv
[0.678s] -- Up-to-date: /home/nakarin/RoboticsDev/install/turtlesim_plus_interfaces/include/turtlesim_plus_interfaces/turtlesim_plus_interfaces/srv/detail
[0.678s] -- Up-to-date: /home/nakarin/RoboticsDev/install/turtlesim_plus_interfaces/include/turtlesim_plus_interfaces/turtlesim_plus_interfaces/srv/detail/give_position__rosidl_typesupport_fastrtps_cpp.hpp
[0.678s] -- Up-to-date: /home/nakarin/RoboticsDev/install/turtlesim_plus_interfaces/include/turtlesim_plus_interfaces/turtlesim_plus_interfaces/srv/detail/dds_fastrtps
[0.678s] -- Up-to-date: /home/nakarin/RoboticsDev/install/turtlesim_plus_interfaces/lib/libturtlesim_plus_interfaces__rosidl_typesupport_fastrtps_cpp.so
[0.678s] -- Up-to-date: /home/nakarin/RoboticsDev/install/turtlesim_plus_interfaces/include/turtlesim_plus_interfaces/turtlesim_plus_interfaces
[0.678s] -- Up-to-date: /home/nakarin/RoboticsDev/install/turtlesim_plus_interfaces/include/turtlesim_plus_interfaces/turtlesim_plus_interfaces/action
[0.678s] -- Up-to-date: /home/nakarin/RoboticsDev/install/turtlesim_plus_interfaces/include/turtlesim_plus_interfaces/turtlesim_plus_interfaces/action/detail
[0.679s] -- Up-to-date: /home/nakarin/RoboticsDev/install/turtlesim_plus_interfaces/include/turtlesim_plus_interfaces/turtlesim_plus_interfaces/action/detail/get_data__rosidl_typesupport_introspection_cpp.hpp
[0.679s] -- Up-to-date: /home/nakarin/RoboticsDev/install/turtlesim_plus_interfaces/include/turtlesim_plus_interfaces/turtlesim_plus_interfaces/action/detail/get_data__type_support.cpp
[0.679s] -- Up-to-date: /home/nakarin/RoboticsDev/install/turtlesim_plus_interfaces/include/turtlesim_plus_interfaces/turtlesim_plus_interfaces/msg
[0.679s] -- Up-to-date: /home/nakarin/RoboticsDev/install/turtlesim_plus_interfaces/include/turtlesim_plus_interfaces/turtlesim_plus_interfaces/msg/detail
[0.679s] -- Up-to-date: /home/nakarin/RoboticsDev/install/turtlesim_plus_interfaces/include/turtlesim_plus_interfaces/turtlesim_plus_interfaces/msg/detail/scanner_data_array__rosidl_typesupport_introspection_cpp.hpp
[0.679s] -- Up-to-date: /home/nakarin/RoboticsDev/install/turtlesim_plus_interfaces/include/turtlesim_plus_interfaces/turtlesim_plus_interfaces/msg/detail/scanner_data_array__type_support.cpp
[0.679s] -- Up-to-date: /home/nakarin/RoboticsDev/install/turtlesim_plus_interfaces/include/turtlesim_plus_interfaces/turtlesim_plus_interfaces/msg/detail/scanner_data__type_support.cpp
[0.679s] -- Up-to-date: /home/nakarin/RoboticsDev/install/turtlesim_plus_interfaces/include/turtlesim_plus_interfaces/turtlesim_plus_interfaces/msg/detail/scanner_data__rosidl_typesupport_introspection_cpp.hpp
[0.679s] -- Up-to-date: /home/nakarin/RoboticsDev/install/turtlesim_plus_interfaces/include/turtlesim_plus_interfaces/turtlesim_plus_interfaces/srv
[0.679s] -- Up-to-date: /home/nakarin/RoboticsDev/install/turtlesim_plus_interfaces/include/turtlesim_plus_interfaces/turtlesim_plus_interfaces/srv/detail
[0.679s] -- Up-to-date: /home/nakarin/RoboticsDev/install/turtlesim_plus_interfaces/include/turtlesim_plus_interfaces/turtlesim_plus_interfaces/srv/detail/give_position__rosidl_typesupport_introspection_cpp.hpp
[0.680s] -- Up-to-date: /home/nakarin/RoboticsDev/install/turtlesim_plus_interfaces/include/turtlesim_plus_interfaces/turtlesim_plus_interfaces/srv/detail/give_position__type_support.cpp
[0.680s] -- Up-to-date: /home/nakarin/RoboticsDev/install/turtlesim_plus_interfaces/lib/libturtlesim_plus_interfaces__rosidl_typesupport_introspection_cpp.so
[0.680s] -- Up-to-date: /home/nakarin/RoboticsDev/install/turtlesim_plus_interfaces/lib/libturtlesim_plus_interfaces__rosidl_typesupport_cpp.so
[0.680s] -- Up-to-date: /home/nakarin/RoboticsDev/install/turtlesim_plus_interfaces/share/turtlesim_plus_interfaces/environment/pythonpath.sh
[0.680s] -- Up-to-date: /home/nakarin/RoboticsDev/install/turtlesim_plus_interfaces/share/turtlesim_plus_interfaces/environment/pythonpath.dsv
[0.680s] -- Up-to-date: /home/nakarin/RoboticsDev/install/turtlesim_plus_interfaces/local/lib/python3.10/dist-packages/turtlesim_plus_interfaces-0.0.0-py3.10.egg-info
[0.680s] -- Installing: /home/nakarin/RoboticsDev/install/turtlesim_plus_interfaces/local/lib/python3.10/dist-packages/turtlesim_plus_interfaces-0.0.0-py3.10.egg-info/dependency_links.txt
[0.680s] -- Installing: /home/nakarin/RoboticsDev/install/turtlesim_plus_interfaces/local/lib/python3.10/dist-packages/turtlesim_plus_interfaces-0.0.0-py3.10.egg-info/SOURCES.txt
[0.680s] -- Installing: /home/nakarin/RoboticsDev/install/turtlesim_plus_interfaces/local/lib/python3.10/dist-packages/turtlesim_plus_interfaces-0.0.0-py3.10.egg-info/PKG-INFO
[0.680s] -- Installing: /home/nakarin/RoboticsDev/install/turtlesim_plus_interfaces/local/lib/python3.10/dist-packages/turtlesim_plus_interfaces-0.0.0-py3.10.egg-info/top_level.txt
[0.680s] -- Up-to-date: /home/nakarin/RoboticsDev/install/turtlesim_plus_interfaces/local/lib/python3.10/dist-packages/turtlesim_plus_interfaces
[0.680s] -- Up-to-date: /home/nakarin/RoboticsDev/install/turtlesim_plus_interfaces/local/lib/python3.10/dist-packages/turtlesim_plus_interfaces/turtlesim_plus_interfaces_s__rosidl_typesupport_c.cpython-310-x86_64-linux-gnu.so
[0.681s] -- Up-to-date: /home/nakarin/RoboticsDev/install/turtlesim_plus_interfaces/local/lib/python3.10/dist-packages/turtlesim_plus_interfaces/_turtlesim_plus_interfaces_s.ep.rosidl_typesupport_introspection_c.c
[0.681s] -- Up-to-date: /home/nakarin/RoboticsDev/install/turtlesim_plus_interfaces/local/lib/python3.10/dist-packages/turtlesim_plus_interfaces/action
[0.681s] -- Up-to-date: /home/nakarin/RoboticsDev/install/turtlesim_plus_interfaces/local/lib/python3.10/dist-packages/turtlesim_plus_interfaces/action/_get_data_s.c
[0.681s] -- Up-to-date: /home/nakarin/RoboticsDev/install/turtlesim_plus_interfaces/local/lib/python3.10/dist-packages/turtlesim_plus_interfaces/action/_get_data.py
[0.681s] -- Up-to-date: /home/nakarin/RoboticsDev/install/turtlesim_plus_interfaces/local/lib/python3.10/dist-packages/turtlesim_plus_interfaces/action/__init__.py
[0.681s] -- Up-to-date: /home/nakarin/RoboticsDev/install/turtlesim_plus_interfaces/local/lib/python3.10/dist-packages/turtlesim_plus_interfaces/turtlesim_plus_interfaces_s__rosidl_typesupport_fastrtps_c.cpython-310-x86_64-linux-gnu.so
[0.681s] -- Up-to-date: /home/nakarin/RoboticsDev/install/turtlesim_plus_interfaces/local/lib/python3.10/dist-packages/turtlesim_plus_interfaces/__init__.py
[0.681s] -- Up-to-date: /home/nakarin/RoboticsDev/install/turtlesim_plus_interfaces/local/lib/python3.10/dist-packages/turtlesim_plus_interfaces/msg
[0.681s] -- Up-to-date: /home/nakarin/RoboticsDev/install/turtlesim_plus_interfaces/local/lib/python3.10/dist-packages/turtlesim_plus_interfaces/msg/_scanner_data_array.py
[0.681s] -- Up-to-date: /home/nakarin/RoboticsDev/install/turtlesim_plus_interfaces/local/lib/python3.10/dist-packages/turtlesim_plus_interfaces/msg/__init__.py
[0.681s] -- Up-to-date: /home/nakarin/RoboticsDev/install/turtlesim_plus_interfaces/local/lib/python3.10/dist-packages/turtlesim_plus_interfaces/msg/_scanner_data.py
[0.681s] -- Up-to-date: /home/nakarin/RoboticsDev/install/turtlesim_plus_interfaces/local/lib/python3.10/dist-packages/turtlesim_plus_interfaces/msg/_scanner_data_s.c
[0.682s] -- Up-to-date: /home/nakarin/RoboticsDev/install/turtlesim_plus_interfaces/local/lib/python3.10/dist-packages/turtlesim_plus_interfaces/msg/_scanner_data_array_s.c
[0.682s] -- Up-to-date: /home/nakarin/RoboticsDev/install/turtlesim_plus_interfaces/local/lib/python3.10/dist-packages/turtlesim_plus_interfaces/turtlesim_plus_interfaces_s__rosidl_typesupport_introspection_c.cpython-310-x86_64-linux-gnu.so
[0.682s] -- Up-to-date: /home/nakarin/RoboticsDev/install/turtlesim_plus_interfaces/local/lib/python3.10/dist-packages/turtlesim_plus_interfaces/srv
[0.682s] -- Up-to-date: /home/nakarin/RoboticsDev/install/turtlesim_plus_interfaces/local/lib/python3.10/dist-packages/turtlesim_plus_interfaces/srv/_give_position.py
[0.682s] -- Up-to-date: /home/nakarin/RoboticsDev/install/turtlesim_plus_interfaces/local/lib/python3.10/dist-packages/turtlesim_plus_interfaces/srv/_give_position_s.c
[0.682s] -- Up-to-date: /home/nakarin/RoboticsDev/install/turtlesim_plus_interfaces/local/lib/python3.10/dist-packages/turtlesim_plus_interfaces/srv/__init__.py
[0.682s] -- Up-to-date: /home/nakarin/RoboticsDev/install/turtlesim_plus_interfaces/local/lib/python3.10/dist-packages/turtlesim_plus_interfaces/_turtlesim_plus_interfaces_s.ep.rosidl_typesupport_c.c
[0.682s] -- Up-to-date: /home/nakarin/RoboticsDev/install/turtlesim_plus_interfaces/local/lib/python3.10/dist-packages/turtlesim_plus_interfaces/_turtlesim_plus_interfaces_s.ep.rosidl_typesupport_fastrtps_c.c
[0.682s] -- Up-to-date: /home/nakarin/RoboticsDev/install/turtlesim_plus_interfaces/local/lib/python3.10/dist-packages/turtlesim_plus_interfaces/libturtlesim_plus_interfaces__rosidl_generator_py.so
[0.708s] Listing '/home/nakarin/RoboticsDev/install/turtlesim_plus_interfaces/local/lib/python3.10/dist-packages/turtlesim_plus_interfaces'...
[0.708s] Listing '/home/nakarin/RoboticsDev/install/turtlesim_plus_interfaces/local/lib/python3.10/dist-packages/turtlesim_plus_interfaces/action'...
[0.708s] Listing '/home/nakarin/RoboticsDev/install/turtlesim_plus_interfaces/local/lib/python3.10/dist-packages/turtlesim_plus_interfaces/msg'...
[0.708s] Listing '/home/nakarin/RoboticsDev/install/turtlesim_plus_interfaces/local/lib/python3.10/dist-packages/turtlesim_plus_interfaces/srv'...
[0.712s] -- Up-to-date: /home/nakarin/RoboticsDev/install/turtlesim_plus_interfaces/local/lib/python3.10/dist-packages/turtlesim_plus_interfaces/turtlesim_plus_interfaces_s__rosidl_typesupport_fastrtps_c.cpython-310-x86_64-linux-gnu.so
[0.712s] -- Up-to-date: /home/nakarin/RoboticsDev/install/turtlesim_plus_interfaces/local/lib/python3.10/dist-packages/turtlesim_plus_interfaces/turtlesim_plus_interfaces_s__rosidl_typesupport_introspection_c.cpython-310-x86_64-linux-gnu.so
[0.712s] -- Up-to-date: /home/nakarin/RoboticsDev/install/turtlesim_plus_interfaces/local/lib/python3.10/dist-packages/turtlesim_plus_interfaces/turtlesim_plus_interfaces_s__rosidl_typesupport_c.cpython-310-x86_64-linux-gnu.so
[0.712s] -- Up-to-date: /home/nakarin/RoboticsDev/install/turtlesim_plus_interfaces/lib/libturtlesim_plus_interfaces__rosidl_generator_py.so
[0.712s] -- Up-to-date: /home/nakarin/RoboticsDev/install/turtlesim_plus_interfaces/share/turtlesim_plus_interfaces/msg/ScannerData.idl
[0.712s] -- Up-to-date: /home/nakarin/RoboticsDev/install/turtlesim_plus_interfaces/share/turtlesim_plus_interfaces/msg/ScannerDataArray.idl
[0.713s] -- Up-to-date: /home/nakarin/RoboticsDev/install/turtlesim_plus_interfaces/share/turtlesim_plus_interfaces/srv/GivePosition.idl
[0.713s] -- Up-to-date: /home/nakarin/RoboticsDev/install/turtlesim_plus_interfaces/share/turtlesim_plus_interfaces/action/GetData.idl
[0.713s] -- Up-to-date: /home/nakarin/RoboticsDev/install/turtlesim_plus_interfaces/share/turtlesim_plus_interfaces/msg/ScannerData.msg
[0.713s] -- Up-to-date: /home/nakarin/RoboticsDev/install/turtlesim_plus_interfaces/share/turtlesim_plus_interfaces/msg/ScannerDataArray.msg
[0.713s] -- Up-to-date: /home/nakarin/RoboticsDev/install/turtlesim_plus_interfaces/share/turtlesim_plus_interfaces/srv/GivePosition.srv
[0.713s] -- Up-to-date: /home/nakarin/RoboticsDev/install/turtlesim_plus_interfaces/share/turtlesim_plus_interfaces/srv/GivePosition_Request.msg
[0.713s] -- Up-to-date: /home/nakarin/RoboticsDev/install/turtlesim_plus_interfaces/share/turtlesim_plus_interfaces/srv/GivePosition_Response.msg
[0.713s] -- Up-to-date: /home/nakarin/RoboticsDev/install/turtlesim_plus_interfaces/share/turtlesim_plus_interfaces/action/GetData.action
[0.714s] -- Up-to-date: /home/nakarin/RoboticsDev/install/turtlesim_plus_interfaces/share/ament_index/resource_index/package_run_dependencies/turtlesim_plus_interfaces
[0.714s] -- Up-to-date: /home/nakarin/RoboticsDev/install/turtlesim_plus_interfaces/share/ament_index/resource_index/parent_prefix_path/turtlesim_plus_interfaces
[0.714s] -- Up-to-date: /home/nakarin/RoboticsDev/install/turtlesim_plus_interfaces/share/turtlesim_plus_interfaces/environment/ament_prefix_path.sh
[0.714s] -- Up-to-date: /home/nakarin/RoboticsDev/install/turtlesim_plus_interfaces/share/turtlesim_plus_interfaces/environment/ament_prefix_path.dsv
[0.714s] -- Up-to-date: /home/nakarin/RoboticsDev/install/turtlesim_plus_interfaces/share/turtlesim_plus_interfaces/environment/path.sh
[0.714s] -- Up-to-date: /home/nakarin/RoboticsDev/install/turtlesim_plus_interfaces/share/turtlesim_plus_interfaces/environment/path.dsv
[0.714s] -- Up-to-date: /home/nakarin/RoboticsDev/install/turtlesim_plus_interfaces/share/turtlesim_plus_interfaces/local_setup.bash
[0.714s] -- Up-to-date: /home/nakarin/RoboticsDev/install/turtlesim_plus_interfaces/share/turtlesim_plus_interfaces/local_setup.sh
[0.714s] -- Up-to-date: /home/nakarin/RoboticsDev/install/turtlesim_plus_interfaces/share/turtlesim_plus_interfaces/local_setup.zsh
[0.714s] -- Up-to-date: /home/nakarin/RoboticsDev/install/turtlesim_plus_interfaces/share/turtlesim_plus_interfaces/local_setup.dsv
[0.714s] -- Installing: /home/nakarin/RoboticsDev/install/turtlesim_plus_interfaces/share/turtlesim_plus_interfaces/package.dsv
[0.714s] -- Up-to-date: /home/nakarin/RoboticsDev/install/turtlesim_plus_interfaces/share/ament_index/resource_index/packages/turtlesim_plus_interfaces
[0.715s] -- Up-to-date: /home/nakarin/RoboticsDev/install/turtlesim_plus_interfaces/share/turtlesim_plus_interfaces/cmake/export_turtlesim_plus_interfaces__rosidl_generator_cExport.cmake
[0.715s] -- Up-to-date: /home/nakarin/RoboticsDev/install/turtlesim_plus_interfaces/share/turtlesim_plus_interfaces/cmake/export_turtlesim_plus_interfaces__rosidl_generator_cExport-noconfig.cmake
[0.715s] -- Up-to-date: /home/nakarin/RoboticsDev/install/turtlesim_plus_interfaces/share/turtlesim_plus_interfaces/cmake/export_turtlesim_plus_interfaces__rosidl_typesupport_fastrtps_cExport.cmake
[0.715s] -- Up-to-date: /home/nakarin/RoboticsDev/install/turtlesim_plus_interfaces/share/turtlesim_plus_interfaces/cmake/export_turtlesim_plus_interfaces__rosidl_typesupport_fastrtps_cExport-noconfig.cmake
[0.715s] -- Up-to-date: /home/nakarin/RoboticsDev/install/turtlesim_plus_interfaces/share/turtlesim_plus_interfaces/cmake/turtlesim_plus_interfaces__rosidl_typesupport_introspection_cExport.cmake
[0.715s] -- Up-to-date: /home/nakarin/RoboticsDev/install/turtlesim_plus_interfaces/share/turtlesim_plus_interfaces/cmake/turtlesim_plus_interfaces__rosidl_typesupport_introspection_cExport-noconfig.cmake
[0.715s] -- Up-to-date: /home/nakarin/RoboticsDev/install/turtlesim_plus_interfaces/share/turtlesim_plus_interfaces/cmake/turtlesim_plus_interfaces__rosidl_typesupport_cExport.cmake
[0.715s] -- Up-to-date: /home/nakarin/RoboticsDev/install/turtlesim_plus_interfaces/share/turtlesim_plus_interfaces/cmake/turtlesim_plus_interfaces__rosidl_typesupport_cExport-noconfig.cmake
[0.715s] -- Up-to-date: /home/nakarin/RoboticsDev/install/turtlesim_plus_interfaces/share/turtlesim_plus_interfaces/cmake/export_turtlesim_plus_interfaces__rosidl_generator_cppExport.cmake
[0.715s] -- Up-to-date: /home/nakarin/RoboticsDev/install/turtlesim_plus_interfaces/share/turtlesim_plus_interfaces/cmake/export_turtlesim_plus_interfaces__rosidl_typesupport_fastrtps_cppExport.cmake
[0.715s] -- Up-to-date: /home/nakarin/RoboticsDev/install/turtlesim_plus_interfaces/share/turtlesim_plus_interfaces/cmake/export_turtlesim_plus_interfaces__rosidl_typesupport_fastrtps_cppExport-noconfig.cmake
[0.715s] -- Up-to-date: /home/nakarin/RoboticsDev/install/turtlesim_plus_interfaces/share/turtlesim_plus_interfaces/cmake/turtlesim_plus_interfaces__rosidl_typesupport_introspection_cppExport.cmake
[0.715s] -- Up-to-date: /home/nakarin/RoboticsDev/install/turtlesim_plus_interfaces/share/turtlesim_plus_interfaces/cmake/turtlesim_plus_interfaces__rosidl_typesupport_introspection_cppExport-noconfig.cmake
[0.715s] -- Up-to-date: /home/nakarin/RoboticsDev/install/turtlesim_plus_interfaces/share/turtlesim_plus_interfaces/cmake/turtlesim_plus_interfaces__rosidl_typesupport_cppExport.cmake
[0.715s] -- Up-to-date: /home/nakarin/RoboticsDev/install/turtlesim_plus_interfaces/share/turtlesim_plus_interfaces/cmake/turtlesim_plus_interfaces__rosidl_typesupport_cppExport-noconfig.cmake
[0.715s] -- Up-to-date: /home/nakarin/RoboticsDev/install/turtlesim_plus_interfaces/share/turtlesim_plus_interfaces/cmake/export_turtlesim_plus_interfaces__rosidl_generator_pyExport.cmake
[0.715s] -- Up-to-date: /home/nakarin/RoboticsDev/install/turtlesim_plus_interfaces/share/turtlesim_plus_interfaces/cmake/export_turtlesim_plus_interfaces__rosidl_generator_pyExport-noconfig.cmake
[0.715s] -- Up-to-date: /home/nakarin/RoboticsDev/install/turtlesim_plus_interfaces/share/turtlesim_plus_interfaces/cmake/rosidl_cmake-extras.cmake
[0.715s] -- Up-to-date: /home/nakarin/RoboticsDev/install/turtlesim_plus_interfaces/share/turtlesim_plus_interfaces/cmake/ament_cmake_export_dependencies-extras.cmake
[0.716s] -- Up-to-date: /home/nakarin/RoboticsDev/install/turtlesim_plus_interfaces/share/turtlesim_plus_interfaces/cmake/ament_cmake_export_include_directories-extras.cmake
[0.716s] -- Up-to-date: /home/nakarin/RoboticsDev/install/turtlesim_plus_interfaces/share/turtlesim_plus_interfaces/cmake/ament_cmake_export_libraries-extras.cmake
[0.716s] -- Up-to-date: /home/nakarin/RoboticsDev/install/turtlesim_plus_interfaces/share/turtlesim_plus_interfaces/cmake/ament_cmake_export_targets-extras.cmake
[0.716s] -- Up-to-date: /home/nakarin/RoboticsDev/install/turtlesim_plus_interfaces/share/turtlesim_plus_interfaces/cmake/rosidl_cmake_export_typesupport_targets-extras.cmake
[0.716s] -- Up-to-date: /home/nakarin/RoboticsDev/install/turtlesim_plus_interfaces/share/turtlesim_plus_interfaces/cmake/rosidl_cmake_export_typesupport_libraries-extras.cmake
[0.716s] -- Up-to-date: /home/nakarin/RoboticsDev/install/turtlesim_plus_interfaces/share/turtlesim_plus_interfaces/cmake/turtlesim_plus_interfacesConfig.cmake
[0.716s] -- Up-to-date: /home/nakarin/RoboticsDev/install/turtlesim_plus_interfaces/share/turtlesim_plus_interfaces/cmake/turtlesim_plus_interfacesConfig-version.cmake
[0.716s] -- Up-to-date: /home/nakarin/RoboticsDev/install/turtlesim_plus_interfaces/share/turtlesim_plus_interfaces/package.xml
[0.717s] Invoked command in '/home/nakarin/RoboticsDev/build/turtlesim_plus_interfaces' returned '0': CMAKE_PREFIX_PATH=${CMAKE_PREFIX_PATH}:/home/nakarin/RoboticsDev/install/launch_testing_examples:/home/nakarin/RoboticsDev/install/examples_rclpy_pointcloud_publisher:/home/nakarin/RoboticsDev/install/examples_rclpy_minimal_subscriber:/home/nakarin/RoboticsDev/install/examples_rclpy_minimal_service:/home/nakarin/RoboticsDev/install/examples_rclpy_minimal_publisher:/home/nakarin/RoboticsDev/install/examples_rclpy_minimal_client:/home/nakarin/RoboticsDev/install/examples_rclpy_minimal_action_server:/home/nakarin/RoboticsDev/install/examples_rclpy_minimal_action_client:/home/nakarin/RoboticsDev/install/examples_rclpy_guard_conditions:/home/nakarin/RoboticsDev/install/examples_rclpy_executors:/opt/ros/humble /usr/bin/cmake --install /home/nakarin/RoboticsDev/build/turtlesim_plus_interfaces
