[1.407s] Invoking command in '/home/nakarin/RoboticsDev/src/examples/rclpy/executors': PYTHONPATH=/home/nakarin/RoboticsDev/build/examples_rclpy_executors/prefix_override:/usr/lib/python3/dist-packages/colcon_core/task/python/colcon_distutils_commands:/home/nakarin/RoboticsDev/install/examples_rclpy_executors/lib/python3.10/site-packages:${PYTHONPATH} /usr/bin/python3 -W ignore:setup.py install is deprecated setup.py egg_info --egg-base ../../../../build/examples_rclpy_executors build --build-base /home/nakarin/RoboticsDev/build/examples_rclpy_executors/build install --record /home/nakarin/RoboticsDev/build/examples_rclpy_executors/install.log --single-version-externally-managed install_data
[2.407s] running egg_info
[2.407s] creating ../../../../build/examples_rclpy_executors/examples_rclpy_executors.egg-info
[2.408s] writing ../../../../build/examples_rclpy_executors/examples_rclpy_executors.egg-info/PKG-INFO
[2.408s] writing dependency_links to ../../../../build/examples_rclpy_executors/examples_rclpy_executors.egg-info/dependency_links.txt
[2.408s] writing entry points to ../../../../build/examples_rclpy_executors/examples_rclpy_executors.egg-info/entry_points.txt
[2.408s] writing requirements to ../../../../build/examples_rclpy_executors/examples_rclpy_executors.egg-info/requires.txt
[2.408s] writing top-level names to ../../../../build/examples_rclpy_executors/examples_rclpy_executors.egg-info/top_level.txt
[2.409s] writing manifest file '../../../../build/examples_rclpy_executors/examples_rclpy_executors.egg-info/SOURCES.txt'
[2.409s] reading manifest file '../../../../build/examples_rclpy_executors/examples_rclpy_executors.egg-info/SOURCES.txt'
[2.412s] writing manifest file '../../../../build/examples_rclpy_executors/examples_rclpy_executors.egg-info/SOURCES.txt'
[2.412s] running build
[2.412s] running build_py
[2.412s] creating /home/nakarin/RoboticsDev/build/examples_rclpy_executors/build
[2.412s] creating /home/nakarin/RoboticsDev/build/examples_rclpy_executors/build/lib
[2.413s] creating /home/nakarin/RoboticsDev/build/examples_rclpy_executors/build/lib/examples_rclpy_executors
[2.413s] copying examples_rclpy_executors/custom_executor.py -> /home/nakarin/RoboticsDev/build/examples_rclpy_executors/build/lib/examples_rclpy_executors
[2.413s] copying examples_rclpy_executors/composed.py -> /home/nakarin/RoboticsDev/build/examples_rclpy_executors/build/lib/examples_rclpy_executors
[2.413s] copying examples_rclpy_executors/__init__.py -> /home/nakarin/RoboticsDev/build/examples_rclpy_executors/build/lib/examples_rclpy_executors
[2.413s] copying examples_rclpy_executors/custom_callback_group.py -> /home/nakarin/RoboticsDev/build/examples_rclpy_executors/build/lib/examples_rclpy_executors
[2.413s] copying examples_rclpy_executors/callback_group.py -> /home/nakarin/RoboticsDev/build/examples_rclpy_executors/build/lib/examples_rclpy_executors
[2.413s] copying examples_rclpy_executors/talker.py -> /home/nakarin/RoboticsDev/build/examples_rclpy_executors/build/lib/examples_rclpy_executors
[2.413s] copying examples_rclpy_executors/listener.py -> /home/nakarin/RoboticsDev/build/examples_rclpy_executors/build/lib/examples_rclpy_executors
[2.413s] running install
[2.414s] running install_lib
[2.414s] creating /home/nakarin/RoboticsDev/install/examples_rclpy_executors/lib/python3.10/site-packages/examples_rclpy_executors
[2.414s] copying /home/nakarin/RoboticsDev/build/examples_rclpy_executors/build/lib/examples_rclpy_executors/custom_executor.py -> /home/nakarin/RoboticsDev/install/examples_rclpy_executors/lib/python3.10/site-packages/examples_rclpy_executors
[2.414s] copying /home/nakarin/RoboticsDev/build/examples_rclpy_executors/build/lib/examples_rclpy_executors/composed.py -> /home/nakarin/RoboticsDev/install/examples_rclpy_executors/lib/python3.10/site-packages/examples_rclpy_executors
[2.414s] copying /home/nakarin/RoboticsDev/build/examples_rclpy_executors/build/lib/examples_rclpy_executors/__init__.py -> /home/nakarin/RoboticsDev/install/examples_rclpy_executors/lib/python3.10/site-packages/examples_rclpy_executors
[2.414s] copying /home/nakarin/RoboticsDev/build/examples_rclpy_executors/build/lib/examples_rclpy_executors/custom_callback_group.py -> /home/nakarin/RoboticsDev/install/examples_rclpy_executors/lib/python3.10/site-packages/examples_rclpy_executors
[2.414s] copying /home/nakarin/RoboticsDev/build/examples_rclpy_executors/build/lib/examples_rclpy_executors/callback_group.py -> /home/nakarin/RoboticsDev/install/examples_rclpy_executors/lib/python3.10/site-packages/examples_rclpy_executors
[2.414s] copying /home/nakarin/RoboticsDev/build/examples_rclpy_executors/build/lib/examples_rclpy_executors/talker.py -> /home/nakarin/RoboticsDev/install/examples_rclpy_executors/lib/python3.10/site-packages/examples_rclpy_executors
[2.415s] copying /home/nakarin/RoboticsDev/build/examples_rclpy_executors/build/lib/examples_rclpy_executors/listener.py -> /home/nakarin/RoboticsDev/install/examples_rclpy_executors/lib/python3.10/site-packages/examples_rclpy_executors
[2.415s] byte-compiling /home/nakarin/RoboticsDev/install/examples_rclpy_executors/lib/python3.10/site-packages/examples_rclpy_executors/custom_executor.py to custom_executor.cpython-310.pyc
[2.415s] byte-compiling /home/nakarin/RoboticsDev/install/examples_rclpy_executors/lib/python3.10/site-packages/examples_rclpy_executors/composed.py to composed.cpython-310.pyc
[2.415s] byte-compiling /home/nakarin/RoboticsDev/install/examples_rclpy_executors/lib/python3.10/site-packages/examples_rclpy_executors/__init__.py to __init__.cpython-310.pyc
[2.415s] byte-compiling /home/nakarin/RoboticsDev/install/examples_rclpy_executors/lib/python3.10/site-packages/examples_rclpy_executors/custom_callback_group.py to custom_callback_group.cpython-310.pyc
[2.415s] byte-compiling /home/nakarin/RoboticsDev/install/examples_rclpy_executors/lib/python3.10/site-packages/examples_rclpy_executors/callback_group.py to callback_group.cpython-310.pyc
[2.415s] byte-compiling /home/nakarin/RoboticsDev/install/examples_rclpy_executors/lib/python3.10/site-packages/examples_rclpy_executors/talker.py to talker.cpython-310.pyc
[2.419s] byte-compiling /home/nakarin/RoboticsDev/install/examples_rclpy_executors/lib/python3.10/site-packages/examples_rclpy_executors/listener.py to listener.cpython-310.pyc
[2.419s] running install_data
[2.419s] creating /home/nakarin/RoboticsDev/install/examples_rclpy_executors/share/ament_index
[2.419s] creating /home/nakarin/RoboticsDev/install/examples_rclpy_executors/share/ament_index/resource_index
[2.419s] creating /home/nakarin/RoboticsDev/install/examples_rclpy_executors/share/ament_index/resource_index/packages
[2.420s] copying resource/examples_rclpy_executors -> /home/nakarin/RoboticsDev/install/examples_rclpy_executors/share/ament_index/resource_index/packages
[2.420s] copying package.xml -> /home/nakarin/RoboticsDev/install/examples_rclpy_executors/share/examples_rclpy_executors
[2.420s] running install_egg_info
[2.420s] Copying ../../../../build/examples_rclpy_executors/examples_rclpy_executors.egg-info to /home/nakarin/RoboticsDev/install/examples_rclpy_executors/lib/python3.10/site-packages/examples_rclpy_executors-0.15.2-py3.10.egg-info
[2.420s] running install_scripts
[2.420s] Installing callback_group script to /home/nakarin/RoboticsDev/install/examples_rclpy_executors/lib/examples_rclpy_executors
[2.420s] Installing composed script to /home/nakarin/RoboticsDev/install/examples_rclpy_executors/lib/examples_rclpy_executors
[2.420s] Installing custom_callback_group script to /home/nakarin/RoboticsDev/install/examples_rclpy_executors/lib/examples_rclpy_executors
[2.420s] Installing custom_executor script to /home/nakarin/RoboticsDev/install/examples_rclpy_executors/lib/examples_rclpy_executors
[2.421s] Installing listener script to /home/nakarin/RoboticsDev/install/examples_rclpy_executors/lib/examples_rclpy_executors
[2.421s] Installing talker script to /home/nakarin/RoboticsDev/install/examples_rclpy_executors/lib/examples_rclpy_executors
[2.421s] writing list of installed files to '/home/nakarin/RoboticsDev/build/examples_rclpy_executors/install.log'
[2.444s] Invoked command in '/home/nakarin/RoboticsDev/src/examples/rclpy/executors' returned '0': PYTHONPATH=/home/nakarin/RoboticsDev/build/examples_rclpy_executors/prefix_override:/usr/lib/python3/dist-packages/colcon_core/task/python/colcon_distutils_commands:/home/nakarin/RoboticsDev/install/examples_rclpy_executors/lib/python3.10/site-packages:${PYTHONPATH} /usr/bin/python3 -W ignore:setup.py install is deprecated setup.py egg_info --egg-base ../../../../build/examples_rclpy_executors build --build-base /home/nakarin/RoboticsDev/build/examples_rclpy_executors/build install --record /home/nakarin/RoboticsDev/build/examples_rclpy_executors/install.log --single-version-externally-managed install_data
