[0.029s] Invoking command in '/home/nakarin/RoboticsDev/build/examples_rclcpp_minimal_publisher': CMAKE_PREFIX_PATH=/opt/ros/humble /usr/bin/cmake --build /home/nakarin/RoboticsDev/build/examples_rclcpp_minimal_publisher -- -j8 -l8
[0.139s] [ 16%] Built target publisher_lambda
[0.139s] [ 33%] Built target publisher_member_function
[0.140s] [ 50%] Built target publisher_member_function_with_unique_network_flow_endpoints
[0.145s] [ 66%] Built target publisher_member_function_with_type_adapter
[0.150s] [ 83%] Built target publisher_not_composable
[0.150s] [100%] Built target publisher_wait_for_all_acked
[0.175s] Invoked command in '/home/nakarin/RoboticsDev/build/examples_rclcpp_minimal_publisher' returned '0': CMAKE_PREFIX_PATH=/opt/ros/humble /usr/bin/cmake --build /home/nakarin/RoboticsDev/build/examples_rclcpp_minimal_publisher -- -j8 -l8
[0.232s] Invoking command in '/home/nakarin/RoboticsDev/build/examples_rclcpp_minimal_publisher': CMAKE_PREFIX_PATH=/opt/ros/humble /usr/bin/cmake --install /home/nakarin/RoboticsDev/build/examples_rclcpp_minimal_publisher
[0.249s] -- Install configuration: ""
[0.249s] -- Up-to-date: /home/nakarin/RoboticsDev/install/examples_rclcpp_minimal_publisher/lib/examples_rclcpp_minimal_publisher/publisher_lambda
[0.249s] -- Up-to-date: /home/nakarin/RoboticsDev/install/examples_rclcpp_minimal_publisher/lib/examples_rclcpp_minimal_publisher/publisher_member_function
[0.249s] -- Up-to-date: /home/nakarin/RoboticsDev/install/examples_rclcpp_minimal_publisher/lib/examples_rclcpp_minimal_publisher/publisher_member_function_with_type_adapter
[0.249s] -- Up-to-date: /home/nakarin/RoboticsDev/install/examples_rclcpp_minimal_publisher/lib/examples_rclcpp_minimal_publisher/publisher_member_function_with_unique_network_flow_endpoints
[0.249s] -- Up-to-date: /home/nakarin/RoboticsDev/install/examples_rclcpp_minimal_publisher/lib/examples_rclcpp_minimal_publisher/publisher_wait_for_all_acked
[0.249s] -- Up-to-date: /home/nakarin/RoboticsDev/install/examples_rclcpp_minimal_publisher/lib/examples_rclcpp_minimal_publisher/publisher_not_composable
[0.249s] -- Up-to-date: /home/nakarin/RoboticsDev/install/examples_rclcpp_minimal_publisher/share/ament_index/resource_index/package_run_dependencies/examples_rclcpp_minimal_publisher
[0.249s] -- Up-to-date: /home/nakarin/RoboticsDev/install/examples_rclcpp_minimal_publisher/share/ament_index/resource_index/parent_prefix_path/examples_rclcpp_minimal_publisher
[0.249s] -- Up-to-date: /home/nakarin/RoboticsDev/install/examples_rclcpp_minimal_publisher/share/examples_rclcpp_minimal_publisher/environment/ament_prefix_path.sh
[0.249s] -- Up-to-date: /home/nakarin/RoboticsDev/install/examples_rclcpp_minimal_publisher/share/examples_rclcpp_minimal_publisher/environment/ament_prefix_path.dsv
[0.250s] -- Up-to-date: /home/nakarin/RoboticsDev/install/examples_rclcpp_minimal_publisher/share/examples_rclcpp_minimal_publisher/environment/path.sh
[0.250s] -- Up-to-date: /home/nakarin/RoboticsDev/install/examples_rclcpp_minimal_publisher/share/examples_rclcpp_minimal_publisher/environment/path.dsv
[0.250s] -- Up-to-date: /home/nakarin/RoboticsDev/install/examples_rclcpp_minimal_publisher/share/examples_rclcpp_minimal_publisher/local_setup.bash
[0.250s] -- Up-to-date: /home/nakarin/RoboticsDev/install/examples_rclcpp_minimal_publisher/share/examples_rclcpp_minimal_publisher/local_setup.sh
[0.250s] -- Up-to-date: /home/nakarin/RoboticsDev/install/examples_rclcpp_minimal_publisher/share/examples_rclcpp_minimal_publisher/local_setup.zsh
[0.250s] -- Up-to-date: /home/nakarin/RoboticsDev/install/examples_rclcpp_minimal_publisher/share/examples_rclcpp_minimal_publisher/local_setup.dsv
[0.250s] -- Installing: /home/nakarin/RoboticsDev/install/examples_rclcpp_minimal_publisher/share/examples_rclcpp_minimal_publisher/package.dsv
[0.250s] -- Up-to-date: /home/nakarin/RoboticsDev/install/examples_rclcpp_minimal_publisher/share/ament_index/resource_index/packages/examples_rclcpp_minimal_publisher
[0.250s] -- Up-to-date: /home/nakarin/RoboticsDev/install/examples_rclcpp_minimal_publisher/share/examples_rclcpp_minimal_publisher/cmake/examples_rclcpp_minimal_publisherConfig.cmake
[0.250s] -- Up-to-date: /home/nakarin/RoboticsDev/install/examples_rclcpp_minimal_publisher/share/examples_rclcpp_minimal_publisher/cmake/examples_rclcpp_minimal_publisherConfig-version.cmake
[0.250s] -- Up-to-date: /home/nakarin/RoboticsDev/install/examples_rclcpp_minimal_publisher/share/examples_rclcpp_minimal_publisher/package.xml
[0.290s] Invoked command in '/home/nakarin/RoboticsDev/build/examples_rclcpp_minimal_publisher' returned '0': CMAKE_PREFIX_PATH=/opt/ros/humble /usr/bin/cmake --install /home/nakarin/RoboticsDev/build/examples_rclcpp_minimal_publisher
