[2.323s] Invoking command in '/home/nakarin/RoboticsDev/src/examples/rclpy/topics/pointcloud_publisher': PYTHONPATH=/home/nakarin/RoboticsDev/build/examples_rclpy_pointcloud_publisher/prefix_override:/usr/lib/python3/dist-packages/colcon_core/task/python/colcon_distutils_commands:/home/nakarin/RoboticsDev/install/examples_rclpy_pointcloud_publisher/lib/python3.10/site-packages:${PYTHONPATH} /usr/bin/python3 -W ignore:setup.py install is deprecated setup.py egg_info --egg-base ../../../../../build/examples_rclpy_pointcloud_publisher build --build-base /home/nakarin/RoboticsDev/build/examples_rclpy_pointcloud_publisher/build install --record /home/nakarin/RoboticsDev/build/examples_rclpy_pointcloud_publisher/install.log --single-version-externally-managed install_data
[3.043s] running egg_info
[3.045s] writing ../../../../../build/examples_rclpy_pointcloud_publisher/examples_rclpy_pointcloud_publisher.egg-info/PKG-INFO
[3.046s] writing dependency_links to ../../../../../build/examples_rclpy_pointcloud_publisher/examples_rclpy_pointcloud_publisher.egg-info/dependency_links.txt
[3.046s] writing entry points to ../../../../../build/examples_rclpy_pointcloud_publisher/examples_rclpy_pointcloud_publisher.egg-info/entry_points.txt
[3.046s] writing requirements to ../../../../../build/examples_rclpy_pointcloud_publisher/examples_rclpy_pointcloud_publisher.egg-info/requires.txt
[3.046s] writing top-level names to ../../../../../build/examples_rclpy_pointcloud_publisher/examples_rclpy_pointcloud_publisher.egg-info/top_level.txt
[3.051s] reading manifest file '../../../../../build/examples_rclpy_pointcloud_publisher/examples_rclpy_pointcloud_publisher.egg-info/SOURCES.txt'
[3.052s] writing manifest file '../../../../../build/examples_rclpy_pointcloud_publisher/examples_rclpy_pointcloud_publisher.egg-info/SOURCES.txt'
[3.052s] running build
[3.052s] running build_py
[3.052s] running install
[3.053s] running install_lib
[3.057s] running install_data
[3.058s] running install_egg_info
[3.062s] removing '/home/nakarin/RoboticsDev/install/examples_rclpy_pointcloud_publisher/lib/python3.10/site-packages/examples_rclpy_pointcloud_publisher-0.15.2-py3.10.egg-info' (and everything under it)
[3.063s] Copying ../../../../../build/examples_rclpy_pointcloud_publisher/examples_rclpy_pointcloud_publisher.egg-info to /home/nakarin/RoboticsDev/install/examples_rclpy_pointcloud_publisher/lib/python3.10/site-packages/examples_rclpy_pointcloud_publisher-0.15.2-py3.10.egg-info
[3.070s] running install_scripts
[3.125s] Installing pointcloud_publisher script to /home/nakarin/RoboticsDev/install/examples_rclpy_pointcloud_publisher/lib/examples_rclpy_pointcloud_publisher
[3.125s] writing list of installed files to '/home/nakarin/RoboticsDev/build/examples_rclpy_pointcloud_publisher/install.log'
[3.194s] Invoked command in '/home/nakarin/RoboticsDev/src/examples/rclpy/topics/pointcloud_publisher' returned '0': PYTHONPATH=/home/nakarin/RoboticsDev/build/examples_rclpy_pointcloud_publisher/prefix_override:/usr/lib/python3/dist-packages/colcon_core/task/python/colcon_distutils_commands:/home/nakarin/RoboticsDev/install/examples_rclpy_pointcloud_publisher/lib/python3.10/site-packages:${PYTHONPATH} /usr/bin/python3 -W ignore:setup.py install is deprecated setup.py egg_info --egg-base ../../../../../build/examples_rclpy_pointcloud_publisher build --build-base /home/nakarin/RoboticsDev/build/examples_rclpy_pointcloud_publisher/build install --record /home/nakarin/RoboticsDev/build/examples_rclpy_pointcloud_publisher/install.log --single-version-externally-managed install_data
