[0.036s] Invoking command in '/home/nakarin/RoboticsDev/build/examples_rclcpp_minimal_action_server': CMAKE_PREFIX_PATH=${CMAKE_PREFIX_PATH}:/opt/ros/humble /usr/bin/cmake /home/nakarin/RoboticsDev/src/examples/rclcpp/actions/minimal_action_server -DCMAKE_INSTALL_PREFIX=/home/nakarin/RoboticsDev/install/examples_rclcpp_minimal_action_server
[0.122s] -- The C compiler identification is GNU 11.4.0
[0.228s] -- The CXX compiler identification is GNU 11.4.0
[0.243s] -- Detecting C compiler ABI info
[0.358s] -- Detecting C compiler ABI info - done
[0.373s] -- Check for working C compiler: /usr/bin/cc - skipped
[0.373s] -- Detecting C compile features
[0.374s] -- Detecting C compile features - done
[0.381s] -- Detecting CXX compiler ABI info
[0.515s] -- Detecting CXX compiler ABI info - done
[0.527s] -- Check for working CXX compiler: /usr/bin/c++ - skipped
[0.528s] -- Detecting CXX compile features
[0.530s] -- Detecting CXX compile features - done
[0.533s] -- Found ament_cmake: 1.3.10 (/opt/ros/humble/share/ament_cmake/cmake)
[0.796s] -- Found Python3: /usr/bin/python3 (found version "3.10.12") found components: Interpreter 
[0.948s] -- Found example_interfaces: 0.9.3 (/opt/ros/humble/share/example_interfaces/cmake)
[1.008s] -- Found rosidl_generator_c: 3.1.5 (/opt/ros/humble/share/rosidl_generator_c/cmake)
[1.016s] -- Found rosidl_adapter: 3.1.5 (/opt/ros/humble/share/rosidl_adapter/cmake)
[1.034s] -- Found rosidl_generator_cpp: 3.1.5 (/opt/ros/humble/share/rosidl_generator_cpp/cmake)
[1.055s] -- Using all available rosidl_typesupport_c: rosidl_typesupport_fastrtps_c;rosidl_typesupport_introspection_c
[1.086s] -- Using all available rosidl_typesupport_cpp: rosidl_typesupport_fastrtps_cpp;rosidl_typesupport_introspection_cpp
[1.185s] -- Found rclcpp: 16.0.10 (/opt/ros/humble/share/rclcpp/cmake)
[1.250s] -- Found rmw_implementation_cmake: 6.1.2 (/opt/ros/humble/share/rmw_implementation_cmake/cmake)
[1.254s] -- Found rmw_fastrtps_cpp: 6.2.7 (/opt/ros/humble/share/rmw_fastrtps_cpp/cmake)
[1.410s] -- Found OpenSSL: /usr/lib/x86_64-linux-gnu/libcrypto.so (found version "3.0.2")  
[1.461s] -- Found FastRTPS: /opt/ros/humble/include  
[1.562s] -- Using RMW implementation 'rmw_fastrtps_cpp' as default
[1.581s] -- Looking for pthread.h
[1.728s] -- Looking for pthread.h - found
[1.728s] -- Performing Test CMAKE_HAVE_LIBC_PTHREAD
[1.854s] -- Performing Test CMAKE_HAVE_LIBC_PTHREAD - Success
[1.860s] -- Found Threads: TRUE  
[2.000s] -- Found rclcpp_action: 16.0.10 (/opt/ros/humble/share/rclcpp_action/cmake)
[2.023s] -- Found ament_lint_auto: 0.12.11 (/opt/ros/humble/share/ament_lint_auto/cmake)
[2.194s] -- Added test 'copyright' to check source files copyright and LICENSE
[2.195s] -- Added test 'cppcheck' to perform static code analysis on C / C++ code
[2.198s] -- Configured cppcheck include dirs: 
[2.198s] -- Configured cppcheck exclude dirs and/or files: 
[2.199s] -- Added test 'cpplint' to check C / C++ code against the Google style
[2.199s] -- Configured cpplint exclude dirs and/or files: 
[2.199s] -- Added test 'lint_cmake' to check CMake code style
[2.199s] -- Added test 'uncrustify' to check C / C++ code style
[2.200s] -- Configured uncrustify additional arguments: 
[2.200s] -- Added test 'xmllint' to check XML markup files
[2.204s] -- Configuring done
[2.225s] -- Generating done
[2.230s] -- Build files have been written to: /home/nakarin/RoboticsDev/build/examples_rclcpp_minimal_action_server
[2.275s] Invoked command in '/home/nakarin/RoboticsDev/build/examples_rclcpp_minimal_action_server' returned '0': CMAKE_PREFIX_PATH=${CMAKE_PREFIX_PATH}:/opt/ros/humble /usr/bin/cmake /home/nakarin/RoboticsDev/src/examples/rclcpp/actions/minimal_action_server -DCMAKE_INSTALL_PREFIX=/home/nakarin/RoboticsDev/install/examples_rclcpp_minimal_action_server
[2.278s] Invoking command in '/home/nakarin/RoboticsDev/build/examples_rclcpp_minimal_action_server': CMAKE_PREFIX_PATH=${CMAKE_PREFIX_PATH}:/opt/ros/humble /usr/bin/cmake --build /home/nakarin/RoboticsDev/build/examples_rclcpp_minimal_action_server -- -j8 -l8
[2.442s] [ 25%] [32mBuilding CXX object CMakeFiles/action_server_member_functions.dir/member_functions.cpp.o[0m
[2.442s] [ 50%] [32mBuilding CXX object CMakeFiles/action_server_not_composable.dir/not_composable.cpp.o[0m
[23.686s] [ 75%] [32m[1mLinking CXX executable action_server_not_composable[0m
[24.296s] [ 75%] Built target action_server_not_composable
[26.004s] [100%] [32m[1mLinking CXX executable action_server_member_functions[0m
[26.529s] [100%] Built target action_server_member_functions
[26.564s] Invoked command in '/home/nakarin/RoboticsDev/build/examples_rclcpp_minimal_action_server' returned '0': CMAKE_PREFIX_PATH=${CMAKE_PREFIX_PATH}:/opt/ros/humble /usr/bin/cmake --build /home/nakarin/RoboticsDev/build/examples_rclcpp_minimal_action_server -- -j8 -l8
[26.658s] Invoking command in '/home/nakarin/RoboticsDev/build/examples_rclcpp_minimal_action_server': CMAKE_PREFIX_PATH=${CMAKE_PREFIX_PATH}:/opt/ros/humble /usr/bin/cmake --install /home/nakarin/RoboticsDev/build/examples_rclcpp_minimal_action_server
[26.677s] -- Install configuration: ""
[26.678s] -- Installing: /home/nakarin/RoboticsDev/install/examples_rclcpp_minimal_action_server/lib/examples_rclcpp_minimal_action_server/action_server_not_composable
[26.681s] -- Set runtime path of "/home/nakarin/RoboticsDev/install/examples_rclcpp_minimal_action_server/lib/examples_rclcpp_minimal_action_server/action_server_not_composable" to ""
[26.681s] -- Installing: /home/nakarin/RoboticsDev/install/examples_rclcpp_minimal_action_server/lib/examples_rclcpp_minimal_action_server/action_server_member_functions
[26.682s] -- Set runtime path of "/home/nakarin/RoboticsDev/install/examples_rclcpp_minimal_action_server/lib/examples_rclcpp_minimal_action_server/action_server_member_functions" to ""
[26.682s] -- Installing: /home/nakarin/RoboticsDev/install/examples_rclcpp_minimal_action_server/share/ament_index/resource_index/package_run_dependencies/examples_rclcpp_minimal_action_server
[26.682s] -- Installing: /home/nakarin/RoboticsDev/install/examples_rclcpp_minimal_action_server/share/ament_index/resource_index/parent_prefix_path/examples_rclcpp_minimal_action_server
[26.683s] -- Installing: /home/nakarin/RoboticsDev/install/examples_rclcpp_minimal_action_server/share/examples_rclcpp_minimal_action_server/environment/ament_prefix_path.sh
[26.683s] -- Installing: /home/nakarin/RoboticsDev/install/examples_rclcpp_minimal_action_server/share/examples_rclcpp_minimal_action_server/environment/ament_prefix_path.dsv
[26.684s] -- Installing: /home/nakarin/RoboticsDev/install/examples_rclcpp_minimal_action_server/share/examples_rclcpp_minimal_action_server/environment/path.sh
[26.684s] -- Installing: /home/nakarin/RoboticsDev/install/examples_rclcpp_minimal_action_server/share/examples_rclcpp_minimal_action_server/environment/path.dsv
[26.684s] -- Installing: /home/nakarin/RoboticsDev/install/examples_rclcpp_minimal_action_server/share/examples_rclcpp_minimal_action_server/local_setup.bash
[26.687s] -- Installing: /home/nakarin/RoboticsDev/install/examples_rclcpp_minimal_action_server/share/examples_rclcpp_minimal_action_server/local_setup.sh
[26.687s] -- Installing: /home/nakarin/RoboticsDev/install/examples_rclcpp_minimal_action_server/share/examples_rclcpp_minimal_action_server/local_setup.zsh
[26.687s] -- Installing: /home/nakarin/RoboticsDev/install/examples_rclcpp_minimal_action_server/share/examples_rclcpp_minimal_action_server/local_setup.dsv
[26.687s] -- Installing: /home/nakarin/RoboticsDev/install/examples_rclcpp_minimal_action_server/share/examples_rclcpp_minimal_action_server/package.dsv
[26.687s] -- Installing: /home/nakarin/RoboticsDev/install/examples_rclcpp_minimal_action_server/share/ament_index/resource_index/packages/examples_rclcpp_minimal_action_server
[26.688s] -- Installing: /home/nakarin/RoboticsDev/install/examples_rclcpp_minimal_action_server/share/examples_rclcpp_minimal_action_server/cmake/examples_rclcpp_minimal_action_serverConfig.cmake
[26.688s] -- Installing: /home/nakarin/RoboticsDev/install/examples_rclcpp_minimal_action_server/share/examples_rclcpp_minimal_action_server/cmake/examples_rclcpp_minimal_action_serverConfig-version.cmake
[26.688s] -- Installing: /home/nakarin/RoboticsDev/install/examples_rclcpp_minimal_action_server/share/examples_rclcpp_minimal_action_server/package.xml
[26.697s] Invoked command in '/home/nakarin/RoboticsDev/build/examples_rclcpp_minimal_action_server' returned '0': CMAKE_PREFIX_PATH=${CMAKE_PREFIX_PATH}:/opt/ros/humble /usr/bin/cmake --install /home/nakarin/RoboticsDev/build/examples_rclcpp_minimal_action_server
