[2.163s] Invoking command in '/home/nakarin/RoboticsDev/src/examples/rclpy/actions/minimal_action_client': PYTHONPATH=/home/nakarin/RoboticsDev/build/examples_rclpy_minimal_action_client/prefix_override:/usr/lib/python3/dist-packages/colcon_core/task/python/colcon_distutils_commands:/home/nakarin/RoboticsDev/install/examples_rclpy_minimal_action_client/lib/python3.10/site-packages:${PYTHONPATH} /usr/bin/python3 -W ignore:setup.py install is deprecated setup.py egg_info --egg-base ../../../../../build/examples_rclpy_minimal_action_client build --build-base /home/nakarin/RoboticsDev/build/examples_rclpy_minimal_action_client/build install --record /home/nakarin/RoboticsDev/build/examples_rclpy_minimal_action_client/install.log --single-version-externally-managed install_data
[2.513s] running egg_info
[2.513s] writing ../../../../../build/examples_rclpy_minimal_action_client/examples_rclpy_minimal_action_client.egg-info/PKG-INFO
[2.513s] writing dependency_links to ../../../../../build/examples_rclpy_minimal_action_client/examples_rclpy_minimal_action_client.egg-info/dependency_links.txt
[2.514s] writing entry points to ../../../../../build/examples_rclpy_minimal_action_client/examples_rclpy_minimal_action_client.egg-info/entry_points.txt
[2.514s] writing requirements to ../../../../../build/examples_rclpy_minimal_action_client/examples_rclpy_minimal_action_client.egg-info/requires.txt
[2.514s] writing top-level names to ../../../../../build/examples_rclpy_minimal_action_client/examples_rclpy_minimal_action_client.egg-info/top_level.txt
[2.517s] reading manifest file '../../../../../build/examples_rclpy_minimal_action_client/examples_rclpy_minimal_action_client.egg-info/SOURCES.txt'
[2.518s] writing manifest file '../../../../../build/examples_rclpy_minimal_action_client/examples_rclpy_minimal_action_client.egg-info/SOURCES.txt'
[2.518s] running build
[2.519s] running build_py
[2.519s] running install
[2.522s] running install_lib
[2.522s] running install_data
[2.522s] running install_egg_info
[2.525s] removing '/home/nakarin/RoboticsDev/install/examples_rclpy_minimal_action_client/lib/python3.10/site-packages/examples_rclpy_minimal_action_client-0.15.2-py3.10.egg-info' (and everything under it)
[2.529s] Copying ../../../../../build/examples_rclpy_minimal_action_client/examples_rclpy_minimal_action_client.egg-info to /home/nakarin/RoboticsDev/install/examples_rclpy_minimal_action_client/lib/python3.10/site-packages/examples_rclpy_minimal_action_client-0.15.2-py3.10.egg-info
[2.529s] running install_scripts
[2.566s] Installing client script to /home/nakarin/RoboticsDev/install/examples_rclpy_minimal_action_client/lib/examples_rclpy_minimal_action_client
[2.567s] Installing client_asyncio script to /home/nakarin/RoboticsDev/install/examples_rclpy_minimal_action_client/lib/examples_rclpy_minimal_action_client
[2.568s] Installing client_cancel script to /home/nakarin/RoboticsDev/install/examples_rclpy_minimal_action_client/lib/examples_rclpy_minimal_action_client
[2.568s] Installing client_not_composable script to /home/nakarin/RoboticsDev/install/examples_rclpy_minimal_action_client/lib/examples_rclpy_minimal_action_client
[2.568s] writing list of installed files to '/home/nakarin/RoboticsDev/build/examples_rclpy_minimal_action_client/install.log'
[3.003s] Invoked command in '/home/nakarin/RoboticsDev/src/examples/rclpy/actions/minimal_action_client' returned '0': PYTHONPATH=/home/nakarin/RoboticsDev/build/examples_rclpy_minimal_action_client/prefix_override:/usr/lib/python3/dist-packages/colcon_core/task/python/colcon_distutils_commands:/home/nakarin/RoboticsDev/install/examples_rclpy_minimal_action_client/lib/python3.10/site-packages:${PYTHONPATH} /usr/bin/python3 -W ignore:setup.py install is deprecated setup.py egg_info --egg-base ../../../../../build/examples_rclpy_minimal_action_client build --build-base /home/nakarin/RoboticsDev/build/examples_rclpy_minimal_action_client/build install --record /home/nakarin/RoboticsDev/build/examples_rclpy_minimal_action_client/install.log --single-version-externally-managed install_data
